#
# A fatal error has been detected by the Java Runtime Environment:
#
#  SIGSEGV (0xb) at pc=0x00007fff90d900dd, pid=15734, tid=1811
#
# JRE version: Java(TM) SE Runtime Environment (8.0_20-b26) (build 1.8.0_20-b26)
# Java VM: Java HotSpot(TM) 64-Bit Server VM (25.20-b23 mixed mode bsd-amd64 compressed oops)
# Problematic frame:
# C  [libobjc.A.dylib+0x10dd]  objc_msgSend+0x1d
#
# Failed to write core dump. Core dumps have been disabled. To enable core dumping, try "ulimit -c unlimited" before starting Java again
#
# If you would like to submit a bug report, please visit:
#   http://bugreport.sun.com/bugreport/crash.jsp
# The crash happened outside the Java Virtual Machine in native code.
# See problematic frame for where to report the bug.
#

---------------  T H R E A D  ---------------

Current thread (0x00007ffc438eb800):  JavaThread "AppKit Thread" daemon [_thread_in_native, id=1811, stack(0x00007fff58dc4000,0x00007fff595c4000)]

siginfo: si_signo: 11 (SIGSEGV), si_code: 1 (SEGV_MAPERR), si_addr: 0x0000000000000018

Registers:
RAX=0x00007ffc43762d00, RBX=0x00007fff595bf7c8, RCX=0x0000000000000000, RDX=0x00007ffc43577510
RSP=0x00007fff595bf5e8, RBP=0x00007fff595bf5f0, RSI=0x00007fff8ba392b4, RDI=0x00007ffc43762d00
R8 =0x00007fff595bf5d0, R9 =0x0000000000000055, R10=0x00007fff8ba392b4, R11=0x0000000000000000
R12=0x00007ffc43515390, R13=0x00000000000f42e8, R14=0x00007ffc4348b9c0, R15=0x00007fff595bf728
RIP=0x00007fff90d900dd, EFLAGS=0x0000000000010246, ERR=0x0000000000000004
  TRAPNO=0x000000000000000e

Top of Stack: (sp=0x00007fff595bf5e8)
0x00007fff595bf5e8:   00007fff89a39cdc 00007fff595bf950
0x00007fff595bf5f8:   00007fff8992b244 00007fff595bf67c
0x00007fff595bf608:   00007fff595bf680 00007fff595bf684
0x00007fff595bf618:   00007fff727acc88 ffffffffffffffff
0x00007fff595bf628:   00000000000007f8 00007fff727acca0
0x00007fff595bf638:   00007ffc4348b9c0 0000000000000000
0x00007fff595bf648:   00007fff595bf720 0000000000000000
0x00007fff595bf658:   00007ffc43767250 00007fff595bf7a0
0x00007fff595bf668:   0000000000000055 00000000000f42ea
0x00007fff595bf678:   00007ffc43577510 00007ffc43766c80
0x00007fff595bf688:   00007ffc43515390 0000000000000001
0x00007fff595bf698:   00000000000f42e8 00007ffc43515380
0x00007fff595bf6a8:   00007fff8594b7ba 000000014356fa10
0x00007fff595bf6b8:   00007fff7219a0d0 0000000042000000
0x00007fff595bf6c8:   00007fff85953e13 00007fff727771d0
0x00007fff595bf6d8:   00007fff595bf7a8 0000000000000000
0x00007fff595bf6e8:   00007fff743198c8 0000000000000000
0x00007fff595bf6f8:   0000000000000009 0001540300000001
0x00007fff595bf708:   00007ffc435153b4 0000000000000000
0x00007fff595bf718:   00000000003dbe01 00007ffc437672d0
0x00007fff595bf728:   00007ffc4348b9c0 0000000000000000
0x00007fff595bf738:   00007fff8ba7134c 00007fff595bf7e0
0x00007fff595bf748:   00007fff86fb0513 00007fff595bf7c4
0x00007fff595bf758:   00000000003dbf01 00000000ffffffff
0x00007fff595bf768:   00007fff743198c8 00000000003dbf00
0x00007fff595bf778:   00007fff00000000 00007fff595bf870
0x00007fff595bf788:   00007fff89433edc 00007fff743198e8
0x00007fff595bf798:   00007fff8ba7134c 0000000000000051
0x00007fff595bf7a8:   0000000000000000 00000000000f42df
0x00007fff595bf7b8:   0000000000000053 0000000000000000
0x00007fff595bf7c8:   00000000000f42e8 00007fff595bf844
0x00007fff595bf7d8:   00000000003dca01 00000000ffffffff 

Instructions: (pc=0x00007fff90d900dd)
0x00007fff90d900bd:   00 00 00 48 85 ff 2e 74 7a 40 f6 c7 01 2e 75 7e
0x00007fff90d900cd:   49 bb f8 ff ff ff ff 7f 00 00 4c 23 1f 49 89 f2
0x00007fff90d900dd:   45 23 53 18 49 c1 e2 04 4d 03 53 10 49 3b 32 75
0x00007fff90d900ed:   04 41 ff 62 08 49 83 3a 00 74 6a 4d 3b 53 10 74 

Register to memory mapping:

RAX=0x00007ffc43762d00 is an unknown value
RBX=0x00007fff595bf7c8 is pointing into the stack for thread: 0x00007ffc438eb800
RCX=0x0000000000000000 is an unknown value
RDX=0x00007ffc43577510 is an unknown value
RSP=0x00007fff595bf5e8 is pointing into the stack for thread: 0x00007ffc438eb800
RBP=0x00007fff595bf5f0 is pointing into the stack for thread: 0x00007ffc438eb800
RSI=0x00007fff8ba392b4: -[NSTitlebarContainerView shouldRoundCorners]+0x5ced6 in /System/Library/Frameworks/AppKit.framework/Versions/C/AppKit at 0x00007fff8b068000
RDI=0x00007ffc43762d00 is an unknown value
R8 =0x00007fff595bf5d0 is pointing into the stack for thread: 0x00007ffc438eb800
R9 =0x0000000000000055 is an unknown value
R10=0x00007fff8ba392b4: -[NSTitlebarContainerView shouldRoundCorners]+0x5ced6 in /System/Library/Frameworks/AppKit.framework/Versions/C/AppKit at 0x00007fff8b068000
R11=0x0000000000000000 is an unknown value
R12=0x00007ffc43515390 is an unknown value
R13=0x00000000000f42e8 is an unknown value
R14=0x00007ffc4348b9c0 is an unknown value
R15=0x00007fff595bf728 is pointing into the stack for thread: 0x00007ffc438eb800


Stack: [0x00007fff58dc4000,0x00007fff595c4000],  sp=0x00007fff595bf5e8,  free space=8173k
Native frames: (J=compiled Java code, j=interpreted, Vv=VM code, C=native code)
C  [libobjc.A.dylib+0x10dd]  objc_msgSend+0x1d
C  [CoreFoundation+0x10244]  _CFXNotificationPost+0xc44
C  [Foundation+0x2c31]  -[NSNotificationCenter postNotificationName:object:userInfo:]+0x42
C  [AppKit+0xdd776]  -[NSSurface _disposeSurface]+0x98
C  [AppKit+0xdd1da]  -[NSSurface setWindow:]+0x42
C  [AppKit+0x3b9ef]  -[NSView _setWindow:]+0xa22
C  [AppKit+0x3cc22]  -[NSView removeFromSuperview]+0x1c5
C  [AppKit+0x9140a]  -[NSView removeFromSuperviewWithoutNeedingDisplay]+0x26
C  [liblwjgl.jnilib+0x9c3e]  +[MacOSXKeyableWindow destroyWindow]+0xde
C  [Foundation+0x65cdc]  __NSThreadPerformPerform+0x125
C  [CoreFoundation+0x80681]  __CFRUNLOOP_IS_CALLING_OUT_TO_A_SOURCE0_PERFORM_FUNCTION__+0x11
C  [CoreFoundation+0x7280d]  __CFRunLoopDoSources0+0x10d
C  [CoreFoundation+0x71e3f]  __CFRunLoopRun+0x39f
C  [CoreFoundation+0x71858]  CFRunLoopRunSpecific+0x128
C  [HIToolbox+0x2eaef]  RunCurrentEventLoopInMode+0xeb
C  [HIToolbox+0x2e76e]  ReceiveNextEventCommon+0xb3
C  [HIToolbox+0x2e6ab]  _BlockUntilNextEventMatchingListInModeWithFilter+0x47
C  [AppKit+0x23f81]  _DPSNextEvent+0x3c4
C  [AppKit+0x23730]  -[NSApplication nextEventMatchingMask:untilDate:inMode:dequeue:]+0xc2
C  [libosxapp.dylib+0x242a]  -[NSApplicationAWT nextEventMatchingMask:untilDate:inMode:dequeue:]+0x7c
C  [AppKit+0x17593]  -[NSApplication run]+0x252
C  [libosxapp.dylib+0x223e]  +[NSApplicationAWT runAWTLoopWithApp:]+0x9c
C  [libawt_lwawt.dylib+0x4494f]  -[AWTStarter starter:]+0x389
C  [Foundation+0x65cdc]  __NSThreadPerformPerform+0x125
C  [CoreFoundation+0x80681]  __CFRUNLOOP_IS_CALLING_OUT_TO_A_SOURCE0_PERFORM_FUNCTION__+0x11
C  [CoreFoundation+0x7280d]  __CFRunLoopDoSources0+0x10d
C  [CoreFoundation+0x71e3f]  __CFRunLoopRun+0x39f
C  [CoreFoundation+0x71858]  CFRunLoopRunSpecific+0x128
C  [java+0x56cc]  CreateExecutionEnvironment+0x367
C  [java+0x165c]  JLI_Launch+0x7a0
C  [java+0x768a]  main+0x65
C  [java+0xeb4]  start+0x34
C  0x0000000000000006


---------------  P R O C E S S  ---------------

Java Threads: ( => current thread )
  0x00007ffc44336000 JavaThread "AWT-Shutdown" [_thread_blocked, id=26655, stack(0x0000000124bc5000,0x0000000124cc5000)]
=>0x00007ffc438eb800 JavaThread "AppKit Thread" daemon [_thread_in_native, id=1811, stack(0x00007fff58dc4000,0x00007fff595c4000)]
  0x00007ffc44033000 JavaThread "Service Thread" daemon [_thread_blocked, id=18179, stack(0x000000011fc9a000,0x000000011fd9a000)]
  0x00007ffc44018800 JavaThread "C1 CompilerThread2" daemon [_thread_blocked, id=17667, stack(0x000000011fb97000,0x000000011fc97000)]
  0x00007ffc44017800 JavaThread "C2 CompilerThread1" daemon [_thread_blocked, id=17155, stack(0x000000011fa94000,0x000000011fb94000)]
  0x00007ffc4400b000 JavaThread "C2 CompilerThread0" daemon [_thread_blocked, id=16643, stack(0x000000011f991000,0x000000011fa91000)]
  0x00007ffc43839000 JavaThread "Signal Dispatcher" daemon [_thread_blocked, id=13335, stack(0x000000011f88e000,0x000000011f98e000)]
  0x00007ffc4385d000 JavaThread "Finalizer" daemon [_thread_blocked, id=11523, stack(0x000000011df40000,0x000000011e040000)]
  0x00007ffc4385c800 JavaThread "Reference Handler" daemon [_thread_blocked, id=11011, stack(0x000000011de3d000,0x000000011df3d000)]
  0x00007ffc44800000 JavaThread "main" [_thread_in_native, id=4867, stack(0x0000000107f1c000,0x000000010801c000)]

Other Threads:
  0x00007ffc43858000 VMThread [stack: 0x000000011dd3a000,0x000000011de3a000] [id=10499]
  0x00007ffc44017000 WatcherThread [stack: 0x000000011fd9d000,0x000000011fe9d000] [id=18691]

VM state:not at safepoint (normal execution)

VM Mutex/Monitor currently owned by a thread: None

Heap:
 PSYoungGen      total 36352K, used 29978K [0x0000000795580000, 0x0000000797e80000, 0x00000007c0000000)
  eden space 31744K, 93% used [0x0000000795580000,0x0000000797296890,0x0000000797480000)
  from space 4608K, 4% used [0x0000000797500000,0x0000000797530000,0x0000000797980000)
  to   space 5120K, 0% used [0x0000000797980000,0x0000000797980000,0x0000000797e80000)
 ParOldGen       total 87552K, used 3281K [0x0000000740000000, 0x0000000745580000, 0x0000000795580000)
  object space 87552K, 3% used [0x0000000740000000,0x0000000740334400,0x0000000745580000)
 Metaspace       used 8791K, capacity 8897K, committed 9216K, reserved 1056768K
  class space    used 888K, capacity 919K, committed 1024K, reserved 1048576K

Card table byte_map: [0x00000001173de000,0x00000001177df000] byte_map_base: 0x00000001139de000

Marking Bits: (ParMarkBitMap*) 0x000000010789c330
 Begin Bits: [0x0000000117e96000, 0x0000000119e96000)
 End Bits:   [0x0000000119e96000, 0x000000011be96000)

Polling page: 0x0000000106793000

CodeCache: size=245760Kb used=4607Kb max_used=4618Kb free=241153Kb
 bounds [0x000000010801e000, 0x00000001084ae000, 0x000000011701e000]
 total_blobs=1697 nmethods=1285 adapters=327
 compilation: enabled

Compilation events (10 events):
Event: 23.118 Thread 0x00007ffc44018800 1281   !   3       org.lwjgl.input.Mouse::isButtonDown (61 bytes)
Event: 23.118 Thread 0x00007ffc44018800 nmethod 1281 0x000000010848f650 code [0x000000010848f800, 0x000000010848fdf8]
Event: 23.136 Thread 0x00007ffc44018800 1282       3       java.util.IdentityHashMap::isEmpty (13 bytes)
Event: 23.136 Thread 0x00007ffc44018800 nmethod 1282 0x000000010848f2d0 code [0x000000010848f440, 0x000000010848f5f0]
Event: 23.136 Thread 0x00007ffc44018800 1283       3       java.util.HashSet::isEmpty (8 bytes)
Event: 23.136 Thread 0x00007ffc44018800 nmethod 1283 0x00000001084a4ad0 code [0x00000001084a4c40, 0x00000001084a4ed0]
Event: 23.204 Thread 0x00007ffc44018800 1284       1       java.nio.HeapByteBuffer::ix (7 bytes)
Event: 23.204 Thread 0x00007ffc44018800 nmethod 1284 0x00000001084a4810 code [0x00000001084a4960, 0x00000001084a4a70]
Event: 23.644 Thread 0x00007ffc44017800 1285       4       java.nio.HeapByteBuffer::compact (52 bytes)
Event: 23.646 Thread 0x00007ffc44017800 nmethod 1285 0x00000001084a0190 code [0x00000001084a02e0, 0x00000001084a0478]

GC Heap History (10 events):
Event: 8.440 GC heap before
{Heap before GC invocations=3 (full 0):
 PSYoungGen      total 38400K, used 36614K [0x0000000795580000, 0x0000000798000000, 0x00000007c0000000)
  eden space 33280K, 100% used [0x0000000795580000,0x0000000797600000,0x0000000797600000)
  from space 5120K, 65% used [0x0000000797b00000,0x0000000797e41868,0x0000000798000000)
  to   space 5120K, 0% used [0x0000000797600000,0x0000000797600000,0x0000000797b00000)
 ParOldGen       total 87552K, used 88K [0x0000000740000000, 0x0000000745580000, 0x0000000795580000)
  object space 87552K, 0% used [0x0000000740000000,0x0000000740016010,0x0000000745580000)
 Metaspace       used 8765K, capacity 8833K, committed 8960K, reserved 1056768K
  class space    used 887K, capacity 919K, committed 1024K, reserved 1048576K
Event: 8.444 GC heap after
Heap after GC invocations=3 (full 0):
 PSYoungGen      total 38400K, used 3318K [0x0000000795580000, 0x0000000798000000, 0x00000007c0000000)
  eden space 33280K, 0% used [0x0000000795580000,0x0000000795580000,0x0000000797600000)
  from space 5120K, 64% used [0x0000000797600000,0x000000079793d878,0x0000000797b00000)
  to   space 5120K, 0% used [0x0000000797b00000,0x0000000797b00000,0x0000000798000000)
 ParOldGen       total 87552K, used 96K [0x0000000740000000, 0x0000000745580000, 0x0000000795580000)
  object space 87552K, 0% used [0x0000000740000000,0x0000000740018010,0x0000000745580000)
 Metaspace       used 8765K, capacity 8833K, committed 8960K, reserved 1056768K
  class space    used 887K, capacity 919K, committed 1024K, reserved 1048576K
}
Event: 11.509 GC heap before
{Heap before GC invocations=4 (full 0):
 PSYoungGen      total 38400K, used 36598K [0x0000000795580000, 0x0000000798000000, 0x00000007c0000000)
  eden space 33280K, 100% used [0x0000000795580000,0x0000000797600000,0x0000000797600000)
  from space 5120K, 64% used [0x0000000797600000,0x000000079793d878,0x0000000797b00000)
  to   space 5120K, 0% used [0x0000000797b00000,0x0000000797b00000,0x0000000798000000)
 ParOldGen       total 87552K, used 96K [0x0000000740000000, 0x0000000745580000, 0x0000000795580000)
  object space 87552K, 0% used [0x0000000740000000,0x0000000740018010,0x0000000745580000)
 Metaspace       used 8782K, capacity 8897K, committed 9216K, reserved 1056768K
  class space    used 887K, capacity 919K, committed 1024K, reserved 1048576K
Event: 11.512 GC heap after
Heap after GC invocations=4 (full 0):
 PSYoungGen      total 38400K, used 3304K [0x0000000795580000, 0x0000000798000000, 0x00000007c0000000)
  eden space 33280K, 0% used [0x0000000795580000,0x0000000795580000,0x0000000797600000)
  from space 5120K, 64% used [0x0000000797b00000,0x0000000797e3a168,0x0000000798000000)
  to   space 5120K, 0% used [0x0000000797600000,0x0000000797600000,0x0000000797b00000)
 ParOldGen       total 87552K, used 104K [0x0000000740000000, 0x0000000745580000, 0x0000000795580000)
  object space 87552K, 0% used [0x0000000740000000,0x000000074001a010,0x0000000745580000)
 Metaspace       used 8782K, capacity 8897K, committed 9216K, reserved 1056768K
  class space    used 887K, capacity 919K, committed 1024K, reserved 1048576K
}
Event: 14.610 GC heap before
{Heap before GC invocations=5 (full 0):
 PSYoungGen      total 38400K, used 36584K [0x0000000795580000, 0x0000000798000000, 0x00000007c0000000)
  eden space 33280K, 100% used [0x0000000795580000,0x0000000797600000,0x0000000797600000)
  from space 5120K, 64% used [0x0000000797b00000,0x0000000797e3a168,0x0000000798000000)
  to   space 5120K, 0% used [0x0000000797600000,0x0000000797600000,0x0000000797b00000)
 ParOldGen       total 87552K, used 104K [0x0000000740000000, 0x0000000745580000, 0x0000000795580000)
  object space 87552K, 0% used [0x0000000740000000,0x000000074001a010,0x0000000745580000)
 Metaspace       used 8782K, capacity 8897K, committed 9216K, reserved 1056768K
  class space    used 887K, capacity 919K, committed 1024K, reserved 1048576K
Event: 14.613 GC heap after
Heap after GC invocations=5 (full 0):
 PSYoungGen      total 36352K, used 3304K [0x0000000795580000, 0x0000000797e80000, 0x00000007c0000000)
  eden space 32768K, 0% used [0x0000000795580000,0x0000000795580000,0x0000000797580000)
  from space 3584K, 92% used [0x0000000797600000,0x000000079793a168,0x0000000797980000)
  to   space 4608K, 0% used [0x0000000797a00000,0x0000000797a00000,0x0000000797e80000)
 ParOldGen       total 87552K, used 104K [0x0000000740000000, 0x0000000745580000, 0x0000000795580000)
  object space 87552K, 0% used [0x0000000740000000,0x000000074001a010,0x0000000745580000)
 Metaspace       used 8782K, capacity 8897K, committed 9216K, reserved 1056768K
  class space    used 887K, capacity 919K, committed 1024K, reserved 1048576K
}
Event: 17.646 GC heap before
{Heap before GC invocations=6 (full 0):
 PSYoungGen      total 36352K, used 36072K [0x0000000795580000, 0x0000000797e80000, 0x00000007c0000000)
  eden space 32768K, 100% used [0x0000000795580000,0x0000000797580000,0x0000000797580000)
  from space 3584K, 92% used [0x0000000797600000,0x000000079793a168,0x0000000797980000)
  to   space 4608K, 0% used [0x0000000797a00000,0x0000000797a00000,0x0000000797e80000)
 ParOldGen       total 87552K, used 104K [0x0000000740000000, 0x0000000745580000, 0x0000000795580000)
  object space 87552K, 0% used [0x0000000740000000,0x000000074001a010,0x0000000745580000)
 Metaspace       used 8783K, capacity 8897K, committed 9216K, reserved 1056768K
  class space    used 887K, capacity 919K, committed 1024K, reserved 1048576K
Event: 17.649 GC heap after
Heap after GC invocations=6 (full 0):
 PSYoungGen      total 36352K, used 3288K [0x0000000795580000, 0x0000000797e00000, 0x00000007c0000000)
  eden space 32256K, 0% used [0x0000000795580000,0x0000000795580000,0x0000000797500000)
  from space 4096K, 80% used [0x0000000797a00000,0x0000000797d36158,0x0000000797e00000)
  to   space 4608K, 0% used [0x0000000797500000,0x0000000797500000,0x0000000797980000)
 ParOldGen       total 87552K, used 112K [0x0000000740000000, 0x0000000745580000, 0x0000000795580000)
  object space 87552K, 0% used [0x0000000740000000,0x000000074001c010,0x0000000745580000)
 Metaspace       used 8783K, capacity 8897K, committed 9216K, reserved 1056768K
  class space    used 887K, capacity 919K, committed 1024K, reserved 1048576K
}
Event: 20.676 GC heap before
{Heap before GC invocations=7 (full 0):
 PSYoungGen      total 36352K, used 35544K [0x0000000795580000, 0x0000000797e00000, 0x00000007c0000000)
  eden space 32256K, 100% used [0x0000000795580000,0x0000000797500000,0x0000000797500000)
  from space 4096K, 80% used [0x0000000797a00000,0x0000000797d36158,0x0000000797e00000)
  to   space 4608K, 0% used [0x0000000797500000,0x0000000797500000,0x0000000797980000)
 ParOldGen       total 87552K, used 112K [0x0000000740000000, 0x0000000745580000, 0x0000000795580000)
  object space 87552K, 0% used [0x0000000740000000,0x000000074001c010,0x0000000745580000)
 Metaspace       used 8784K, capacity 8897K, committed 9216K, reserved 1056768K
  class space    used 887K, capacity 919K, committed 1024K, reserved 1048576K
Event: 20.681 GC heap after
Heap after GC invocations=7 (full 0):
 PSYoungGen      total 36352K, used 192K [0x0000000795580000, 0x0000000797e80000, 0x00000007c0000000)
  eden space 31744K, 0% used [0x0000000795580000,0x0000000795580000,0x0000000797480000)
  from space 4608K, 4% used [0x0000000797500000,0x0000000797530000,0x0000000797980000)
  to   space 5120K, 0% used [0x0000000797980000,0x0000000797980000,0x0000000797e80000)
 ParOldGen       total 87552K, used 3281K [0x0000000740000000, 0x0000000745580000, 0x0000000795580000)
  object space 87552K, 3% used [0x0000000740000000,0x0000000740334400,0x0000000745580000)
 Metaspace       used 8784K, capacity 8897K, committed 9216K, reserved 1056768K
  class space    used 887K, capacity 919K, committed 1024K, reserved 1048576K
}

Deoptimization events (10 events):
Event: 1.221 Thread 0x00007ffc44800000 Uncommon trap: reason=bimorphic action=maybe_recompile pc=0x000000010830df74 method=org.newdawn.slick.geom.Shape.checkPoints()V @ 12
Event: 1.236 Thread 0x00007ffc44800000 Uncommon trap: reason=class_check action=maybe_recompile pc=0x000000010830b240 method=org.newdawn.slick.geom.Rectangle.intersects(Lorg/newdawn/slick/geom/Shape;)Z @ 1
Event: 1.236 Thread 0x00007ffc44800000 Uncommon trap: reason=class_check action=maybe_recompile pc=0x000000010830b240 method=org.newdawn.slick.geom.Rectangle.intersects(Lorg/newdawn/slick/geom/Shape;)Z @ 1
Event: 1.236 Thread 0x00007ffc44800000 Uncommon trap: reason=class_check action=maybe_recompile pc=0x000000010830b240 method=org.newdawn.slick.geom.Rectangle.intersects(Lorg/newdawn/slick/geom/Shape;)Z @ 1
Event: 1.236 Thread 0x00007ffc44800000 Uncommon trap: reason=class_check action=maybe_recompile pc=0x000000010830b240 method=org.newdawn.slick.geom.Rectangle.intersects(Lorg/newdawn/slick/geom/Shape;)Z @ 1
Event: 1.559 Thread 0x00007ffc44800000 Uncommon trap: reason=bimorphic action=maybe_recompile pc=0x000000010830df74 method=org.newdawn.slick.geom.Shape.checkPoints()V @ 12
Event: 1.897 Thread 0x00007ffc44800000 Uncommon trap: reason=bimorphic action=maybe_recompile pc=0x000000010830df74 method=org.newdawn.slick.geom.Shape.checkPoints()V @ 12
Event: 2.236 Thread 0x00007ffc44800000 Uncommon trap: reason=bimorphic action=maybe_recompile pc=0x000000010830df74 method=org.newdawn.slick.geom.Shape.checkPoints()V @ 12
Event: 2.575 Thread 0x00007ffc44800000 Uncommon trap: reason=bimorphic action=maybe_recompile pc=0x00000001083b5c34 method=org.newdawn.slick.geom.Shape.checkPoints()V @ 8
Event: 2.914 Thread 0x00007ffc44800000 Uncommon trap: reason=bimorphic action=maybe_recompile pc=0x00000001083b5c34 method=org.newdawn.slick.geom.Shape.checkPoints()V @ 8

Internal exceptions (10 events):
Event: 0.931 Thread 0x00007ffc44800000 Exception <a 'java/security/PrivilegedActionException'> (0x0000000796662ef0) thrown at [/HUDSON3/workspace/8-2-build-macosx-x86_64/jdk8u20/1074/hotspot/src/share/vm/prims/jvm.cpp, line 1275]
Event: 0.932 Thread 0x00007ffc44800000 Exception <a 'java/security/PrivilegedActionException'> (0x0000000796668ca8) thrown at [/HUDSON3/workspace/8-2-build-macosx-x86_64/jdk8u20/1074/hotspot/src/share/vm/prims/jvm.cpp, line 1275]
Event: 0.933 Thread 0x00007ffc44800000 Exception <a 'java/security/PrivilegedActionException'> (0x000000079666e450) thrown at [/HUDSON3/workspace/8-2-build-macosx-x86_64/jdk8u20/1074/hotspot/src/share/vm/prims/jvm.cpp, line 1275]
Event: 0.935 Thread 0x00007ffc44800000 Exception <a 'java/security/PrivilegedActionException'> (0x00000007966738a8) thrown at [/HUDSON3/workspace/8-2-build-macosx-x86_64/jdk8u20/1074/hotspot/src/share/vm/prims/jvm.cpp, line 1275]
Event: 0.938 Thread 0x00007ffc44800000 Exception <a 'java/security/PrivilegedActionException'> (0x0000000796677e48) thrown at [/HUDSON3/workspace/8-2-build-macosx-x86_64/jdk8u20/1074/hotspot/src/share/vm/prims/jvm.cpp, line 1275]
Event: 1.219 Thread 0x00007ffc44800000 Exception <a 'java/security/PrivilegedActionException'> (0x00000007968d51e0) thrown at [/HUDSON3/workspace/8-2-build-macosx-x86_64/jdk8u20/1074/hotspot/src/share/vm/prims/jvm.cpp, line 1275]
Event: 1.220 Thread 0x00007ffc44800000 Exception <a 'java/security/PrivilegedActionException'> (0x00000007968d72c8) thrown at [/HUDSON3/workspace/8-2-build-macosx-x86_64/jdk8u20/1074/hotspot/src/share/vm/prims/jvm.cpp, line 1275]
Event: 1.221 Thread 0x00007ffc44800000 Exception <a 'java/security/PrivilegedActionException'> (0x00000007968dbe10) thrown at [/HUDSON3/workspace/8-2-build-macosx-x86_64/jdk8u20/1074/hotspot/src/share/vm/prims/jvm.cpp, line 1275]
Event: 1.221 Thread 0x00007ffc44800000 Exception <a 'java/security/PrivilegedActionException'> (0x00000007968de0b0) thrown at [/HUDSON3/workspace/8-2-build-macosx-x86_64/jdk8u20/1074/hotspot/src/share/vm/prims/jvm.cpp, line 1275]
Event: 23.648 Thread 0x00007ffc44800000 Exception <a 'java/security/PrivilegedActionException'> (0x000000079724ab38) thrown at [/HUDSON3/workspace/8-2-build-macosx-x86_64/jdk8u20/1074/hotspot/src/share/vm/prims/jvm.cpp, line 1275]

Events (10 events):
Event: 20.676 Executing VM operation: ParallelGCFailedAllocation
Event: 20.681 Executing VM operation: ParallelGCFailedAllocation done
Event: 21.352 Executing VM operation: RevokeBias
Event: 21.352 Executing VM operation: RevokeBias done
Event: 21.352 Thread 0x00007ffc44336000 Thread exited: 0x00007ffc44336000
Event: 21.575 Thread 0x00007ffc44800000 DEOPT PACKING pc=0x00000001083ad067 sp=0x000000010801b3a0
Event: 21.575 Thread 0x00007ffc44800000 DEOPT UNPACKING pc=0x0000000108065373 sp=0x000000010801b0e8 mode 0
Event: 22.264 Thread 0x00007ffc44336000 Thread added: 0x00007ffc44336000
Event: 23.648 loading class org/lwjgl/opengl/CallbackUtil
Event: 23.648 loading class org/lwjgl/opengl/CallbackUtil done


Dynamic libraries:
0x0000000001f8a000 	/System/Library/Frameworks/Cocoa.framework/Versions/A/Cocoa
0x0000000001f8a000 	/System/Library/Frameworks/Security.framework/Versions/A/Security
0x0000000001f8a000 	/System/Library/Frameworks/ApplicationServices.framework/Versions/A/ApplicationServices
0x0000000001f8a000 	/usr/lib/libz.1.dylib
0x0000000001f8a000 	/usr/lib/libSystem.B.dylib
0x0000000001f8a000 	/usr/lib/libobjc.A.dylib
0x0000000001f8a000 	/System/Library/Frameworks/CoreFoundation.framework/Versions/A/CoreFoundation
0x0000000001f8a000 	/System/Library/Frameworks/Foundation.framework/Versions/C/Foundation
0x0000000001f8a000 	/System/Library/Frameworks/AppKit.framework/Versions/C/AppKit
0x0000000001f8a000 	/System/Library/Frameworks/CoreData.framework/Versions/A/CoreData
0x0000000001f8a000 	/System/Library/PrivateFrameworks/RemoteViewServices.framework/Versions/A/RemoteViewServices
0x0000000001f8a000 	/System/Library/PrivateFrameworks/UIFoundation.framework/Versions/A/UIFoundation
0x0000000001f8a000 	/System/Library/Frameworks/IOSurface.framework/Versions/A/IOSurface
0x0000000001f8a000 	/System/Library/Frameworks/AudioToolbox.framework/Versions/A/AudioToolbox
0x0000000001f8a000 	/System/Library/Frameworks/AudioUnit.framework/Versions/A/AudioUnit
0x0000000001f8a000 	/System/Library/PrivateFrameworks/DataDetectorsCore.framework/Versions/A/DataDetectorsCore
0x0000000001f8a000 	/System/Library/PrivateFrameworks/DesktopServicesPriv.framework/Versions/A/DesktopServicesPriv
0x0000000001f8a000 	/System/Library/Frameworks/Carbon.framework/Versions/A/Frameworks/HIToolbox.framework/Versions/A/HIToolbox
0x0000000001f8a000 	/System/Library/Frameworks/QuartzCore.framework/Versions/A/QuartzCore
0x0000000001f8a000 	/System/Library/Frameworks/Carbon.framework/Versions/A/Frameworks/SpeechRecognition.framework/Versions/A/SpeechRecognition
0x0000000001f8a000 	/usr/lib/libauto.dylib
0x0000000001f8a000 	/usr/lib/libicucore.A.dylib
0x0000000001f8a000 	/usr/lib/libxml2.2.dylib
0x0000000001f8a000 	/System/Library/PrivateFrameworks/CoreUI.framework/Versions/A/CoreUI
0x0000000001f8a000 	/System/Library/Frameworks/CoreAudio.framework/Versions/A/CoreAudio
0x0000000001f8a000 	/System/Library/Frameworks/DiskArbitration.framework/Versions/A/DiskArbitration
0x0000000001f8a000 	/usr/lib/liblangid.dylib
0x0000000001f8a000 	/System/Library/PrivateFrameworks/MultitouchSupport.framework/Versions/A/MultitouchSupport
0x0000000001f8a000 	/System/Library/Frameworks/IOKit.framework/Versions/A/IOKit
0x0000000001f8a000 	/usr/lib/libDiagnosticMessagesClient.dylib
0x0000000001f8a000 	/System/Library/Frameworks/CoreServices.framework/Versions/A/CoreServices
0x0000000001f8a000 	/System/Library/PrivateFrameworks/PerformanceAnalysis.framework/Versions/A/PerformanceAnalysis
0x0000000001f8a000 	/System/Library/PrivateFrameworks/GenerationalStorage.framework/Versions/A/GenerationalStorage
0x0000000001f8a000 	/System/Library/Frameworks/OpenGL.framework/Versions/A/OpenGL
0x0000000001f8a000 	/System/Library/PrivateFrameworks/Sharing.framework/Versions/A/Sharing
0x0000000001f8a000 	/System/Library/Frameworks/CoreGraphics.framework/Versions/A/CoreGraphics
0x0000000001f8a000 	/System/Library/Frameworks/CoreText.framework/Versions/A/CoreText
0x0000000001f8a000 	/System/Library/Frameworks/ImageIO.framework/Versions/A/ImageIO
0x0000000001f8a000 	/usr/lib/libextension.dylib
0x0000000001f8a000 	/System/Library/PrivateFrameworks/Backup.framework/Versions/A/Backup
0x0000000001f8a000 	/usr/lib/libarchive.2.dylib
0x0000000001f8a000 	/System/Library/Frameworks/CFNetwork.framework/Versions/A/CFNetwork
0x0000000001f8a000 	/System/Library/Frameworks/SystemConfiguration.framework/Versions/A/SystemConfiguration
0x0000000001f8a000 	/usr/lib/libCRFSuite.dylib
0x0000000001f8a000 	/usr/lib/libc++.1.dylib
0x0000000001f8a000 	/usr/lib/libc++abi.dylib
0x0000000001f8a000 	/usr/lib/system/libcache.dylib
0x0000000001f8a000 	/usr/lib/system/libcommonCrypto.dylib
0x0000000001f8a000 	/usr/lib/system/libcompiler_rt.dylib
0x0000000001f8a000 	/usr/lib/system/libcopyfile.dylib
0x0000000001f8a000 	/usr/lib/system/libcorecrypto.dylib
0x0000000001f8a000 	/usr/lib/system/libdispatch.dylib
0x0000000001f8a000 	/usr/lib/system/libdyld.dylib
0x0000000001f8a000 	/usr/lib/system/libkeymgr.dylib
0x0000000001f8a000 	/usr/lib/system/liblaunch.dylib
0x0000000001f8a000 	/usr/lib/system/libmacho.dylib
0x0000000001f8a000 	/usr/lib/system/libquarantine.dylib
0x0000000001f8a000 	/usr/lib/system/libremovefile.dylib
0x0000000001f8a000 	/usr/lib/system/libsystem_asl.dylib
0x0000000001f8a000 	/usr/lib/system/libsystem_blocks.dylib
0x0000000001f8a000 	/usr/lib/system/libsystem_c.dylib
0x0000000001f8a000 	/usr/lib/system/libsystem_configuration.dylib
0x0000000001f8a000 	/usr/lib/system/libsystem_coreservices.dylib
0x0000000001f8a000 	/usr/lib/system/libsystem_coretls.dylib
0x0000000001f8a000 	/usr/lib/system/libsystem_dnssd.dylib
0x0000000001f8a000 	/usr/lib/system/libsystem_info.dylib
0x0000000001f8a000 	/usr/lib/system/libsystem_kernel.dylib
0x0000000001f8a000 	/usr/lib/system/libsystem_m.dylib
0x0000000001f8a000 	/usr/lib/system/libsystem_malloc.dylib
0x0000000001f8a000 	/usr/lib/system/libsystem_network.dylib
0x0000000001f8a000 	/usr/lib/system/libsystem_networkextension.dylib
0x0000000001f8a000 	/usr/lib/system/libsystem_notify.dylib
0x0000000001f8a000 	/usr/lib/system/libsystem_platform.dylib
0x0000000001f8a000 	/usr/lib/system/libsystem_pthread.dylib
0x0000000001f8a000 	/usr/lib/system/libsystem_sandbox.dylib
0x0000000001f8a000 	/usr/lib/system/libsystem_secinit.dylib
0x0000000001f8a000 	/usr/lib/system/libsystem_stats.dylib
0x0000000001f8a000 	/usr/lib/system/libsystem_trace.dylib
0x0000000001f8a000 	/usr/lib/system/libunc.dylib
0x0000000001f8a000 	/usr/lib/system/libunwind.dylib
0x0000000001f8a000 	/usr/lib/system/libxpc.dylib
0x0000000001f8a000 	/usr/lib/libbz2.1.0.dylib
0x0000000001f8a000 	/usr/lib/liblzma.5.dylib
0x0000000001f8a000 	/usr/lib/libbsm.0.dylib
0x0000000001f8a000 	/usr/lib/libsqlite3.dylib
0x0000000001f8a000 	/usr/lib/system/libkxld.dylib
0x0000000001f8a000 	/usr/lib/libxar.1.dylib
0x0000000001f8a000 	/usr/lib/libpam.2.dylib
0x0000000001f8a000 	/usr/lib/libOpenScriptingUtil.dylib
0x0000000001f8a000 	/System/Library/Frameworks/CoreServices.framework/Versions/A/Frameworks/FSEvents.framework/Versions/A/FSEvents
0x0000000001f8a000 	/System/Library/Frameworks/CoreServices.framework/Versions/A/Frameworks/CarbonCore.framework/Versions/A/CarbonCore
0x0000000001f8a000 	/System/Library/Frameworks/CoreServices.framework/Versions/A/Frameworks/Metadata.framework/Versions/A/Metadata
0x0000000001f8a000 	/System/Library/Frameworks/CoreServices.framework/Versions/A/Frameworks/OSServices.framework/Versions/A/OSServices
0x0000000001f8a000 	/System/Library/Frameworks/CoreServices.framework/Versions/A/Frameworks/SearchKit.framework/Versions/A/SearchKit
0x0000000001f8a000 	/System/Library/Frameworks/CoreServices.framework/Versions/A/Frameworks/AE.framework/Versions/A/AE
0x0000000001f8a000 	/System/Library/Frameworks/CoreServices.framework/Versions/A/Frameworks/LaunchServices.framework/Versions/A/LaunchServices
0x0000000001f8a000 	/System/Library/Frameworks/CoreServices.framework/Versions/A/Frameworks/DictionaryServices.framework/Versions/A/DictionaryServices
0x0000000001f8a000 	/System/Library/Frameworks/NetFS.framework/Versions/A/NetFS
0x0000000001f8a000 	/System/Library/PrivateFrameworks/NetAuth.framework/Versions/A/NetAuth
0x0000000001f8a000 	/System/Library/PrivateFrameworks/login.framework/Versions/A/Frameworks/loginsupport.framework/Versions/A/loginsupport
0x0000000001f8a000 	/System/Library/PrivateFrameworks/TCC.framework/Versions/A/TCC
0x0000000001f8a000 	/usr/lib/libmecabra.dylib
0x0000000001f8a000 	/System/Library/Frameworks/ApplicationServices.framework/Versions/A/Frameworks/ATS.framework/Versions/A/ATS
0x0000000001f8a000 	/System/Library/Frameworks/ApplicationServices.framework/Versions/A/Frameworks/ColorSync.framework/Versions/A/ColorSync
0x0000000001f8a000 	/System/Library/Frameworks/ApplicationServices.framework/Versions/A/Frameworks/HIServices.framework/Versions/A/HIServices
0x0000000001f8a000 	/System/Library/Frameworks/ApplicationServices.framework/Versions/A/Frameworks/LangAnalysis.framework/Versions/A/LangAnalysis
0x0000000001f8a000 	/System/Library/Frameworks/ApplicationServices.framework/Versions/A/Frameworks/PrintCore.framework/Versions/A/PrintCore
0x0000000001f8a000 	/System/Library/Frameworks/ApplicationServices.framework/Versions/A/Frameworks/QD.framework/Versions/A/QD
0x0000000001f8a000 	/System/Library/Frameworks/ApplicationServices.framework/Versions/A/Frameworks/SpeechSynthesis.framework/Versions/A/SpeechSynthesis
0x0000000001f8a000 	/System/Library/Frameworks/Accelerate.framework/Versions/A/Accelerate
0x0000000001f8a000 	/System/Library/Frameworks/Accelerate.framework/Versions/A/Frameworks/vImage.framework/Versions/A/vImage
0x0000000001f8a000 	/System/Library/Frameworks/Accelerate.framework/Versions/A/Frameworks/vecLib.framework/Versions/A/vecLib
0x0000000001f8a000 	/System/Library/Frameworks/Accelerate.framework/Versions/A/Frameworks/vecLib.framework/Versions/A/libvDSP.dylib
0x0000000001f8a000 	/System/Library/Frameworks/Accelerate.framework/Versions/A/Frameworks/vecLib.framework/Versions/A/libvMisc.dylib
0x0000000001f8a000 	/System/Library/Frameworks/Accelerate.framework/Versions/A/Frameworks/vecLib.framework/Versions/A/libLAPACK.dylib
0x0000000001f8a000 	/System/Library/Frameworks/Accelerate.framework/Versions/A/Frameworks/vecLib.framework/Versions/A/libBLAS.dylib
0x0000000001f8a000 	/System/Library/Frameworks/Accelerate.framework/Versions/A/Frameworks/vecLib.framework/Versions/A/libLinearAlgebra.dylib
0x0000000001f8a000 	/System/Library/Frameworks/ApplicationServices.framework/Versions/A/Frameworks/ATS.framework/Versions/A/Resources/libFontParser.dylib
0x0000000001f8a000 	/System/Library/Frameworks/ApplicationServices.framework/Versions/A/Frameworks/ATS.framework/Versions/A/Resources/libFontRegistry.dylib
0x0000000001f8a000 	/System/Library/PrivateFrameworks/AppleVPA.framework/Versions/A/AppleVPA
0x0000000001f8a000 	/System/Library/PrivateFrameworks/AppleJPEG.framework/Versions/A/AppleJPEG
0x0000000001f8a000 	/System/Library/Frameworks/ImageIO.framework/Versions/A/Resources/libJPEG.dylib
0x0000000001f8a000 	/System/Library/Frameworks/ImageIO.framework/Versions/A/Resources/libTIFF.dylib
0x0000000001f8a000 	/System/Library/Frameworks/ImageIO.framework/Versions/A/Resources/libPng.dylib
0x0000000001f8a000 	/System/Library/Frameworks/ImageIO.framework/Versions/A/Resources/libGIF.dylib
0x0000000001f8a000 	/System/Library/Frameworks/ImageIO.framework/Versions/A/Resources/libJP2.dylib
0x0000000001f8a000 	/System/Library/Frameworks/ImageIO.framework/Versions/A/Resources/libRadiance.dylib
0x0000000001f8a000 	/System/Library/Frameworks/CoreVideo.framework/Versions/A/CoreVideo
0x0000000001f8a000 	/System/Library/Frameworks/OpenGL.framework/Versions/A/Libraries/libGLU.dylib
0x0000000001f8a000 	/System/Library/Frameworks/OpenGL.framework/Versions/A/Libraries/libGFXShared.dylib
0x0000000001f8a000 	/System/Library/Frameworks/OpenGL.framework/Versions/A/Libraries/libGL.dylib
0x0000000001f8a000 	/System/Library/Frameworks/OpenGL.framework/Versions/A/Libraries/libGLImage.dylib
0x0000000001f8a000 	/System/Library/Frameworks/OpenGL.framework/Versions/A/Libraries/libCVMSPluginSupport.dylib
0x0000000001f8a000 	/System/Library/Frameworks/OpenGL.framework/Versions/A/Libraries/libCoreVMClient.dylib
0x0000000001f8a000 	/usr/lib/libcups.2.dylib
0x0000000001f8a000 	/System/Library/Frameworks/Kerberos.framework/Versions/A/Kerberos
0x0000000001f8a000 	/System/Library/Frameworks/GSS.framework/Versions/A/GSS
0x0000000001f8a000 	/usr/lib/libresolv.9.dylib
0x0000000001f8a000 	/usr/lib/libiconv.2.dylib
0x0000000001f8a000 	/System/Library/PrivateFrameworks/Heimdal.framework/Versions/A/Heimdal
0x0000000001f8a000 	/usr/lib/libheimdal-asn1.dylib
0x0000000001f8a000 	/System/Library/Frameworks/OpenDirectory.framework/Versions/A/OpenDirectory
0x0000000001f8a000 	/System/Library/PrivateFrameworks/CommonAuth.framework/Versions/A/CommonAuth
0x0000000001f8a000 	/System/Library/Frameworks/OpenDirectory.framework/Versions/A/Frameworks/CFOpenDirectory.framework/Versions/A/CFOpenDirectory
0x0000000001f8a000 	/System/Library/Frameworks/SecurityFoundation.framework/Versions/A/SecurityFoundation
0x0000000001f8a000 	/System/Library/PrivateFrameworks/LanguageModeling.framework/Versions/A/LanguageModeling
0x0000000001f8a000 	/usr/lib/libcmph.dylib
0x0000000001f8a000 	/System/Library/Frameworks/ServiceManagement.framework/Versions/A/ServiceManagement
0x0000000001f8a000 	/usr/lib/libxslt.1.dylib
0x0000000001f8a000 	/System/Library/Frameworks/Carbon.framework/Versions/A/Frameworks/Ink.framework/Versions/A/Ink
0x0000000001f8a000 	/System/Library/Frameworks/QuartzCore.framework/Versions/A/Frameworks/CoreImage.framework/Versions/A/CoreImage
0x0000000001f8a000 	/System/Library/PrivateFrameworks/CrashReporterSupport.framework/Versions/A/CrashReporterSupport
0x0000000001f8a000 	/System/Library/Frameworks/OpenCL.framework/Versions/A/OpenCL
0x0000000001f8a000 	/System/Library/PrivateFrameworks/FaceCore.framework/Versions/A/FaceCore
0x0000000001f8a000 	/System/Library/PrivateFrameworks/Ubiquity.framework/Versions/A/Ubiquity
0x0000000001f8a000 	/System/Library/PrivateFrameworks/IconServices.framework/Versions/A/IconServices
0x0000000001f8a000 	/System/Library/PrivateFrameworks/ChunkingLibrary.framework/Versions/A/ChunkingLibrary
0x0000000001f8a000 	/System/Library/PrivateFrameworks/Apple80211.framework/Versions/A/Apple80211
0x0000000001f8a000 	/System/Library/Frameworks/CoreWLAN.framework/Versions/A/CoreWLAN
0x0000000001f8a000 	/System/Library/Frameworks/IOBluetooth.framework/Versions/A/IOBluetooth
0x0000000001f8a000 	/System/Library/PrivateFrameworks/CoreWiFi.framework/Versions/A/CoreWiFi
0x0000000001f8a000 	/System/Library/Frameworks/CoreBluetooth.framework/Versions/A/CoreBluetooth
0x0000000001f8a000 	/System/Library/PrivateFrameworks/DebugSymbols.framework/Versions/A/DebugSymbols
0x0000000001f8a000 	/System/Library/PrivateFrameworks/CoreSymbolication.framework/Versions/A/CoreSymbolication
0x0000000001f8a000 	/System/Library/PrivateFrameworks/Symbolication.framework/Versions/A/Symbolication
0x0000000001f8a000 	/System/Library/PrivateFrameworks/SpeechRecognitionCore.framework/Versions/A/SpeechRecognitionCore
0x0000000107000000 	/Library/Java/JavaVirtualMachines/jdk1.8.0_20.jdk/Contents/Home/jre/lib/server/libjvm.dylib
0x0000000001f8a000 	/usr/lib/libstdc++.6.dylib
0x0000000106751000 	/Library/Java/JavaVirtualMachines/jdk1.8.0_20.jdk/Contents/Home/jre/lib/libverify.dylib
0x000000010675f000 	/Library/Java/JavaVirtualMachines/jdk1.8.0_20.jdk/Contents/Home/jre/lib/libjava.dylib
0x000000010679d000 	/Library/Java/JavaVirtualMachines/jdk1.8.0_20.jdk/Contents/Home/jre/lib/libzip.dylib
0x000000011e042000 	/System/Library/Frameworks/JavaVM.framework/Frameworks/JavaRuntimeSupport.framework/JavaRuntimeSupport
0x000000011e058000 	/System/Library/Frameworks/JavaVM.framework/Versions/A/Frameworks/JavaNativeFoundation.framework/Versions/A/JavaNativeFoundation
0x000000011e06c000 	/System/Library/Frameworks/JavaVM.framework/Versions/A/JavaVM
0x0000000001f8a000 	/System/Library/Frameworks/Carbon.framework/Versions/A/Carbon
0x000000011e078000 	/System/Library/PrivateFrameworks/JavaLaunching.framework/Versions/A/JavaLaunching
0x0000000001f8a000 	/System/Library/Frameworks/Carbon.framework/Versions/A/Frameworks/CommonPanels.framework/Versions/A/CommonPanels
0x0000000001f8a000 	/System/Library/Frameworks/Carbon.framework/Versions/A/Frameworks/Help.framework/Versions/A/Help
0x0000000001f8a000 	/System/Library/Frameworks/Carbon.framework/Versions/A/Frameworks/ImageCapture.framework/Versions/A/ImageCapture
0x0000000001f8a000 	/System/Library/Frameworks/Carbon.framework/Versions/A/Frameworks/OpenScripting.framework/Versions/A/OpenScripting
0x0000000001f8a000 	/System/Library/Frameworks/Carbon.framework/Versions/A/Frameworks/Print.framework/Versions/A/Print
0x0000000001f8a000 	/System/Library/Frameworks/Carbon.framework/Versions/A/Frameworks/SecurityHI.framework/Versions/A/SecurityHI
0x000000011feb6000 	/Library/Java/JavaVirtualMachines/jdk1.8.0_20.jdk/Contents/Home/jre/lib/libawt.dylib
0x000000011ff65000 	/Library/Java/JavaVirtualMachines/jdk1.8.0_20.jdk/Contents/Home/jre/lib/./libmlib_image.dylib
0x0000000120031000 	/Library/Java/JavaVirtualMachines/jdk1.8.0_20.jdk/Contents/Home/jre/lib/libawt_lwawt.dylib
0x00000001200e4000 	/Library/Java/JavaVirtualMachines/jdk1.8.0_20.jdk/Contents/Home/jre/lib/./libosxapp.dylib
0x0000000001f8a000 	/System/Library/Frameworks/ExceptionHandling.framework/Versions/A/ExceptionHandling
0x0000000001f8a000 	/System/Library/PrivateFrameworks/CoreServicesInternal.framework/Versions/A/CoreServicesInternal
0x0000000001f8a000 	/System/Library/PrivateFrameworks/CloudDocs.framework/Versions/A/CloudDocs
0x0000000001f8a000 	/System/Library/PrivateFrameworks/CoreDuet.framework/Versions/A/CoreDuet
0x0000000001f8a000 	/System/Library/Frameworks/CloudKit.framework/Versions/A/CloudKit
0x0000000001f8a000 	/System/Library/PrivateFrameworks/ProtocolBuffer.framework/Versions/A/ProtocolBuffer
0x0000000001f8a000 	/System/Library/PrivateFrameworks/CoreDuetDaemonProtocol.framework/Versions/A/CoreDuetDaemonProtocol
0x0000000001f8a000 	/System/Library/PrivateFrameworks/CoreDuetDebugLogging.framework/Versions/A/CoreDuetDebugLogging
0x0000000001f8a000 	/System/Library/Frameworks/CoreLocation.framework/Versions/A/CoreLocation
0x0000000001f8a000 	/System/Library/Frameworks/Accounts.framework/Versions/A/Accounts
0x0000000001f8a000 	/System/Library/PrivateFrameworks/ApplePushService.framework/Versions/A/ApplePushService
0x0000000001f8a000 	/System/Library/PrivateFrameworks/GeoServices.framework/Versions/A/GeoServices
0x0000000001f8a000 	/System/Library/PrivateFrameworks/OAuth.framework/Versions/A/OAuth
0x0000000001f8a000 	/System/Library/PrivateFrameworks/CoreDaemon.framework/Versions/B/CoreDaemon
0x0000000001f8a000 	/usr/lib/libcrypto.0.9.8.dylib
0x0000000001f8a000 	/System/Library/PrivateFrameworks/AppleSRP.framework/Versions/A/AppleSRP
0x0000000001f8a000 	/System/Library/PrivateFrameworks/TrustEvaluationAgent.framework/Versions/A/TrustEvaluationAgent
0x0000000001f8a000 	/System/Library/Frameworks/CoreGraphics.framework/Versions/A/Resources/libCGCMS.A.dylib
0x0000000001f8a000 	/System/Library/Frameworks/CoreGraphics.framework/Versions/A/Resources/libRIP.A.dylib
0x0000000001f8a000 	/System/Library/Frameworks/CoreGraphics.framework/Versions/A/Resources/libCGXType.A.dylib
0x0000000001f8a000 	/System/Library/Frameworks/OpenCL.framework/Versions/A/Libraries/libcldcpuengine.dylib
0x0000000001f8a000 	/System/Library/PrivateFrameworks/DiskImages.framework/Versions/A/DiskImages
0x0000000001f8a000 	/System/Library/Frameworks/DiscRecording.framework/Versions/A/DiscRecording
0x0000000001f8a000 	/usr/lib/libcsfde.dylib
0x0000000001f8a000 	/usr/lib/libcurl.4.dylib
0x0000000001f8a000 	/System/Library/PrivateFrameworks/MediaKit.framework/Versions/A/MediaKit
0x0000000001f8a000 	/System/Library/PrivateFrameworks/ProtectedCloudStorage.framework/Versions/A/ProtectedCloudStorage
0x0000000001f8a000 	/usr/lib/libCoreStorage.dylib
0x0000000001f8a000 	/System/Library/PrivateFrameworks/EFILogin.framework/Versions/A/EFILogin
0x0000000001f8a000 	/usr/lib/libutil.dylib
0x0000000001f8a000 	/System/Library/PrivateFrameworks/FindMyDevice.framework/Versions/A/FindMyDevice
0x0000000001f8a000 	/System/Library/Frameworks/LDAP.framework/Versions/A/LDAP
0x0000000001f8a000 	/usr/lib/libsasl2.2.dylib
0x0000000122ecd000 	cl_kernels
0x0000000122ecf000 	/System/Library/Frameworks/OpenCL.framework/Versions/A/Libraries/ImageFormats/unorm8_bgra.dylib
0x0000000122ebe000 	cl_kernels
0x0000000001f8a000 	/System/Library/PrivateFrameworks/FamilyControls.framework/Versions/A/FamilyControls
0x0000000001f8a000 	/System/Library/PrivateFrameworks/CommerceKit.framework/Versions/A/Frameworks/CommerceCore.framework/Versions/A/CommerceCore
0x0000000001f8a000 	/System/Library/PrivateFrameworks/SystemAdministration.framework/Versions/A/SystemAdministration
0x0000000001f8a000 	/System/Library/PrivateFrameworks/AppContainer.framework/Versions/A/AppContainer
0x0000000001f8a000 	/System/Library/PrivateFrameworks/SecCodeWrapper.framework/Versions/A/SecCodeWrapper
0x0000000001f8a000 	/System/Library/Frameworks/DirectoryService.framework/Versions/A/DirectoryService
0x0000000001f8a000 	/System/Library/PrivateFrameworks/LoginUIKit.framework/Versions/A/Frameworks/LoginUICore.framework/Versions/A/LoginUICore
0x0000000001f8a000 	/usr/lib/libodfde.dylib
0x0000000124095000 	/Library/Java/JavaVirtualMachines/jdk1.8.0_20.jdk/Contents/Home/jre/lib/libfontmanager.dylib
0x00000001240fb000 	/Users/mick/Documents/workspace/lwjgl-2.9.1/native/macosx/liblwjgl.jnilib
0x00000001223fd000 	/Library/Java/JavaVirtualMachines/jdk1.8.0_20.jdk/Contents/Home/jre/lib/libjawt.dylib
0x0000000001f8a000 	/System/Library/Frameworks/OpenGL.framework/Versions/A/Resources/GLEngine.bundle/GLEngine
0x0000000001f8a000 	/System/Library/Frameworks/OpenGL.framework/Versions/A/Libraries/libGLProgrammability.dylib
0x0000000000000000 	/System/Library/Extensions/AppleIntelHD4000GraphicsGLDriver.bundle/Contents/MacOS/AppleIntelHD4000GraphicsGLDriver
0x0000000001f8a000 	/System/Library/PrivateFrameworks/IOAccelerator.framework/Versions/A/IOAccelerator
0x0000000001f8a000 	/System/Library/PrivateFrameworks/GPUSupport.framework/Versions/A/Libraries/libGPUSupportMercury.dylib
0x0000000001f8a000 	/System/Library/Frameworks/OpenGL.framework/Versions/A/Resources/GLRendererFloat.bundle/GLRendererFloat
0x0000000124b91000 	/Users/mick/Documents/workspace/lwjgl-2.9.1/native/macosx/libjinput-osx.jnilib
0x0000000124b96000 	/System/Library/Extensions/IOHIDFamily.kext/Contents/PlugIns/IOHIDLib.plugin/Contents/MacOS/IOHIDLib

VM Arguments:
jvm_args: -Djava.library.path=/Users/mick/Documents/workspace/lwjgl-2.9.1/native/macosx:/Users/mick/Documents/workspace/lwjgl-2.9.1/native/macosx:/Users/mick/Documents/workspace/lwjgl-2.9.1/native/macosx -Dfile.encoding=UTF-8 
java_command: main.Game
java_class_path (initial): /Users/mick/Documents/workspace/pow2r/bin:/Users/mick/Documents/workspace/slick/lib/slick.jar:/Users/mick/Documents/workspace/lwjgl-2.9.1/jar/jinput.jar:/Users/mick/Documents/workspace/lwjgl-2.9.1/jar/lwjgl_util.jar:/Users/mick/Documents/workspace/lwjgl-2.9.1/jar/lwjgl.jar
Launcher Type: SUN_STANDARD

Environment Variables:
PATH=/usr/bin:/bin:/usr/sbin:/sbin
SHELL=/bin/bash
DISPLAY=/private/tmp/com.apple.launchd.nqS5vxesMU/org.macosforge.xquartz:0

Signal Handlers:
SIGSEGV: [libjvm.dylib+0x578fd7], sa_mask[0]=11111111011111110111111111111111, sa_flags=SA_ONSTACK|SA_RESTART|SA_SIGINFO
SIGBUS: [libjvm.dylib+0x578fd7], sa_mask[0]=11111111011111110111111111111111, sa_flags=SA_RESTART|SA_SIGINFO
SIGFPE: [libjvm.dylib+0x45ab0c], sa_mask[0]=11111111011111110111111111111111, sa_flags=SA_RESTART|SA_SIGINFO
SIGPIPE: [libjvm.dylib+0x45ab0c], sa_mask[0]=11111111011111110111111111111111, sa_flags=SA_RESTART|SA_SIGINFO
SIGXFSZ: [libjvm.dylib+0x45ab0c], sa_mask[0]=11111111011111110111111111111111, sa_flags=SA_RESTART|SA_SIGINFO
SIGILL: [libjvm.dylib+0x45ab0c], sa_mask[0]=11111111011111110111111111111111, sa_flags=SA_RESTART|SA_SIGINFO
SIGUSR1: SIG_DFL, sa_mask[0]=00000000000000000000000000000000, sa_flags=none
SIGUSR2: [libjvm.dylib+0x45a62a], sa_mask[0]=00100000000000000000000000000000, sa_flags=SA_RESTART|SA_SIGINFO
SIGHUP: [libjvm.dylib+0x458bfd], sa_mask[0]=11111111011111110111111111111111, sa_flags=SA_RESTART|SA_SIGINFO
SIGINT: [libjvm.dylib+0x458bfd], sa_mask[0]=11111111011111110111111111111111, sa_flags=SA_RESTART|SA_SIGINFO
SIGTERM: [libjvm.dylib+0x458bfd], sa_mask[0]=11111111011111110111111111111111, sa_flags=SA_RESTART|SA_SIGINFO
SIGQUIT: [libjvm.dylib+0x458bfd], sa_mask[0]=11111111011111110111111111111111, sa_flags=SA_RESTART|SA_SIGINFO


---------------  S Y S T E M  ---------------

OS:Bsduname:Darwin 14.1.0 Darwin Kernel Version 14.1.0: Mon Dec 22 23:10:38 PST 2014; root:xnu-2782.10.72~2/RELEASE_X86_64 x86_64
rlimit: STACK 8192k, CORE 0k, NPROC 709, NOFILE 10240, AS infinity
load average:1.60 1.25 1.28

CPU:total 4 (2 cores per cpu, 2 threads per core) family 6 model 58 stepping 9, cmov, cx8, fxsr, mmx, sse, sse2, sse3, ssse3, sse4.1, sse4.2, popcnt, avx, aes, clmul, erms, ht, tsc, tscinvbit, tscinv

Memory: 4k page, physical 8388608k(432148k free)

/proc/meminfo:


vm_info: Java HotSpot(TM) 64-Bit Server VM (25.20-b23) for bsd-amd64 JRE (1.8.0_20-b26), built on Jul 30 2014 13:37:47 by "java_re" with gcc 4.2.1 (Based on Apple Inc. build 5658) (LLVM build 2336.9.00)

time: Fri Mar 13 13:06:24 2015
elapsed time: 23 seconds (0d 0h 0m 23s)

