#
# A fatal error has been detected by the Java Runtime Environment:
#
#  SIGSEGV (0xb) at pc=0x00007fff874708f2, pid=68735, tid=1811
#
# JRE version: Java(TM) SE Runtime Environment (8.0_20-b26) (build 1.8.0_20-b26)
# Java VM: Java HotSpot(TM) 64-Bit Server VM (25.20-b23 mixed mode bsd-amd64 compressed oops)
# Problematic frame:
# C  [libGPUSupportMercury.dylib+0xb8f2]  gldAttachDrawable+0x60
#
# Failed to write core dump. Core dumps have been disabled. To enable core dumping, try "ulimit -c unlimited" before starting Java again
#
# If you would like to submit a bug report, please visit:
#   http://bugreport.sun.com/bugreport/crash.jsp
# The crash happened outside the Java Virtual Machine in native code.
# See problematic frame for where to report the bug.
#

---------------  T H R E A D  ---------------

Current thread (0x00007fe9d98a1000):  JavaThread "AppKit Thread" daemon [_thread_in_native, id=1811, stack(0x00007fff5c91c000,0x00007fff5d11c000)]

siginfo: si_signo: 11 (SIGSEGV), si_code: 0 (unknown), si_addr: 0x0000000000000000

Registers:
RAX=0x5000000000000000, RBX=0x000000000000271e, RCX=0x0000000000000000, RDX=0x00007fe9d9691e58
RSP=0x00007fff5d115790, RBP=0x00007fff5d115890, RSI=0x0000000000000050, RDI=0x00007fff727d4070
R8 =0x00007fe9dc809e60, R9 =0x00007fe9dc000000, R10=0x000000000000003c, R11=0x0000000000000206
R12=0x0000000000002718, R13=0x00007fe9da99b800, R14=0x0000000000000050, R15=0x0000000000000000
RIP=0x00007fff874708f2, EFLAGS=0x0000000000010212, ERR=0x0000000000000000
  TRAPNO=0x000000000000000d

Top of Stack: (sp=0x00007fff5d115790)
0x00007fff5d115790:   00007fff5d115804 00007fe9d944f480
0x00007fff5d1157a0:   ffffffffffffffff 0000206000000040
0x00007fff5d1157b0:   00007fe9d944f498 00007fff8e04769f
0x00007fff5d1157c0:   0000000000000000 5000000000000000
0x00007fff5d1157d0:   0000000300000003 00007fff5d115918
0x00007fff5d1157e0:   00007fff5d1158a4 000000000003d07f
0x00007fff5d1157f0:   00007fff5d11589c 00007fff5d1158a0
0x00007fff5d115800:   00007fff5d115880 00007fff90471168
0x00007fff5d115810:   0000000000000000 00000000000044cc
0x00007fff5d115820:   0000003400001200 0000040b00000000
0x00007fff5d115830:   00007fff5d115860 00007fff9042103c
0x00007fff5d115840:   00007fff5d115890 00000000000044cc
0x00007fff5d115850:   00000000042731c0 000000003ee9b3c6
0x00007fff5d115860:   5a009f857179bb31 00007fe9dc800000
0x00007fff5d115870:   0000000000002718 0000000000000000
0x00007fff5d115880:   0000000000000050 0000000000000000
0x00007fff5d115890:   00007fff5d1158e0 00007fff8e11e7e4
0x00007fff5d1158a0:   00007fe9dc809e60 0000000000000000
0x00007fff5d1158b0:   00007fe9d9691e58 00007fe9d949e870
0x00007fff5d1158c0:   0000000000000000 00007fe9da0f6350
0x00007fff5d1158d0:   00007fe9da0f4400 00007fff727d4070
0x00007fff5d1158e0:   00007fff5d1159d0 00007fff893dd7ac
0x00007fff5d1158f0:   408c200000000000 4079000000000000
0x00007fff5d115900:   4067800000000000 4084000000000000
0x00007fff5d115910:   407f600000000000 0000000000000000
0x00007fff5d115920:   4036000000000000 4084000000000000
0x00007fff5d115930:   407e000000000000 0000000000000000
0x00007fff5d115940:   0000000000000000 0000000000000001
0x00007fff5d115950:   00007fe9d9691e58 0000000000000001
0x00007fff5d115960:   00007fff5d1159d0 00007fff893e264c
0x00007fff5d115970:   0000000100000000 00007fe9da0f6350
0x00007fff5d115980:   00007fe9da0f6288 0000000283c1ffff 

Instructions: (pc=0x00007fff874708f2)
0x00007fff874708d2:   48 85 d2 b8 01 00 00 00 bb 15 27 00 00 0f 44 d8
0x00007fff874708e2:   e9 7f 01 00 00 49 8b 45 08 48 89 85 38 ff ff ff
0x00007fff874708f2:   48 8b 00 48 89 85 30 ff ff ff 83 fe 4f 0f 8f fd
0x00007fff87470902:   00 00 00 48 89 d0 bb 15 27 00 00 83 fe 35 0f 84 

Register to memory mapping:

RAX=0x5000000000000000 is an unknown value
RBX=0x000000000000271e is an unknown value
RCX=0x0000000000000000 is an unknown value
RDX=0x00007fe9d9691e58 is an unknown value
RSP=0x00007fff5d115790 is pointing into the stack for thread: 0x00007fe9d98a1000
RBP=0x00007fff5d115890 is pointing into the stack for thread: 0x00007fe9d98a1000
RSI=0x0000000000000050 is an unknown value
RDI=0x00007fff727d4070: __stack_chk_guard+0 in /usr/lib/system/libsystem_c.dylib at 0x00007fff88c4b000
R8 =0x00007fe9dc809e60 is an unknown value
R9 =0x00007fe9dc000000 is an unknown value
R10=0x000000000000003c is an unknown value
R11=0x0000000000000206 is an unknown value
R12=0x0000000000002718 is an unknown value
R13=0x00007fe9da99b800 is an unknown value
R14=0x0000000000000050 is an unknown value
R15=0x0000000000000000 is an unknown value


Stack: [0x00007fff5c91c000,0x00007fff5d11c000],  sp=0x00007fff5d115790,  free space=8165k
Native frames: (J=compiled Java code, j=interpreted, Vv=VM code, C=native code)
C  [libGPUSupportMercury.dylib+0xb8f2]  gldAttachDrawable+0x60
C  [GLEngine+0x167e4]  gliAttachDrawableWithOptions+0x101
C  [OpenGL+0x37ac]  glcGetIOAccelService+0xe03
C  [OpenGL+0x73f3]  CGLSetPBuffer+0xb90
C  [OpenGL+0x7716]  CGLSetSurface+0x124
C  [AppKit+0x57bf47]  NSOpenGLContextAttachOnScreenViewSurface+0x109
C  [AppKit+0x2c66ab]  -[NSOpenGLContext setView:]+0x83
C  [liblwjgl.jnilib+0x9f3e]  -[MacOSXOpenGLView lockFocus]+0x6e
C  [AppKit+0x14e775]  -[NSView _recursiveDisplayRectIfNeededIgnoringOpacity:isVisibleRect:rectIsVisibleRectForView:topView:]+0x740
C  [AppKit+0x14f7d0]  -[NSView _recursiveDisplayRectIfNeededIgnoringOpacity:isVisibleRect:rectIsVisibleRectForView:topView:]+0x179b
C  [AppKit+0x14db23]  -[NSThemeFrame _recursiveDisplayRectIfNeededIgnoringOpacity:isVisibleRect:rectIsVisibleRectForView:topView:]+0x14d
C  [AppKit+0x14a67b]  -[NSView _displayRectIgnoringOpacity:isVisibleRect:rectIsVisibleRectForView:]+0xac9
C  [AppKit+0x12907a]  -[NSView displayIfNeeded]+0x754
C  [AppKit+0x146575]  -[NSWindow displayIfNeeded]+0xe8
C  [AppKit+0x183772]  _handleWindowNeedsDisplayOrLayoutOrUpdateConstraints+0x3a8
C  [Foundation+0x67023]  __NSFireTimer+0x5f
C  [CoreFoundation+0xb5b44]  __CFRUNLOOP_IS_CALLING_OUT_TO_A_TIMER_CALLBACK_FUNCTION__+0x14
C  [CoreFoundation+0xb57d3]  __CFRunLoopDoTimer+0x423
C  [CoreFoundation+0x128d9d]  __CFRunLoopDoTimers+0x12d
C  [CoreFoundation+0x72268]  __CFRunLoopRun+0x7e8
C  [CoreFoundation+0x71838]  CFRunLoopRunSpecific+0x128
C  [HIToolbox+0x2e43f]  RunCurrentEventLoopInMode+0xeb
C  [HIToolbox+0x2e1ba]  ReceiveNextEventCommon+0x1af
C  [HIToolbox+0x2dffb]  _BlockUntilNextEventMatchingListInModeWithFilter+0x47
C  [AppKit+0x246d1]  _DPSNextEvent+0x3c4
C  [AppKit+0x23e80]  -[NSApplication nextEventMatchingMask:untilDate:inMode:dequeue:]+0xc2
C  [libosxapp.dylib+0x242a]  -[NSApplicationAWT nextEventMatchingMask:untilDate:inMode:dequeue:]+0x7c
C  [AppKit+0x17e23]  -[NSApplication run]+0x252
C  [libosxapp.dylib+0x223e]  +[NSApplicationAWT runAWTLoopWithApp:]+0x9c
C  [libawt_lwawt.dylib+0x4494f]  -[AWTStarter starter:]+0x389
C  [Foundation+0x65f4c]  __NSThreadPerformPerform+0x125
C  [CoreFoundation+0x80661]  __CFRUNLOOP_IS_CALLING_OUT_TO_A_SOURCE0_PERFORM_FUNCTION__+0x11
C  [CoreFoundation+0x727ed]  __CFRunLoopDoSources0+0x10d
C  [CoreFoundation+0x71e1f]  __CFRunLoopRun+0x39f
C  [CoreFoundation+0x71838]  CFRunLoopRunSpecific+0x128
C  [java+0x56cc]  CreateExecutionEnvironment+0x367
C  [java+0x165c]  JLI_Launch+0x7a0
C  [java+0x768a]  main+0x65
C  [java+0xeb4]  start+0x34
C  0x0000000000000006


---------------  P R O C E S S  ---------------

Java Threads: ( => current thread )
  0x00007fe9d9bab000 JavaThread "AWT-Shutdown" [_thread_blocked, id=35435, stack(0x0000000122c42000,0x0000000122d42000)]
  0x00007fe9d9a99800 JavaThread "Java2D Queue Flusher" daemon [_thread_blocked, id=54535, stack(0x00000001221a6000,0x00000001222a6000)]
  0x00007fe9daa2d800 JavaThread "Java2D Disposer" daemon [_thread_blocked, id=28851, stack(0x000000012206e000,0x000000012216e000)]
=>0x00007fe9d98a1000 JavaThread "AppKit Thread" daemon [_thread_in_native, id=1811, stack(0x00007fff5c91c000,0x00007fff5d11c000)]
  0x00007fe9da873000 JavaThread "Service Thread" daemon [_thread_blocked, id=18435, stack(0x000000011c13d000,0x000000011c23d000)]
  0x00007fe9da845800 JavaThread "C1 CompilerThread2" daemon [_thread_blocked, id=17923, stack(0x000000011c03a000,0x000000011c13a000)]
  0x00007fe9da845000 JavaThread "C2 CompilerThread1" daemon [_thread_blocked, id=17411, stack(0x000000011bf37000,0x000000011c037000)]
  0x00007fe9da833000 JavaThread "C2 CompilerThread0" daemon [_thread_blocked, id=16899, stack(0x000000011be34000,0x000000011bf34000)]
  0x00007fe9d9812000 JavaThread "Signal Dispatcher" daemon [_thread_blocked, id=13847, stack(0x000000011bd31000,0x000000011be31000)]
  0x00007fe9da830800 JavaThread "Finalizer" daemon [_thread_blocked, id=12035, stack(0x000000011a3e3000,0x000000011a4e3000)]
  0x00007fe9da803000 JavaThread "Reference Handler" daemon [_thread_blocked, id=11523, stack(0x000000011a2e0000,0x000000011a3e0000)]
  0x00007fe9db004000 JavaThread "main" [_thread_in_native, id=5379, stack(0x000000010431c000,0x000000010441c000)]

Other Threads:
  0x00007fe9d9816800 VMThread [stack: 0x000000011a1dd000,0x000000011a2dd000] [id=11011]
  0x00007fe9d982b800 WatcherThread [stack: 0x000000011c240000,0x000000011c340000] [id=18947]

VM state:not at safepoint (normal execution)

VM Mutex/Monitor currently owned by a thread: None

Heap:
 PSYoungGen      total 38400K, used 14927K [0x0000000795580000, 0x0000000798000000, 0x00000007c0000000)
  eden space 33280K, 33% used [0x0000000795580000,0x0000000796046438,0x0000000797600000)
  from space 5120K, 76% used [0x0000000797600000,0x00000007979cd8b0,0x0000000797b00000)
  to   space 5120K, 0% used [0x0000000797b00000,0x0000000797b00000,0x0000000798000000)
 ParOldGen       total 87552K, used 80K [0x0000000740000000, 0x0000000745580000, 0x0000000795580000)
  object space 87552K, 0% used [0x0000000740000000,0x0000000740014010,0x0000000745580000)
 Metaspace       used 11182K, capacity 11315K, committed 11520K, reserved 1058816K
  class space    used 1181K, capacity 1212K, committed 1280K, reserved 1048576K

Card table byte_map: [0x0000000113831000,0x0000000113c32000] byte_map_base: 0x000000010fe31000

Marking Bits: (ParMarkBitMap*) 0x0000000103c9c330
 Begin Bits: [0x00000001142e9000, 0x00000001162e9000)
 End Bits:   [0x00000001162e9000, 0x00000001182e9000)

Polling page: 0x0000000102bf9000

CodeCache: size=245760Kb used=4822Kb max_used=4823Kb free=240937Kb
 bounds [0x0000000104471000, 0x0000000104931000, 0x0000000113471000]
 total_blobs=1874 nmethods=1353 adapters=436
 compilation: enabled

Compilation events (10 events):
Event: 157.967 Thread 0x00007fe9da845800 1352       3       org.newdawn.slick.command.InputProvider::firePressed (65 bytes)
Event: 157.968 Thread 0x00007fe9da845800 nmethod 1352 0x000000010492ae50 code [0x000000010492b0a0, 0x000000010492bd68]
Event: 157.968 Thread 0x00007fe9da845800 1353       3       org.newdawn.slick.command.InputProvider$CommandState::access$302 (7 bytes)
Event: 157.968 Thread 0x00007fe9da845800 nmethod 1353 0x000000010491d590 code [0x000000010491d6e0, 0x000000010491d830]
Event: 158.001 Thread 0x00007fe9da845800 1354       3       java.util.ArrayList::remove (77 bytes)
Event: 158.002 Thread 0x00007fe9da845800 nmethod 1354 0x000000010492a4d0 code [0x000000010492a6a0, 0x000000010492abe8]
Event: 159.510 Thread 0x00007fe9da845800 1355       3       commands.KeyboardInputListener::controlReleased (6 bytes)
Event: 159.511 Thread 0x00007fe9da845800 nmethod 1355 0x000000010492a050 code [0x000000010492a1c0, 0x000000010492a3c8]
Event: 159.511 Thread 0x00007fe9da845800 1356       3       commands.KeyboardInputListener::removeCommand (10 bytes)
Event: 159.511 Thread 0x00007fe9da845800 nmethod 1356 0x0000000104929c50 code [0x0000000104929dc0, 0x0000000104929f68]

GC Heap History (2 events):
Event: 91.322 GC heap before
{Heap before GC invocations=1 (full 0):
 PSYoungGen      total 38400K, used 33280K [0x0000000795580000, 0x0000000798000000, 0x00000007c0000000)
  eden space 33280K, 100% used [0x0000000795580000,0x0000000797600000,0x0000000797600000)
  from space 5120K, 0% used [0x0000000797b00000,0x0000000797b00000,0x0000000798000000)
  to   space 5120K, 0% used [0x0000000797600000,0x0000000797600000,0x0000000797b00000)
 ParOldGen       total 87552K, used 0K [0x0000000740000000, 0x0000000745580000, 0x0000000795580000)
  object space 87552K, 0% used [0x0000000740000000,0x0000000740000000,0x0000000745580000)
 Metaspace       used 11135K, capacity 11315K, committed 11520K, reserved 1058816K
  class space    used 1179K, capacity 1212K, committed 1280K, reserved 1048576K
Event: 91.328 GC heap after
Heap after GC invocations=1 (full 0):
 PSYoungGen      total 38400K, used 3894K [0x0000000795580000, 0x0000000798000000, 0x00000007c0000000)
  eden space 33280K, 0% used [0x0000000795580000,0x0000000795580000,0x0000000797600000)
  from space 5120K, 76% used [0x0000000797600000,0x00000007979cd8b0,0x0000000797b00000)
  to   space 5120K, 0% used [0x0000000797b00000,0x0000000797b00000,0x0000000798000000)
 ParOldGen       total 87552K, used 80K [0x0000000740000000, 0x0000000745580000, 0x0000000795580000)
  object space 87552K, 0% used [0x0000000740000000,0x0000000740014010,0x0000000745580000)
 Metaspace       used 11135K, capacity 11315K, committed 11520K, reserved 1058816K
  class space    used 1179K, capacity 1212K, committed 1280K, reserved 1048576K
}

Deoptimization events (4 events):
Event: 6.755 Thread 0x00007fe9db004000 Uncommon trap: reason=class_check action=maybe_recompile pc=0x00000001046665b4 method=java.util.HashMap.putVal(ILjava/lang/Object;Ljava/lang/Object;ZZ)Ljava/lang/Object; @ 253
Event: 6.755 Thread 0x00007fe9db004000 Uncommon trap: reason=class_check action=maybe_recompile pc=0x00000001046665b4 method=java.util.HashMap.putVal(ILjava/lang/Object;Ljava/lang/Object;ZZ)Ljava/lang/Object; @ 253
Event: 6.755 Thread 0x00007fe9db004000 Uncommon trap: reason=class_check action=maybe_recompile pc=0x00000001046665b4 method=java.util.HashMap.putVal(ILjava/lang/Object;Ljava/lang/Object;ZZ)Ljava/lang/Object; @ 253
Event: 6.755 Thread 0x00007fe9db004000 Uncommon trap: reason=class_check action=maybe_recompile pc=0x00000001046665b4 method=java.util.HashMap.putVal(ILjava/lang/Object;Ljava/lang/Object;ZZ)Ljava/lang/Object; @ 253

Internal exceptions (10 events):
Event: 0.901 Thread 0x00007fe9db004000 Exception <a 'java/security/PrivilegedActionException'> (0x0000000796402a90) thrown at [/HUDSON3/workspace/8-2-build-macosx-x86_64/jdk8u20/1074/hotspot/src/share/vm/prims/jvm.cpp, line 1275]
Event: 0.902 Thread 0x00007fe9db004000 Exception <a 'java/security/PrivilegedActionException'> (0x00000007964067d8) thrown at [/HUDSON3/workspace/8-2-build-macosx-x86_64/jdk8u20/1074/hotspot/src/share/vm/prims/jvm.cpp, line 1275]
Event: 0.906 Thread 0x00007fe9db004000 Exception <a 'java/security/PrivilegedActionException'> (0x000000079640a6f8) thrown at [/HUDSON3/workspace/8-2-build-macosx-x86_64/jdk8u20/1074/hotspot/src/share/vm/prims/jvm.cpp, line 1275]
Event: 6.702 Thread 0x00007fe9db004000 Exception <a 'java/security/PrivilegedActionException'> (0x0000000796640f00) thrown at [/HUDSON3/workspace/8-2-build-macosx-x86_64/jdk8u20/1074/hotspot/src/share/vm/prims/jvm.cpp, line 1275]
Event: 6.703 Thread 0x00007fe9db004000 Exception <a 'java/security/PrivilegedActionException'> (0x0000000796645148) thrown at [/HUDSON3/workspace/8-2-build-macosx-x86_64/jdk8u20/1074/hotspot/src/share/vm/prims/jvm.cpp, line 1275]
Event: 6.703 Thread 0x00007fe9db004000 Exception <a 'java/security/PrivilegedActionException'> (0x00000007966475c0) thrown at [/HUDSON3/workspace/8-2-build-macosx-x86_64/jdk8u20/1074/hotspot/src/share/vm/prims/jvm.cpp, line 1275]
Event: 6.922 Thread 0x00007fe9db004000 Exception <a 'java/security/PrivilegedActionException'> (0x0000000796706110) thrown at [/HUDSON3/workspace/8-2-build-macosx-x86_64/jdk8u20/1074/hotspot/src/share/vm/prims/jvm.cpp, line 1275]
Event: 6.922 Thread 0x00007fe9db004000 Exception <a 'java/security/PrivilegedActionException'> (0x0000000796708128) thrown at [/HUDSON3/workspace/8-2-build-macosx-x86_64/jdk8u20/1074/hotspot/src/share/vm/prims/jvm.cpp, line 1275]
Event: 15.474 Thread 0x00007fe9db004000 Exception <a 'java/security/PrivilegedActionException'> (0x0000000796981f10) thrown at [/HUDSON3/workspace/8-2-build-macosx-x86_64/jdk8u20/1074/hotspot/src/share/vm/prims/jvm.cpp, line 1275]
Event: 154.832 Thread 0x00007fe9db004000 Exception <a 'java/security/PrivilegedActionException'> (0x0000000795f74b10) thrown at [/HUDSON3/workspace/8-2-build-macosx-x86_64/jdk8u20/1074/hotspot/src/share/vm/prims/jvm.cpp, line 1275]

Events (10 events):
Event: 129.034 loading class java/util/Vector$1
Event: 129.034 loading class java/util/Vector$1 done
Event: 131.981 Executing VM operation: RevokeBias
Event: 131.981 Executing VM operation: RevokeBias done
Event: 131.981 Thread 0x00007fe9dae4d800 Thread exited: 0x00007fe9dae4d800
Event: 132.269 Thread 0x00007fe9d9bab000 Thread added: 0x00007fe9d9bab000
Event: 154.832 loading class commands/DieCommand
Event: 154.832 loading class commands/DieCommand done
Event: 162.766 loading class org/lwjgl/opengl/CallbackUtil
Event: 162.766 loading class org/lwjgl/opengl/CallbackUtil done


Dynamic libraries:
0x000000000181b000 	/System/Library/Frameworks/Cocoa.framework/Versions/A/Cocoa
0x000000000181b000 	/System/Library/Frameworks/Security.framework/Versions/A/Security
0x000000000181b000 	/System/Library/Frameworks/ApplicationServices.framework/Versions/A/ApplicationServices
0x000000000181b000 	/usr/lib/libz.1.dylib
0x000000000181b000 	/usr/lib/libSystem.B.dylib
0x000000000181b000 	/usr/lib/libobjc.A.dylib
0x000000000181b000 	/System/Library/Frameworks/CoreFoundation.framework/Versions/A/CoreFoundation
0x000000000181b000 	/System/Library/Frameworks/Foundation.framework/Versions/C/Foundation
0x000000000181b000 	/System/Library/Frameworks/AppKit.framework/Versions/C/AppKit
0x000000000181b000 	/System/Library/Frameworks/CoreData.framework/Versions/A/CoreData
0x000000000181b000 	/System/Library/PrivateFrameworks/RemoteViewServices.framework/Versions/A/RemoteViewServices
0x000000000181b000 	/System/Library/PrivateFrameworks/UIFoundation.framework/Versions/A/UIFoundation
0x000000000181b000 	/System/Library/Frameworks/IOSurface.framework/Versions/A/IOSurface
0x000000000181b000 	/System/Library/Frameworks/AudioToolbox.framework/Versions/A/AudioToolbox
0x000000000181b000 	/System/Library/Frameworks/AudioUnit.framework/Versions/A/AudioUnit
0x000000000181b000 	/System/Library/PrivateFrameworks/DataDetectorsCore.framework/Versions/A/DataDetectorsCore
0x000000000181b000 	/System/Library/PrivateFrameworks/DesktopServicesPriv.framework/Versions/A/DesktopServicesPriv
0x000000000181b000 	/System/Library/Frameworks/Carbon.framework/Versions/A/Frameworks/HIToolbox.framework/Versions/A/HIToolbox
0x000000000181b000 	/System/Library/Frameworks/QuartzCore.framework/Versions/A/QuartzCore
0x000000000181b000 	/System/Library/Frameworks/Carbon.framework/Versions/A/Frameworks/SpeechRecognition.framework/Versions/A/SpeechRecognition
0x000000000181b000 	/usr/lib/libauto.dylib
0x000000000181b000 	/usr/lib/libicucore.A.dylib
0x000000000181b000 	/usr/lib/libxml2.2.dylib
0x000000000181b000 	/System/Library/PrivateFrameworks/CoreUI.framework/Versions/A/CoreUI
0x000000000181b000 	/System/Library/Frameworks/CoreAudio.framework/Versions/A/CoreAudio
0x000000000181b000 	/System/Library/Frameworks/DiskArbitration.framework/Versions/A/DiskArbitration
0x000000000181b000 	/usr/lib/liblangid.dylib
0x000000000181b000 	/System/Library/PrivateFrameworks/MultitouchSupport.framework/Versions/A/MultitouchSupport
0x000000000181b000 	/System/Library/Frameworks/IOKit.framework/Versions/A/IOKit
0x000000000181b000 	/usr/lib/libDiagnosticMessagesClient.dylib
0x000000000181b000 	/System/Library/Frameworks/CoreServices.framework/Versions/A/CoreServices
0x000000000181b000 	/System/Library/PrivateFrameworks/PerformanceAnalysis.framework/Versions/A/PerformanceAnalysis
0x000000000181b000 	/System/Library/PrivateFrameworks/GenerationalStorage.framework/Versions/A/GenerationalStorage
0x000000000181b000 	/System/Library/Frameworks/OpenGL.framework/Versions/A/OpenGL
0x000000000181b000 	/System/Library/PrivateFrameworks/Sharing.framework/Versions/A/Sharing
0x000000000181b000 	/System/Library/Frameworks/CoreGraphics.framework/Versions/A/CoreGraphics
0x000000000181b000 	/System/Library/Frameworks/CoreText.framework/Versions/A/CoreText
0x000000000181b000 	/System/Library/Frameworks/ImageIO.framework/Versions/A/ImageIO
0x000000000181b000 	/usr/lib/libextension.dylib
0x000000000181b000 	/System/Library/PrivateFrameworks/Backup.framework/Versions/A/Backup
0x000000000181b000 	/usr/lib/libarchive.2.dylib
0x000000000181b000 	/System/Library/Frameworks/CFNetwork.framework/Versions/A/CFNetwork
0x000000000181b000 	/System/Library/Frameworks/SystemConfiguration.framework/Versions/A/SystemConfiguration
0x000000000181b000 	/usr/lib/libCRFSuite.dylib
0x000000000181b000 	/usr/lib/libc++.1.dylib
0x000000000181b000 	/usr/lib/libc++abi.dylib
0x000000000181b000 	/usr/lib/system/libcache.dylib
0x000000000181b000 	/usr/lib/system/libcommonCrypto.dylib
0x000000000181b000 	/usr/lib/system/libcompiler_rt.dylib
0x000000000181b000 	/usr/lib/system/libcopyfile.dylib
0x000000000181b000 	/usr/lib/system/libcorecrypto.dylib
0x000000000181b000 	/usr/lib/system/libdispatch.dylib
0x000000000181b000 	/usr/lib/system/libdyld.dylib
0x000000000181b000 	/usr/lib/system/libkeymgr.dylib
0x000000000181b000 	/usr/lib/system/liblaunch.dylib
0x000000000181b000 	/usr/lib/system/libmacho.dylib
0x000000000181b000 	/usr/lib/system/libquarantine.dylib
0x000000000181b000 	/usr/lib/system/libremovefile.dylib
0x000000000181b000 	/usr/lib/system/libsystem_asl.dylib
0x000000000181b000 	/usr/lib/system/libsystem_blocks.dylib
0x000000000181b000 	/usr/lib/system/libsystem_c.dylib
0x000000000181b000 	/usr/lib/system/libsystem_configuration.dylib
0x000000000181b000 	/usr/lib/system/libsystem_coreservices.dylib
0x000000000181b000 	/usr/lib/system/libsystem_coretls.dylib
0x000000000181b000 	/usr/lib/system/libsystem_dnssd.dylib
0x000000000181b000 	/usr/lib/system/libsystem_info.dylib
0x000000000181b000 	/usr/lib/system/libsystem_kernel.dylib
0x000000000181b000 	/usr/lib/system/libsystem_m.dylib
0x000000000181b000 	/usr/lib/system/libsystem_malloc.dylib
0x000000000181b000 	/usr/lib/system/libsystem_network.dylib
0x000000000181b000 	/usr/lib/system/libsystem_networkextension.dylib
0x000000000181b000 	/usr/lib/system/libsystem_notify.dylib
0x000000000181b000 	/usr/lib/system/libsystem_platform.dylib
0x000000000181b000 	/usr/lib/system/libsystem_pthread.dylib
0x000000000181b000 	/usr/lib/system/libsystem_sandbox.dylib
0x000000000181b000 	/usr/lib/system/libsystem_secinit.dylib
0x000000000181b000 	/usr/lib/system/libsystem_stats.dylib
0x000000000181b000 	/usr/lib/system/libsystem_trace.dylib
0x000000000181b000 	/usr/lib/system/libunc.dylib
0x000000000181b000 	/usr/lib/system/libunwind.dylib
0x000000000181b000 	/usr/lib/system/libxpc.dylib
0x000000000181b000 	/usr/lib/libbz2.1.0.dylib
0x000000000181b000 	/usr/lib/liblzma.5.dylib
0x000000000181b000 	/usr/lib/libbsm.0.dylib
0x000000000181b000 	/usr/lib/libsqlite3.dylib
0x000000000181b000 	/usr/lib/system/libkxld.dylib
0x000000000181b000 	/usr/lib/libxar.1.dylib
0x000000000181b000 	/usr/lib/libpam.2.dylib
0x000000000181b000 	/usr/lib/libOpenScriptingUtil.dylib
0x000000000181b000 	/System/Library/Frameworks/CoreServices.framework/Versions/A/Frameworks/FSEvents.framework/Versions/A/FSEvents
0x000000000181b000 	/System/Library/Frameworks/CoreServices.framework/Versions/A/Frameworks/CarbonCore.framework/Versions/A/CarbonCore
0x000000000181b000 	/System/Library/Frameworks/CoreServices.framework/Versions/A/Frameworks/Metadata.framework/Versions/A/Metadata
0x000000000181b000 	/System/Library/Frameworks/CoreServices.framework/Versions/A/Frameworks/OSServices.framework/Versions/A/OSServices
0x000000000181b000 	/System/Library/Frameworks/CoreServices.framework/Versions/A/Frameworks/SearchKit.framework/Versions/A/SearchKit
0x000000000181b000 	/System/Library/Frameworks/CoreServices.framework/Versions/A/Frameworks/AE.framework/Versions/A/AE
0x000000000181b000 	/System/Library/Frameworks/CoreServices.framework/Versions/A/Frameworks/LaunchServices.framework/Versions/A/LaunchServices
0x000000000181b000 	/System/Library/Frameworks/CoreServices.framework/Versions/A/Frameworks/DictionaryServices.framework/Versions/A/DictionaryServices
0x000000000181b000 	/System/Library/Frameworks/NetFS.framework/Versions/A/NetFS
0x000000000181b000 	/System/Library/PrivateFrameworks/NetAuth.framework/Versions/A/NetAuth
0x000000000181b000 	/System/Library/PrivateFrameworks/login.framework/Versions/A/Frameworks/loginsupport.framework/Versions/A/loginsupport
0x000000000181b000 	/System/Library/PrivateFrameworks/TCC.framework/Versions/A/TCC
0x000000000181b000 	/usr/lib/libmecabra.dylib
0x000000000181b000 	/System/Library/PrivateFrameworks/LanguageModeling.framework/Versions/A/LanguageModeling
0x000000000181b000 	/usr/lib/libcmph.dylib
0x000000000181b000 	/usr/lib/libiconv.2.dylib
0x000000000181b000 	/System/Library/Frameworks/OpenDirectory.framework/Versions/A/Frameworks/CFOpenDirectory.framework/Versions/A/CFOpenDirectory
0x000000000181b000 	/System/Library/Frameworks/ServiceManagement.framework/Versions/A/ServiceManagement
0x000000000181b000 	/usr/lib/libxslt.1.dylib
0x000000000181b000 	/System/Library/Frameworks/Carbon.framework/Versions/A/Frameworks/Ink.framework/Versions/A/Ink
0x000000000181b000 	/System/Library/Frameworks/ApplicationServices.framework/Versions/A/Frameworks/ATS.framework/Versions/A/ATS
0x000000000181b000 	/System/Library/Frameworks/ApplicationServices.framework/Versions/A/Frameworks/ColorSync.framework/Versions/A/ColorSync
0x000000000181b000 	/System/Library/Frameworks/ApplicationServices.framework/Versions/A/Frameworks/HIServices.framework/Versions/A/HIServices
0x000000000181b000 	/System/Library/Frameworks/ApplicationServices.framework/Versions/A/Frameworks/LangAnalysis.framework/Versions/A/LangAnalysis
0x000000000181b000 	/System/Library/Frameworks/ApplicationServices.framework/Versions/A/Frameworks/PrintCore.framework/Versions/A/PrintCore
0x000000000181b000 	/System/Library/Frameworks/ApplicationServices.framework/Versions/A/Frameworks/QD.framework/Versions/A/QD
0x000000000181b000 	/System/Library/Frameworks/ApplicationServices.framework/Versions/A/Frameworks/SpeechSynthesis.framework/Versions/A/SpeechSynthesis
0x000000000181b000 	/System/Library/Frameworks/Accelerate.framework/Versions/A/Accelerate
0x000000000181b000 	/System/Library/Frameworks/Accelerate.framework/Versions/A/Frameworks/vImage.framework/Versions/A/vImage
0x000000000181b000 	/System/Library/Frameworks/Accelerate.framework/Versions/A/Frameworks/vecLib.framework/Versions/A/vecLib
0x000000000181b000 	/System/Library/Frameworks/Accelerate.framework/Versions/A/Frameworks/vecLib.framework/Versions/A/libvDSP.dylib
0x000000000181b000 	/System/Library/Frameworks/Accelerate.framework/Versions/A/Frameworks/vecLib.framework/Versions/A/libvMisc.dylib
0x000000000181b000 	/System/Library/Frameworks/Accelerate.framework/Versions/A/Frameworks/vecLib.framework/Versions/A/libLAPACK.dylib
0x000000000181b000 	/System/Library/Frameworks/Accelerate.framework/Versions/A/Frameworks/vecLib.framework/Versions/A/libBLAS.dylib
0x000000000181b000 	/System/Library/Frameworks/Accelerate.framework/Versions/A/Frameworks/vecLib.framework/Versions/A/libLinearAlgebra.dylib
0x000000000181b000 	/System/Library/Frameworks/ApplicationServices.framework/Versions/A/Frameworks/ATS.framework/Versions/A/Resources/libFontParser.dylib
0x000000000181b000 	/System/Library/Frameworks/ApplicationServices.framework/Versions/A/Frameworks/ATS.framework/Versions/A/Resources/libFontRegistry.dylib
0x000000000181b000 	/System/Library/PrivateFrameworks/AppleVPA.framework/Versions/A/AppleVPA
0x000000000181b000 	/System/Library/PrivateFrameworks/AppleJPEG.framework/Versions/A/AppleJPEG
0x000000000181b000 	/System/Library/Frameworks/ImageIO.framework/Versions/A/Resources/libJPEG.dylib
0x000000000181b000 	/System/Library/Frameworks/ImageIO.framework/Versions/A/Resources/libTIFF.dylib
0x000000000181b000 	/System/Library/Frameworks/ImageIO.framework/Versions/A/Resources/libPng.dylib
0x000000000181b000 	/System/Library/Frameworks/ImageIO.framework/Versions/A/Resources/libGIF.dylib
0x000000000181b000 	/System/Library/Frameworks/ImageIO.framework/Versions/A/Resources/libJP2.dylib
0x000000000181b000 	/System/Library/Frameworks/ImageIO.framework/Versions/A/Resources/libRadiance.dylib
0x000000000181b000 	/System/Library/Frameworks/CoreVideo.framework/Versions/A/CoreVideo
0x000000000181b000 	/System/Library/Frameworks/OpenGL.framework/Versions/A/Libraries/libGLU.dylib
0x000000000181b000 	/System/Library/Frameworks/OpenGL.framework/Versions/A/Libraries/libGFXShared.dylib
0x000000000181b000 	/System/Library/Frameworks/OpenGL.framework/Versions/A/Libraries/libGL.dylib
0x000000000181b000 	/System/Library/Frameworks/OpenGL.framework/Versions/A/Libraries/libGLImage.dylib
0x000000000181b000 	/System/Library/Frameworks/OpenGL.framework/Versions/A/Libraries/libCVMSPluginSupport.dylib
0x000000000181b000 	/System/Library/Frameworks/OpenGL.framework/Versions/A/Libraries/libCoreVMClient.dylib
0x000000000181b000 	/usr/lib/libcups.2.dylib
0x000000000181b000 	/System/Library/Frameworks/Kerberos.framework/Versions/A/Kerberos
0x000000000181b000 	/System/Library/Frameworks/GSS.framework/Versions/A/GSS
0x000000000181b000 	/usr/lib/libresolv.9.dylib
0x000000000181b000 	/System/Library/PrivateFrameworks/Heimdal.framework/Versions/A/Heimdal
0x000000000181b000 	/usr/lib/libheimdal-asn1.dylib
0x000000000181b000 	/System/Library/Frameworks/OpenDirectory.framework/Versions/A/OpenDirectory
0x000000000181b000 	/System/Library/PrivateFrameworks/CommonAuth.framework/Versions/A/CommonAuth
0x000000000181b000 	/System/Library/Frameworks/SecurityFoundation.framework/Versions/A/SecurityFoundation
0x000000000181b000 	/System/Library/Frameworks/QuartzCore.framework/Versions/A/Frameworks/CoreImage.framework/Versions/A/CoreImage
0x000000000181b000 	/System/Library/PrivateFrameworks/CrashReporterSupport.framework/Versions/A/CrashReporterSupport
0x000000000181b000 	/System/Library/Frameworks/OpenCL.framework/Versions/A/OpenCL
0x000000000181b000 	/System/Library/PrivateFrameworks/FaceCore.framework/Versions/A/FaceCore
0x000000000181b000 	/System/Library/PrivateFrameworks/Ubiquity.framework/Versions/A/Ubiquity
0x000000000181b000 	/System/Library/PrivateFrameworks/IconServices.framework/Versions/A/IconServices
0x000000000181b000 	/System/Library/PrivateFrameworks/ChunkingLibrary.framework/Versions/A/ChunkingLibrary
0x000000000181b000 	/System/Library/PrivateFrameworks/Apple80211.framework/Versions/A/Apple80211
0x000000000181b000 	/System/Library/Frameworks/CoreWLAN.framework/Versions/A/CoreWLAN
0x000000000181b000 	/System/Library/Frameworks/IOBluetooth.framework/Versions/A/IOBluetooth
0x000000000181b000 	/System/Library/PrivateFrameworks/CoreWiFi.framework/Versions/A/CoreWiFi
0x000000000181b000 	/System/Library/Frameworks/CoreBluetooth.framework/Versions/A/CoreBluetooth
0x000000000181b000 	/System/Library/PrivateFrameworks/DebugSymbols.framework/Versions/A/DebugSymbols
0x000000000181b000 	/System/Library/PrivateFrameworks/CoreSymbolication.framework/Versions/A/CoreSymbolication
0x000000000181b000 	/System/Library/PrivateFrameworks/Symbolication.framework/Versions/A/Symbolication
0x000000000181b000 	/System/Library/PrivateFrameworks/SpeechRecognitionCore.framework/Versions/A/SpeechRecognitionCore
0x0000000103400000 	/Library/Java/JavaVirtualMachines/jdk1.8.0_20.jdk/Contents/Home/jre/lib/server/libjvm.dylib
0x000000000181b000 	/usr/lib/libstdc++.6.dylib
0x000000010441e000 	/Library/Java/JavaVirtualMachines/jdk1.8.0_20.jdk/Contents/Home/jre/lib/libverify.dylib
0x000000010442c000 	/Library/Java/JavaVirtualMachines/jdk1.8.0_20.jdk/Contents/Home/jre/lib/libjava.dylib
0x0000000104468000 	/Library/Java/JavaVirtualMachines/jdk1.8.0_20.jdk/Contents/Home/jre/lib/libzip.dylib
0x000000011a4e5000 	/System/Library/Frameworks/JavaVM.framework/Frameworks/JavaRuntimeSupport.framework/JavaRuntimeSupport
0x000000011a4fb000 	/System/Library/Frameworks/JavaVM.framework/Versions/A/Frameworks/JavaNativeFoundation.framework/Versions/A/JavaNativeFoundation
0x000000011a50f000 	/System/Library/Frameworks/JavaVM.framework/Versions/A/JavaVM
0x000000000181b000 	/System/Library/Frameworks/Carbon.framework/Versions/A/Carbon
0x000000011a51b000 	/System/Library/PrivateFrameworks/JavaLaunching.framework/Versions/A/JavaLaunching
0x000000000181b000 	/System/Library/Frameworks/Carbon.framework/Versions/A/Frameworks/CommonPanels.framework/Versions/A/CommonPanels
0x000000000181b000 	/System/Library/Frameworks/Carbon.framework/Versions/A/Frameworks/Help.framework/Versions/A/Help
0x000000000181b000 	/System/Library/Frameworks/Carbon.framework/Versions/A/Frameworks/ImageCapture.framework/Versions/A/ImageCapture
0x000000000181b000 	/System/Library/Frameworks/Carbon.framework/Versions/A/Frameworks/OpenScripting.framework/Versions/A/OpenScripting
0x000000000181b000 	/System/Library/Frameworks/Carbon.framework/Versions/A/Frameworks/Print.framework/Versions/A/Print
0x000000000181b000 	/System/Library/Frameworks/Carbon.framework/Versions/A/Frameworks/SecurityHI.framework/Versions/A/SecurityHI
0x000000011c359000 	/Library/Java/JavaVirtualMachines/jdk1.8.0_20.jdk/Contents/Home/jre/lib/libawt.dylib
0x000000011c408000 	/Library/Java/JavaVirtualMachines/jdk1.8.0_20.jdk/Contents/Home/jre/lib/./libmlib_image.dylib
0x000000011c4d4000 	/Library/Java/JavaVirtualMachines/jdk1.8.0_20.jdk/Contents/Home/jre/lib/libawt_lwawt.dylib
0x000000011c587000 	/Library/Java/JavaVirtualMachines/jdk1.8.0_20.jdk/Contents/Home/jre/lib/./libosxapp.dylib
0x000000000181b000 	/System/Library/Frameworks/ExceptionHandling.framework/Versions/A/ExceptionHandling
0x000000000181b000 	/System/Library/PrivateFrameworks/CoreServicesInternal.framework/Versions/A/CoreServicesInternal
0x000000000181b000 	/System/Library/PrivateFrameworks/CloudDocs.framework/Versions/A/CloudDocs
0x000000000181b000 	/System/Library/PrivateFrameworks/CoreDuet.framework/Versions/A/CoreDuet
0x000000000181b000 	/System/Library/Frameworks/CloudKit.framework/Versions/A/CloudKit
0x000000000181b000 	/System/Library/PrivateFrameworks/ProtocolBuffer.framework/Versions/A/ProtocolBuffer
0x000000000181b000 	/System/Library/PrivateFrameworks/CoreDuetDaemonProtocol.framework/Versions/A/CoreDuetDaemonProtocol
0x000000000181b000 	/System/Library/PrivateFrameworks/CoreDuetDebugLogging.framework/Versions/A/CoreDuetDebugLogging
0x000000000181b000 	/System/Library/Frameworks/CoreLocation.framework/Versions/A/CoreLocation
0x000000000181b000 	/System/Library/Frameworks/Accounts.framework/Versions/A/Accounts
0x000000000181b000 	/System/Library/PrivateFrameworks/ApplePushService.framework/Versions/A/ApplePushService
0x000000000181b000 	/System/Library/PrivateFrameworks/GeoServices.framework/Versions/A/GeoServices
0x000000000181b000 	/System/Library/PrivateFrameworks/OAuth.framework/Versions/A/OAuth
0x000000000181b000 	/System/Library/PrivateFrameworks/CoreDaemon.framework/Versions/B/CoreDaemon
0x000000000181b000 	/usr/lib/libcrypto.0.9.8.dylib
0x000000000181b000 	/System/Library/PrivateFrameworks/AppleSRP.framework/Versions/A/AppleSRP
0x000000000181b000 	/System/Library/PrivateFrameworks/TrustEvaluationAgent.framework/Versions/A/TrustEvaluationAgent
0x000000000181b000 	/System/Library/Frameworks/CoreGraphics.framework/Versions/A/Resources/libCGCMS.A.dylib
0x000000000181b000 	/System/Library/Frameworks/CoreGraphics.framework/Versions/A/Resources/libRIP.A.dylib
0x000000000181b000 	/System/Library/Frameworks/CoreGraphics.framework/Versions/A/Resources/libCGXType.A.dylib
0x000000000181b000 	/System/Library/Frameworks/OpenCL.framework/Versions/A/Libraries/libcldcpuengine.dylib
0x000000000181b000 	/System/Library/PrivateFrameworks/DiskImages.framework/Versions/A/DiskImages
0x000000000181b000 	/System/Library/Frameworks/DiscRecording.framework/Versions/A/DiscRecording
0x000000000181b000 	/usr/lib/libcsfde.dylib
0x000000000181b000 	/usr/lib/libcurl.4.dylib
0x000000000181b000 	/System/Library/PrivateFrameworks/MediaKit.framework/Versions/A/MediaKit
0x000000000181b000 	/System/Library/PrivateFrameworks/ProtectedCloudStorage.framework/Versions/A/ProtectedCloudStorage
0x000000000181b000 	/usr/lib/libCoreStorage.dylib
0x000000000181b000 	/System/Library/PrivateFrameworks/EFILogin.framework/Versions/A/EFILogin
0x000000000181b000 	/usr/lib/libutil.dylib
0x000000000181b000 	/System/Library/PrivateFrameworks/FindMyDevice.framework/Versions/A/FindMyDevice
0x000000000181b000 	/System/Library/Frameworks/LDAP.framework/Versions/A/LDAP
0x000000000181b000 	/usr/lib/libsasl2.2.dylib
0x000000011f2c5000 	cl_kernels
0x000000011f2c7000 	/System/Library/Frameworks/OpenCL.framework/Versions/A/Libraries/ImageFormats/unorm8_bgra.dylib
0x000000011f2b6000 	cl_kernels
0x000000000181b000 	/System/Library/PrivateFrameworks/FamilyControls.framework/Versions/A/FamilyControls
0x000000000181b000 	/System/Library/PrivateFrameworks/CommerceKit.framework/Versions/A/Frameworks/CommerceCore.framework/Versions/A/CommerceCore
0x000000000181b000 	/System/Library/PrivateFrameworks/SystemAdministration.framework/Versions/A/SystemAdministration
0x000000000181b000 	/System/Library/PrivateFrameworks/AppContainer.framework/Versions/A/AppContainer
0x000000000181b000 	/System/Library/PrivateFrameworks/SecCodeWrapper.framework/Versions/A/SecCodeWrapper
0x000000000181b000 	/System/Library/Frameworks/DirectoryService.framework/Versions/A/DirectoryService
0x000000000181b000 	/System/Library/PrivateFrameworks/LoginUIKit.framework/Versions/A/Frameworks/LoginUICore.framework/Versions/A/LoginUICore
0x000000000181b000 	/usr/lib/libodfde.dylib
0x0000000120510000 	/Library/Java/JavaVirtualMachines/jdk1.8.0_20.jdk/Contents/Home/jre/lib/libfontmanager.dylib
0x0000000120576000 	/Users/mick/Documents/workspace/lwjgl-2.9.1/native/macosx/liblwjgl.jnilib
0x000000011e7f5000 	/Library/Java/JavaVirtualMachines/jdk1.8.0_20.jdk/Contents/Home/jre/lib/libjawt.dylib
0x000000000181b000 	/System/Library/Frameworks/OpenGL.framework/Versions/A/Resources/GLEngine.bundle/GLEngine
0x000000000181b000 	/System/Library/Frameworks/OpenGL.framework/Versions/A/Libraries/libGLProgrammability.dylib
0x0000000000000000 	/System/Library/Extensions/AppleIntelHD4000GraphicsGLDriver.bundle/Contents/MacOS/AppleIntelHD4000GraphicsGLDriver
0x000000000181b000 	/System/Library/PrivateFrameworks/IOAccelerator.framework/Versions/A/IOAccelerator
0x000000000181b000 	/System/Library/PrivateFrameworks/GPUSupport.framework/Versions/A/Libraries/libGPUSupportMercury.dylib
0x000000000181b000 	/System/Library/Frameworks/OpenGL.framework/Versions/A/Resources/GLRendererFloat.bundle/GLRendererFloat
0x0000000120d27000 	/Users/mick/Documents/workspace/lwjgl-2.9.1/native/macosx/libjinput-osx.jnilib
0x0000000120d2c000 	/System/Library/Extensions/IOHIDFamily.kext/Contents/PlugIns/IOHIDLib.plugin/Contents/MacOS/IOHIDLib
0x000000011db88000 	/Library/Java/JavaVirtualMachines/jdk1.8.0_20.jdk/Contents/Home/jre/lib/libnio.dylib
0x000000011db98000 	/Library/Java/JavaVirtualMachines/jdk1.8.0_20.jdk/Contents/Home/jre/lib/./libnet.dylib
0x000000011dbb4000 	/Library/Java/JavaVirtualMachines/jdk1.8.0_20.jdk/Contents/Home/jre/lib/libjpeg.dylib
0x000000011dbf4000 	/Library/Java/JavaVirtualMachines/jdk1.8.0_20.jdk/Contents/Home/jre/lib/liblcms.dylib

VM Arguments:
jvm_args: -Djava.library.path=/Users/mick/Documents/workspace/lwjgl-2.9.1/native/macosx:/Users/mick/Documents/workspace/lwjgl-2.9.1/native/macosx:/Users/mick/Documents/workspace/lwjgl-2.9.1/native/macosx -Dfile.encoding=UTF-8 
java_command: main.Game
java_class_path (initial): /Users/mick/Documents/workspace/pow2r/bin:/Users/mick/Documents/workspace/slick/lib/slick.jar:/Users/mick/Documents/workspace/lwjgl-2.9.1/jar/jinput.jar:/Users/mick/Documents/workspace/lwjgl-2.9.1/jar/lwjgl_util.jar:/Users/mick/Documents/workspace/lwjgl-2.9.1/jar/lwjgl.jar
Launcher Type: SUN_STANDARD

Environment Variables:
PATH=/usr/bin:/bin:/usr/sbin:/sbin
SHELL=/bin/bash
DISPLAY=/private/tmp/com.apple.launchd.GPHRQvMDau/org.macosforge.xquartz:0

Signal Handlers:
SIGSEGV: [libjvm.dylib+0x578fd7], sa_mask[0]=11111111011111110111111111111111, sa_flags=SA_ONSTACK|SA_RESTART|SA_SIGINFO
SIGBUS: [libjvm.dylib+0x578fd7], sa_mask[0]=11111111011111110111111111111111, sa_flags=SA_RESTART|SA_SIGINFO
SIGFPE: [libjvm.dylib+0x45ab0c], sa_mask[0]=11111111011111110111111111111111, sa_flags=SA_RESTART|SA_SIGINFO
SIGPIPE: [libjvm.dylib+0x45ab0c], sa_mask[0]=11111111011111110111111111111111, sa_flags=SA_RESTART|SA_SIGINFO
SIGXFSZ: [libjvm.dylib+0x45ab0c], sa_mask[0]=11111111011111110111111111111111, sa_flags=SA_RESTART|SA_SIGINFO
SIGILL: [libjvm.dylib+0x45ab0c], sa_mask[0]=11111111011111110111111111111111, sa_flags=SA_RESTART|SA_SIGINFO
SIGUSR1: SIG_DFL, sa_mask[0]=00000000000000000000000000000000, sa_flags=none
SIGUSR2: [libjvm.dylib+0x45a62a], sa_mask[0]=00100000000000000000000000000000, sa_flags=SA_RESTART|SA_SIGINFO
SIGHUP: [libjvm.dylib+0x458bfd], sa_mask[0]=11111111011111110111111111111111, sa_flags=SA_RESTART|SA_SIGINFO
SIGINT: [libjvm.dylib+0x458bfd], sa_mask[0]=11111111011111110111111111111111, sa_flags=SA_RESTART|SA_SIGINFO
SIGTERM: [libjvm.dylib+0x458bfd], sa_mask[0]=11111111011111110111111111111111, sa_flags=SA_RESTART|SA_SIGINFO
SIGQUIT: [libjvm.dylib+0x458bfd], sa_mask[0]=11111111011111110111111111111111, sa_flags=SA_RESTART|SA_SIGINFO


---------------  S Y S T E M  ---------------

OS:Bsduname:Darwin 14.0.0 Darwin Kernel Version 14.0.0: Fri Sep 19 00:26:44 PDT 2014; root:xnu-2782.1.97~2/RELEASE_X86_64 x86_64
rlimit: STACK 8192k, CORE 0k, NPROC 709, NOFILE 10240, AS infinity
load average:1.15 1.32 1.44

CPU:total 4 (2 cores per cpu, 2 threads per core) family 6 model 58 stepping 9, cmov, cx8, fxsr, mmx, sse, sse2, sse3, ssse3, sse4.1, sse4.2, popcnt, avx, aes, clmul, erms, ht, tsc, tscinvbit, tscinv

Memory: 4k page, physical 8388608k(1064592k free)

/proc/meminfo:


vm_info: Java HotSpot(TM) 64-Bit Server VM (25.20-b23) for bsd-amd64 JRE (1.8.0_20-b26), built on Jul 30 2014 13:37:47 by "java_re" with gcc 4.2.1 (Based on Apple Inc. build 5658) (LLVM build 2336.9.00)

time: Fri Feb 27 12:04:15 2015
elapsed time: 162 seconds (0d 0h 2m 42s)

