#
# A fatal error has been detected by the Java Runtime Environment:
#
#  SIGSEGV (0xb) at pc=0x00007fff8ed0b0e9, pid=72972, tid=1811
#
# JRE version: Java(TM) SE Runtime Environment (8.0_20-b26) (build 1.8.0_20-b26)
# Java VM: Java HotSpot(TM) 64-Bit Server VM (25.20-b23 mixed mode bsd-amd64 compressed oops)
# Problematic frame:
# C  [libobjc.A.dylib+0x10e9]  objc_msgSend+0x29
#
# Failed to write core dump. Core dumps have been disabled. To enable core dumping, try "ulimit -c unlimited" before starting Java again
#
# If you would like to submit a bug report, please visit:
#   http://bugreport.sun.com/bugreport/crash.jsp
# The crash happened outside the Java Virtual Machine in native code.
# See problematic frame for where to report the bug.
#

---------------  T H R E A D  ---------------

Current thread (0x00007fd4930d9800):  JavaThread "AppKit Thread" daemon [_thread_in_native, id=1811, stack(0x00007fff52f7a000,0x00007fff5377a000)]

siginfo: si_signo: 11 (SIGSEGV), si_code: 1 (SEGV_MAPERR), si_addr: 0x0000000000000000

Registers:
RAX=0x0000000000000000, RBX=0x00007fd492dc95a0, RCX=0x0000000000000000, RDX=0x00007fd492c92280
RSP=0x00007fff53774b78, RBP=0x00007fff53774ba0, RSI=0x00007fff8cedbb42, RDI=0x00007fd492dc95a0
R8 =0x0000000000000001, R9 =0x0000000000000001, R10=0x0000000000000000, R11=0x00007fd49300a000
R12=0x00007fd492c92280, R13=0x00007fd492db2980, R14=0x00007fd492c92280, R15=0x00007fff53775090
RIP=0x00007fff8ed0b0e9, EFLAGS=0x0000000000010246, ERR=0x0000000000000004
  TRAPNO=0x000000000000000e

Top of Stack: (sp=0x00007fff53774b78)
0x00007fff53774b78:   0000000129f21f4e 00007fd492c92280
0x00007fff53774b88:   0000000129f55cb8 00007fd492db2980
0x00007fff53774b98:   0000000000000094 00007fff53775080
0x00007fff53774ba8:   00007fff8c660775 0000000000000000
0x00007fff53774bb8:   0000000000000000 4084000000000000
0x00007fff53774bc8:   407e000000000000 0000000000000000
0x00007fff53774bd8:   0000000000000000 4084000000000000
0x00007fff53774be8:   407e000000000000 4084000000000000
0x00007fff53774bf8:   407f600000000000 401c000000000000
0x00007fff53774c08:   407e300000000000 402c000000000000
0x00007fff53774c18:   4030000000000000 401c000000000000
0x00007fff53774c28:   0000000000000000 0000000000000000
0x00007fff53774c38:   4030000000000000 00007fff8cea02ce
0x00007fff53774c48:   4008000000000000 00007fd492db0630
0x00007fff53774c58:   0000000100000000 0000000000000000
0x00007fff53774c68:   00007fd492d671a0 00007fff53774dc0
0x00007fff53774c78:   00007fff8c726bc6 00007fff53774dc0
0x00007fff53774c88:   00007fff8c7276b2 402c000000000000
0x00007fff53774c98:   4030000000000000 401c000000000000
0x00007fff53774ca8:   407e300000000000 402c000000000000
0x00007fff53774cb8:   4030000000000000 0000000000000000
0x00007fff53774cc8:   0000000000000000 4084000000000000
0x00007fff53774cd8:   407f600000000000 401c000000000000
0x00007fff53774ce8:   407e300000000000 402c000000000000
0x00007fff53774cf8:   4030000000000000 0000000000000000
0x00007fff53774d08:   0000000000000000 401c000000000000
0x00007fff53774d18:   000000010c4a0000 00007fff53774dc0
0x00007fff53774d28:   00007fff886a54ff 0000000000000000
0x00007fff53774d38:   000000010c4a0000 00007fff53774de0
0x00007fff53774d48:   00007fff886a54ff 00007fff53774e4f
0x00007fff53774d58:   0000000000000000 00007fd492cfc080
0x00007fff53774d68:   00007fd492c9fc00 000000000000000b 

Instructions: (pc=0x00007fff8ed0b0e9)
0x00007fff8ed0b0c9:   01 2e 75 7e 49 bb f8 ff ff ff ff 7f 00 00 4c 23
0x00007fff8ed0b0d9:   1f 49 89 f2 45 23 53 18 49 c1 e2 04 4d 03 53 10
0x00007fff8ed0b0e9:   49 3b 32 75 04 41 ff 62 08 49 83 3a 00 74 6a 4d
0x00007fff8ed0b0f9:   3b 53 10 74 0d 49 83 ea 10 49 3b 32 75 eb 41 ff 

Register to memory mapping:

RAX=0x0000000000000000 is an unknown value
RBX=0x00007fd492dc95a0 is an unknown value
RCX=0x0000000000000000 is an unknown value
RDX=0x00007fd492c92280 is an unknown value
RSP=0x00007fff53774b78 is pointing into the stack for thread: 0x00007fd4930d9800
RBP=0x00007fff53774ba0 is pointing into the stack for thread: 0x00007fd4930d9800
RSI=0x00007fff8cedbb42: -[NSTitlebarContainerView shouldRoundCorners]+0x5c5a4 in /System/Library/Frameworks/AppKit.framework/Versions/C/AppKit at 0x00007fff8c512000
RDI=0x00007fd492dc95a0 is an unknown value
R8 =0x0000000000000001 is an unknown value
R9 =0x0000000000000001 is an unknown value
R10=0x0000000000000000 is an unknown value
R11=0x00007fd49300a000 is a thread
R12=0x00007fd492c92280 is an unknown value
R13=0x00007fd492db2980 is an unknown value
R14=0x00007fd492c92280 is an unknown value
R15=0x00007fff53775090 is pointing into the stack for thread: 0x00007fd4930d9800


Stack: [0x00007fff52f7a000,0x00007fff5377a000],  sp=0x00007fff53774b78,  free space=8170k
Native frames: (J=compiled Java code, j=interpreted, Vv=VM code, C=native code)
C  [libobjc.A.dylib+0x10e9]  objc_msgSend+0x29
C  [AppKit+0x14e775]  -[NSView _recursiveDisplayRectIfNeededIgnoringOpacity:isVisibleRect:rectIsVisibleRectForView:topView:]+0x740
C  [AppKit+0x14f7d0]  -[NSView _recursiveDisplayRectIfNeededIgnoringOpacity:isVisibleRect:rectIsVisibleRectForView:topView:]+0x179b
C  [AppKit+0x14db23]  -[NSThemeFrame _recursiveDisplayRectIfNeededIgnoringOpacity:isVisibleRect:rectIsVisibleRectForView:topView:]+0x14d
C  [AppKit+0x14a67b]  -[NSView _displayRectIgnoringOpacity:isVisibleRect:rectIsVisibleRectForView:]+0xac9
C  [AppKit+0x12907a]  -[NSView displayIfNeeded]+0x754
C  [AppKit+0x146575]  -[NSWindow displayIfNeeded]+0xe8
C  [AppKit+0x183772]  _handleWindowNeedsDisplayOrLayoutOrUpdateConstraints+0x3a8
C  [AppKit+0x748cf1]  __83-[NSWindow _postWindowNeedsDisplayOrLayoutOrUpdateConstraintsUnlessPostingDisabled]_block_invoke1523+0x2e
C  [CoreFoundation+0x7fd87]  __CFRUNLOOP_IS_CALLING_OUT_TO_AN_OBSERVER_CALLBACK_FUNCTION__+0x17
C  [CoreFoundation+0x7fce0]  __CFRunLoopDoObservers+0x170
C  [CoreFoundation+0x71de8]  __CFRunLoopRun+0x368
C  [CoreFoundation+0x71838]  CFRunLoopRunSpecific+0x128
C  [HIToolbox+0x2e43f]  RunCurrentEventLoopInMode+0xeb
C  [HIToolbox+0x2e0be]  ReceiveNextEventCommon+0xb3
C  [HIToolbox+0x2dffb]  _BlockUntilNextEventMatchingListInModeWithFilter+0x47
C  [AppKit+0x246d1]  _DPSNextEvent+0x3c4
C  [AppKit+0x23e80]  -[NSApplication nextEventMatchingMask:untilDate:inMode:dequeue:]+0xc2
C  [libosxapp.dylib+0x242a]  -[NSApplicationAWT nextEventMatchingMask:untilDate:inMode:dequeue:]+0x7c
C  [AppKit+0x17e23]  -[NSApplication run]+0x252
C  [libosxapp.dylib+0x223e]  +[NSApplicationAWT runAWTLoopWithApp:]+0x9c
C  [libawt_lwawt.dylib+0x4494f]  -[AWTStarter starter:]+0x389
C  [Foundation+0x65f4c]  __NSThreadPerformPerform+0x125
C  [CoreFoundation+0x80661]  __CFRUNLOOP_IS_CALLING_OUT_TO_A_SOURCE0_PERFORM_FUNCTION__+0x11
C  [CoreFoundation+0x727ed]  __CFRunLoopDoSources0+0x10d
C  [CoreFoundation+0x71e1f]  __CFRunLoopRun+0x39f
C  [CoreFoundation+0x71838]  CFRunLoopRunSpecific+0x128
C  [java+0x56cc]  CreateExecutionEnvironment+0x367
C  [java+0x165c]  JLI_Launch+0x7a0
C  [java+0x768a]  main+0x65
C  [java+0xeb4]  start+0x34
C  0x0000000000000006


---------------  P R O C E S S  ---------------

Java Threads: ( => current thread )
  0x00007fd493132000 JavaThread "AWT-Shutdown" [_thread_blocked, id=28691, stack(0x0000000127570000,0x0000000127670000)]
=>0x00007fd4930d9800 JavaThread "AppKit Thread" daemon [_thread_in_native, id=1811, stack(0x00007fff52f7a000,0x00007fff5377a000)]
  0x00007fd494805000 JavaThread "Service Thread" daemon [_thread_blocked, id=18179, stack(0x0000000125ae0000,0x0000000125be0000)]
  0x00007fd49381c800 JavaThread "C1 CompilerThread2" daemon [_thread_blocked, id=17667, stack(0x00000001259dd000,0x0000000125add000)]
  0x00007fd49381c000 JavaThread "C2 CompilerThread1" daemon [_thread_blocked, id=17155, stack(0x00000001258da000,0x00000001259da000)]
  0x00007fd493806000 JavaThread "C2 CompilerThread0" daemon [_thread_blocked, id=16643, stack(0x00000001257d7000,0x00000001258d7000)]
  0x00007fd493808800 JavaThread "Signal Dispatcher" daemon [_thread_blocked, id=13335, stack(0x00000001256d4000,0x00000001257d4000)]
  0x00007fd494002000 JavaThread "Finalizer" daemon [_thread_blocked, id=11523, stack(0x0000000123d90000,0x0000000123e90000)]
  0x00007fd49306b000 JavaThread "Reference Handler" daemon [_thread_blocked, id=11011, stack(0x0000000123c8d000,0x0000000123d8d000)]
  0x00007fd49300a000 JavaThread "main" [_thread_in_native, id=4867, stack(0x000000010dd1c000,0x000000010de1c000)]

Other Threads:
  0x00007fd493066000 VMThread [stack: 0x0000000123b8a000,0x0000000123c8a000] [id=10499]
  0x00007fd49303f800 WatcherThread [stack: 0x0000000125be3000,0x0000000125ce3000] [id=18691]

VM state:not at safepoint (normal execution)

VM Mutex/Monitor currently owned by a thread: None

Heap:
 PSYoungGen      total 38400K, used 15958K [0x0000000795580000, 0x0000000798000000, 0x00000007c0000000)
  eden space 33280K, 47% used [0x0000000795580000,0x0000000796515aa8,0x0000000797600000)
  from space 5120K, 0% used [0x0000000797b00000,0x0000000797b00000,0x0000000798000000)
  to   space 5120K, 0% used [0x0000000797600000,0x0000000797600000,0x0000000797b00000)
 ParOldGen       total 87552K, used 0K [0x0000000740000000, 0x0000000745580000, 0x0000000795580000)
  object space 87552K, 0% used [0x0000000740000000,0x0000000740000000,0x0000000745580000)
 Metaspace       used 8454K, capacity 8609K, committed 8832K, reserved 1056768K
  class space    used 852K, capacity 887K, committed 896K, reserved 1048576K

Card table byte_map: [0x000000011d1de000,0x000000011d5df000] byte_map_base: 0x00000001197de000

Marking Bits: (ParMarkBitMap*) 0x000000010d69c330
 Begin Bits: [0x000000011dc96000, 0x000000011fc96000)
 End Bits:   [0x000000011fc96000, 0x0000000121c96000)

Polling page: 0x000000010c5dd000

CodeCache: size=245760Kb used=3604Kb max_used=3614Kb free=242155Kb
 bounds [0x000000010de1e000, 0x000000010e1ae000, 0x000000011ce1e000]
 total_blobs=1394 nmethods=990 adapters=319
 compilation: enabled

Compilation events (10 events):
Event: 15.617 Thread 0x00007fd49381c800  983       3       java.nio.HeapByteBuffer::get (14 bytes)
Event: 15.617 Thread 0x00007fd49381c800 nmethod 983 0x000000010e1a2710 code [0x000000010e1a28a0, 0x000000010e1a2c48]
Event: 15.989 Thread 0x00007fd493806000  984       4       java.util.HashMap$HashIterator::nextNode (100 bytes)
Event: 15.993 Thread 0x00007fd493806000 nmethod 984 0x000000010e1a5c10 code [0x000000010e1a5d60, 0x000000010e1a5f78]
Event: 16.006 Thread 0x00007fd49381c000  985       4       java.util.HashMap$KeyIterator::next (8 bytes)
Event: 16.009 Thread 0x00007fd49381c000 nmethod 985 0x000000010e1a4210 code [0x000000010e1a4360, 0x000000010e1a4578]
Event: 16.024 Thread 0x00007fd493806000  986       4       java.util.ArrayList::addAll (54 bytes)
Event: 16.030 Thread 0x00007fd493806000 nmethod 986 0x000000010e1a3610 code [0x000000010e1a3780, 0x000000010e1a3e28]
Event: 16.277 Thread 0x00007fd49381c000  987       4       java.nio.DirectIntBufferU::get (16 bytes)
Event: 16.278 Thread 0x00007fd49381c000 nmethod 987 0x000000010e1a3390 code [0x000000010e1a34e0, 0x000000010e1a3578]

GC Heap History (0 events):
No events

Deoptimization events (0 events):
No events

Internal exceptions (10 events):
Event: 0.815 Thread 0x00007fd49300a000 Exception <a 'java/security/PrivilegedActionException'> (0x0000000796258048) thrown at [/HUDSON3/workspace/8-2-build-macosx-x86_64/jdk8u20/1074/hotspot/src/share/vm/prims/jvm.cpp, line 1275]
Event: 0.820 Thread 0x00007fd49300a000 Exception <a 'java/security/PrivilegedActionException'> (0x00000007962d1998) thrown at [/HUDSON3/workspace/8-2-build-macosx-x86_64/jdk8u20/1074/hotspot/src/share/vm/prims/jvm.cpp, line 1275]
Event: 0.829 Thread 0x00007fd49300a000 Exception <a 'java/security/PrivilegedActionException'> (0x00000007962dc240) thrown at [/HUDSON3/workspace/8-2-build-macosx-x86_64/jdk8u20/1074/hotspot/src/share/vm/prims/jvm.cpp, line 1275]
Event: 0.830 Thread 0x00007fd49300a000 Exception <a 'java/security/PrivilegedActionException'> (0x00000007962e00c0) thrown at [/HUDSON3/workspace/8-2-build-macosx-x86_64/jdk8u20/1074/hotspot/src/share/vm/prims/jvm.cpp, line 1275]
Event: 0.830 Thread 0x00007fd49300a000 Exception <a 'java/security/PrivilegedActionException'> (0x00000007962e2550) thrown at [/HUDSON3/workspace/8-2-build-macosx-x86_64/jdk8u20/1074/hotspot/src/share/vm/prims/jvm.cpp, line 1275]
Event: 0.832 Thread 0x00007fd49300a000 Exception <a 'java/security/PrivilegedActionException'> (0x00000007962e92e0) thrown at [/HUDSON3/workspace/8-2-build-macosx-x86_64/jdk8u20/1074/hotspot/src/share/vm/prims/jvm.cpp, line 1275]
Event: 0.834 Thread 0x00007fd49300a000 Exception <a 'java/security/PrivilegedActionException'> (0x00000007962ecb00) thrown at [/HUDSON3/workspace/8-2-build-macosx-x86_64/jdk8u20/1074/hotspot/src/share/vm/prims/jvm.cpp, line 1275]
Event: 0.835 Thread 0x00007fd49300a000 Exception <a 'java/security/PrivilegedActionException'> (0x00000007962f0848) thrown at [/HUDSON3/workspace/8-2-build-macosx-x86_64/jdk8u20/1074/hotspot/src/share/vm/prims/jvm.cpp, line 1275]
Event: 1.820 Thread 0x00007fd49300a000 Exception <a 'java/security/PrivilegedActionException'> (0x00000007963832c8) thrown at [/HUDSON3/workspace/8-2-build-macosx-x86_64/jdk8u20/1074/hotspot/src/share/vm/prims/jvm.cpp, line 1275]
Event: 2.825 Thread 0x00007fd49300a000 Exception <a 'java/security/PrivilegedActionException'> (0x000000079639dfd0) thrown at [/HUDSON3/workspace/8-2-build-macosx-x86_64/jdk8u20/1074/hotspot/src/share/vm/prims/jvm.cpp, line 1275]

Events (10 events):
Event: 2.825 loading class org/newdawn/slick/command/MouseButtonControl
Event: 2.825 loading class org/newdawn/slick/command/MouseButtonControl done
Event: 4.096 Executing VM operation: EnableBiasedLocking
Event: 4.096 Executing VM operation: EnableBiasedLocking done
Event: 4.312 Thread 0x00007fd49300a000 DEOPT PACKING pc=0x000000010e10cded sp=0x000000010de1b3f0
Event: 4.312 Thread 0x00007fd49300a000 DEOPT UNPACKING pc=0x000000010de65373 sp=0x000000010de1b178 mode 0
Event: 5.007 loading class java/util/ArrayList$1
Event: 5.007 loading class java/util/ArrayList$1 done
Event: 5.109 Thread 0x00007fd49300a000 DEOPT PACKING pc=0x000000010e0fe323 sp=0x000000010de1b5d0
Event: 5.109 Thread 0x00007fd49300a000 DEOPT UNPACKING pc=0x000000010de65373 sp=0x000000010de1b3a8 mode 0


Dynamic libraries:
0x000000000181b000 	/System/Library/Frameworks/Cocoa.framework/Versions/A/Cocoa
0x000000000181b000 	/System/Library/Frameworks/Security.framework/Versions/A/Security
0x000000000181b000 	/System/Library/Frameworks/ApplicationServices.framework/Versions/A/ApplicationServices
0x000000000181b000 	/usr/lib/libz.1.dylib
0x000000000181b000 	/usr/lib/libSystem.B.dylib
0x000000000181b000 	/usr/lib/libobjc.A.dylib
0x000000000181b000 	/System/Library/Frameworks/CoreFoundation.framework/Versions/A/CoreFoundation
0x000000000181b000 	/System/Library/Frameworks/Foundation.framework/Versions/C/Foundation
0x000000000181b000 	/System/Library/Frameworks/AppKit.framework/Versions/C/AppKit
0x000000000181b000 	/System/Library/Frameworks/CoreData.framework/Versions/A/CoreData
0x000000000181b000 	/System/Library/PrivateFrameworks/RemoteViewServices.framework/Versions/A/RemoteViewServices
0x000000000181b000 	/System/Library/PrivateFrameworks/UIFoundation.framework/Versions/A/UIFoundation
0x000000000181b000 	/System/Library/Frameworks/IOSurface.framework/Versions/A/IOSurface
0x000000000181b000 	/System/Library/Frameworks/AudioToolbox.framework/Versions/A/AudioToolbox
0x000000000181b000 	/System/Library/Frameworks/AudioUnit.framework/Versions/A/AudioUnit
0x000000000181b000 	/System/Library/PrivateFrameworks/DataDetectorsCore.framework/Versions/A/DataDetectorsCore
0x000000000181b000 	/System/Library/PrivateFrameworks/DesktopServicesPriv.framework/Versions/A/DesktopServicesPriv
0x000000000181b000 	/System/Library/Frameworks/Carbon.framework/Versions/A/Frameworks/HIToolbox.framework/Versions/A/HIToolbox
0x000000000181b000 	/System/Library/Frameworks/QuartzCore.framework/Versions/A/QuartzCore
0x000000000181b000 	/System/Library/Frameworks/Carbon.framework/Versions/A/Frameworks/SpeechRecognition.framework/Versions/A/SpeechRecognition
0x000000000181b000 	/usr/lib/libauto.dylib
0x000000000181b000 	/usr/lib/libicucore.A.dylib
0x000000000181b000 	/usr/lib/libxml2.2.dylib
0x000000000181b000 	/System/Library/PrivateFrameworks/CoreUI.framework/Versions/A/CoreUI
0x000000000181b000 	/System/Library/Frameworks/CoreAudio.framework/Versions/A/CoreAudio
0x000000000181b000 	/System/Library/Frameworks/DiskArbitration.framework/Versions/A/DiskArbitration
0x000000000181b000 	/usr/lib/liblangid.dylib
0x000000000181b000 	/System/Library/PrivateFrameworks/MultitouchSupport.framework/Versions/A/MultitouchSupport
0x000000000181b000 	/System/Library/Frameworks/IOKit.framework/Versions/A/IOKit
0x000000000181b000 	/usr/lib/libDiagnosticMessagesClient.dylib
0x000000000181b000 	/System/Library/Frameworks/CoreServices.framework/Versions/A/CoreServices
0x000000000181b000 	/System/Library/PrivateFrameworks/PerformanceAnalysis.framework/Versions/A/PerformanceAnalysis
0x000000000181b000 	/System/Library/PrivateFrameworks/GenerationalStorage.framework/Versions/A/GenerationalStorage
0x000000000181b000 	/System/Library/Frameworks/OpenGL.framework/Versions/A/OpenGL
0x000000000181b000 	/System/Library/PrivateFrameworks/Sharing.framework/Versions/A/Sharing
0x000000000181b000 	/System/Library/Frameworks/CoreGraphics.framework/Versions/A/CoreGraphics
0x000000000181b000 	/System/Library/Frameworks/CoreText.framework/Versions/A/CoreText
0x000000000181b000 	/System/Library/Frameworks/ImageIO.framework/Versions/A/ImageIO
0x000000000181b000 	/usr/lib/libextension.dylib
0x000000000181b000 	/System/Library/PrivateFrameworks/Backup.framework/Versions/A/Backup
0x000000000181b000 	/usr/lib/libarchive.2.dylib
0x000000000181b000 	/System/Library/Frameworks/CFNetwork.framework/Versions/A/CFNetwork
0x000000000181b000 	/System/Library/Frameworks/SystemConfiguration.framework/Versions/A/SystemConfiguration
0x000000000181b000 	/usr/lib/libCRFSuite.dylib
0x000000000181b000 	/usr/lib/libc++.1.dylib
0x000000000181b000 	/usr/lib/libc++abi.dylib
0x000000000181b000 	/usr/lib/system/libcache.dylib
0x000000000181b000 	/usr/lib/system/libcommonCrypto.dylib
0x000000000181b000 	/usr/lib/system/libcompiler_rt.dylib
0x000000000181b000 	/usr/lib/system/libcopyfile.dylib
0x000000000181b000 	/usr/lib/system/libcorecrypto.dylib
0x000000000181b000 	/usr/lib/system/libdispatch.dylib
0x000000000181b000 	/usr/lib/system/libdyld.dylib
0x000000000181b000 	/usr/lib/system/libkeymgr.dylib
0x000000000181b000 	/usr/lib/system/liblaunch.dylib
0x000000000181b000 	/usr/lib/system/libmacho.dylib
0x000000000181b000 	/usr/lib/system/libquarantine.dylib
0x000000000181b000 	/usr/lib/system/libremovefile.dylib
0x000000000181b000 	/usr/lib/system/libsystem_asl.dylib
0x000000000181b000 	/usr/lib/system/libsystem_blocks.dylib
0x000000000181b000 	/usr/lib/system/libsystem_c.dylib
0x000000000181b000 	/usr/lib/system/libsystem_configuration.dylib
0x000000000181b000 	/usr/lib/system/libsystem_coreservices.dylib
0x000000000181b000 	/usr/lib/system/libsystem_coretls.dylib
0x000000000181b000 	/usr/lib/system/libsystem_dnssd.dylib
0x000000000181b000 	/usr/lib/system/libsystem_info.dylib
0x000000000181b000 	/usr/lib/system/libsystem_kernel.dylib
0x000000000181b000 	/usr/lib/system/libsystem_m.dylib
0x000000000181b000 	/usr/lib/system/libsystem_malloc.dylib
0x000000000181b000 	/usr/lib/system/libsystem_network.dylib
0x000000000181b000 	/usr/lib/system/libsystem_networkextension.dylib
0x000000000181b000 	/usr/lib/system/libsystem_notify.dylib
0x000000000181b000 	/usr/lib/system/libsystem_platform.dylib
0x000000000181b000 	/usr/lib/system/libsystem_pthread.dylib
0x000000000181b000 	/usr/lib/system/libsystem_sandbox.dylib
0x000000000181b000 	/usr/lib/system/libsystem_secinit.dylib
0x000000000181b000 	/usr/lib/system/libsystem_stats.dylib
0x000000000181b000 	/usr/lib/system/libsystem_trace.dylib
0x000000000181b000 	/usr/lib/system/libunc.dylib
0x000000000181b000 	/usr/lib/system/libunwind.dylib
0x000000000181b000 	/usr/lib/system/libxpc.dylib
0x000000000181b000 	/usr/lib/libbz2.1.0.dylib
0x000000000181b000 	/usr/lib/liblzma.5.dylib
0x000000000181b000 	/usr/lib/libbsm.0.dylib
0x000000000181b000 	/usr/lib/libsqlite3.dylib
0x000000000181b000 	/usr/lib/system/libkxld.dylib
0x000000000181b000 	/usr/lib/libxar.1.dylib
0x000000000181b000 	/usr/lib/libpam.2.dylib
0x000000000181b000 	/usr/lib/libOpenScriptingUtil.dylib
0x000000000181b000 	/System/Library/Frameworks/CoreServices.framework/Versions/A/Frameworks/FSEvents.framework/Versions/A/FSEvents
0x000000000181b000 	/System/Library/Frameworks/CoreServices.framework/Versions/A/Frameworks/CarbonCore.framework/Versions/A/CarbonCore
0x000000000181b000 	/System/Library/Frameworks/CoreServices.framework/Versions/A/Frameworks/Metadata.framework/Versions/A/Metadata
0x000000000181b000 	/System/Library/Frameworks/CoreServices.framework/Versions/A/Frameworks/OSServices.framework/Versions/A/OSServices
0x000000000181b000 	/System/Library/Frameworks/CoreServices.framework/Versions/A/Frameworks/SearchKit.framework/Versions/A/SearchKit
0x000000000181b000 	/System/Library/Frameworks/CoreServices.framework/Versions/A/Frameworks/AE.framework/Versions/A/AE
0x000000000181b000 	/System/Library/Frameworks/CoreServices.framework/Versions/A/Frameworks/LaunchServices.framework/Versions/A/LaunchServices
0x000000000181b000 	/System/Library/Frameworks/CoreServices.framework/Versions/A/Frameworks/DictionaryServices.framework/Versions/A/DictionaryServices
0x000000000181b000 	/System/Library/Frameworks/NetFS.framework/Versions/A/NetFS
0x000000000181b000 	/System/Library/PrivateFrameworks/NetAuth.framework/Versions/A/NetAuth
0x000000000181b000 	/System/Library/PrivateFrameworks/login.framework/Versions/A/Frameworks/loginsupport.framework/Versions/A/loginsupport
0x000000000181b000 	/System/Library/PrivateFrameworks/TCC.framework/Versions/A/TCC
0x000000000181b000 	/usr/lib/libmecabra.dylib
0x000000000181b000 	/System/Library/PrivateFrameworks/LanguageModeling.framework/Versions/A/LanguageModeling
0x000000000181b000 	/usr/lib/libcmph.dylib
0x000000000181b000 	/usr/lib/libiconv.2.dylib
0x000000000181b000 	/System/Library/Frameworks/OpenDirectory.framework/Versions/A/Frameworks/CFOpenDirectory.framework/Versions/A/CFOpenDirectory
0x000000000181b000 	/System/Library/Frameworks/ServiceManagement.framework/Versions/A/ServiceManagement
0x000000000181b000 	/usr/lib/libxslt.1.dylib
0x000000000181b000 	/System/Library/Frameworks/Carbon.framework/Versions/A/Frameworks/Ink.framework/Versions/A/Ink
0x000000000181b000 	/System/Library/Frameworks/ApplicationServices.framework/Versions/A/Frameworks/ATS.framework/Versions/A/ATS
0x000000000181b000 	/System/Library/Frameworks/ApplicationServices.framework/Versions/A/Frameworks/ColorSync.framework/Versions/A/ColorSync
0x000000000181b000 	/System/Library/Frameworks/ApplicationServices.framework/Versions/A/Frameworks/HIServices.framework/Versions/A/HIServices
0x000000000181b000 	/System/Library/Frameworks/ApplicationServices.framework/Versions/A/Frameworks/LangAnalysis.framework/Versions/A/LangAnalysis
0x000000000181b000 	/System/Library/Frameworks/ApplicationServices.framework/Versions/A/Frameworks/PrintCore.framework/Versions/A/PrintCore
0x000000000181b000 	/System/Library/Frameworks/ApplicationServices.framework/Versions/A/Frameworks/QD.framework/Versions/A/QD
0x000000000181b000 	/System/Library/Frameworks/ApplicationServices.framework/Versions/A/Frameworks/SpeechSynthesis.framework/Versions/A/SpeechSynthesis
0x000000000181b000 	/System/Library/Frameworks/Accelerate.framework/Versions/A/Accelerate
0x000000000181b000 	/System/Library/Frameworks/Accelerate.framework/Versions/A/Frameworks/vImage.framework/Versions/A/vImage
0x000000000181b000 	/System/Library/Frameworks/Accelerate.framework/Versions/A/Frameworks/vecLib.framework/Versions/A/vecLib
0x000000000181b000 	/System/Library/Frameworks/Accelerate.framework/Versions/A/Frameworks/vecLib.framework/Versions/A/libvDSP.dylib
0x000000000181b000 	/System/Library/Frameworks/Accelerate.framework/Versions/A/Frameworks/vecLib.framework/Versions/A/libvMisc.dylib
0x000000000181b000 	/System/Library/Frameworks/Accelerate.framework/Versions/A/Frameworks/vecLib.framework/Versions/A/libLAPACK.dylib
0x000000000181b000 	/System/Library/Frameworks/Accelerate.framework/Versions/A/Frameworks/vecLib.framework/Versions/A/libBLAS.dylib
0x000000000181b000 	/System/Library/Frameworks/Accelerate.framework/Versions/A/Frameworks/vecLib.framework/Versions/A/libLinearAlgebra.dylib
0x000000000181b000 	/System/Library/Frameworks/ApplicationServices.framework/Versions/A/Frameworks/ATS.framework/Versions/A/Resources/libFontParser.dylib
0x000000000181b000 	/System/Library/Frameworks/ApplicationServices.framework/Versions/A/Frameworks/ATS.framework/Versions/A/Resources/libFontRegistry.dylib
0x000000000181b000 	/System/Library/PrivateFrameworks/AppleVPA.framework/Versions/A/AppleVPA
0x000000000181b000 	/System/Library/PrivateFrameworks/AppleJPEG.framework/Versions/A/AppleJPEG
0x000000000181b000 	/System/Library/Frameworks/ImageIO.framework/Versions/A/Resources/libJPEG.dylib
0x000000000181b000 	/System/Library/Frameworks/ImageIO.framework/Versions/A/Resources/libTIFF.dylib
0x000000000181b000 	/System/Library/Frameworks/ImageIO.framework/Versions/A/Resources/libPng.dylib
0x000000000181b000 	/System/Library/Frameworks/ImageIO.framework/Versions/A/Resources/libGIF.dylib
0x000000000181b000 	/System/Library/Frameworks/ImageIO.framework/Versions/A/Resources/libJP2.dylib
0x000000000181b000 	/System/Library/Frameworks/ImageIO.framework/Versions/A/Resources/libRadiance.dylib
0x000000000181b000 	/System/Library/Frameworks/CoreVideo.framework/Versions/A/CoreVideo
0x000000000181b000 	/System/Library/Frameworks/OpenGL.framework/Versions/A/Libraries/libGLU.dylib
0x000000000181b000 	/System/Library/Frameworks/OpenGL.framework/Versions/A/Libraries/libGFXShared.dylib
0x000000000181b000 	/System/Library/Frameworks/OpenGL.framework/Versions/A/Libraries/libGL.dylib
0x000000000181b000 	/System/Library/Frameworks/OpenGL.framework/Versions/A/Libraries/libGLImage.dylib
0x000000000181b000 	/System/Library/Frameworks/OpenGL.framework/Versions/A/Libraries/libCVMSPluginSupport.dylib
0x000000000181b000 	/System/Library/Frameworks/OpenGL.framework/Versions/A/Libraries/libCoreVMClient.dylib
0x000000000181b000 	/usr/lib/libcups.2.dylib
0x000000000181b000 	/System/Library/Frameworks/Kerberos.framework/Versions/A/Kerberos
0x000000000181b000 	/System/Library/Frameworks/GSS.framework/Versions/A/GSS
0x000000000181b000 	/usr/lib/libresolv.9.dylib
0x000000000181b000 	/System/Library/PrivateFrameworks/Heimdal.framework/Versions/A/Heimdal
0x000000000181b000 	/usr/lib/libheimdal-asn1.dylib
0x000000000181b000 	/System/Library/Frameworks/OpenDirectory.framework/Versions/A/OpenDirectory
0x000000000181b000 	/System/Library/PrivateFrameworks/CommonAuth.framework/Versions/A/CommonAuth
0x000000000181b000 	/System/Library/Frameworks/SecurityFoundation.framework/Versions/A/SecurityFoundation
0x000000000181b000 	/System/Library/Frameworks/QuartzCore.framework/Versions/A/Frameworks/CoreImage.framework/Versions/A/CoreImage
0x000000000181b000 	/System/Library/PrivateFrameworks/CrashReporterSupport.framework/Versions/A/CrashReporterSupport
0x000000000181b000 	/System/Library/Frameworks/OpenCL.framework/Versions/A/OpenCL
0x000000000181b000 	/System/Library/PrivateFrameworks/FaceCore.framework/Versions/A/FaceCore
0x000000000181b000 	/System/Library/PrivateFrameworks/Ubiquity.framework/Versions/A/Ubiquity
0x000000000181b000 	/System/Library/PrivateFrameworks/IconServices.framework/Versions/A/IconServices
0x000000000181b000 	/System/Library/PrivateFrameworks/ChunkingLibrary.framework/Versions/A/ChunkingLibrary
0x000000000181b000 	/System/Library/PrivateFrameworks/Apple80211.framework/Versions/A/Apple80211
0x000000000181b000 	/System/Library/Frameworks/CoreWLAN.framework/Versions/A/CoreWLAN
0x000000000181b000 	/System/Library/Frameworks/IOBluetooth.framework/Versions/A/IOBluetooth
0x000000000181b000 	/System/Library/PrivateFrameworks/CoreWiFi.framework/Versions/A/CoreWiFi
0x000000000181b000 	/System/Library/Frameworks/CoreBluetooth.framework/Versions/A/CoreBluetooth
0x000000000181b000 	/System/Library/PrivateFrameworks/DebugSymbols.framework/Versions/A/DebugSymbols
0x000000000181b000 	/System/Library/PrivateFrameworks/CoreSymbolication.framework/Versions/A/CoreSymbolication
0x000000000181b000 	/System/Library/PrivateFrameworks/Symbolication.framework/Versions/A/Symbolication
0x000000000181b000 	/System/Library/PrivateFrameworks/SpeechRecognitionCore.framework/Versions/A/SpeechRecognitionCore
0x000000010ce00000 	/Library/Java/JavaVirtualMachines/jdk1.8.0_20.jdk/Contents/Home/jre/lib/server/libjvm.dylib
0x000000000181b000 	/usr/lib/libstdc++.6.dylib
0x000000010c59b000 	/Library/Java/JavaVirtualMachines/jdk1.8.0_20.jdk/Contents/Home/jre/lib/libverify.dylib
0x000000010c5a9000 	/Library/Java/JavaVirtualMachines/jdk1.8.0_20.jdk/Contents/Home/jre/lib/libjava.dylib
0x000000010c5e7000 	/Library/Java/JavaVirtualMachines/jdk1.8.0_20.jdk/Contents/Home/jre/lib/libzip.dylib
0x0000000123e92000 	/System/Library/Frameworks/JavaVM.framework/Frameworks/JavaRuntimeSupport.framework/JavaRuntimeSupport
0x0000000123ea8000 	/System/Library/Frameworks/JavaVM.framework/Versions/A/Frameworks/JavaNativeFoundation.framework/Versions/A/JavaNativeFoundation
0x000000010c5f1000 	/System/Library/Frameworks/JavaVM.framework/Versions/A/JavaVM
0x000000000181b000 	/System/Library/Frameworks/Carbon.framework/Versions/A/Carbon
0x0000000123ebc000 	/System/Library/PrivateFrameworks/JavaLaunching.framework/Versions/A/JavaLaunching
0x000000000181b000 	/System/Library/Frameworks/Carbon.framework/Versions/A/Frameworks/CommonPanels.framework/Versions/A/CommonPanels
0x000000000181b000 	/System/Library/Frameworks/Carbon.framework/Versions/A/Frameworks/Help.framework/Versions/A/Help
0x000000000181b000 	/System/Library/Frameworks/Carbon.framework/Versions/A/Frameworks/ImageCapture.framework/Versions/A/ImageCapture
0x000000000181b000 	/System/Library/Frameworks/Carbon.framework/Versions/A/Frameworks/OpenScripting.framework/Versions/A/OpenScripting
0x000000000181b000 	/System/Library/Frameworks/Carbon.framework/Versions/A/Frameworks/Print.framework/Versions/A/Print
0x000000000181b000 	/System/Library/Frameworks/Carbon.framework/Versions/A/Frameworks/SecurityHI.framework/Versions/A/SecurityHI
0x0000000125cfc000 	/Library/Java/JavaVirtualMachines/jdk1.8.0_20.jdk/Contents/Home/jre/lib/libawt.dylib
0x0000000125dab000 	/Library/Java/JavaVirtualMachines/jdk1.8.0_20.jdk/Contents/Home/jre/lib/./libmlib_image.dylib
0x0000000125e77000 	/Library/Java/JavaVirtualMachines/jdk1.8.0_20.jdk/Contents/Home/jre/lib/libawt_lwawt.dylib
0x0000000125f2a000 	/Library/Java/JavaVirtualMachines/jdk1.8.0_20.jdk/Contents/Home/jre/lib/./libosxapp.dylib
0x000000000181b000 	/System/Library/Frameworks/ExceptionHandling.framework/Versions/A/ExceptionHandling
0x000000000181b000 	/System/Library/PrivateFrameworks/CoreServicesInternal.framework/Versions/A/CoreServicesInternal
0x000000000181b000 	/System/Library/PrivateFrameworks/CloudDocs.framework/Versions/A/CloudDocs
0x000000000181b000 	/System/Library/PrivateFrameworks/CoreDuet.framework/Versions/A/CoreDuet
0x000000000181b000 	/System/Library/Frameworks/CloudKit.framework/Versions/A/CloudKit
0x000000000181b000 	/System/Library/PrivateFrameworks/ProtocolBuffer.framework/Versions/A/ProtocolBuffer
0x000000000181b000 	/System/Library/PrivateFrameworks/CoreDuetDaemonProtocol.framework/Versions/A/CoreDuetDaemonProtocol
0x000000000181b000 	/System/Library/PrivateFrameworks/CoreDuetDebugLogging.framework/Versions/A/CoreDuetDebugLogging
0x000000000181b000 	/System/Library/Frameworks/CoreLocation.framework/Versions/A/CoreLocation
0x000000000181b000 	/System/Library/Frameworks/Accounts.framework/Versions/A/Accounts
0x000000000181b000 	/System/Library/PrivateFrameworks/ApplePushService.framework/Versions/A/ApplePushService
0x000000000181b000 	/System/Library/PrivateFrameworks/GeoServices.framework/Versions/A/GeoServices
0x000000000181b000 	/System/Library/PrivateFrameworks/OAuth.framework/Versions/A/OAuth
0x000000000181b000 	/System/Library/PrivateFrameworks/CoreDaemon.framework/Versions/B/CoreDaemon
0x000000000181b000 	/usr/lib/libcrypto.0.9.8.dylib
0x000000000181b000 	/System/Library/PrivateFrameworks/AppleSRP.framework/Versions/A/AppleSRP
0x000000000181b000 	/System/Library/PrivateFrameworks/TrustEvaluationAgent.framework/Versions/A/TrustEvaluationAgent
0x000000000181b000 	/System/Library/Frameworks/CoreGraphics.framework/Versions/A/Resources/libCGCMS.A.dylib
0x000000000181b000 	/System/Library/Frameworks/CoreGraphics.framework/Versions/A/Resources/libRIP.A.dylib
0x000000000181b000 	/System/Library/Frameworks/CoreGraphics.framework/Versions/A/Resources/libCGXType.A.dylib
0x000000000181b000 	/System/Library/Frameworks/OpenCL.framework/Versions/A/Libraries/libcldcpuengine.dylib
0x000000000181b000 	/System/Library/PrivateFrameworks/DiskImages.framework/Versions/A/DiskImages
0x000000000181b000 	/System/Library/Frameworks/DiscRecording.framework/Versions/A/DiscRecording
0x000000000181b000 	/usr/lib/libcsfde.dylib
0x000000000181b000 	/usr/lib/libcurl.4.dylib
0x000000000181b000 	/System/Library/PrivateFrameworks/MediaKit.framework/Versions/A/MediaKit
0x000000000181b000 	/System/Library/PrivateFrameworks/ProtectedCloudStorage.framework/Versions/A/ProtectedCloudStorage
0x000000000181b000 	/usr/lib/libCoreStorage.dylib
0x000000000181b000 	/System/Library/PrivateFrameworks/EFILogin.framework/Versions/A/EFILogin
0x000000000181b000 	/usr/lib/libutil.dylib
0x000000000181b000 	/System/Library/PrivateFrameworks/FindMyDevice.framework/Versions/A/FindMyDevice
0x000000000181b000 	/System/Library/Frameworks/LDAP.framework/Versions/A/LDAP
0x000000000181b000 	/usr/lib/libsasl2.2.dylib
0x0000000128cea000 	cl_kernels
0x0000000128cec000 	/System/Library/Frameworks/OpenCL.framework/Versions/A/Libraries/ImageFormats/unorm8_bgra.dylib
0x0000000128cdb000 	cl_kernels
0x000000000181b000 	/System/Library/PrivateFrameworks/FamilyControls.framework/Versions/A/FamilyControls
0x000000000181b000 	/System/Library/PrivateFrameworks/CommerceKit.framework/Versions/A/Frameworks/CommerceCore.framework/Versions/A/CommerceCore
0x000000000181b000 	/System/Library/PrivateFrameworks/SystemAdministration.framework/Versions/A/SystemAdministration
0x000000000181b000 	/System/Library/PrivateFrameworks/AppContainer.framework/Versions/A/AppContainer
0x000000000181b000 	/System/Library/PrivateFrameworks/SecCodeWrapper.framework/Versions/A/SecCodeWrapper
0x000000000181b000 	/System/Library/Frameworks/DirectoryService.framework/Versions/A/DirectoryService
0x000000000181b000 	/System/Library/PrivateFrameworks/LoginUIKit.framework/Versions/A/Frameworks/LoginUICore.framework/Versions/A/LoginUICore
0x000000000181b000 	/usr/lib/libodfde.dylib
0x0000000129eb2000 	/Library/Java/JavaVirtualMachines/jdk1.8.0_20.jdk/Contents/Home/jre/lib/libfontmanager.dylib
0x0000000129f18000 	/Users/mick/Documents/workspace/lwjgl-2.9.1/native/macosx/liblwjgl.jnilib
0x000000012821c000 	/Library/Java/JavaVirtualMachines/jdk1.8.0_20.jdk/Contents/Home/jre/lib/libjawt.dylib
0x000000000181b000 	/System/Library/Frameworks/OpenGL.framework/Versions/A/Resources/GLEngine.bundle/GLEngine
0x000000000181b000 	/System/Library/Frameworks/OpenGL.framework/Versions/A/Libraries/libGLProgrammability.dylib
0x0000000000000000 	/System/Library/Extensions/AppleIntelHD4000GraphicsGLDriver.bundle/Contents/MacOS/AppleIntelHD4000GraphicsGLDriver
0x000000000181b000 	/System/Library/PrivateFrameworks/IOAccelerator.framework/Versions/A/IOAccelerator
0x000000000181b000 	/System/Library/PrivateFrameworks/GPUSupport.framework/Versions/A/Libraries/libGPUSupportMercury.dylib
0x000000000181b000 	/System/Library/Frameworks/OpenGL.framework/Versions/A/Resources/GLRendererFloat.bundle/GLRendererFloat
0x000000012a6c9000 	/Users/mick/Documents/workspace/lwjgl-2.9.1/native/macosx/libjinput-osx.jnilib
0x000000012a6ce000 	/System/Library/Extensions/IOHIDFamily.kext/Contents/PlugIns/IOHIDLib.plugin/Contents/MacOS/IOHIDLib

VM Arguments:
jvm_args: -Djava.library.path=/Users/mick/Documents/workspace/lwjgl-2.9.1/native/macosx:/Users/mick/Documents/workspace/lwjgl-2.9.1/native/macosx:/Users/mick/Documents/workspace/lwjgl-2.9.1/native/macosx -Dfile.encoding=UTF-8 
java_command: main.Game
java_class_path (initial): /Users/mick/Documents/workspace/pow2r/bin:/Users/mick/Documents/workspace/slick/lib/slick.jar:/Users/mick/Documents/workspace/lwjgl-2.9.1/jar/jinput.jar:/Users/mick/Documents/workspace/lwjgl-2.9.1/jar/lwjgl_util.jar:/Users/mick/Documents/workspace/lwjgl-2.9.1/jar/lwjgl.jar
Launcher Type: SUN_STANDARD

Environment Variables:
PATH=/usr/bin:/bin:/usr/sbin:/sbin
SHELL=/bin/bash
DISPLAY=/private/tmp/com.apple.launchd.GPHRQvMDau/org.macosforge.xquartz:0

Signal Handlers:
SIGSEGV: [libjvm.dylib+0x578fd7], sa_mask[0]=11111111011111110111111111111111, sa_flags=SA_ONSTACK|SA_RESTART|SA_SIGINFO
SIGBUS: [libjvm.dylib+0x578fd7], sa_mask[0]=11111111011111110111111111111111, sa_flags=SA_RESTART|SA_SIGINFO
SIGFPE: [libjvm.dylib+0x45ab0c], sa_mask[0]=11111111011111110111111111111111, sa_flags=SA_RESTART|SA_SIGINFO
SIGPIPE: [libjvm.dylib+0x45ab0c], sa_mask[0]=11111111011111110111111111111111, sa_flags=SA_RESTART|SA_SIGINFO
SIGXFSZ: [libjvm.dylib+0x45ab0c], sa_mask[0]=11111111011111110111111111111111, sa_flags=SA_RESTART|SA_SIGINFO
SIGILL: [libjvm.dylib+0x45ab0c], sa_mask[0]=11111111011111110111111111111111, sa_flags=SA_RESTART|SA_SIGINFO
SIGUSR1: SIG_DFL, sa_mask[0]=00000000000000000000000000000000, sa_flags=none
SIGUSR2: [libjvm.dylib+0x45a62a], sa_mask[0]=00100000000000000000000000000000, sa_flags=SA_RESTART|SA_SIGINFO
SIGHUP: [libjvm.dylib+0x458bfd], sa_mask[0]=11111111011111110111111111111111, sa_flags=SA_RESTART|SA_SIGINFO
SIGINT: [libjvm.dylib+0x458bfd], sa_mask[0]=11111111011111110111111111111111, sa_flags=SA_RESTART|SA_SIGINFO
SIGTERM: [libjvm.dylib+0x458bfd], sa_mask[0]=11111111011111110111111111111111, sa_flags=SA_RESTART|SA_SIGINFO
SIGQUIT: [libjvm.dylib+0x458bfd], sa_mask[0]=11111111011111110111111111111111, sa_flags=SA_RESTART|SA_SIGINFO


---------------  S Y S T E M  ---------------

OS:Bsduname:Darwin 14.0.0 Darwin Kernel Version 14.0.0: Fri Sep 19 00:26:44 PDT 2014; root:xnu-2782.1.97~2/RELEASE_X86_64 x86_64
rlimit: STACK 8192k, CORE 0k, NPROC 709, NOFILE 10240, AS infinity
load average:1.36 1.38 1.34

CPU:total 4 (2 cores per cpu, 2 threads per core) family 6 model 58 stepping 9, cmov, cx8, fxsr, mmx, sse, sse2, sse3, ssse3, sse4.1, sse4.2, popcnt, avx, aes, clmul, erms, ht, tsc, tscinvbit, tscinv

Memory: 4k page, physical 8388608k(1818708k free)

/proc/meminfo:


vm_info: Java HotSpot(TM) 64-Bit Server VM (25.20-b23) for bsd-amd64 JRE (1.8.0_20-b26), built on Jul 30 2014 13:37:47 by "java_re" with gcc 4.2.1 (Based on Apple Inc. build 5658) (LLVM build 2336.9.00)

time: Sat Feb 28 15:32:17 2015
elapsed time: 16 seconds (0d 0h 0m 16s)

