#
# A fatal error has been detected by the Java Runtime Environment:
#
#  SIGSEGV (0xb) at pc=0x00007fff90d900dd, pid=10294, tid=1811
#
# JRE version: Java(TM) SE Runtime Environment (8.0_20-b26) (build 1.8.0_20-b26)
# Java VM: Java HotSpot(TM) 64-Bit Server VM (25.20-b23 mixed mode bsd-amd64 compressed oops)
# Problematic frame:
# C  [libobjc.A.dylib+0x10dd]  objc_msgSend+0x1d
#
# Failed to write core dump. Core dumps have been disabled. To enable core dumping, try "ulimit -c unlimited" before starting Java again
#
# If you would like to submit a bug report, please visit:
#   http://bugreport.sun.com/bugreport/crash.jsp
# The crash happened outside the Java Virtual Machine in native code.
# See problematic frame for where to report the bug.
#

---------------  T H R E A D  ---------------

Current thread (0x00007fe05106d000):  JavaThread "AppKit Thread" daemon [_thread_in_native, id=1811, stack(0x00007fff590b0000,0x00007fff598b0000)]

siginfo: si_signo: 11 (SIGSEGV), si_code: 1 (SEGV_MAPERR), si_addr: 0x0000000000000018

Registers:
RAX=0x00007fe0506ab9e0, RBX=0x00007fff598ab7c8, RCX=0x0000000000000000, RDX=0x00007fe05042a940
RSP=0x00007fff598ab5e8, RBP=0x00007fff598ab5f0, RSI=0x00007fff8ba392b4, RDI=0x00007fe0506ab9e0
R8 =0x00007fff598ab5d0, R9 =0x0000000000000055, R10=0x00007fff8ba392b4, R11=0x0000000000000000
R12=0x00007fe0506225b0, R13=0x00000000000f42ea, R14=0x00007fe0506d9fc0, R15=0x00007fff598ab728
RIP=0x00007fff90d900dd, EFLAGS=0x0000000000010246, ERR=0x0000000000000004
  TRAPNO=0x000000000000000e

Top of Stack: (sp=0x00007fff598ab5e8)
0x00007fff598ab5e8:   00007fff89a39cdc 00007fff598ab950
0x00007fff598ab5f8:   00007fff8992b244 00007fff598ab67c
0x00007fff598ab608:   00007fff598ab680 00007fff598ab684
0x00007fff598ab618:   00007fff727acc88 ffffffffffffffff
0x00007fff598ab628:   00000000000007f8 00007fff727acca0
0x00007fff598ab638:   00007fe0506d9fc0 0000000000000000
0x00007fff598ab648:   00007fff598ab720 0000000000000000
0x00007fff598ab658:   00007fe050463500 00007fff598ab7a0
0x00007fff598ab668:   0000000000000055 00000000000f42ec
0x00007fff598ab678:   00007fe05042a940 00007fe050462f30
0x00007fff598ab688:   00007fe0506225b0 0000000000000001
0x00007fff598ab698:   00000000000f42ea 00007fe0506225a0
0x00007fff598ab6a8:   00007fff8594b7ba 00000001506a6e50
0x00007fff598ab6b8:   00007fff7219a0d0 0000000042000000
0x00007fff598ab6c8:   00007fff85953e13 00007fff727771d0
0x00007fff598ab6d8:   00007fff598ab7a8 0000000000000000
0x00007fff598ab6e8:   00007fff743198c8 0000000000000000
0x00007fff598ab6f8:   0000000000000007 0005650300000001
0x00007fff598ab708:   00007fe0506225d4 0000000000000000
0x00007fff598ab718:   00000000003e0e01 00007fe050463580
0x00007fff598ab728:   00007fe0506d9fc0 0000000000000000
0x00007fff598ab738:   00007fff8ba7134c 00007fff598ab7e0
0x00007fff598ab748:   00007fff86fb0513 00007fff598ab7c4
0x00007fff598ab758:   00000000003e0f01 00000000ffffffff
0x00007fff598ab768:   00007fff743198c8 00000000003e0f00
0x00007fff598ab778:   00007fff00000000 00007fff598ab870
0x00007fff598ab788:   00007fff89433edc 00007fff743198e8
0x00007fff598ab798:   00007fff8ba7134c 0000000000000051
0x00007fff598ab7a8:   0000000000000000 00000000000f42e1
0x00007fff598ab7b8:   0000000000000053 0000000000000000
0x00007fff598ab7c8:   00000000000f42ea 00007fff598ab844
0x00007fff598ab7d8:   00000000003e1901 00000000ffffffff 

Instructions: (pc=0x00007fff90d900dd)
0x00007fff90d900bd:   00 00 00 48 85 ff 2e 74 7a 40 f6 c7 01 2e 75 7e
0x00007fff90d900cd:   49 bb f8 ff ff ff ff 7f 00 00 4c 23 1f 49 89 f2
0x00007fff90d900dd:   45 23 53 18 49 c1 e2 04 4d 03 53 10 49 3b 32 75
0x00007fff90d900ed:   04 41 ff 62 08 49 83 3a 00 74 6a 4d 3b 53 10 74 

Register to memory mapping:

RAX=0x00007fe0506ab9e0 is an unknown value
RBX=0x00007fff598ab7c8 is pointing into the stack for thread: 0x00007fe05106d000
RCX=0x0000000000000000 is an unknown value
RDX=0x00007fe05042a940 is an unknown value
RSP=0x00007fff598ab5e8 is pointing into the stack for thread: 0x00007fe05106d000
RBP=0x00007fff598ab5f0 is pointing into the stack for thread: 0x00007fe05106d000
RSI=0x00007fff8ba392b4: -[NSTitlebarContainerView shouldRoundCorners]+0x5ced6 in /System/Library/Frameworks/AppKit.framework/Versions/C/AppKit at 0x00007fff8b068000
RDI=0x00007fe0506ab9e0 is an unknown value
R8 =0x00007fff598ab5d0 is pointing into the stack for thread: 0x00007fe05106d000
R9 =0x0000000000000055 is an unknown value
R10=0x00007fff8ba392b4: -[NSTitlebarContainerView shouldRoundCorners]+0x5ced6 in /System/Library/Frameworks/AppKit.framework/Versions/C/AppKit at 0x00007fff8b068000
R11=0x0000000000000000 is an unknown value
R12=0x00007fe0506225b0 is an unknown value
R13=0x00000000000f42ea is an unknown value
R14=0x00007fe0506d9fc0 is an unknown value
R15=0x00007fff598ab728 is pointing into the stack for thread: 0x00007fe05106d000


Stack: [0x00007fff590b0000,0x00007fff598b0000],  sp=0x00007fff598ab5e8,  free space=8173k
Native frames: (J=compiled Java code, j=interpreted, Vv=VM code, C=native code)
C  [libobjc.A.dylib+0x10dd]  objc_msgSend+0x1d
C  [CoreFoundation+0x10244]  _CFXNotificationPost+0xc44
C  [Foundation+0x2c31]  -[NSNotificationCenter postNotificationName:object:userInfo:]+0x42
C  [AppKit+0xdd776]  -[NSSurface _disposeSurface]+0x98
C  [AppKit+0xdd1da]  -[NSSurface setWindow:]+0x42
C  [AppKit+0x3b9ef]  -[NSView _setWindow:]+0xa22
C  [AppKit+0x3cc22]  -[NSView removeFromSuperview]+0x1c5
C  [AppKit+0x9140a]  -[NSView removeFromSuperviewWithoutNeedingDisplay]+0x26
C  [liblwjgl.jnilib+0x9c3e]  +[MacOSXKeyableWindow destroyWindow]+0xde
C  [Foundation+0x65cdc]  __NSThreadPerformPerform+0x125
C  [CoreFoundation+0x80681]  __CFRUNLOOP_IS_CALLING_OUT_TO_A_SOURCE0_PERFORM_FUNCTION__+0x11
C  [CoreFoundation+0x7280d]  __CFRunLoopDoSources0+0x10d
C  [CoreFoundation+0x71e3f]  __CFRunLoopRun+0x39f
C  [CoreFoundation+0x71858]  CFRunLoopRunSpecific+0x128
C  [HIToolbox+0x2eaef]  RunCurrentEventLoopInMode+0xeb
C  [HIToolbox+0x2e76e]  ReceiveNextEventCommon+0xb3
C  [HIToolbox+0x2e6ab]  _BlockUntilNextEventMatchingListInModeWithFilter+0x47
C  [AppKit+0x23f81]  _DPSNextEvent+0x3c4
C  [AppKit+0x23730]  -[NSApplication nextEventMatchingMask:untilDate:inMode:dequeue:]+0xc2
C  [libosxapp.dylib+0x242a]  -[NSApplicationAWT nextEventMatchingMask:untilDate:inMode:dequeue:]+0x7c
C  [AppKit+0x17593]  -[NSApplication run]+0x252
C  [libosxapp.dylib+0x223e]  +[NSApplicationAWT runAWTLoopWithApp:]+0x9c
C  [libawt_lwawt.dylib+0x4494f]  -[AWTStarter starter:]+0x389
C  [Foundation+0x65cdc]  __NSThreadPerformPerform+0x125
C  [CoreFoundation+0x80681]  __CFRUNLOOP_IS_CALLING_OUT_TO_A_SOURCE0_PERFORM_FUNCTION__+0x11
C  [CoreFoundation+0x7280d]  __CFRunLoopDoSources0+0x10d
C  [CoreFoundation+0x71e3f]  __CFRunLoopRun+0x39f
C  [CoreFoundation+0x71858]  CFRunLoopRunSpecific+0x128
C  [java+0x56cc]  CreateExecutionEnvironment+0x367
C  [java+0x165c]  JLI_Launch+0x7a0
C  [java+0x768a]  main+0x65
C  [java+0xeb4]  start+0x34
C  0x0000000000000006


---------------  P R O C E S S  ---------------

Java Threads: ( => current thread )
  0x00007fe051256800 JavaThread "AWT-Shutdown" [_thread_blocked, id=22127, stack(0x000000011dd93000,0x000000011de93000)]
=>0x00007fe05106d000 JavaThread "AppKit Thread" daemon [_thread_in_native, id=1811, stack(0x00007fff590b0000,0x00007fff598b0000)]
  0x00007fe051041800 JavaThread "Service Thread" daemon [_thread_blocked, id=18179, stack(0x000000011f9a9000,0x000000011faa9000)]
  0x00007fe051018800 JavaThread "C1 CompilerThread2" daemon [_thread_blocked, id=17667, stack(0x000000011f8a6000,0x000000011f9a6000)]
  0x00007fe050865800 JavaThread "C2 CompilerThread1" daemon [_thread_blocked, id=17155, stack(0x000000011f7a3000,0x000000011f8a3000)]
  0x00007fe051800000 JavaThread "C2 CompilerThread0" daemon [_thread_blocked, id=16643, stack(0x000000011f6a0000,0x000000011f7a0000)]
  0x00007fe051018000 JavaThread "Signal Dispatcher" daemon [_thread_blocked, id=13335, stack(0x000000011f59d000,0x000000011f69d000)]
  0x00007fe05100b000 JavaThread "Finalizer" daemon [_thread_blocked, id=11523, stack(0x000000011dc65000,0x000000011dd65000)]
  0x00007fe05100a000 JavaThread "Reference Handler" daemon [_thread_blocked, id=11011, stack(0x000000011db62000,0x000000011dc62000)]
  0x00007fe05080b800 JavaThread "main" [_thread_in_native, id=4867, stack(0x0000000106466000,0x0000000106566000)]

Other Threads:
  0x00007fe051005800 VMThread [stack: 0x000000011da5f000,0x000000011db5f000] [id=10499]
  0x00007fe051001800 WatcherThread [stack: 0x000000011faac000,0x000000011fbac000] [id=18691]

VM state:not at safepoint (normal execution)

VM Mutex/Monitor currently owned by a thread: None

Heap:
 PSYoungGen      total 26624K, used 2080K [0x0000000795580000, 0x0000000797300000, 0x00000007c0000000)
  eden space 24064K, 7% used [0x0000000795580000,0x0000000795760328,0x0000000796d00000)
  from space 2560K, 6% used [0x0000000797080000,0x00000007970a8000,0x0000000797300000)
  to   space 3072K, 0% used [0x0000000796d00000,0x0000000796d00000,0x0000000797000000)
 ParOldGen       total 87552K, used 3511K [0x0000000740000000, 0x0000000745580000, 0x0000000795580000)
  object space 87552K, 4% used [0x0000000740000000,0x000000074036ddb8,0x0000000745580000)
 Metaspace       used 8812K, capacity 8961K, committed 9216K, reserved 1056768K
  class space    used 887K, capacity 919K, committed 1024K, reserved 1048576K

Card table byte_map: [0x00000001170db000,0x00000001174dc000] byte_map_base: 0x00000001136db000

Marking Bits: (ParMarkBitMap*) 0x000000010769c330
 Begin Bits: [0x0000000117b93000, 0x0000000119b93000)
 End Bits:   [0x0000000119b93000, 0x000000011bb93000)

Polling page: 0x00000001065aa000

CodeCache: size=245760Kb used=4956Kb max_used=4956Kb free=240803Kb
 bounds [0x0000000107d1b000, 0x00000001081fb000, 0x0000000116d1b000]
 total_blobs=1785 nmethods=1373 adapters=327
 compilation: enabled

Compilation events (10 events):
Event: 50.473 Thread 0x00007fe050865800 1378       4       java.util.ArrayList::grow (45 bytes)
Event: 50.475 Thread 0x00007fe050865800 nmethod 1378 0x00000001081f4450 code [0x00000001081f45a0, 0x00000001081f4808]
Event: 52.845 Thread 0x00007fe051800000 1379       4       org.newdawn.slick.util.FastTrig::cos (9 bytes)
Event: 52.846 Thread 0x00007fe051800000 nmethod 1379 0x0000000107e519d0 code [0x0000000107e51b60, 0x0000000107e51c78]
Event: 53.523 Thread 0x00007fe051018800 1380       3       org.newdawn.slick.geom.Ellipse::createPoints (293 bytes)
Event: 53.525 Thread 0x00007fe051018800 nmethod 1380 0x0000000107e42690 code [0x0000000107e42aa0, 0x0000000107e45458]
Event: 56.303 Thread 0x00007fe051018800 1381       3       org.newdawn.slick.BasicGame::isAcceptingInput (2 bytes)
Event: 56.303 Thread 0x00007fe051018800 nmethod 1381 0x0000000107e42350 code [0x0000000107e424a0, 0x0000000107e425f0]
Event: 56.993 Thread 0x00007fe051018800 1382       3       org.lwjgl.opengl.MacOSXNativeMouse::putMouseEventWithCoords (58 bytes)
Event: 56.993 Thread 0x00007fe051018800 nmethod 1382 0x00000001081f7b90 code [0x00000001081f7d80, 0x00000001081f8628]

GC Heap History (10 events):
Event: 50.304 GC heap before
{Heap before GC invocations=22 (full 0):
 PSYoungGen      total 25088K, used 24800K [0x0000000795580000, 0x0000000797580000, 0x00000007c0000000)
  eden space 24576K, 100% used [0x0000000795580000,0x0000000796d80000,0x0000000796d80000)
  from space 512K, 43% used [0x0000000796e00000,0x0000000796e38000,0x0000000796e80000)
  to   space 4096K, 0% used [0x0000000797180000,0x0000000797180000,0x0000000797580000)
 ParOldGen       total 87552K, used 3503K [0x0000000740000000, 0x0000000745580000, 0x0000000795580000)
  object space 87552K, 4% used [0x0000000740000000,0x000000074036bdb8,0x0000000745580000)
 Metaspace       used 8803K, capacity 8961K, committed 9216K, reserved 1056768K
  class space    used 886K, capacity 919K, committed 1024K, reserved 1048576K
Event: 50.305 GC heap after
Heap after GC invocations=22 (full 0):
 PSYoungGen      total 27648K, used 192K [0x0000000795580000, 0x0000000797500000, 0x00000007c0000000)
  eden space 24064K, 0% used [0x0000000795580000,0x0000000795580000,0x0000000796d00000)
  from space 3584K, 5% used [0x0000000797180000,0x00000007971b0000,0x0000000797500000)
  to   space 4096K, 0% used [0x0000000796d00000,0x0000000796d00000,0x0000000797100000)
 ParOldGen       total 87552K, used 3503K [0x0000000740000000, 0x0000000745580000, 0x0000000795580000)
  object space 87552K, 4% used [0x0000000740000000,0x000000074036bdb8,0x0000000745580000)
 Metaspace       used 8803K, capacity 8961K, committed 9216K, reserved 1056768K
  class space    used 886K, capacity 919K, committed 1024K, reserved 1048576K
}
Event: 51.997 GC heap before
{Heap before GC invocations=23 (full 0):
 PSYoungGen      total 27648K, used 24256K [0x0000000795580000, 0x0000000797500000, 0x00000007c0000000)
  eden space 24064K, 100% used [0x0000000795580000,0x0000000796d00000,0x0000000796d00000)
  from space 3584K, 5% used [0x0000000797180000,0x00000007971b0000,0x0000000797500000)
  to   space 4096K, 0% used [0x0000000796d00000,0x0000000796d00000,0x0000000797100000)
 ParOldGen       total 87552K, used 3503K [0x0000000740000000, 0x0000000745580000, 0x0000000795580000)
  object space 87552K, 4% used [0x0000000740000000,0x000000074036bdb8,0x0000000745580000)
 Metaspace       used 8803K, capacity 8961K, committed 9216K, reserved 1056768K
  class space    used 886K, capacity 919K, committed 1024K, reserved 1048576K
Event: 51.998 GC heap after
Heap after GC invocations=23 (full 0):
 PSYoungGen      total 24576K, used 192K [0x0000000795580000, 0x0000000797400000, 0x00000007c0000000)
  eden space 24064K, 0% used [0x0000000795580000,0x0000000795580000,0x0000000796d00000)
  from space 512K, 37% used [0x0000000796d00000,0x0000000796d30000,0x0000000796d80000)
  to   space 3584K, 0% used [0x0000000797080000,0x0000000797080000,0x0000000797400000)
 ParOldGen       total 87552K, used 3503K [0x0000000740000000, 0x0000000745580000, 0x0000000795580000)
  object space 87552K, 4% used [0x0000000740000000,0x000000074036bdb8,0x0000000745580000)
 Metaspace       used 8803K, capacity 8961K, committed 9216K, reserved 1056768K
  class space    used 886K, capacity 919K, committed 1024K, reserved 1048576K
}
Event: 53.683 GC heap before
{Heap before GC invocations=24 (full 0):
 PSYoungGen      total 24576K, used 24256K [0x0000000795580000, 0x0000000797400000, 0x00000007c0000000)
  eden space 24064K, 100% used [0x0000000795580000,0x0000000796d00000,0x0000000796d00000)
  from space 512K, 37% used [0x0000000796d00000,0x0000000796d30000,0x0000000796d80000)
  to   space 3584K, 0% used [0x0000000797080000,0x0000000797080000,0x0000000797400000)
 ParOldGen       total 87552K, used 3503K [0x0000000740000000, 0x0000000745580000, 0x0000000795580000)
  object space 87552K, 4% used [0x0000000740000000,0x000000074036bdb8,0x0000000745580000)
 Metaspace       used 8804K, capacity 8961K, committed 9216K, reserved 1056768K
  class space    used 886K, capacity 919K, committed 1024K, reserved 1048576K
Event: 53.684 GC heap after
Heap after GC invocations=24 (full 0):
 PSYoungGen      total 27648K, used 192K [0x0000000795580000, 0x0000000797400000, 0x00000007c0000000)
  eden space 24064K, 0% used [0x0000000795580000,0x0000000795580000,0x0000000796d00000)
  from space 3584K, 5% used [0x0000000797080000,0x00000007970b0000,0x0000000797400000)
  to   space 3584K, 0% used [0x0000000796d00000,0x0000000796d00000,0x0000000797080000)
 ParOldGen       total 87552K, used 3503K [0x0000000740000000, 0x0000000745580000, 0x0000000795580000)
  object space 87552K, 4% used [0x0000000740000000,0x000000074036bdb8,0x0000000745580000)
 Metaspace       used 8804K, capacity 8961K, committed 9216K, reserved 1056768K
  class space    used 886K, capacity 919K, committed 1024K, reserved 1048576K
}
Event: 55.373 GC heap before
{Heap before GC invocations=25 (full 0):
 PSYoungGen      total 27648K, used 24256K [0x0000000795580000, 0x0000000797400000, 0x00000007c0000000)
  eden space 24064K, 100% used [0x0000000795580000,0x0000000796d00000,0x0000000796d00000)
  from space 3584K, 5% used [0x0000000797080000,0x00000007970b0000,0x0000000797400000)
  to   space 3584K, 0% used [0x0000000796d00000,0x0000000796d00000,0x0000000797080000)
 ParOldGen       total 87552K, used 3503K [0x0000000740000000, 0x0000000745580000, 0x0000000795580000)
  object space 87552K, 4% used [0x0000000740000000,0x000000074036bdb8,0x0000000745580000)
 Metaspace       used 8804K, capacity 8961K, committed 9216K, reserved 1056768K
  class space    used 886K, capacity 919K, committed 1024K, reserved 1048576K
Event: 55.374 GC heap after
Heap after GC invocations=25 (full 0):
 PSYoungGen      total 27648K, used 192K [0x0000000795580000, 0x0000000797400000, 0x00000007c0000000)
  eden space 24064K, 0% used [0x0000000795580000,0x0000000795580000,0x0000000796d00000)
  from space 3584K, 5% used [0x0000000796d00000,0x0000000796d30000,0x0000000797080000)
  to   space 3584K, 0% used [0x0000000797080000,0x0000000797080000,0x0000000797400000)
 ParOldGen       total 87552K, used 3503K [0x0000000740000000, 0x0000000745580000, 0x0000000795580000)
  object space 87552K, 4% used [0x0000000740000000,0x000000074036bdb8,0x0000000745580000)
 Metaspace       used 8804K, capacity 8961K, committed 9216K, reserved 1056768K
  class space    used 886K, capacity 919K, committed 1024K, reserved 1048576K
}
Event: 57.339 GC heap before
{Heap before GC invocations=26 (full 0):
 PSYoungGen      total 27648K, used 24256K [0x0000000795580000, 0x0000000797400000, 0x00000007c0000000)
  eden space 24064K, 100% used [0x0000000795580000,0x0000000796d00000,0x0000000796d00000)
  from space 3584K, 5% used [0x0000000796d00000,0x0000000796d30000,0x0000000797080000)
  to   space 3584K, 0% used [0x0000000797080000,0x0000000797080000,0x0000000797400000)
 ParOldGen       total 87552K, used 3503K [0x0000000740000000, 0x0000000745580000, 0x0000000795580000)
  object space 87552K, 4% used [0x0000000740000000,0x000000074036bdb8,0x0000000745580000)
 Metaspace       used 8806K, capacity 8961K, committed 9216K, reserved 1056768K
  class space    used 886K, capacity 919K, committed 1024K, reserved 1048576K
Event: 57.340 GC heap after
Heap after GC invocations=26 (full 0):
 PSYoungGen      total 26624K, used 160K [0x0000000795580000, 0x0000000797300000, 0x00000007c0000000)
  eden space 24064K, 0% used [0x0000000795580000,0x0000000795580000,0x0000000796d00000)
  from space 2560K, 6% used [0x0000000797080000,0x00000007970a8000,0x0000000797300000)
  to   space 3072K, 0% used [0x0000000796d00000,0x0000000796d00000,0x0000000797000000)
 ParOldGen       total 87552K, used 3511K [0x0000000740000000, 0x0000000745580000, 0x0000000795580000)
  object space 87552K, 4% used [0x0000000740000000,0x000000074036ddb8,0x0000000745580000)
 Metaspace       used 8806K, capacity 8961K, committed 9216K, reserved 1056768K
  class space    used 886K, capacity 919K, committed 1024K, reserved 1048576K
}

Deoptimization events (10 events):
Event: 1.310 Thread 0x00007fe05080b800 Uncommon trap: reason=class_check action=maybe_recompile pc=0x00000001080168c0 method=org.newdawn.slick.geom.Rectangle.intersects(Lorg/newdawn/slick/geom/Shape;)Z @ 1
Event: 1.310 Thread 0x00007fe05080b800 Uncommon trap: reason=class_check action=maybe_recompile pc=0x00000001080168c0 method=org.newdawn.slick.geom.Rectangle.intersects(Lorg/newdawn/slick/geom/Shape;)Z @ 1
Event: 1.310 Thread 0x00007fe05080b800 Uncommon trap: reason=class_check action=maybe_recompile pc=0x00000001080168c0 method=org.newdawn.slick.geom.Rectangle.intersects(Lorg/newdawn/slick/geom/Shape;)Z @ 1
Event: 1.311 Thread 0x00007fe05080b800 Uncommon trap: reason=class_check action=maybe_recompile pc=0x00000001080168c0 method=org.newdawn.slick.geom.Rectangle.intersects(Lorg/newdawn/slick/geom/Shape;)Z @ 1
Event: 1.947 Thread 0x00007fe05080b800 Uncommon trap: reason=bimorphic action=maybe_recompile pc=0x0000000108008174 method=org.newdawn.slick.geom.Shape.checkPoints()V @ 12
Event: 2.552 Thread 0x00007fe05080b800 Uncommon trap: reason=bimorphic action=maybe_recompile pc=0x0000000108008174 method=org.newdawn.slick.geom.Shape.checkPoints()V @ 12
Event: 2.980 Thread 0x00007fe05080b800 Uncommon trap: reason=bimorphic action=maybe_recompile pc=0x0000000108008174 method=org.newdawn.slick.geom.Shape.checkPoints()V @ 12
Event: 3.488 Thread 0x00007fe05080b800 Uncommon trap: reason=bimorphic action=maybe_recompile pc=0x00000001080dcc30 method=org.newdawn.slick.geom.Shape.checkPoints()V @ 8
Event: 4.016 Thread 0x00007fe05080b800 Uncommon trap: reason=bimorphic action=maybe_recompile pc=0x00000001080dcc30 method=org.newdawn.slick.geom.Shape.checkPoints()V @ 8
Event: 21.749 Thread 0x00007fe0518e3800 Uncommon trap: reason=unreached action=reinterpret pc=0x00000001081acbc4 method=java.util.HashMap$HashIterator.<init>(Ljava/util/HashMap;)V @ 38

Internal exceptions (10 events):
Event: 0.911 Thread 0x00007fe05080b800 Exception <a 'java/security/PrivilegedActionException'> (0x00000007964fb2f8) thrown at [/HUDSON3/workspace/8-2-build-macosx-x86_64/jdk8u20/1074/hotspot/src/share/vm/prims/jvm.cpp, line 1275]
Event: 0.912 Thread 0x00007fe05080b800 Exception <a 'java/security/PrivilegedActionException'> (0x0000000796500aa0) thrown at [/HUDSON3/workspace/8-2-build-macosx-x86_64/jdk8u20/1074/hotspot/src/share/vm/prims/jvm.cpp, line 1275]
Event: 0.914 Thread 0x00007fe05080b800 Exception <a 'java/security/PrivilegedActionException'> (0x0000000796505ef8) thrown at [/HUDSON3/workspace/8-2-build-macosx-x86_64/jdk8u20/1074/hotspot/src/share/vm/prims/jvm.cpp, line 1275]
Event: 0.917 Thread 0x00007fe05080b800 Exception <a 'java/security/PrivilegedActionException'> (0x000000079650af38) thrown at [/HUDSON3/workspace/8-2-build-macosx-x86_64/jdk8u20/1074/hotspot/src/share/vm/prims/jvm.cpp, line 1275]
Event: 1.289 Thread 0x00007fe05080b800 Exception <a 'java/security/PrivilegedActionException'> (0x000000079687b990) thrown at [/HUDSON3/workspace/8-2-build-macosx-x86_64/jdk8u20/1074/hotspot/src/share/vm/prims/jvm.cpp, line 1275]
Event: 1.290 Thread 0x00007fe05080b800 Exception <a 'java/security/PrivilegedActionException'> (0x000000079687da80) thrown at [/HUDSON3/workspace/8-2-build-macosx-x86_64/jdk8u20/1074/hotspot/src/share/vm/prims/jvm.cpp, line 1275]
Event: 1.291 Thread 0x00007fe05080b800 Exception <a 'java/security/PrivilegedActionException'> (0x00000007968825c8) thrown at [/HUDSON3/workspace/8-2-build-macosx-x86_64/jdk8u20/1074/hotspot/src/share/vm/prims/jvm.cpp, line 1275]
Event: 1.291 Thread 0x00007fe05080b800 Exception <a 'java/security/PrivilegedActionException'> (0x00000007968849a0) thrown at [/HUDSON3/workspace/8-2-build-macosx-x86_64/jdk8u20/1074/hotspot/src/share/vm/prims/jvm.cpp, line 1275]
Event: 21.749 Thread 0x00007fe0518e3800 Implicit null exception at 0x00000001081ac9c3 to 0x00000001081acbb1
Event: 57.526 Thread 0x00007fe05080b800 Exception <a 'java/security/PrivilegedActionException'> (0x000000079573cac0) thrown at [/HUDSON3/workspace/8-2-build-macosx-x86_64/jdk8u20/1074/hotspot/src/share/vm/prims/jvm.cpp, line 1275]

Events (10 events):
Event: 51.998 Executing VM operation: ParallelGCFailedAllocation done
Event: 53.683 Executing VM operation: ParallelGCFailedAllocation
Event: 53.684 Executing VM operation: ParallelGCFailedAllocation done
Event: 55.219 Thread 0x00007fe051256800 Thread added: 0x00007fe051256800
Event: 55.373 Executing VM operation: ParallelGCFailedAllocation
Event: 55.374 Executing VM operation: ParallelGCFailedAllocation done
Event: 57.339 Executing VM operation: ParallelGCFailedAllocation
Event: 57.340 Executing VM operation: ParallelGCFailedAllocation done
Event: 57.526 loading class org/lwjgl/opengl/CallbackUtil
Event: 57.526 loading class org/lwjgl/opengl/CallbackUtil done


Dynamic libraries:
0x0000000001f8a000 	/System/Library/Frameworks/Cocoa.framework/Versions/A/Cocoa
0x0000000001f8a000 	/System/Library/Frameworks/Security.framework/Versions/A/Security
0x0000000001f8a000 	/System/Library/Frameworks/ApplicationServices.framework/Versions/A/ApplicationServices
0x0000000001f8a000 	/usr/lib/libz.1.dylib
0x0000000001f8a000 	/usr/lib/libSystem.B.dylib
0x0000000001f8a000 	/usr/lib/libobjc.A.dylib
0x0000000001f8a000 	/System/Library/Frameworks/CoreFoundation.framework/Versions/A/CoreFoundation
0x0000000001f8a000 	/System/Library/Frameworks/Foundation.framework/Versions/C/Foundation
0x0000000001f8a000 	/System/Library/Frameworks/AppKit.framework/Versions/C/AppKit
0x0000000001f8a000 	/System/Library/Frameworks/CoreData.framework/Versions/A/CoreData
0x0000000001f8a000 	/System/Library/PrivateFrameworks/RemoteViewServices.framework/Versions/A/RemoteViewServices
0x0000000001f8a000 	/System/Library/PrivateFrameworks/UIFoundation.framework/Versions/A/UIFoundation
0x0000000001f8a000 	/System/Library/Frameworks/IOSurface.framework/Versions/A/IOSurface
0x0000000001f8a000 	/System/Library/Frameworks/AudioToolbox.framework/Versions/A/AudioToolbox
0x0000000001f8a000 	/System/Library/Frameworks/AudioUnit.framework/Versions/A/AudioUnit
0x0000000001f8a000 	/System/Library/PrivateFrameworks/DataDetectorsCore.framework/Versions/A/DataDetectorsCore
0x0000000001f8a000 	/System/Library/PrivateFrameworks/DesktopServicesPriv.framework/Versions/A/DesktopServicesPriv
0x0000000001f8a000 	/System/Library/Frameworks/Carbon.framework/Versions/A/Frameworks/HIToolbox.framework/Versions/A/HIToolbox
0x0000000001f8a000 	/System/Library/Frameworks/QuartzCore.framework/Versions/A/QuartzCore
0x0000000001f8a000 	/System/Library/Frameworks/Carbon.framework/Versions/A/Frameworks/SpeechRecognition.framework/Versions/A/SpeechRecognition
0x0000000001f8a000 	/usr/lib/libauto.dylib
0x0000000001f8a000 	/usr/lib/libicucore.A.dylib
0x0000000001f8a000 	/usr/lib/libxml2.2.dylib
0x0000000001f8a000 	/System/Library/PrivateFrameworks/CoreUI.framework/Versions/A/CoreUI
0x0000000001f8a000 	/System/Library/Frameworks/CoreAudio.framework/Versions/A/CoreAudio
0x0000000001f8a000 	/System/Library/Frameworks/DiskArbitration.framework/Versions/A/DiskArbitration
0x0000000001f8a000 	/usr/lib/liblangid.dylib
0x0000000001f8a000 	/System/Library/PrivateFrameworks/MultitouchSupport.framework/Versions/A/MultitouchSupport
0x0000000001f8a000 	/System/Library/Frameworks/IOKit.framework/Versions/A/IOKit
0x0000000001f8a000 	/usr/lib/libDiagnosticMessagesClient.dylib
0x0000000001f8a000 	/System/Library/Frameworks/CoreServices.framework/Versions/A/CoreServices
0x0000000001f8a000 	/System/Library/PrivateFrameworks/PerformanceAnalysis.framework/Versions/A/PerformanceAnalysis
0x0000000001f8a000 	/System/Library/PrivateFrameworks/GenerationalStorage.framework/Versions/A/GenerationalStorage
0x0000000001f8a000 	/System/Library/Frameworks/OpenGL.framework/Versions/A/OpenGL
0x0000000001f8a000 	/System/Library/PrivateFrameworks/Sharing.framework/Versions/A/Sharing
0x0000000001f8a000 	/System/Library/Frameworks/CoreGraphics.framework/Versions/A/CoreGraphics
0x0000000001f8a000 	/System/Library/Frameworks/CoreText.framework/Versions/A/CoreText
0x0000000001f8a000 	/System/Library/Frameworks/ImageIO.framework/Versions/A/ImageIO
0x0000000001f8a000 	/usr/lib/libextension.dylib
0x0000000001f8a000 	/System/Library/PrivateFrameworks/Backup.framework/Versions/A/Backup
0x0000000001f8a000 	/usr/lib/libarchive.2.dylib
0x0000000001f8a000 	/System/Library/Frameworks/CFNetwork.framework/Versions/A/CFNetwork
0x0000000001f8a000 	/System/Library/Frameworks/SystemConfiguration.framework/Versions/A/SystemConfiguration
0x0000000001f8a000 	/usr/lib/libCRFSuite.dylib
0x0000000001f8a000 	/usr/lib/libc++.1.dylib
0x0000000001f8a000 	/usr/lib/libc++abi.dylib
0x0000000001f8a000 	/usr/lib/system/libcache.dylib
0x0000000001f8a000 	/usr/lib/system/libcommonCrypto.dylib
0x0000000001f8a000 	/usr/lib/system/libcompiler_rt.dylib
0x0000000001f8a000 	/usr/lib/system/libcopyfile.dylib
0x0000000001f8a000 	/usr/lib/system/libcorecrypto.dylib
0x0000000001f8a000 	/usr/lib/system/libdispatch.dylib
0x0000000001f8a000 	/usr/lib/system/libdyld.dylib
0x0000000001f8a000 	/usr/lib/system/libkeymgr.dylib
0x0000000001f8a000 	/usr/lib/system/liblaunch.dylib
0x0000000001f8a000 	/usr/lib/system/libmacho.dylib
0x0000000001f8a000 	/usr/lib/system/libquarantine.dylib
0x0000000001f8a000 	/usr/lib/system/libremovefile.dylib
0x0000000001f8a000 	/usr/lib/system/libsystem_asl.dylib
0x0000000001f8a000 	/usr/lib/system/libsystem_blocks.dylib
0x0000000001f8a000 	/usr/lib/system/libsystem_c.dylib
0x0000000001f8a000 	/usr/lib/system/libsystem_configuration.dylib
0x0000000001f8a000 	/usr/lib/system/libsystem_coreservices.dylib
0x0000000001f8a000 	/usr/lib/system/libsystem_coretls.dylib
0x0000000001f8a000 	/usr/lib/system/libsystem_dnssd.dylib
0x0000000001f8a000 	/usr/lib/system/libsystem_info.dylib
0x0000000001f8a000 	/usr/lib/system/libsystem_kernel.dylib
0x0000000001f8a000 	/usr/lib/system/libsystem_m.dylib
0x0000000001f8a000 	/usr/lib/system/libsystem_malloc.dylib
0x0000000001f8a000 	/usr/lib/system/libsystem_network.dylib
0x0000000001f8a000 	/usr/lib/system/libsystem_networkextension.dylib
0x0000000001f8a000 	/usr/lib/system/libsystem_notify.dylib
0x0000000001f8a000 	/usr/lib/system/libsystem_platform.dylib
0x0000000001f8a000 	/usr/lib/system/libsystem_pthread.dylib
0x0000000001f8a000 	/usr/lib/system/libsystem_sandbox.dylib
0x0000000001f8a000 	/usr/lib/system/libsystem_secinit.dylib
0x0000000001f8a000 	/usr/lib/system/libsystem_stats.dylib
0x0000000001f8a000 	/usr/lib/system/libsystem_trace.dylib
0x0000000001f8a000 	/usr/lib/system/libunc.dylib
0x0000000001f8a000 	/usr/lib/system/libunwind.dylib
0x0000000001f8a000 	/usr/lib/system/libxpc.dylib
0x0000000001f8a000 	/usr/lib/libbz2.1.0.dylib
0x0000000001f8a000 	/usr/lib/liblzma.5.dylib
0x0000000001f8a000 	/usr/lib/libbsm.0.dylib
0x0000000001f8a000 	/usr/lib/libsqlite3.dylib
0x0000000001f8a000 	/usr/lib/system/libkxld.dylib
0x0000000001f8a000 	/usr/lib/libxar.1.dylib
0x0000000001f8a000 	/usr/lib/libpam.2.dylib
0x0000000001f8a000 	/usr/lib/libOpenScriptingUtil.dylib
0x0000000001f8a000 	/System/Library/Frameworks/CoreServices.framework/Versions/A/Frameworks/FSEvents.framework/Versions/A/FSEvents
0x0000000001f8a000 	/System/Library/Frameworks/CoreServices.framework/Versions/A/Frameworks/CarbonCore.framework/Versions/A/CarbonCore
0x0000000001f8a000 	/System/Library/Frameworks/CoreServices.framework/Versions/A/Frameworks/Metadata.framework/Versions/A/Metadata
0x0000000001f8a000 	/System/Library/Frameworks/CoreServices.framework/Versions/A/Frameworks/OSServices.framework/Versions/A/OSServices
0x0000000001f8a000 	/System/Library/Frameworks/CoreServices.framework/Versions/A/Frameworks/SearchKit.framework/Versions/A/SearchKit
0x0000000001f8a000 	/System/Library/Frameworks/CoreServices.framework/Versions/A/Frameworks/AE.framework/Versions/A/AE
0x0000000001f8a000 	/System/Library/Frameworks/CoreServices.framework/Versions/A/Frameworks/LaunchServices.framework/Versions/A/LaunchServices
0x0000000001f8a000 	/System/Library/Frameworks/CoreServices.framework/Versions/A/Frameworks/DictionaryServices.framework/Versions/A/DictionaryServices
0x0000000001f8a000 	/System/Library/Frameworks/NetFS.framework/Versions/A/NetFS
0x0000000001f8a000 	/System/Library/PrivateFrameworks/NetAuth.framework/Versions/A/NetAuth
0x0000000001f8a000 	/System/Library/PrivateFrameworks/login.framework/Versions/A/Frameworks/loginsupport.framework/Versions/A/loginsupport
0x0000000001f8a000 	/System/Library/PrivateFrameworks/TCC.framework/Versions/A/TCC
0x0000000001f8a000 	/usr/lib/libmecabra.dylib
0x0000000001f8a000 	/System/Library/Frameworks/ApplicationServices.framework/Versions/A/Frameworks/ATS.framework/Versions/A/ATS
0x0000000001f8a000 	/System/Library/Frameworks/ApplicationServices.framework/Versions/A/Frameworks/ColorSync.framework/Versions/A/ColorSync
0x0000000001f8a000 	/System/Library/Frameworks/ApplicationServices.framework/Versions/A/Frameworks/HIServices.framework/Versions/A/HIServices
0x0000000001f8a000 	/System/Library/Frameworks/ApplicationServices.framework/Versions/A/Frameworks/LangAnalysis.framework/Versions/A/LangAnalysis
0x0000000001f8a000 	/System/Library/Frameworks/ApplicationServices.framework/Versions/A/Frameworks/PrintCore.framework/Versions/A/PrintCore
0x0000000001f8a000 	/System/Library/Frameworks/ApplicationServices.framework/Versions/A/Frameworks/QD.framework/Versions/A/QD
0x0000000001f8a000 	/System/Library/Frameworks/ApplicationServices.framework/Versions/A/Frameworks/SpeechSynthesis.framework/Versions/A/SpeechSynthesis
0x0000000001f8a000 	/System/Library/Frameworks/Accelerate.framework/Versions/A/Accelerate
0x0000000001f8a000 	/System/Library/Frameworks/Accelerate.framework/Versions/A/Frameworks/vImage.framework/Versions/A/vImage
0x0000000001f8a000 	/System/Library/Frameworks/Accelerate.framework/Versions/A/Frameworks/vecLib.framework/Versions/A/vecLib
0x0000000001f8a000 	/System/Library/Frameworks/Accelerate.framework/Versions/A/Frameworks/vecLib.framework/Versions/A/libvDSP.dylib
0x0000000001f8a000 	/System/Library/Frameworks/Accelerate.framework/Versions/A/Frameworks/vecLib.framework/Versions/A/libvMisc.dylib
0x0000000001f8a000 	/System/Library/Frameworks/Accelerate.framework/Versions/A/Frameworks/vecLib.framework/Versions/A/libLAPACK.dylib
0x0000000001f8a000 	/System/Library/Frameworks/Accelerate.framework/Versions/A/Frameworks/vecLib.framework/Versions/A/libBLAS.dylib
0x0000000001f8a000 	/System/Library/Frameworks/Accelerate.framework/Versions/A/Frameworks/vecLib.framework/Versions/A/libLinearAlgebra.dylib
0x0000000001f8a000 	/System/Library/Frameworks/ApplicationServices.framework/Versions/A/Frameworks/ATS.framework/Versions/A/Resources/libFontParser.dylib
0x0000000001f8a000 	/System/Library/Frameworks/ApplicationServices.framework/Versions/A/Frameworks/ATS.framework/Versions/A/Resources/libFontRegistry.dylib
0x0000000001f8a000 	/System/Library/PrivateFrameworks/AppleVPA.framework/Versions/A/AppleVPA
0x0000000001f8a000 	/System/Library/PrivateFrameworks/AppleJPEG.framework/Versions/A/AppleJPEG
0x0000000001f8a000 	/System/Library/Frameworks/ImageIO.framework/Versions/A/Resources/libJPEG.dylib
0x0000000001f8a000 	/System/Library/Frameworks/ImageIO.framework/Versions/A/Resources/libTIFF.dylib
0x0000000001f8a000 	/System/Library/Frameworks/ImageIO.framework/Versions/A/Resources/libPng.dylib
0x0000000001f8a000 	/System/Library/Frameworks/ImageIO.framework/Versions/A/Resources/libGIF.dylib
0x0000000001f8a000 	/System/Library/Frameworks/ImageIO.framework/Versions/A/Resources/libJP2.dylib
0x0000000001f8a000 	/System/Library/Frameworks/ImageIO.framework/Versions/A/Resources/libRadiance.dylib
0x0000000001f8a000 	/System/Library/Frameworks/CoreVideo.framework/Versions/A/CoreVideo
0x0000000001f8a000 	/System/Library/Frameworks/OpenGL.framework/Versions/A/Libraries/libGLU.dylib
0x0000000001f8a000 	/System/Library/Frameworks/OpenGL.framework/Versions/A/Libraries/libGFXShared.dylib
0x0000000001f8a000 	/System/Library/Frameworks/OpenGL.framework/Versions/A/Libraries/libGL.dylib
0x0000000001f8a000 	/System/Library/Frameworks/OpenGL.framework/Versions/A/Libraries/libGLImage.dylib
0x0000000001f8a000 	/System/Library/Frameworks/OpenGL.framework/Versions/A/Libraries/libCVMSPluginSupport.dylib
0x0000000001f8a000 	/System/Library/Frameworks/OpenGL.framework/Versions/A/Libraries/libCoreVMClient.dylib
0x0000000001f8a000 	/usr/lib/libcups.2.dylib
0x0000000001f8a000 	/System/Library/Frameworks/Kerberos.framework/Versions/A/Kerberos
0x0000000001f8a000 	/System/Library/Frameworks/GSS.framework/Versions/A/GSS
0x0000000001f8a000 	/usr/lib/libresolv.9.dylib
0x0000000001f8a000 	/usr/lib/libiconv.2.dylib
0x0000000001f8a000 	/System/Library/PrivateFrameworks/Heimdal.framework/Versions/A/Heimdal
0x0000000001f8a000 	/usr/lib/libheimdal-asn1.dylib
0x0000000001f8a000 	/System/Library/Frameworks/OpenDirectory.framework/Versions/A/OpenDirectory
0x0000000001f8a000 	/System/Library/PrivateFrameworks/CommonAuth.framework/Versions/A/CommonAuth
0x0000000001f8a000 	/System/Library/Frameworks/OpenDirectory.framework/Versions/A/Frameworks/CFOpenDirectory.framework/Versions/A/CFOpenDirectory
0x0000000001f8a000 	/System/Library/Frameworks/SecurityFoundation.framework/Versions/A/SecurityFoundation
0x0000000001f8a000 	/System/Library/PrivateFrameworks/LanguageModeling.framework/Versions/A/LanguageModeling
0x0000000001f8a000 	/usr/lib/libcmph.dylib
0x0000000001f8a000 	/System/Library/Frameworks/ServiceManagement.framework/Versions/A/ServiceManagement
0x0000000001f8a000 	/usr/lib/libxslt.1.dylib
0x0000000001f8a000 	/System/Library/Frameworks/Carbon.framework/Versions/A/Frameworks/Ink.framework/Versions/A/Ink
0x0000000001f8a000 	/System/Library/Frameworks/QuartzCore.framework/Versions/A/Frameworks/CoreImage.framework/Versions/A/CoreImage
0x0000000001f8a000 	/System/Library/PrivateFrameworks/CrashReporterSupport.framework/Versions/A/CrashReporterSupport
0x0000000001f8a000 	/System/Library/Frameworks/OpenCL.framework/Versions/A/OpenCL
0x0000000001f8a000 	/System/Library/PrivateFrameworks/FaceCore.framework/Versions/A/FaceCore
0x0000000001f8a000 	/System/Library/PrivateFrameworks/Ubiquity.framework/Versions/A/Ubiquity
0x0000000001f8a000 	/System/Library/PrivateFrameworks/IconServices.framework/Versions/A/IconServices
0x0000000001f8a000 	/System/Library/PrivateFrameworks/ChunkingLibrary.framework/Versions/A/ChunkingLibrary
0x0000000001f8a000 	/System/Library/PrivateFrameworks/Apple80211.framework/Versions/A/Apple80211
0x0000000001f8a000 	/System/Library/Frameworks/CoreWLAN.framework/Versions/A/CoreWLAN
0x0000000001f8a000 	/System/Library/Frameworks/IOBluetooth.framework/Versions/A/IOBluetooth
0x0000000001f8a000 	/System/Library/PrivateFrameworks/CoreWiFi.framework/Versions/A/CoreWiFi
0x0000000001f8a000 	/System/Library/Frameworks/CoreBluetooth.framework/Versions/A/CoreBluetooth
0x0000000001f8a000 	/System/Library/PrivateFrameworks/DebugSymbols.framework/Versions/A/DebugSymbols
0x0000000001f8a000 	/System/Library/PrivateFrameworks/CoreSymbolication.framework/Versions/A/CoreSymbolication
0x0000000001f8a000 	/System/Library/PrivateFrameworks/Symbolication.framework/Versions/A/Symbolication
0x0000000001f8a000 	/System/Library/PrivateFrameworks/SpeechRecognitionCore.framework/Versions/A/SpeechRecognitionCore
0x0000000106e00000 	/Library/Java/JavaVirtualMachines/jdk1.8.0_20.jdk/Contents/Home/jre/lib/server/libjvm.dylib
0x0000000001f8a000 	/usr/lib/libstdc++.6.dylib
0x0000000106568000 	/Library/Java/JavaVirtualMachines/jdk1.8.0_20.jdk/Contents/Home/jre/lib/libverify.dylib
0x0000000106576000 	/Library/Java/JavaVirtualMachines/jdk1.8.0_20.jdk/Contents/Home/jre/lib/libjava.dylib
0x00000001065b4000 	/Library/Java/JavaVirtualMachines/jdk1.8.0_20.jdk/Contents/Home/jre/lib/libzip.dylib
0x00000001065e6000 	/System/Library/Frameworks/JavaVM.framework/Frameworks/JavaRuntimeSupport.framework/JavaRuntimeSupport
0x000000011dd67000 	/System/Library/Frameworks/JavaVM.framework/Versions/A/Frameworks/JavaNativeFoundation.framework/Versions/A/JavaNativeFoundation
0x000000011dd7b000 	/System/Library/Frameworks/JavaVM.framework/Versions/A/JavaVM
0x0000000001f8a000 	/System/Library/Frameworks/Carbon.framework/Versions/A/Carbon
0x000000011dd87000 	/System/Library/PrivateFrameworks/JavaLaunching.framework/Versions/A/JavaLaunching
0x0000000001f8a000 	/System/Library/Frameworks/Carbon.framework/Versions/A/Frameworks/CommonPanels.framework/Versions/A/CommonPanels
0x0000000001f8a000 	/System/Library/Frameworks/Carbon.framework/Versions/A/Frameworks/Help.framework/Versions/A/Help
0x0000000001f8a000 	/System/Library/Frameworks/Carbon.framework/Versions/A/Frameworks/ImageCapture.framework/Versions/A/ImageCapture
0x0000000001f8a000 	/System/Library/Frameworks/Carbon.framework/Versions/A/Frameworks/OpenScripting.framework/Versions/A/OpenScripting
0x0000000001f8a000 	/System/Library/Frameworks/Carbon.framework/Versions/A/Frameworks/Print.framework/Versions/A/Print
0x0000000001f8a000 	/System/Library/Frameworks/Carbon.framework/Versions/A/Frameworks/SecurityHI.framework/Versions/A/SecurityHI
0x000000011fbc5000 	/Library/Java/JavaVirtualMachines/jdk1.8.0_20.jdk/Contents/Home/jre/lib/libawt.dylib
0x000000011fc74000 	/Library/Java/JavaVirtualMachines/jdk1.8.0_20.jdk/Contents/Home/jre/lib/./libmlib_image.dylib
0x000000011fd40000 	/Library/Java/JavaVirtualMachines/jdk1.8.0_20.jdk/Contents/Home/jre/lib/libawt_lwawt.dylib
0x000000011fdf3000 	/Library/Java/JavaVirtualMachines/jdk1.8.0_20.jdk/Contents/Home/jre/lib/./libosxapp.dylib
0x0000000001f8a000 	/System/Library/Frameworks/ExceptionHandling.framework/Versions/A/ExceptionHandling
0x0000000001f8a000 	/System/Library/PrivateFrameworks/CoreServicesInternal.framework/Versions/A/CoreServicesInternal
0x0000000001f8a000 	/System/Library/PrivateFrameworks/CloudDocs.framework/Versions/A/CloudDocs
0x0000000001f8a000 	/System/Library/PrivateFrameworks/CoreDuet.framework/Versions/A/CoreDuet
0x0000000001f8a000 	/System/Library/Frameworks/CloudKit.framework/Versions/A/CloudKit
0x0000000001f8a000 	/System/Library/PrivateFrameworks/ProtocolBuffer.framework/Versions/A/ProtocolBuffer
0x0000000001f8a000 	/System/Library/PrivateFrameworks/CoreDuetDaemonProtocol.framework/Versions/A/CoreDuetDaemonProtocol
0x0000000001f8a000 	/System/Library/PrivateFrameworks/CoreDuetDebugLogging.framework/Versions/A/CoreDuetDebugLogging
0x0000000001f8a000 	/System/Library/Frameworks/CoreLocation.framework/Versions/A/CoreLocation
0x0000000001f8a000 	/System/Library/Frameworks/Accounts.framework/Versions/A/Accounts
0x0000000001f8a000 	/System/Library/PrivateFrameworks/ApplePushService.framework/Versions/A/ApplePushService
0x0000000001f8a000 	/System/Library/PrivateFrameworks/GeoServices.framework/Versions/A/GeoServices
0x0000000001f8a000 	/System/Library/PrivateFrameworks/OAuth.framework/Versions/A/OAuth
0x0000000001f8a000 	/System/Library/PrivateFrameworks/CoreDaemon.framework/Versions/B/CoreDaemon
0x0000000001f8a000 	/usr/lib/libcrypto.0.9.8.dylib
0x0000000001f8a000 	/System/Library/PrivateFrameworks/AppleSRP.framework/Versions/A/AppleSRP
0x0000000001f8a000 	/System/Library/PrivateFrameworks/TrustEvaluationAgent.framework/Versions/A/TrustEvaluationAgent
0x0000000001f8a000 	/System/Library/Frameworks/CoreGraphics.framework/Versions/A/Resources/libCGCMS.A.dylib
0x0000000001f8a000 	/System/Library/Frameworks/CoreGraphics.framework/Versions/A/Resources/libRIP.A.dylib
0x0000000001f8a000 	/System/Library/Frameworks/CoreGraphics.framework/Versions/A/Resources/libCGXType.A.dylib
0x0000000001f8a000 	/System/Library/Frameworks/OpenCL.framework/Versions/A/Libraries/libcldcpuengine.dylib
0x0000000001f8a000 	/System/Library/PrivateFrameworks/DiskImages.framework/Versions/A/DiskImages
0x0000000001f8a000 	/System/Library/Frameworks/DiscRecording.framework/Versions/A/DiscRecording
0x0000000001f8a000 	/usr/lib/libcsfde.dylib
0x0000000001f8a000 	/usr/lib/libcurl.4.dylib
0x0000000001f8a000 	/System/Library/PrivateFrameworks/MediaKit.framework/Versions/A/MediaKit
0x0000000001f8a000 	/System/Library/PrivateFrameworks/ProtectedCloudStorage.framework/Versions/A/ProtectedCloudStorage
0x0000000001f8a000 	/usr/lib/libCoreStorage.dylib
0x0000000001f8a000 	/System/Library/PrivateFrameworks/EFILogin.framework/Versions/A/EFILogin
0x0000000001f8a000 	/usr/lib/libutil.dylib
0x0000000001f8a000 	/System/Library/PrivateFrameworks/FindMyDevice.framework/Versions/A/FindMyDevice
0x0000000001f8a000 	/System/Library/Frameworks/LDAP.framework/Versions/A/LDAP
0x0000000001f8a000 	/usr/lib/libsasl2.2.dylib
0x0000000122b5e000 	cl_kernels
0x0000000122b60000 	/System/Library/Frameworks/OpenCL.framework/Versions/A/Libraries/ImageFormats/unorm8_bgra.dylib
0x0000000122b4f000 	cl_kernels
0x0000000001f8a000 	/System/Library/PrivateFrameworks/FamilyControls.framework/Versions/A/FamilyControls
0x0000000001f8a000 	/System/Library/PrivateFrameworks/CommerceKit.framework/Versions/A/Frameworks/CommerceCore.framework/Versions/A/CommerceCore
0x0000000001f8a000 	/System/Library/PrivateFrameworks/SystemAdministration.framework/Versions/A/SystemAdministration
0x0000000001f8a000 	/System/Library/PrivateFrameworks/AppContainer.framework/Versions/A/AppContainer
0x0000000001f8a000 	/System/Library/PrivateFrameworks/SecCodeWrapper.framework/Versions/A/SecCodeWrapper
0x0000000001f8a000 	/System/Library/Frameworks/DirectoryService.framework/Versions/A/DirectoryService
0x0000000001f8a000 	/System/Library/PrivateFrameworks/LoginUIKit.framework/Versions/A/Frameworks/LoginUICore.framework/Versions/A/LoginUICore
0x0000000001f8a000 	/usr/lib/libodfde.dylib
0x0000000123d26000 	/Library/Java/JavaVirtualMachines/jdk1.8.0_20.jdk/Contents/Home/jre/lib/libfontmanager.dylib
0x0000000123d8c000 	/Users/mick/Documents/workspace/lwjgl-2.9.1/native/macosx/liblwjgl.jnilib
0x000000012208e000 	/Library/Java/JavaVirtualMachines/jdk1.8.0_20.jdk/Contents/Home/jre/lib/libjawt.dylib
0x0000000001f8a000 	/System/Library/Frameworks/OpenGL.framework/Versions/A/Resources/GLEngine.bundle/GLEngine
0x0000000001f8a000 	/System/Library/Frameworks/OpenGL.framework/Versions/A/Libraries/libGLProgrammability.dylib
0x0000000000000000 	/System/Library/Extensions/AppleIntelHD4000GraphicsGLDriver.bundle/Contents/MacOS/AppleIntelHD4000GraphicsGLDriver
0x0000000001f8a000 	/System/Library/PrivateFrameworks/IOAccelerator.framework/Versions/A/IOAccelerator
0x0000000001f8a000 	/System/Library/PrivateFrameworks/GPUSupport.framework/Versions/A/Libraries/libGPUSupportMercury.dylib
0x0000000001f8a000 	/System/Library/Frameworks/OpenGL.framework/Versions/A/Resources/GLRendererFloat.bundle/GLRendererFloat
0x0000000124821000 	/Users/mick/Documents/workspace/lwjgl-2.9.1/native/macosx/libjinput-osx.jnilib
0x0000000124826000 	/System/Library/Extensions/IOHIDFamily.kext/Contents/PlugIns/IOHIDLib.plugin/Contents/MacOS/IOHIDLib

VM Arguments:
jvm_args: -Djava.library.path=/Users/mick/Documents/workspace/lwjgl-2.9.1/native/macosx:/Users/mick/Documents/workspace/lwjgl-2.9.1/native/macosx:/Users/mick/Documents/workspace/lwjgl-2.9.1/native/macosx -Dfile.encoding=UTF-8 
java_command: main.Game
java_class_path (initial): /Users/mick/Documents/workspace/pow2r/bin:/Users/mick/Documents/workspace/slick/lib/slick.jar:/Users/mick/Documents/workspace/lwjgl-2.9.1/jar/jinput.jar:/Users/mick/Documents/workspace/lwjgl-2.9.1/jar/lwjgl_util.jar:/Users/mick/Documents/workspace/lwjgl-2.9.1/jar/lwjgl.jar
Launcher Type: SUN_STANDARD

Environment Variables:
PATH=/usr/bin:/bin:/usr/sbin:/sbin
SHELL=/bin/bash
DISPLAY=/private/tmp/com.apple.launchd.nqS5vxesMU/org.macosforge.xquartz:0

Signal Handlers:
SIGSEGV: [libjvm.dylib+0x578fd7], sa_mask[0]=11111111011111110111111111111111, sa_flags=SA_ONSTACK|SA_RESTART|SA_SIGINFO
SIGBUS: [libjvm.dylib+0x578fd7], sa_mask[0]=11111111011111110111111111111111, sa_flags=SA_RESTART|SA_SIGINFO
SIGFPE: [libjvm.dylib+0x45ab0c], sa_mask[0]=11111111011111110111111111111111, sa_flags=SA_RESTART|SA_SIGINFO
SIGPIPE: [libjvm.dylib+0x45ab0c], sa_mask[0]=11111111011111110111111111111111, sa_flags=SA_RESTART|SA_SIGINFO
SIGXFSZ: [libjvm.dylib+0x45ab0c], sa_mask[0]=11111111011111110111111111111111, sa_flags=SA_RESTART|SA_SIGINFO
SIGILL: [libjvm.dylib+0x45ab0c], sa_mask[0]=11111111011111110111111111111111, sa_flags=SA_RESTART|SA_SIGINFO
SIGUSR1: SIG_DFL, sa_mask[0]=00000000000000000000000000000000, sa_flags=none
SIGUSR2: [libjvm.dylib+0x45a62a], sa_mask[0]=00100000000000000000000000000000, sa_flags=SA_RESTART|SA_SIGINFO
SIGHUP: [libjvm.dylib+0x458bfd], sa_mask[0]=11111111011111110111111111111111, sa_flags=SA_RESTART|SA_SIGINFO
SIGINT: [libjvm.dylib+0x458bfd], sa_mask[0]=11111111011111110111111111111111, sa_flags=SA_RESTART|SA_SIGINFO
SIGTERM: [libjvm.dylib+0x458bfd], sa_mask[0]=11111111011111110111111111111111, sa_flags=SA_RESTART|SA_SIGINFO
SIGQUIT: [libjvm.dylib+0x458bfd], sa_mask[0]=11111111011111110111111111111111, sa_flags=SA_RESTART|SA_SIGINFO


---------------  S Y S T E M  ---------------

OS:Bsduname:Darwin 14.1.0 Darwin Kernel Version 14.1.0: Mon Dec 22 23:10:38 PST 2014; root:xnu-2782.10.72~2/RELEASE_X86_64 x86_64
rlimit: STACK 8192k, CORE 0k, NPROC 709, NOFILE 10240, AS infinity
load average:2.04 1.81 1.62

CPU:total 4 (2 cores per cpu, 2 threads per core) family 6 model 58 stepping 9, cmov, cx8, fxsr, mmx, sse, sse2, sse3, ssse3, sse4.1, sse4.2, popcnt, avx, aes, clmul, erms, ht, tsc, tscinvbit, tscinv

Memory: 4k page, physical 8388608k(1745780k free)

/proc/meminfo:


vm_info: Java HotSpot(TM) 64-Bit Server VM (25.20-b23) for bsd-amd64 JRE (1.8.0_20-b26), built on Jul 30 2014 13:37:47 by "java_re" with gcc 4.2.1 (Based on Apple Inc. build 5658) (LLVM build 2336.9.00)

time: Thu Mar 12 22:19:19 2015
elapsed time: 57 seconds (0d 0h 0m 57s)

