#
# A fatal error has been detected by the Java Runtime Environment:
#
#  SIGSEGV (0xb) at pc=0x0000000128089bd7, pid=8923, tid=4867
#
# JRE version: Java(TM) SE Runtime Environment (8.0_20-b26) (build 1.8.0_20-b26)
# Java VM: Java HotSpot(TM) 64-Bit Server VM (25.20-b23 mixed mode bsd-amd64 compressed oops)
# Problematic frame:
# C  0x0000000128089bd7
#
# Failed to write core dump. Core dumps have been disabled. To enable core dumping, try "ulimit -c unlimited" before starting Java again
#
# If you would like to submit a bug report, please visit:
#   http://bugreport.sun.com/bugreport/crash.jsp
# The crash happened outside the Java Virtual Machine in native code.
# See problematic frame for where to report the bug.
#

---------------  T H R E A D  ---------------

Current thread (0x00007ff0a4006000):  JavaThread "main" [_thread_in_native, id=4867, stack(0x0000000109c41000,0x0000000109d41000)]

siginfo: si_signo: 11 (SIGSEGV), si_code: 1 (SEGV_MAPERR), si_addr: 0x0000000128089bd7

Registers:
RAX=0x0000000000000001, RBX=0x00007ff0a3ece890, RCX=0x00007fff73bbf7a8, RDX=0x00007ff0a3caae78
RSP=0x0000000109d3f9f0, RBP=0x0000000109d3fa00, RSI=0x0000000500001e80, RDI=0x0000000600001e80
R8 =0x0000000109d3f980, R9 =0x0000000109d41000, R10=0x00007ff0a3e6ff10, R11=0x00007fff73bbf7a8
R12=0x00007ff0a3cac560, R13=0x000000012808acc6, R14=0x00007ff0a3caa540, R15=0x0000000000000000
RIP=0x0000000128089bd7, EFLAGS=0x0000000000010206, ERR=0x0000000000000014
  TRAPNO=0x000000000000000e

Top of Stack: (sp=0x0000000109d3f9f0)
0x0000000109d3f9f0:   00007ff0a3cac520 00007ff0a3caa540
0x0000000109d3fa00:   0000000109d3fa80 000000012808ad64
0x0000000109d3fa10:   00007ff00000001a 00007ff000000011
0x0000000109d3fa20:   00007ff0000000d4 00000001000000ba
0x0000000109d3fa30:   00007ff00000000c 0000000000000000
0x0000000109d3fa40:   0000000100000005 00007fff00000002
0x0000000109d3fa50:   00007ff00000008f 0000206400000018
0x0000000109d3fa60:   00001800000000d5 00007ff0a3cac520
0x0000000109d3fa70:   00007ff0a3cac520 00007ff0a3caa540
0x0000000109d3fa80:   0000000109d3fac0 00007fff8a378766
0x0000000109d3fa90:   0000000000000001 0000000000000000
0x0000000109d3faa0:   00007ff0a3ec5630 0000000000000000
0x0000000109d3fab0:   00000000e00002c7 00007ff0a3ec4b20
0x0000000109d3fac0:   0000000109d3fb60 00007fff876d98bd
0x0000000109d3fad0:   0000000109d3fb38 00007ff0a3caa540
0x0000000109d3fae0:   0000000109d3fc0c 0000000109d3fbf8
0x0000000109d3faf0:   0000000000000001 00007ff0a3ca6eb0
0x0000000109d3fb00:   0000c2478a2c5c50 00007ff0a3caa540
0x0000000109d3fb10:   00007ff0a3ece860 0000000000000000
0x0000000109d3fb20:   0000000138fa12fa 00007ff0a3eced60
0x0000000109d3fb30:   00007ff0a3caa540 00007ff0a3ca6eb0
0x0000000109d3fb40:   0000000000000000 000000000000c247
0x0000000109d3fb50:   00007ff0a40061e8 00007ff0a4006000
0x0000000109d3fb60:   0000000109d3fc30 0000000128081bbb
0x0000000109d3fb70:   000000000000001a 00007ff000000011
0x0000000109d3fb80:   00007ff0000000d4 00000000000000ba
0x0000000109d3fb90:   000000010000000c 0000000000000000
0x0000000109d3fba0:   0000000000000005 0000000100000002
0x0000000109d3fbb0:   000000010000008f 00007ff000000018
0x0000000109d3fbc0:   00000001000000d5 000000012808b0d1
0x0000000109d3fbd0:   00000001280914d0 000000000000c243
0x0000000109d3fbe0:   0000000109d3fc00 00007fff90a27dd8 

Instructions: (pc=0x0000000128089bd7)
0x0000000128089bb7:   
[error occurred during error reporting (printing registers, top of stack, instructions near pc), id 0xb]

Register to memory mapping:

RAX=0x0000000000000001 is an unknown value
RBX=0x00007ff0a3ece890 is an unknown value
RCX=0x00007fff73bbf7a8: OBJC_CLASS_$___NSCFType+0 in /System/Library/Frameworks/CoreFoundation.framework/Versions/A/CoreFoundation at 0x00007fff8a252000
RDX=0x00007ff0a3caae78 is an unknown value
RSP=0x0000000109d3f9f0 is pointing into the stack for thread: 0x00007ff0a4006000
RBP=0x0000000109d3fa00 is pointing into the stack for thread: 0x00007ff0a4006000
RSI=0x0000000500001e80 is an unknown value
RDI=0x0000000600001e80 is an unknown value
R8 =0x0000000109d3f980 is pointing into the stack for thread: 0x00007ff0a4006000
R9 =0x0000000109d41000 is pointing into the stack for thread: 0x00007ff0a4006000
R10=0x00007ff0a3e6ff10 is an unknown value
R11=0x00007fff73bbf7a8: OBJC_CLASS_$___NSCFType+0 in /System/Library/Frameworks/CoreFoundation.framework/Versions/A/CoreFoundation at 0x00007fff8a252000
R12=0x00007ff0a3cac560 is an unknown value
R13=0x000000012808acc6 is an unknown value
R14=0x00007ff0a3caa540 is an unknown value
R15=0x0000000000000000 is an unknown value


Stack: [0x0000000109c41000,0x0000000109d41000],  sp=0x0000000109d3f9f0,  free space=1018k
Native frames: (J=compiled Java code, j=interpreted, Vv=VM code, C=native code)
C  0x0000000128089bd7
C  0x000000012808ad64
C  [CoreFoundation+0x126766]  _CFPFactoryCreateInstance+0x86
C  [IOKit+0x88bd]  IOCreatePlugInInterfaceForService+0x32e
C  [libjinput-osx.jnilib+0x1bbb]  Java_net_java_games_input_OSXHIDDeviceIterator_nNext+0x15b
j  net.java.games.input.OSXHIDDeviceIterator.nNext(J)Lnet/java/games/input/OSXHIDDevice;+0
j  net.java.games.input.OSXHIDDeviceIterator.next()Lnet/java/games/input/OSXHIDDevice;+4
j  net.java.games.input.OSXEnvironmentPlugin.enumerateControllers()[Lnet/java/games/input/Controller;+17
j  net.java.games.input.OSXEnvironmentPlugin.<init>()V+12
v  ~StubRoutines::call_stub
V  [libjvm.dylib+0x2d429e]
V  [libjvm.dylib+0x4a2b90]
V  [libjvm.dylib+0x4a2eb9]
V  [libjvm.dylib+0x3227ad]
j  sun.reflect.NativeConstructorAccessorImpl.newInstance0(Ljava/lang/reflect/Constructor;[Ljava/lang/Object;)Ljava/lang/Object;+0
j  sun.reflect.NativeConstructorAccessorImpl.newInstance([Ljava/lang/Object;)Ljava/lang/Object;+85
j  sun.reflect.DelegatingConstructorAccessorImpl.newInstance([Ljava/lang/Object;)Ljava/lang/Object;+5
j  java.lang.reflect.Constructor.newInstance([Ljava/lang/Object;)Ljava/lang/Object;+79
j  java.lang.Class.newInstance()Ljava/lang/Object;+138
j  net.java.games.input.DefaultControllerEnvironment.getControllers()[Lnet/java/games/input/Controller;+435
j  org.lwjgl.input.Controllers.create()V+12
j  org.newdawn.slick.Input.initControllers()V+11
j  org.newdawn.slick.AppGameContainer.setup()V+144
j  org.newdawn.slick.AppGameContainer.start()V+1
j  main.Game.main([Ljava/lang/String;)V+53
v  ~StubRoutines::call_stub
V  [libjvm.dylib+0x2d429e]
V  [libjvm.dylib+0x309377]
V  [libjvm.dylib+0x302571]
C  [java+0x2c82]  JavaMain+0x998
C  [libsystem_pthread.dylib+0x3268]  _pthread_body+0x83
C  [libsystem_pthread.dylib+0x31e5]  _pthread_body+0x0
C  [libsystem_pthread.dylib+0x141d]  thread_start+0xd
C  0x0000000000000000

Java frames: (J=compiled Java code, j=interpreted, Vv=VM code)
j  net.java.games.input.OSXHIDDeviceIterator.nNext(J)Lnet/java/games/input/OSXHIDDevice;+0
j  net.java.games.input.OSXHIDDeviceIterator.next()Lnet/java/games/input/OSXHIDDevice;+4
j  net.java.games.input.OSXEnvironmentPlugin.enumerateControllers()[Lnet/java/games/input/Controller;+17
j  net.java.games.input.OSXEnvironmentPlugin.<init>()V+12
v  ~StubRoutines::call_stub
j  sun.reflect.NativeConstructorAccessorImpl.newInstance0(Ljava/lang/reflect/Constructor;[Ljava/lang/Object;)Ljava/lang/Object;+0
j  sun.reflect.NativeConstructorAccessorImpl.newInstance([Ljava/lang/Object;)Ljava/lang/Object;+85
j  sun.reflect.DelegatingConstructorAccessorImpl.newInstance([Ljava/lang/Object;)Ljava/lang/Object;+5
j  java.lang.reflect.Constructor.newInstance([Ljava/lang/Object;)Ljava/lang/Object;+79
j  java.lang.Class.newInstance()Ljava/lang/Object;+138
j  net.java.games.input.DefaultControllerEnvironment.getControllers()[Lnet/java/games/input/Controller;+435
j  org.lwjgl.input.Controllers.create()V+12
j  org.newdawn.slick.Input.initControllers()V+11
j  org.newdawn.slick.AppGameContainer.setup()V+144
j  org.newdawn.slick.AppGameContainer.start()V+1
j  main.Game.main([Ljava/lang/String;)V+53
v  ~StubRoutines::call_stub

---------------  P R O C E S S  ---------------

Java Threads: ( => current thread )
  0x00007ff0a40df000 JavaThread "AWT-Shutdown" [_thread_blocked, id=28935, stack(0x0000000124c13000,0x0000000124d13000)]
  0x00007ff0a5024000 JavaThread "AppKit Thread" daemon [_thread_in_native, id=1811, stack(0x00007fff558d5000,0x00007fff560d5000)]
  0x00007ff0a482d000 JavaThread "Service Thread" daemon [_thread_blocked, id=18179, stack(0x0000000123185000,0x0000000123285000)]
  0x00007ff0a480a800 JavaThread "C1 CompilerThread2" daemon [_thread_blocked, id=17667, stack(0x0000000123082000,0x0000000123182000)]
  0x00007ff0a4809800 JavaThread "C2 CompilerThread1" daemon [_thread_blocked, id=17155, stack(0x0000000122f7f000,0x000000012307f000)]
  0x00007ff0a5013000 JavaThread "C2 CompilerThread0" daemon [_thread_blocked, id=16643, stack(0x0000000122e7c000,0x0000000122f7c000)]
  0x00007ff0a4808000 JavaThread "Signal Dispatcher" daemon [_thread_blocked, id=13335, stack(0x0000000122d79000,0x0000000122e79000)]
  0x00007ff0a500c800 JavaThread "Finalizer" daemon [_thread_blocked, id=11523, stack(0x000000012143d000,0x000000012153d000)]
  0x00007ff0a500b800 JavaThread "Reference Handler" daemon [_thread_blocked, id=11011, stack(0x000000012133a000,0x000000012143a000)]
=>0x00007ff0a4006000 JavaThread "main" [_thread_in_native, id=4867, stack(0x0000000109c41000,0x0000000109d41000)]

Other Threads:
  0x00007ff0a5007000 VMThread [stack: 0x0000000121237000,0x0000000121337000] [id=10499]
  0x00007ff0a4806000 WatcherThread [stack: 0x0000000123288000,0x0000000123388000] [id=18691]

VM state:not at safepoint (normal execution)

VM Mutex/Monitor currently owned by a thread: None

Heap:
 PSYoungGen      total 38400K, used 8978K [0x0000000795580000, 0x0000000798000000, 0x00000007c0000000)
  eden space 33280K, 26% used [0x0000000795580000,0x0000000795e44830,0x0000000797600000)
  from space 5120K, 0% used [0x0000000797b00000,0x0000000797b00000,0x0000000798000000)
  to   space 5120K, 0% used [0x0000000797600000,0x0000000797600000,0x0000000797b00000)
 ParOldGen       total 87552K, used 0K [0x0000000740000000, 0x0000000745580000, 0x0000000795580000)
  object space 87552K, 0% used [0x0000000740000000,0x0000000740000000,0x0000000745580000)
 Metaspace       used 6455K, capacity 6613K, committed 6912K, reserved 1056768K
  class space    used 656K, capacity 693K, committed 768K, reserved 1048576K

Card table byte_map: [0x000000011a8db000,0x000000011acdc000] byte_map_base: 0x0000000116edb000

Marking Bits: (ParMarkBitMap*) 0x000000010ae9c330
 Begin Bits: [0x000000011b393000, 0x000000011d393000)
 End Bits:   [0x000000011d393000, 0x000000011f393000)

Polling page: 0x0000000109d85000

CodeCache: size=245760Kb used=2002Kb max_used=2005Kb free=243757Kb
 bounds [0x000000010b51b000, 0x000000010b78b000, 0x000000011a51b000]
 total_blobs=823 nmethods=441 adapters=297
 compilation: enabled

Compilation events (10 events):
Event: 0.469 Thread 0x00007ff0a480a800  436       3       java.io.UnixFileSystem::getBooleanAttributes (49 bytes)
Event: 0.470 Thread 0x00007ff0a480a800 nmethod 436 0x000000010b7113d0 code [0x000000010b711580, 0x000000010b711b08]
Event: 0.473 Thread 0x00007ff0a480a800  438       3       java.util.AbstractMap::<init> (5 bytes)
Event: 0.473 Thread 0x00007ff0a480a800 nmethod 438 0x000000010b70c4d0 code [0x000000010b70c640, 0x000000010b70c7f0]
Event: 0.479 Thread 0x00007ff0a480a800  439       3       java.net.URL::equals (24 bytes)
Event: 0.479 Thread 0x00007ff0a480a800 nmethod 439 0x000000010b710d10 code [0x000000010b710ea0, 0x000000010b7112e8]
Event: 0.479 Thread 0x00007ff0a480a800  440       3       java.net.URLStreamHandler::equals (45 bytes)
Event: 0.480 Thread 0x00007ff0a480a800 nmethod 440 0x000000010b710510 code [0x000000010b7106a0, 0x000000010b710bd8]
Event: 0.485 Thread 0x00007ff0a480a800  441       1       java.util.HashMap::afterNodeInsertion (1 bytes)
Event: 0.485 Thread 0x00007ff0a480a800 nmethod 441 0x000000010b704650 code [0x000000010b7047a0, 0x000000010b7048b0]

GC Heap History (0 events):
No events

Deoptimization events (0 events):
No events

Internal exceptions (10 events):
Event: 0.468 Thread 0x00007ff0a4006000 Exception <a 'java/security/PrivilegedActionException'> (0x0000000795dce978) thrown at [/HUDSON3/workspace/8-2-build-macosx-x86_64/jdk8u20/1074/hotspot/src/share/vm/prims/jvm.cpp, line 1275]
Event: 0.469 Thread 0x00007ff0a4006000 Exception <a 'java/security/PrivilegedActionException'> (0x0000000795dd43d8) thrown at [/HUDSON3/workspace/8-2-build-macosx-x86_64/jdk8u20/1074/hotspot/src/share/vm/prims/jvm.cpp, line 1275]
Event: 0.471 Thread 0x00007ff0a4006000 Exception <a 'java/security/PrivilegedActionException'> (0x0000000795dd7668) thrown at [/HUDSON3/workspace/8-2-build-macosx-x86_64/jdk8u20/1074/hotspot/src/share/vm/prims/jvm.cpp, line 1275]
Event: 0.474 Thread 0x00007ff0a4006000 Exception <a 'java/security/PrivilegedActionException'> (0x0000000795de8d48) thrown at [/HUDSON3/workspace/8-2-build-macosx-x86_64/jdk8u20/1074/hotspot/src/share/vm/prims/jvm.cpp, line 1275]
Event: 0.474 Thread 0x00007ff0a4006000 Exception <a 'java/security/PrivilegedActionException'> (0x0000000795dee760) thrown at [/HUDSON3/workspace/8-2-build-macosx-x86_64/jdk8u20/1074/hotspot/src/share/vm/prims/jvm.cpp, line 1275]
Event: 0.475 Thread 0x00007ff0a4006000 Exception <a 'java/security/PrivilegedActionException'> (0x0000000795df41e8) thrown at [/HUDSON3/workspace/8-2-build-macosx-x86_64/jdk8u20/1074/hotspot/src/share/vm/prims/jvm.cpp, line 1275]
Event: 0.475 Thread 0x00007ff0a4006000 Exception <a 'java/security/PrivilegedActionException'> (0x0000000795df6cc0) thrown at [/HUDSON3/workspace/8-2-build-macosx-x86_64/jdk8u20/1074/hotspot/src/share/vm/prims/jvm.cpp, line 1275]
Event: 0.475 Thread 0x00007ff0a4006000 Exception <a 'java/security/PrivilegedActionException'> (0x0000000795dfb8d0) thrown at [/HUDSON3/workspace/8-2-build-macosx-x86_64/jdk8u20/1074/hotspot/src/share/vm/prims/jvm.cpp, line 1275]
Event: 0.476 Thread 0x00007ff0a4006000 Exception <a 'java/security/PrivilegedActionException'> (0x0000000795e06a58) thrown at [/HUDSON3/workspace/8-2-build-macosx-x86_64/jdk8u20/1074/hotspot/src/share/vm/prims/jvm.cpp, line 1275]
Event: 0.479 Thread 0x00007ff0a4006000 Exception <a 'java/security/PrivilegedActionException'> (0x0000000795e11418) thrown at [/HUDSON3/workspace/8-2-build-macosx-x86_64/jdk8u20/1074/hotspot/src/share/vm/prims/jvm.cpp, line 1275]

Events (10 events):
Event: 0.475 loading class net/java/games/input/Usage
Event: 0.475 loading class net/java/games/input/Usage done
Event: 0.475 loading class net/java/games/input/Component$Identifier$Axis
Event: 0.475 loading class net/java/games/input/Component$Identifier$Axis done
Event: 0.475 loading class net/java/games/input/KeyboardUsage
Event: 0.475 loading class net/java/games/input/KeyboardUsage done
Event: 0.476 loading class net/java/games/input/Component$Identifier$Key
Event: 0.476 loading class net/java/games/input/Component$Identifier$Key done
Event: 0.479 loading class net/java/games/input/ButtonUsage
Event: 0.479 loading class net/java/games/input/ButtonUsage done


Dynamic libraries:
0x00000000028c1000 	/System/Library/Frameworks/Cocoa.framework/Versions/A/Cocoa
0x00000000028c1000 	/System/Library/Frameworks/Security.framework/Versions/A/Security
0x00000000028c1000 	/System/Library/Frameworks/ApplicationServices.framework/Versions/A/ApplicationServices
0x00000000028c1000 	/usr/lib/libz.1.dylib
0x00000000028c1000 	/usr/lib/libSystem.B.dylib
0x00000000028c1000 	/usr/lib/libobjc.A.dylib
0x00000000028c1000 	/System/Library/Frameworks/CoreFoundation.framework/Versions/A/CoreFoundation
0x00000000028c1000 	/System/Library/Frameworks/Foundation.framework/Versions/C/Foundation
0x00000000028c1000 	/System/Library/Frameworks/AppKit.framework/Versions/C/AppKit
0x00000000028c1000 	/System/Library/Frameworks/CoreData.framework/Versions/A/CoreData
0x00000000028c1000 	/System/Library/PrivateFrameworks/RemoteViewServices.framework/Versions/A/RemoteViewServices
0x00000000028c1000 	/System/Library/PrivateFrameworks/UIFoundation.framework/Versions/A/UIFoundation
0x00000000028c1000 	/System/Library/Frameworks/IOSurface.framework/Versions/A/IOSurface
0x00000000028c1000 	/System/Library/Frameworks/AudioToolbox.framework/Versions/A/AudioToolbox
0x00000000028c1000 	/System/Library/Frameworks/AudioUnit.framework/Versions/A/AudioUnit
0x00000000028c1000 	/System/Library/PrivateFrameworks/DataDetectorsCore.framework/Versions/A/DataDetectorsCore
0x00000000028c1000 	/System/Library/PrivateFrameworks/DesktopServicesPriv.framework/Versions/A/DesktopServicesPriv
0x00000000028c1000 	/System/Library/Frameworks/Carbon.framework/Versions/A/Frameworks/HIToolbox.framework/Versions/A/HIToolbox
0x00000000028c1000 	/System/Library/Frameworks/QuartzCore.framework/Versions/A/QuartzCore
0x00000000028c1000 	/System/Library/Frameworks/Carbon.framework/Versions/A/Frameworks/SpeechRecognition.framework/Versions/A/SpeechRecognition
0x00000000028c1000 	/usr/lib/libauto.dylib
0x00000000028c1000 	/usr/lib/libicucore.A.dylib
0x00000000028c1000 	/usr/lib/libxml2.2.dylib
0x00000000028c1000 	/System/Library/PrivateFrameworks/CoreUI.framework/Versions/A/CoreUI
0x00000000028c1000 	/System/Library/Frameworks/CoreAudio.framework/Versions/A/CoreAudio
0x00000000028c1000 	/System/Library/Frameworks/DiskArbitration.framework/Versions/A/DiskArbitration
0x00000000028c1000 	/usr/lib/liblangid.dylib
0x00000000028c1000 	/System/Library/PrivateFrameworks/MultitouchSupport.framework/Versions/A/MultitouchSupport
0x00000000028c1000 	/System/Library/Frameworks/IOKit.framework/Versions/A/IOKit
0x00000000028c1000 	/usr/lib/libDiagnosticMessagesClient.dylib
0x00000000028c1000 	/System/Library/Frameworks/CoreServices.framework/Versions/A/CoreServices
0x00000000028c1000 	/System/Library/PrivateFrameworks/PerformanceAnalysis.framework/Versions/A/PerformanceAnalysis
0x00000000028c1000 	/System/Library/PrivateFrameworks/GenerationalStorage.framework/Versions/A/GenerationalStorage
0x00000000028c1000 	/System/Library/Frameworks/OpenGL.framework/Versions/A/OpenGL
0x00000000028c1000 	/System/Library/PrivateFrameworks/Sharing.framework/Versions/A/Sharing
0x00000000028c1000 	/System/Library/Frameworks/CoreGraphics.framework/Versions/A/CoreGraphics
0x00000000028c1000 	/System/Library/Frameworks/CoreText.framework/Versions/A/CoreText
0x00000000028c1000 	/System/Library/Frameworks/ImageIO.framework/Versions/A/ImageIO
0x00000000028c1000 	/usr/lib/libextension.dylib
0x00000000028c1000 	/System/Library/PrivateFrameworks/Backup.framework/Versions/A/Backup
0x00000000028c1000 	/usr/lib/libarchive.2.dylib
0x00000000028c1000 	/System/Library/Frameworks/CFNetwork.framework/Versions/A/CFNetwork
0x00000000028c1000 	/System/Library/Frameworks/SystemConfiguration.framework/Versions/A/SystemConfiguration
0x00000000028c1000 	/usr/lib/libCRFSuite.dylib
0x00000000028c1000 	/usr/lib/libc++.1.dylib
0x00000000028c1000 	/usr/lib/libc++abi.dylib
0x00000000028c1000 	/usr/lib/system/libcache.dylib
0x00000000028c1000 	/usr/lib/system/libcommonCrypto.dylib
0x00000000028c1000 	/usr/lib/system/libcompiler_rt.dylib
0x00000000028c1000 	/usr/lib/system/libcopyfile.dylib
0x00000000028c1000 	/usr/lib/system/libcorecrypto.dylib
0x00000000028c1000 	/usr/lib/system/libdispatch.dylib
0x00000000028c1000 	/usr/lib/system/libdyld.dylib
0x00000000028c1000 	/usr/lib/system/libkeymgr.dylib
0x00000000028c1000 	/usr/lib/system/liblaunch.dylib
0x00000000028c1000 	/usr/lib/system/libmacho.dylib
0x00000000028c1000 	/usr/lib/system/libquarantine.dylib
0x00000000028c1000 	/usr/lib/system/libremovefile.dylib
0x00000000028c1000 	/usr/lib/system/libsystem_asl.dylib
0x00000000028c1000 	/usr/lib/system/libsystem_blocks.dylib
0x00000000028c1000 	/usr/lib/system/libsystem_c.dylib
0x00000000028c1000 	/usr/lib/system/libsystem_configuration.dylib
0x00000000028c1000 	/usr/lib/system/libsystem_coreservices.dylib
0x00000000028c1000 	/usr/lib/system/libsystem_coretls.dylib
0x00000000028c1000 	/usr/lib/system/libsystem_dnssd.dylib
0x00000000028c1000 	/usr/lib/system/libsystem_info.dylib
0x00000000028c1000 	/usr/lib/system/libsystem_kernel.dylib
0x00000000028c1000 	/usr/lib/system/libsystem_m.dylib
0x00000000028c1000 	/usr/lib/system/libsystem_malloc.dylib
0x00000000028c1000 	/usr/lib/system/libsystem_network.dylib
0x00000000028c1000 	/usr/lib/system/libsystem_networkextension.dylib
0x00000000028c1000 	/usr/lib/system/libsystem_notify.dylib
0x00000000028c1000 	/usr/lib/system/libsystem_platform.dylib
0x00000000028c1000 	/usr/lib/system/libsystem_pthread.dylib
0x00000000028c1000 	/usr/lib/system/libsystem_sandbox.dylib
0x00000000028c1000 	/usr/lib/system/libsystem_secinit.dylib
0x00000000028c1000 	/usr/lib/system/libsystem_stats.dylib
0x00000000028c1000 	/usr/lib/system/libsystem_trace.dylib
0x00000000028c1000 	/usr/lib/system/libunc.dylib
0x00000000028c1000 	/usr/lib/system/libunwind.dylib
0x00000000028c1000 	/usr/lib/system/libxpc.dylib
0x00000000028c1000 	/usr/lib/libbz2.1.0.dylib
0x00000000028c1000 	/usr/lib/liblzma.5.dylib
0x00000000028c1000 	/usr/lib/libbsm.0.dylib
0x00000000028c1000 	/usr/lib/libsqlite3.dylib
0x00000000028c1000 	/usr/lib/system/libkxld.dylib
0x00000000028c1000 	/usr/lib/libxar.1.dylib
0x00000000028c1000 	/usr/lib/libpam.2.dylib
0x00000000028c1000 	/usr/lib/libOpenScriptingUtil.dylib
0x00000000028c1000 	/System/Library/Frameworks/CoreServices.framework/Versions/A/Frameworks/FSEvents.framework/Versions/A/FSEvents
0x00000000028c1000 	/System/Library/Frameworks/CoreServices.framework/Versions/A/Frameworks/CarbonCore.framework/Versions/A/CarbonCore
0x00000000028c1000 	/System/Library/Frameworks/CoreServices.framework/Versions/A/Frameworks/Metadata.framework/Versions/A/Metadata
0x00000000028c1000 	/System/Library/Frameworks/CoreServices.framework/Versions/A/Frameworks/OSServices.framework/Versions/A/OSServices
0x00000000028c1000 	/System/Library/Frameworks/CoreServices.framework/Versions/A/Frameworks/SearchKit.framework/Versions/A/SearchKit
0x00000000028c1000 	/System/Library/Frameworks/CoreServices.framework/Versions/A/Frameworks/AE.framework/Versions/A/AE
0x00000000028c1000 	/System/Library/Frameworks/CoreServices.framework/Versions/A/Frameworks/LaunchServices.framework/Versions/A/LaunchServices
0x00000000028c1000 	/System/Library/Frameworks/CoreServices.framework/Versions/A/Frameworks/DictionaryServices.framework/Versions/A/DictionaryServices
0x00000000028c1000 	/System/Library/Frameworks/NetFS.framework/Versions/A/NetFS
0x00000000028c1000 	/System/Library/PrivateFrameworks/NetAuth.framework/Versions/A/NetAuth
0x00000000028c1000 	/System/Library/PrivateFrameworks/login.framework/Versions/A/Frameworks/loginsupport.framework/Versions/A/loginsupport
0x00000000028c1000 	/System/Library/PrivateFrameworks/TCC.framework/Versions/A/TCC
0x00000000028c1000 	/usr/lib/libmecabra.dylib
0x00000000028c1000 	/System/Library/Frameworks/ApplicationServices.framework/Versions/A/Frameworks/ATS.framework/Versions/A/ATS
0x00000000028c1000 	/System/Library/Frameworks/ApplicationServices.framework/Versions/A/Frameworks/ColorSync.framework/Versions/A/ColorSync
0x00000000028c1000 	/System/Library/Frameworks/ApplicationServices.framework/Versions/A/Frameworks/HIServices.framework/Versions/A/HIServices
0x00000000028c1000 	/System/Library/Frameworks/ApplicationServices.framework/Versions/A/Frameworks/LangAnalysis.framework/Versions/A/LangAnalysis
0x00000000028c1000 	/System/Library/Frameworks/ApplicationServices.framework/Versions/A/Frameworks/PrintCore.framework/Versions/A/PrintCore
0x00000000028c1000 	/System/Library/Frameworks/ApplicationServices.framework/Versions/A/Frameworks/QD.framework/Versions/A/QD
0x00000000028c1000 	/System/Library/Frameworks/ApplicationServices.framework/Versions/A/Frameworks/SpeechSynthesis.framework/Versions/A/SpeechSynthesis
0x00000000028c1000 	/System/Library/Frameworks/Accelerate.framework/Versions/A/Accelerate
0x00000000028c1000 	/System/Library/Frameworks/Accelerate.framework/Versions/A/Frameworks/vImage.framework/Versions/A/vImage
0x00000000028c1000 	/System/Library/Frameworks/Accelerate.framework/Versions/A/Frameworks/vecLib.framework/Versions/A/vecLib
0x00000000028c1000 	/System/Library/Frameworks/Accelerate.framework/Versions/A/Frameworks/vecLib.framework/Versions/A/libvDSP.dylib
0x00000000028c1000 	/System/Library/Frameworks/Accelerate.framework/Versions/A/Frameworks/vecLib.framework/Versions/A/libvMisc.dylib
0x00000000028c1000 	/System/Library/Frameworks/Accelerate.framework/Versions/A/Frameworks/vecLib.framework/Versions/A/libLAPACK.dylib
0x00000000028c1000 	/System/Library/Frameworks/Accelerate.framework/Versions/A/Frameworks/vecLib.framework/Versions/A/libBLAS.dylib
0x00000000028c1000 	/System/Library/Frameworks/Accelerate.framework/Versions/A/Frameworks/vecLib.framework/Versions/A/libLinearAlgebra.dylib
0x00000000028c1000 	/System/Library/Frameworks/ApplicationServices.framework/Versions/A/Frameworks/ATS.framework/Versions/A/Resources/libFontParser.dylib
0x00000000028c1000 	/System/Library/Frameworks/ApplicationServices.framework/Versions/A/Frameworks/ATS.framework/Versions/A/Resources/libFontRegistry.dylib
0x00000000028c1000 	/System/Library/PrivateFrameworks/AppleVPA.framework/Versions/A/AppleVPA
0x00000000028c1000 	/System/Library/PrivateFrameworks/AppleJPEG.framework/Versions/A/AppleJPEG
0x00000000028c1000 	/System/Library/Frameworks/ImageIO.framework/Versions/A/Resources/libJPEG.dylib
0x00000000028c1000 	/System/Library/Frameworks/ImageIO.framework/Versions/A/Resources/libTIFF.dylib
0x00000000028c1000 	/System/Library/Frameworks/ImageIO.framework/Versions/A/Resources/libPng.dylib
0x00000000028c1000 	/System/Library/Frameworks/ImageIO.framework/Versions/A/Resources/libGIF.dylib
0x00000000028c1000 	/System/Library/Frameworks/ImageIO.framework/Versions/A/Resources/libJP2.dylib
0x00000000028c1000 	/System/Library/Frameworks/ImageIO.framework/Versions/A/Resources/libRadiance.dylib
0x00000000028c1000 	/System/Library/Frameworks/CoreVideo.framework/Versions/A/CoreVideo
0x00000000028c1000 	/System/Library/Frameworks/OpenGL.framework/Versions/A/Libraries/libGLU.dylib
0x00000000028c1000 	/System/Library/Frameworks/OpenGL.framework/Versions/A/Libraries/libGFXShared.dylib
0x00000000028c1000 	/System/Library/Frameworks/OpenGL.framework/Versions/A/Libraries/libGL.dylib
0x00000000028c1000 	/System/Library/Frameworks/OpenGL.framework/Versions/A/Libraries/libGLImage.dylib
0x00000000028c1000 	/System/Library/Frameworks/OpenGL.framework/Versions/A/Libraries/libCVMSPluginSupport.dylib
0x00000000028c1000 	/System/Library/Frameworks/OpenGL.framework/Versions/A/Libraries/libCoreVMClient.dylib
0x00000000028c1000 	/usr/lib/libcups.2.dylib
0x00000000028c1000 	/System/Library/Frameworks/Kerberos.framework/Versions/A/Kerberos
0x00000000028c1000 	/System/Library/Frameworks/GSS.framework/Versions/A/GSS
0x00000000028c1000 	/usr/lib/libresolv.9.dylib
0x00000000028c1000 	/usr/lib/libiconv.2.dylib
0x00000000028c1000 	/System/Library/PrivateFrameworks/Heimdal.framework/Versions/A/Heimdal
0x00000000028c1000 	/usr/lib/libheimdal-asn1.dylib
0x00000000028c1000 	/System/Library/Frameworks/OpenDirectory.framework/Versions/A/OpenDirectory
0x00000000028c1000 	/System/Library/PrivateFrameworks/CommonAuth.framework/Versions/A/CommonAuth
0x00000000028c1000 	/System/Library/Frameworks/OpenDirectory.framework/Versions/A/Frameworks/CFOpenDirectory.framework/Versions/A/CFOpenDirectory
0x00000000028c1000 	/System/Library/Frameworks/SecurityFoundation.framework/Versions/A/SecurityFoundation
0x00000000028c1000 	/System/Library/PrivateFrameworks/LanguageModeling.framework/Versions/A/LanguageModeling
0x00000000028c1000 	/usr/lib/libcmph.dylib
0x00000000028c1000 	/System/Library/Frameworks/ServiceManagement.framework/Versions/A/ServiceManagement
0x00000000028c1000 	/usr/lib/libxslt.1.dylib
0x00000000028c1000 	/System/Library/Frameworks/Carbon.framework/Versions/A/Frameworks/Ink.framework/Versions/A/Ink
0x00000000028c1000 	/System/Library/Frameworks/QuartzCore.framework/Versions/A/Frameworks/CoreImage.framework/Versions/A/CoreImage
0x00000000028c1000 	/System/Library/PrivateFrameworks/CrashReporterSupport.framework/Versions/A/CrashReporterSupport
0x00000000028c1000 	/System/Library/Frameworks/OpenCL.framework/Versions/A/OpenCL
0x00000000028c1000 	/System/Library/PrivateFrameworks/FaceCore.framework/Versions/A/FaceCore
0x00000000028c1000 	/System/Library/PrivateFrameworks/Ubiquity.framework/Versions/A/Ubiquity
0x00000000028c1000 	/System/Library/PrivateFrameworks/IconServices.framework/Versions/A/IconServices
0x00000000028c1000 	/System/Library/PrivateFrameworks/ChunkingLibrary.framework/Versions/A/ChunkingLibrary
0x00000000028c1000 	/System/Library/PrivateFrameworks/Apple80211.framework/Versions/A/Apple80211
0x00000000028c1000 	/System/Library/Frameworks/CoreWLAN.framework/Versions/A/CoreWLAN
0x00000000028c1000 	/System/Library/Frameworks/IOBluetooth.framework/Versions/A/IOBluetooth
0x00000000028c1000 	/System/Library/PrivateFrameworks/CoreWiFi.framework/Versions/A/CoreWiFi
0x00000000028c1000 	/System/Library/Frameworks/CoreBluetooth.framework/Versions/A/CoreBluetooth
0x00000000028c1000 	/System/Library/PrivateFrameworks/DebugSymbols.framework/Versions/A/DebugSymbols
0x00000000028c1000 	/System/Library/PrivateFrameworks/CoreSymbolication.framework/Versions/A/CoreSymbolication
0x00000000028c1000 	/System/Library/PrivateFrameworks/Symbolication.framework/Versions/A/Symbolication
0x00000000028c1000 	/System/Library/PrivateFrameworks/SpeechRecognitionCore.framework/Versions/A/SpeechRecognitionCore
0x000000010a600000 	/Library/Java/JavaVirtualMachines/jdk1.8.0_20.jdk/Contents/Home/jre/lib/server/libjvm.dylib
0x00000000028c1000 	/usr/lib/libstdc++.6.dylib
0x0000000109d43000 	/Library/Java/JavaVirtualMachines/jdk1.8.0_20.jdk/Contents/Home/jre/lib/libverify.dylib
0x0000000109d51000 	/Library/Java/JavaVirtualMachines/jdk1.8.0_20.jdk/Contents/Home/jre/lib/libjava.dylib
0x0000000109d8f000 	/Library/Java/JavaVirtualMachines/jdk1.8.0_20.jdk/Contents/Home/jre/lib/libzip.dylib
0x0000000109de9000 	/System/Library/Frameworks/JavaVM.framework/Frameworks/JavaRuntimeSupport.framework/JavaRuntimeSupport
0x000000012153f000 	/System/Library/Frameworks/JavaVM.framework/Versions/A/Frameworks/JavaNativeFoundation.framework/Versions/A/JavaNativeFoundation
0x0000000121553000 	/System/Library/Frameworks/JavaVM.framework/Versions/A/JavaVM
0x00000000028c1000 	/System/Library/Frameworks/Carbon.framework/Versions/A/Carbon
0x000000012155f000 	/System/Library/PrivateFrameworks/JavaLaunching.framework/Versions/A/JavaLaunching
0x00000000028c1000 	/System/Library/Frameworks/Carbon.framework/Versions/A/Frameworks/CommonPanels.framework/Versions/A/CommonPanels
0x00000000028c1000 	/System/Library/Frameworks/Carbon.framework/Versions/A/Frameworks/Help.framework/Versions/A/Help
0x00000000028c1000 	/System/Library/Frameworks/Carbon.framework/Versions/A/Frameworks/ImageCapture.framework/Versions/A/ImageCapture
0x00000000028c1000 	/System/Library/Frameworks/Carbon.framework/Versions/A/Frameworks/OpenScripting.framework/Versions/A/OpenScripting
0x00000000028c1000 	/System/Library/Frameworks/Carbon.framework/Versions/A/Frameworks/Print.framework/Versions/A/Print
0x00000000028c1000 	/System/Library/Frameworks/Carbon.framework/Versions/A/Frameworks/SecurityHI.framework/Versions/A/SecurityHI
0x00000001233a1000 	/Library/Java/JavaVirtualMachines/jdk1.8.0_20.jdk/Contents/Home/jre/lib/libawt.dylib
0x0000000123450000 	/Library/Java/JavaVirtualMachines/jdk1.8.0_20.jdk/Contents/Home/jre/lib/./libmlib_image.dylib
0x000000012351c000 	/Library/Java/JavaVirtualMachines/jdk1.8.0_20.jdk/Contents/Home/jre/lib/libawt_lwawt.dylib
0x00000001235cf000 	/Library/Java/JavaVirtualMachines/jdk1.8.0_20.jdk/Contents/Home/jre/lib/./libosxapp.dylib
0x00000000028c1000 	/System/Library/Frameworks/ExceptionHandling.framework/Versions/A/ExceptionHandling
0x00000000028c1000 	/System/Library/PrivateFrameworks/CoreServicesInternal.framework/Versions/A/CoreServicesInternal
0x00000000028c1000 	/System/Library/PrivateFrameworks/CloudDocs.framework/Versions/A/CloudDocs
0x00000000028c1000 	/System/Library/PrivateFrameworks/CoreDuet.framework/Versions/A/CoreDuet
0x00000000028c1000 	/System/Library/Frameworks/CloudKit.framework/Versions/A/CloudKit
0x00000000028c1000 	/System/Library/PrivateFrameworks/ProtocolBuffer.framework/Versions/A/ProtocolBuffer
0x00000000028c1000 	/System/Library/PrivateFrameworks/CoreDuetDaemonProtocol.framework/Versions/A/CoreDuetDaemonProtocol
0x00000000028c1000 	/System/Library/PrivateFrameworks/CoreDuetDebugLogging.framework/Versions/A/CoreDuetDebugLogging
0x00000000028c1000 	/System/Library/Frameworks/CoreLocation.framework/Versions/A/CoreLocation
0x00000000028c1000 	/System/Library/Frameworks/Accounts.framework/Versions/A/Accounts
0x00000000028c1000 	/System/Library/PrivateFrameworks/ApplePushService.framework/Versions/A/ApplePushService
0x00000000028c1000 	/System/Library/PrivateFrameworks/GeoServices.framework/Versions/A/GeoServices
0x00000000028c1000 	/System/Library/PrivateFrameworks/OAuth.framework/Versions/A/OAuth
0x00000000028c1000 	/System/Library/PrivateFrameworks/CoreDaemon.framework/Versions/B/CoreDaemon
0x00000000028c1000 	/usr/lib/libcrypto.0.9.8.dylib
0x00000000028c1000 	/System/Library/PrivateFrameworks/AppleSRP.framework/Versions/A/AppleSRP
0x00000000028c1000 	/System/Library/PrivateFrameworks/TrustEvaluationAgent.framework/Versions/A/TrustEvaluationAgent
0x00000000028c1000 	/System/Library/Frameworks/CoreGraphics.framework/Versions/A/Resources/libCGCMS.A.dylib
0x00000000028c1000 	/System/Library/Frameworks/CoreGraphics.framework/Versions/A/Resources/libRIP.A.dylib
0x00000000028c1000 	/System/Library/Frameworks/CoreGraphics.framework/Versions/A/Resources/libCGXType.A.dylib
0x00000000028c1000 	/System/Library/Frameworks/OpenCL.framework/Versions/A/Libraries/libcldcpuengine.dylib
0x00000000028c1000 	/System/Library/PrivateFrameworks/DiskImages.framework/Versions/A/DiskImages
0x00000000028c1000 	/System/Library/Frameworks/DiscRecording.framework/Versions/A/DiscRecording
0x00000000028c1000 	/usr/lib/libcsfde.dylib
0x00000000028c1000 	/usr/lib/libcurl.4.dylib
0x00000000028c1000 	/System/Library/PrivateFrameworks/MediaKit.framework/Versions/A/MediaKit
0x00000000028c1000 	/System/Library/PrivateFrameworks/ProtectedCloudStorage.framework/Versions/A/ProtectedCloudStorage
0x00000000028c1000 	/usr/lib/libCoreStorage.dylib
0x00000000028c1000 	/System/Library/PrivateFrameworks/EFILogin.framework/Versions/A/EFILogin
0x00000000028c1000 	/usr/lib/libutil.dylib
0x00000000028c1000 	/System/Library/PrivateFrameworks/FindMyDevice.framework/Versions/A/FindMyDevice
0x00000000028c1000 	/System/Library/Frameworks/LDAP.framework/Versions/A/LDAP
0x00000000028c1000 	/usr/lib/libsasl2.2.dylib
0x00000001263bc000 	cl_kernels
0x00000001263be000 	/System/Library/Frameworks/OpenCL.framework/Versions/A/Libraries/ImageFormats/unorm8_bgra.dylib
0x00000001263ad000 	cl_kernels
0x00000000028c1000 	/System/Library/PrivateFrameworks/FamilyControls.framework/Versions/A/FamilyControls
0x00000000028c1000 	/System/Library/PrivateFrameworks/CommerceKit.framework/Versions/A/Frameworks/CommerceCore.framework/Versions/A/CommerceCore
0x00000000028c1000 	/System/Library/PrivateFrameworks/SystemAdministration.framework/Versions/A/SystemAdministration
0x00000000028c1000 	/System/Library/PrivateFrameworks/AppContainer.framework/Versions/A/AppContainer
0x00000000028c1000 	/System/Library/PrivateFrameworks/SecCodeWrapper.framework/Versions/A/SecCodeWrapper
0x00000000028c1000 	/System/Library/Frameworks/DirectoryService.framework/Versions/A/DirectoryService
0x00000000028c1000 	/System/Library/PrivateFrameworks/LoginUIKit.framework/Versions/A/Frameworks/LoginUICore.framework/Versions/A/LoginUICore
0x00000000028c1000 	/usr/lib/libodfde.dylib
0x0000000127584000 	/Library/Java/JavaVirtualMachines/jdk1.8.0_20.jdk/Contents/Home/jre/lib/libfontmanager.dylib
0x00000001275ea000 	/Users/mick/Documents/workspace/lwjgl-2.9.1/native/macosx/liblwjgl.jnilib
0x00000001258ec000 	/Library/Java/JavaVirtualMachines/jdk1.8.0_20.jdk/Contents/Home/jre/lib/libjawt.dylib
0x00000000028c1000 	/System/Library/Frameworks/OpenGL.framework/Versions/A/Resources/GLEngine.bundle/GLEngine
0x00000000028c1000 	/System/Library/Frameworks/OpenGL.framework/Versions/A/Libraries/libGLProgrammability.dylib
0x0000000000000000 	/System/Library/Extensions/AppleIntelHD4000GraphicsGLDriver.bundle/Contents/MacOS/AppleIntelHD4000GraphicsGLDriver
0x00000000028c1000 	/System/Library/PrivateFrameworks/IOAccelerator.framework/Versions/A/IOAccelerator
0x00000000028c1000 	/System/Library/PrivateFrameworks/GPUSupport.framework/Versions/A/Libraries/libGPUSupportMercury.dylib
0x00000000028c1000 	/System/Library/Frameworks/OpenGL.framework/Versions/A/Resources/GLRendererFloat.bundle/GLRendererFloat
0x0000000128080000 	/Users/mick/Documents/workspace/lwjgl-2.9.1/native/macosx/libjinput-osx.jnilib

VM Arguments:
jvm_args: -Djava.library.path=/Users/mick/Documents/workspace/lwjgl-2.9.1/native/macosx:/Users/mick/Documents/workspace/lwjgl-2.9.1/native/macosx:/Users/mick/Documents/workspace/lwjgl-2.9.1/native/macosx -Dfile.encoding=UTF-8 
java_command: main.Game
java_class_path (initial): /Users/mick/Documents/workspace/pow2r/bin:/Users/mick/Documents/workspace/slick/lib/slick.jar:/Users/mick/Documents/workspace/lwjgl-2.9.1/jar/jinput.jar:/Users/mick/Documents/workspace/lwjgl-2.9.1/jar/lwjgl_util.jar:/Users/mick/Documents/workspace/lwjgl-2.9.1/jar/lwjgl.jar
Launcher Type: SUN_STANDARD

Environment Variables:
PATH=/usr/bin:/bin:/usr/sbin:/sbin
SHELL=/bin/bash
DISPLAY=/private/tmp/com.apple.launchd.tjkTgP1iSB/org.macosforge.xquartz:0

Signal Handlers:
SIGSEGV: [libjvm.dylib+0x578fd7], sa_mask[0]=11111111011111110111111111111111, sa_flags=SA_ONSTACK|SA_RESTART|SA_SIGINFO
SIGBUS: [libjvm.dylib+0x578fd7], sa_mask[0]=11111111011111110111111111111111, sa_flags=SA_RESTART|SA_SIGINFO
SIGFPE: [libjvm.dylib+0x45ab0c], sa_mask[0]=11111111011111110111111111111111, sa_flags=SA_RESTART|SA_SIGINFO
SIGPIPE: [libjvm.dylib+0x45ab0c], sa_mask[0]=11111111011111110111111111111111, sa_flags=SA_RESTART|SA_SIGINFO
SIGXFSZ: [libjvm.dylib+0x45ab0c], sa_mask[0]=11111111011111110111111111111111, sa_flags=SA_RESTART|SA_SIGINFO
SIGILL: [libjvm.dylib+0x45ab0c], sa_mask[0]=11111111011111110111111111111111, sa_flags=SA_RESTART|SA_SIGINFO
SIGUSR1: SIG_DFL, sa_mask[0]=00000000000000000000000000000000, sa_flags=none
SIGUSR2: [libjvm.dylib+0x45a62a], sa_mask[0]=00100000000000000000000000000000, sa_flags=SA_RESTART|SA_SIGINFO
SIGHUP: [libjvm.dylib+0x458bfd], sa_mask[0]=11111111011111110111111111111111, sa_flags=SA_RESTART|SA_SIGINFO
SIGINT: [libjvm.dylib+0x458bfd], sa_mask[0]=11111111011111110111111111111111, sa_flags=SA_RESTART|SA_SIGINFO
SIGTERM: [libjvm.dylib+0x458bfd], sa_mask[0]=11111111011111110111111111111111, sa_flags=SA_RESTART|SA_SIGINFO
SIGQUIT: [libjvm.dylib+0x458bfd], sa_mask[0]=11111111011111110111111111111111, sa_flags=SA_RESTART|SA_SIGINFO


---------------  S Y S T E M  ---------------

OS:Bsduname:Darwin 14.1.0 Darwin Kernel Version 14.1.0: Mon Dec 22 23:10:38 PST 2014; root:xnu-2782.10.72~2/RELEASE_X86_64 x86_64
rlimit: STACK 8192k, CORE 0k, NPROC 709, NOFILE 10240, AS infinity
load average:1.05 1.22 1.25

CPU:total 4 (2 cores per cpu, 2 threads per core) family 6 model 58 stepping 9, cmov, cx8, fxsr, mmx, sse, sse2, sse3, ssse3, sse4.1, sse4.2, popcnt, avx, aes, clmul, erms, ht, tsc, tscinvbit, tscinv

Memory: 4k page, physical 8388608k(2844948k free)

/proc/meminfo:


vm_info: Java HotSpot(TM) 64-Bit Server VM (25.20-b23) for bsd-amd64 JRE (1.8.0_20-b26), built on Jul 30 2014 13:37:47 by "java_re" with gcc 4.2.1 (Based on Apple Inc. build 5658) (LLVM build 2336.9.00)

time: Mon Mar 16 20:45:40 2015
elapsed time: 0 seconds (0d 0h 0m 0s)

