#
# A fatal error has been detected by the Java Runtime Environment:
#
#  SIGSEGV (0xb) at pc=0x00007fff916c70dd, pid=442, tid=1811
#
# JRE version: Java(TM) SE Runtime Environment (8.0_20-b26) (build 1.8.0_20-b26)
# Java VM: Java HotSpot(TM) 64-Bit Server VM (25.20-b23 mixed mode bsd-amd64 compressed oops)
# Problematic frame:
# C  [libobjc.A.dylib+0x10dd]  objc_msgSend+0x1d
#
# Failed to write core dump. Core dumps have been disabled. To enable core dumping, try "ulimit -c unlimited" before starting Java again
#
# If you would like to submit a bug report, please visit:
#   http://bugreport.sun.com/bugreport/crash.jsp
# The crash happened outside the Java Virtual Machine in native code.
# See problematic frame for where to report the bug.
#

---------------  T H R E A D  ---------------

Current thread (0x00007ff9c3056000):  JavaThread "AppKit Thread" daemon [_thread_in_native, id=1811, stack(0x00007fff5c2d2000,0x00007fff5cad2000)]

siginfo: si_signo: 11 (SIGSEGV), si_code: 1 (SEGV_MAPERR), si_addr: 0x000007ff9c152610

Registers:
RAX=0x00007ff9c1545e70, RBX=0x00007fff5cacd8b8, RCX=0x0000000000000000, RDX=0x00007ff9c17a2180
RSP=0x00007fff5cacd6d8, RBP=0x00007fff5cacd6e0, RSI=0x00007fff8c3702b4, RDI=0x00007ff9c1545e70
R8 =0x00007fff5cacd6c0, R9 =0x0000000000000055, R10=0x00007fff8c3702b4, R11=0x000007ff9c1525f8
R12=0x00007ff9c1602620, R13=0x00000000000f42e8, R14=0x00007ff9c16a2e90, R15=0x00007fff5cacd818
RIP=0x00007fff916c70dd, EFLAGS=0x0000000000010202, ERR=0x0000000000000004
  TRAPNO=0x000000000000000e

Top of Stack: (sp=0x00007fff5cacd6d8)
0x00007fff5cacd6d8:   00007fff8a370cdc 00007fff5cacda40
0x00007fff5cacd6e8:   00007fff8a262244 00007fff5cacd76c
0x00007fff5cacd6f8:   00007fff5cacd770 00007fff5cacd774
0x00007fff5cacd708:   00007fff730e3c88 ffffffffffffffff
0x00007fff5cacd718:   00000000000007f8 00007fff730e3ca0
0x00007fff5cacd728:   00007ff9c16a2e90 0000000000000000
0x00007fff5cacd738:   00007fff5cacd810 0000000000000000
0x00007fff5cacd748:   00007ff9c1548950 00007fff5cacd890
0x00007fff5cacd758:   0000000000000055 00000000000f42ea
0x00007fff5cacd768:   00007ff9c17a2180 00007ff9c1548180
0x00007fff5cacd778:   00007ff9c1602620 0000000000000001
0x00007fff5cacd788:   00000000000f42e8 00007ff9c1602610
0x00007fff5cacd798:   00007fff862827ba 00000001c15466c0
0x00007fff5cacd7a8:   00007fff72ad10d0 0000000042000000
0x00007fff5cacd7b8:   00007fff8628ae13 00007fff730ae1d0
0x00007fff5cacd7c8:   00007fff5cacd898 0000000000000000
0x00007fff5cacd7d8:   00007fff74c508c8 0000000000000000
0x00007fff5cacd7e8:   0000000000000010 0001e60300000001
0x00007fff5cacd7f8:   00007ff9c1602644 0000000000000000
0x00007fff5cacd808:   00000000003daf01 00007ff9c15489d0
0x00007fff5cacd818:   00007ff9c16a2e90 0000000000000000
0x00007fff5cacd828:   00007fff8c3a834c 00007fff5cacd8d0
0x00007fff5cacd838:   00007fff878e7513 00007fff5cacd8b4
0x00007fff5cacd848:   00000000003db001 00000000ffffffff
0x00007fff5cacd858:   00007fff74c508c8 00000000003db000
0x00007fff5cacd868:   00007fff00000000 00007fff5cacd960
0x00007fff5cacd878:   00007fff89d6aedc 00007fff74c508e8
0x00007fff5cacd888:   00007fff8c3a834c 0000000000000051
0x00007fff5cacd898:   0000000000000000 00000000000f42df
0x00007fff5cacd8a8:   0000000000000053 0000000000000000
0x00007fff5cacd8b8:   00000000000f42e8 00007fff5cacd934
0x00007fff5cacd8c8:   00000000003dbb01 00000000ffffffff 

Instructions: (pc=0x00007fff916c70dd)
0x00007fff916c70bd:   00 00 00 48 85 ff 2e 74 7a 40 f6 c7 01 2e 75 7e
0x00007fff916c70cd:   49 bb f8 ff ff ff ff 7f 00 00 4c 23 1f 49 89 f2
0x00007fff916c70dd:   45 23 53 18 49 c1 e2 04 4d 03 53 10 49 3b 32 75
0x00007fff916c70ed:   04 41 ff 62 08 49 83 3a 00 74 6a 4d 3b 53 10 74 

Register to memory mapping:

RAX=0x00007ff9c1545e70 is an unknown value
RBX=0x00007fff5cacd8b8 is pointing into the stack for thread: 0x00007ff9c3056000
RCX=0x0000000000000000 is an unknown value
RDX=0x00007ff9c17a2180 is an unknown value
RSP=0x00007fff5cacd6d8 is pointing into the stack for thread: 0x00007ff9c3056000
RBP=0x00007fff5cacd6e0 is pointing into the stack for thread: 0x00007ff9c3056000
RSI=0x00007fff8c3702b4: -[NSTitlebarContainerView shouldRoundCorners]+0x5ced6 in /System/Library/Frameworks/AppKit.framework/Versions/C/AppKit at 0x00007fff8b99f000
RDI=0x00007ff9c1545e70 is an unknown value
R8 =0x00007fff5cacd6c0 is pointing into the stack for thread: 0x00007ff9c3056000
R9 =0x0000000000000055 is an unknown value
R10=0x00007fff8c3702b4: -[NSTitlebarContainerView shouldRoundCorners]+0x5ced6 in /System/Library/Frameworks/AppKit.framework/Versions/C/AppKit at 0x00007fff8b99f000
R11=0x000007ff9c1525f8 is an unknown value
R12=0x00007ff9c1602620 is an unknown value
R13=0x00000000000f42e8 is an unknown value
R14=0x00007ff9c16a2e90 is an unknown value
R15=0x00007fff5cacd818 is pointing into the stack for thread: 0x00007ff9c3056000


Stack: [0x00007fff5c2d2000,0x00007fff5cad2000],  sp=0x00007fff5cacd6d8,  free space=8173k
Native frames: (J=compiled Java code, j=interpreted, Vv=VM code, C=native code)
C  [libobjc.A.dylib+0x10dd]  objc_msgSend+0x1d
C  [CoreFoundation+0x10244]  _CFXNotificationPost+0xc44
C  [Foundation+0x2c31]  -[NSNotificationCenter postNotificationName:object:userInfo:]+0x42
C  [AppKit+0xdd776]  -[NSSurface _disposeSurface]+0x98
C  [AppKit+0xdd1da]  -[NSSurface setWindow:]+0x42
C  [AppKit+0x3b9ef]  -[NSView _setWindow:]+0xa22
C  [AppKit+0x3cc22]  -[NSView removeFromSuperview]+0x1c5
C  [AppKit+0x9140a]  -[NSView removeFromSuperviewWithoutNeedingDisplay]+0x26
C  [liblwjgl.jnilib+0x9c3e]  +[MacOSXKeyableWindow destroyWindow]+0xde
C  [Foundation+0x65cdc]  __NSThreadPerformPerform+0x125
C  [CoreFoundation+0x80681]  __CFRUNLOOP_IS_CALLING_OUT_TO_A_SOURCE0_PERFORM_FUNCTION__+0x11
C  [CoreFoundation+0x7280d]  __CFRunLoopDoSources0+0x10d
C  [CoreFoundation+0x71e3f]  __CFRunLoopRun+0x39f
C  [CoreFoundation+0x71858]  CFRunLoopRunSpecific+0x128
C  [HIToolbox+0x2eaef]  RunCurrentEventLoopInMode+0xeb
C  [HIToolbox+0x2e86a]  ReceiveNextEventCommon+0x1af
C  [HIToolbox+0x2e6ab]  _BlockUntilNextEventMatchingListInModeWithFilter+0x47
C  [AppKit+0x23f81]  _DPSNextEvent+0x3c4
C  [AppKit+0x23730]  -[NSApplication nextEventMatchingMask:untilDate:inMode:dequeue:]+0xc2
C  [libosxapp.dylib+0x242a]  -[NSApplicationAWT nextEventMatchingMask:untilDate:inMode:dequeue:]+0x7c
C  [AppKit+0x17593]  -[NSApplication run]+0x252
C  [libosxapp.dylib+0x223e]  +[NSApplicationAWT runAWTLoopWithApp:]+0x9c
C  [libawt_lwawt.dylib+0x4494f]  -[AWTStarter starter:]+0x389
C  [Foundation+0x65cdc]  __NSThreadPerformPerform+0x125
C  [CoreFoundation+0x80681]  __CFRUNLOOP_IS_CALLING_OUT_TO_A_SOURCE0_PERFORM_FUNCTION__+0x11
C  [CoreFoundation+0x7280d]  __CFRunLoopDoSources0+0x10d
C  [CoreFoundation+0x71e3f]  __CFRunLoopRun+0x39f
C  [CoreFoundation+0x71858]  CFRunLoopRunSpecific+0x128
C  [java+0x56cc]  CreateExecutionEnvironment+0x367
C  [java+0x165c]  JLI_Launch+0x7a0
C  [java+0x768a]  main+0x65
C  [java+0xeb4]  start+0x34
C  0x0000000000000006


---------------  P R O C E S S  ---------------

Java Threads: ( => current thread )
  0x00007ff9c190d000 JavaThread "AWT-Shutdown" [_thread_blocked, id=34583, stack(0x000000011ab6d000,0x000000011ac6d000)]
=>0x00007ff9c3056000 JavaThread "AppKit Thread" daemon [_thread_in_native, id=1811, stack(0x00007fff5c2d2000,0x00007fff5cad2000)]
  0x00007ff9c203d000 JavaThread "Service Thread" daemon [_thread_blocked, id=17923, stack(0x000000011c704000,0x000000011c804000)]
  0x00007ff9c2821000 JavaThread "C1 CompilerThread2" daemon [_thread_blocked, id=17411, stack(0x000000011c601000,0x000000011c701000)]
  0x00007ff9c2011800 JavaThread "C2 CompilerThread1" daemon [_thread_blocked, id=16899, stack(0x000000011c4fe000,0x000000011c5fe000)]
  0x00007ff9c302c000 JavaThread "C2 CompilerThread0" daemon [_thread_blocked, id=16155, stack(0x000000011c3fb000,0x000000011c4fb000)]
  0x00007ff9c3006800 JavaThread "Signal Dispatcher" daemon [_thread_blocked, id=12811, stack(0x000000011c2f8000,0x000000011c3f8000)]
  0x00007ff9c2001000 JavaThread "Finalizer" daemon [_thread_blocked, id=11011, stack(0x000000011aa3f000,0x000000011ab3f000)]
  0x00007ff9c2004800 JavaThread "Reference Handler" daemon [_thread_blocked, id=10499, stack(0x000000011a93c000,0x000000011aa3c000)]
  0x00007ff9c3004000 JavaThread "main" [_thread_in_native, id=3331, stack(0x0000000104148000,0x0000000104248000)]

Other Threads:
  0x00007ff9c2819000 VMThread [stack: 0x000000011a839000,0x000000011a939000] [id=9987]
  0x00007ff9c182b000 WatcherThread [stack: 0x000000011c807000,0x000000011c907000] [id=18435]

VM state:not at safepoint (normal execution)

VM Mutex/Monitor currently owned by a thread: None

Heap:
 PSYoungGen      total 36352K, used 31673K [0x0000000795580000, 0x0000000797e80000, 0x00000007c0000000)
  eden space 31744K, 99% used [0x0000000795580000,0x000000079743e660,0x0000000797480000)
  from space 4608K, 4% used [0x0000000797500000,0x0000000797530000,0x0000000797980000)
  to   space 5120K, 0% used [0x0000000797980000,0x0000000797980000,0x0000000797e80000)
 ParOldGen       total 87552K, used 3379K [0x0000000740000000, 0x0000000745580000, 0x0000000795580000)
  object space 87552K, 3% used [0x0000000740000000,0x000000074034cc28,0x0000000745580000)
 Metaspace       used 8770K, capacity 8897K, committed 9216K, reserved 1056768K
  class space    used 888K, capacity 919K, committed 1024K, reserved 1048576K

Card table byte_map: [0x0000000114000000,0x0000000114401000] byte_map_base: 0x0000000110600000

Marking Bits: (ParMarkBitMap*) 0x0000000103ac8330
 Begin Bits: [0x00000001149b5000, 0x00000001169b5000)
 End Bits:   [0x00000001169b5000, 0x00000001189b5000)

Polling page: 0x000000010428c000

CodeCache: size=245760Kb used=4529Kb max_used=4530Kb free=241230Kb
 bounds [0x000000010429f000, 0x000000010471f000, 0x000000011329f000]
 total_blobs=1685 nmethods=1273 adapters=327
 compilation: enabled

Compilation events (10 events):
Event: 21.992 Thread 0x00007ff9c2821000 1269       3       java.util.HashSet::isEmpty (8 bytes)
Event: 21.992 Thread 0x00007ff9c2821000 nmethod 1269 0x000000010470b190 code [0x000000010470b300, 0x000000010470b590]
Event: 22.088 Thread 0x00007ff9c2821000 1270       3       java.nio.Buffer::nextPutIndex (38 bytes)
Event: 22.088 Thread 0x00007ff9c2821000 nmethod 1270 0x000000010470ad10 code [0x000000010470ae80, 0x000000010470b0a8]
Event: 22.095 Thread 0x00007ff9c2821000 1271       1       java.nio.HeapByteBuffer::_put (8 bytes)
Event: 22.095 Thread 0x00007ff9c2821000 nmethod 1271 0x000000010470a9d0 code [0x000000010470ab20, 0x000000010470ac50]
Event: 22.110 Thread 0x00007ff9c2821000 1272       3       java.nio.Buffer::nextGetIndex (38 bytes)
Event: 22.110 Thread 0x00007ff9c2821000 nmethod 1272 0x000000010470a550 code [0x000000010470a6c0, 0x000000010470a8e8]
Event: 22.365 Thread 0x00007ff9c2821000 1273       1       java.nio.HeapByteBuffer::_get (7 bytes)
Event: 22.365 Thread 0x00007ff9c2821000 nmethod 1273 0x000000010470a210 code [0x000000010470a360, 0x000000010470a490]

GC Heap History (10 events):
Event: 8.216 GC heap before
{Heap before GC invocations=3 (full 0):
 PSYoungGen      total 38400K, used 36648K [0x0000000795580000, 0x0000000798000000, 0x00000007c0000000)
  eden space 33280K, 100% used [0x0000000795580000,0x0000000797600000,0x0000000797600000)
  from space 5120K, 65% used [0x0000000797b00000,0x0000000797e4a168,0x0000000798000000)
  to   space 5120K, 0% used [0x0000000797600000,0x0000000797600000,0x0000000797b00000)
 ParOldGen       total 87552K, used 88K [0x0000000740000000, 0x0000000745580000, 0x0000000795580000)
  object space 87552K, 0% used [0x0000000740000000,0x0000000740016010,0x0000000745580000)
 Metaspace       used 8746K, capacity 8833K, committed 8960K, reserved 1056768K
  class space    used 887K, capacity 919K, committed 1024K, reserved 1048576K
Event: 8.219 GC heap after
Heap after GC invocations=3 (full 0):
 PSYoungGen      total 38400K, used 3414K [0x0000000795580000, 0x0000000798000000, 0x00000007c0000000)
  eden space 33280K, 0% used [0x0000000795580000,0x0000000795580000,0x0000000797600000)
  from space 5120K, 66% used [0x0000000797600000,0x0000000797955878,0x0000000797b00000)
  to   space 5120K, 0% used [0x0000000797b00000,0x0000000797b00000,0x0000000798000000)
 ParOldGen       total 87552K, used 96K [0x0000000740000000, 0x0000000745580000, 0x0000000795580000)
  object space 87552K, 0% used [0x0000000740000000,0x0000000740018010,0x0000000745580000)
 Metaspace       used 8746K, capacity 8833K, committed 8960K, reserved 1056768K
  class space    used 887K, capacity 919K, committed 1024K, reserved 1048576K
}
Event: 11.046 GC heap before
{Heap before GC invocations=4 (full 0):
 PSYoungGen      total 38400K, used 36694K [0x0000000795580000, 0x0000000798000000, 0x00000007c0000000)
  eden space 33280K, 100% used [0x0000000795580000,0x0000000797600000,0x0000000797600000)
  from space 5120K, 66% used [0x0000000797600000,0x0000000797955878,0x0000000797b00000)
  to   space 5120K, 0% used [0x0000000797b00000,0x0000000797b00000,0x0000000798000000)
 ParOldGen       total 87552K, used 96K [0x0000000740000000, 0x0000000745580000, 0x0000000795580000)
  object space 87552K, 0% used [0x0000000740000000,0x0000000740018010,0x0000000745580000)
 Metaspace       used 8759K, capacity 8833K, committed 8960K, reserved 1056768K
  class space    used 887K, capacity 919K, committed 1024K, reserved 1048576K
Event: 11.051 GC heap after
Heap after GC invocations=4 (full 0):
 PSYoungGen      total 38400K, used 3368K [0x0000000795580000, 0x0000000798000000, 0x00000007c0000000)
  eden space 33280K, 0% used [0x0000000795580000,0x0000000795580000,0x0000000797600000)
  from space 5120K, 65% used [0x0000000797b00000,0x0000000797e4a168,0x0000000798000000)
  to   space 5120K, 0% used [0x0000000797600000,0x0000000797600000,0x0000000797b00000)
 ParOldGen       total 87552K, used 104K [0x0000000740000000, 0x0000000745580000, 0x0000000795580000)
  object space 87552K, 0% used [0x0000000740000000,0x000000074001a010,0x0000000745580000)
 Metaspace       used 8759K, capacity 8833K, committed 8960K, reserved 1056768K
  class space    used 887K, capacity 919K, committed 1024K, reserved 1048576K
}
Event: 14.178 GC heap before
{Heap before GC invocations=5 (full 0):
 PSYoungGen      total 38400K, used 36648K [0x0000000795580000, 0x0000000798000000, 0x00000007c0000000)
  eden space 33280K, 100% used [0x0000000795580000,0x0000000797600000,0x0000000797600000)
  from space 5120K, 65% used [0x0000000797b00000,0x0000000797e4a168,0x0000000798000000)
  to   space 5120K, 0% used [0x0000000797600000,0x0000000797600000,0x0000000797b00000)
 ParOldGen       total 87552K, used 104K [0x0000000740000000, 0x0000000745580000, 0x0000000795580000)
  object space 87552K, 0% used [0x0000000740000000,0x000000074001a010,0x0000000745580000)
 Metaspace       used 8759K, capacity 8833K, committed 8960K, reserved 1056768K
  class space    used 887K, capacity 919K, committed 1024K, reserved 1048576K
Event: 14.181 GC heap after
Heap after GC invocations=5 (full 0):
 PSYoungGen      total 36352K, used 3400K [0x0000000795580000, 0x0000000797e80000, 0x00000007c0000000)
  eden space 32768K, 0% used [0x0000000795580000,0x0000000795580000,0x0000000797580000)
  from space 3584K, 94% used [0x0000000797600000,0x0000000797952168,0x0000000797980000)
  to   space 4608K, 0% used [0x0000000797a00000,0x0000000797a00000,0x0000000797e80000)
 ParOldGen       total 87552K, used 112K [0x0000000740000000, 0x0000000745580000, 0x0000000795580000)
  object space 87552K, 0% used [0x0000000740000000,0x000000074001c010,0x0000000745580000)
 Metaspace       used 8759K, capacity 8833K, committed 8960K, reserved 1056768K
  class space    used 887K, capacity 919K, committed 1024K, reserved 1048576K
}
Event: 16.959 GC heap before
{Heap before GC invocations=6 (full 0):
 PSYoungGen      total 36352K, used 36168K [0x0000000795580000, 0x0000000797e80000, 0x00000007c0000000)
  eden space 32768K, 100% used [0x0000000795580000,0x0000000797580000,0x0000000797580000)
  from space 3584K, 94% used [0x0000000797600000,0x0000000797952168,0x0000000797980000)
  to   space 4608K, 0% used [0x0000000797a00000,0x0000000797a00000,0x0000000797e80000)
 ParOldGen       total 87552K, used 112K [0x0000000740000000, 0x0000000745580000, 0x0000000795580000)
  object space 87552K, 0% used [0x0000000740000000,0x000000074001c010,0x0000000745580000)
 Metaspace       used 8760K, capacity 8833K, committed 8960K, reserved 1056768K
  class space    used 887K, capacity 919K, committed 1024K, reserved 1048576K
Event: 16.963 GC heap after
Heap after GC invocations=6 (full 0):
 PSYoungGen      total 36352K, used 3384K [0x0000000795580000, 0x0000000797e00000, 0x00000007c0000000)
  eden space 32256K, 0% used [0x0000000795580000,0x0000000795580000,0x0000000797500000)
  from space 4096K, 82% used [0x0000000797a00000,0x0000000797d4e178,0x0000000797e00000)
  to   space 4608K, 0% used [0x0000000797500000,0x0000000797500000,0x0000000797980000)
 ParOldGen       total 87552K, used 120K [0x0000000740000000, 0x0000000745580000, 0x0000000795580000)
  object space 87552K, 0% used [0x0000000740000000,0x000000074001e010,0x0000000745580000)
 Metaspace       used 8760K, capacity 8833K, committed 8960K, reserved 1056768K
  class space    used 887K, capacity 919K, committed 1024K, reserved 1048576K
}
Event: 19.776 GC heap before
{Heap before GC invocations=7 (full 0):
 PSYoungGen      total 36352K, used 35640K [0x0000000795580000, 0x0000000797e00000, 0x00000007c0000000)
  eden space 32256K, 100% used [0x0000000795580000,0x0000000797500000,0x0000000797500000)
  from space 4096K, 82% used [0x0000000797a00000,0x0000000797d4e178,0x0000000797e00000)
  to   space 4608K, 0% used [0x0000000797500000,0x0000000797500000,0x0000000797980000)
 ParOldGen       total 87552K, used 120K [0x0000000740000000, 0x0000000745580000, 0x0000000795580000)
  object space 87552K, 0% used [0x0000000740000000,0x000000074001e010,0x0000000745580000)
 Metaspace       used 8761K, capacity 8833K, committed 8960K, reserved 1056768K
  class space    used 887K, capacity 919K, committed 1024K, reserved 1048576K
Event: 19.780 GC heap after
Heap after GC invocations=7 (full 0):
 PSYoungGen      total 36352K, used 192K [0x0000000795580000, 0x0000000797e80000, 0x00000007c0000000)
  eden space 31744K, 0% used [0x0000000795580000,0x0000000795580000,0x0000000797480000)
  from space 4608K, 4% used [0x0000000797500000,0x0000000797530000,0x0000000797980000)
  to   space 5120K, 0% used [0x0000000797980000,0x0000000797980000,0x0000000797e80000)
 ParOldGen       total 87552K, used 3379K [0x0000000740000000, 0x0000000745580000, 0x0000000795580000)
  object space 87552K, 3% used [0x0000000740000000,0x000000074034cc28,0x0000000745580000)
 Metaspace       used 8761K, capacity 8833K, committed 8960K, reserved 1056768K
  class space    used 887K, capacity 919K, committed 1024K, reserved 1048576K
}

Deoptimization events (10 events):
Event: 1.075 Thread 0x00007ff9c3004000 Uncommon trap: reason=bimorphic action=maybe_recompile pc=0x0000000104574834 method=org.newdawn.slick.geom.Shape.checkPoints()V @ 12
Event: 1.093 Thread 0x00007ff9c3004000 Uncommon trap: reason=class_check action=maybe_recompile pc=0x00000001045834c0 method=org.newdawn.slick.geom.Rectangle.intersects(Lorg/newdawn/slick/geom/Shape;)Z @ 1
Event: 1.093 Thread 0x00007ff9c3004000 Uncommon trap: reason=class_check action=maybe_recompile pc=0x00000001045834c0 method=org.newdawn.slick.geom.Rectangle.intersects(Lorg/newdawn/slick/geom/Shape;)Z @ 1
Event: 1.094 Thread 0x00007ff9c3004000 Uncommon trap: reason=class_check action=maybe_recompile pc=0x00000001045834c0 method=org.newdawn.slick.geom.Rectangle.intersects(Lorg/newdawn/slick/geom/Shape;)Z @ 1
Event: 1.094 Thread 0x00007ff9c3004000 Uncommon trap: reason=class_check action=maybe_recompile pc=0x00000001045834c0 method=org.newdawn.slick.geom.Rectangle.intersects(Lorg/newdawn/slick/geom/Shape;)Z @ 1
Event: 1.398 Thread 0x00007ff9c3004000 Uncommon trap: reason=bimorphic action=maybe_recompile pc=0x0000000104574834 method=org.newdawn.slick.geom.Shape.checkPoints()V @ 12
Event: 1.737 Thread 0x00007ff9c3004000 Uncommon trap: reason=bimorphic action=maybe_recompile pc=0x0000000104574834 method=org.newdawn.slick.geom.Shape.checkPoints()V @ 12
Event: 2.076 Thread 0x00007ff9c3004000 Uncommon trap: reason=bimorphic action=maybe_recompile pc=0x0000000104574834 method=org.newdawn.slick.geom.Shape.checkPoints()V @ 12
Event: 2.414 Thread 0x00007ff9c3004000 Uncommon trap: reason=bimorphic action=maybe_recompile pc=0x0000000104624df4 method=org.newdawn.slick.geom.Shape.checkPoints()V @ 8
Event: 2.753 Thread 0x00007ff9c3004000 Uncommon trap: reason=bimorphic action=maybe_recompile pc=0x0000000104624df4 method=org.newdawn.slick.geom.Shape.checkPoints()V @ 8

Internal exceptions (10 events):
Event: 0.998 Thread 0x00007ff9c3004000 Exception <a 'java/security/PrivilegedActionException'> (0x0000000796506940) thrown at [/HUDSON3/workspace/8-2-build-macosx-x86_64/jdk8u20/1074/hotspot/src/share/vm/prims/jvm.cpp, line 1275]
Event: 0.999 Thread 0x00007ff9c3004000 Exception <a 'java/security/PrivilegedActionException'> (0x000000079650c6f8) thrown at [/HUDSON3/workspace/8-2-build-macosx-x86_64/jdk8u20/1074/hotspot/src/share/vm/prims/jvm.cpp, line 1275]
Event: 0.999 Thread 0x00007ff9c3004000 Exception <a 'java/security/PrivilegedActionException'> (0x0000000796511ea0) thrown at [/HUDSON3/workspace/8-2-build-macosx-x86_64/jdk8u20/1074/hotspot/src/share/vm/prims/jvm.cpp, line 1275]
Event: 1.001 Thread 0x00007ff9c3004000 Exception <a 'java/security/PrivilegedActionException'> (0x00000007965172f8) thrown at [/HUDSON3/workspace/8-2-build-macosx-x86_64/jdk8u20/1074/hotspot/src/share/vm/prims/jvm.cpp, line 1275]
Event: 1.003 Thread 0x00007ff9c3004000 Exception <a 'java/security/PrivilegedActionException'> (0x000000079651c100) thrown at [/HUDSON3/workspace/8-2-build-macosx-x86_64/jdk8u20/1074/hotspot/src/share/vm/prims/jvm.cpp, line 1275]
Event: 1.073 Thread 0x00007ff9c3004000 Exception <a 'java/security/PrivilegedActionException'> (0x000000079656f638) thrown at [/HUDSON3/workspace/8-2-build-macosx-x86_64/jdk8u20/1074/hotspot/src/share/vm/prims/jvm.cpp, line 1275]
Event: 1.074 Thread 0x00007ff9c3004000 Exception <a 'java/security/PrivilegedActionException'> (0x0000000796571730) thrown at [/HUDSON3/workspace/8-2-build-macosx-x86_64/jdk8u20/1074/hotspot/src/share/vm/prims/jvm.cpp, line 1275]
Event: 1.075 Thread 0x00007ff9c3004000 Exception <a 'java/security/PrivilegedActionException'> (0x0000000796575a18) thrown at [/HUDSON3/workspace/8-2-build-macosx-x86_64/jdk8u20/1074/hotspot/src/share/vm/prims/jvm.cpp, line 1275]
Event: 1.076 Thread 0x00007ff9c3004000 Exception <a 'java/security/PrivilegedActionException'> (0x0000000796577cb8) thrown at [/HUDSON3/workspace/8-2-build-macosx-x86_64/jdk8u20/1074/hotspot/src/share/vm/prims/jvm.cpp, line 1275]
Event: 22.808 Thread 0x00007ff9c3004000 Exception <a 'java/security/PrivilegedActionException'> (0x000000079742ddf8) thrown at [/HUDSON3/workspace/8-2-build-macosx-x86_64/jdk8u20/1074/hotspot/src/share/vm/prims/jvm.cpp, line 1275]

Events (10 events):
Event: 16.376 Executing VM operation: RevokeBias
Event: 16.376 Executing VM operation: RevokeBias done
Event: 16.376 Thread 0x00007ff9c29b4000 Thread exited: 0x00007ff9c29b4000
Event: 16.959 Executing VM operation: ParallelGCFailedAllocation
Event: 16.963 Executing VM operation: ParallelGCFailedAllocation done
Event: 19.776 Executing VM operation: ParallelGCFailedAllocation
Event: 19.780 Executing VM operation: ParallelGCFailedAllocation done
Event: 20.368 Thread 0x00007ff9c190d000 Thread added: 0x00007ff9c190d000
Event: 22.808 loading class org/lwjgl/opengl/CallbackUtil
Event: 22.808 loading class org/lwjgl/opengl/CallbackUtil done


Dynamic libraries:
0x00000000028c1000 	/System/Library/Frameworks/Cocoa.framework/Versions/A/Cocoa
0x00000000028c1000 	/System/Library/Frameworks/Security.framework/Versions/A/Security
0x00000000028c1000 	/System/Library/Frameworks/ApplicationServices.framework/Versions/A/ApplicationServices
0x00000000028c1000 	/usr/lib/libz.1.dylib
0x00000000028c1000 	/usr/lib/libSystem.B.dylib
0x00000000028c1000 	/usr/lib/libobjc.A.dylib
0x00000000028c1000 	/System/Library/Frameworks/CoreFoundation.framework/Versions/A/CoreFoundation
0x00000000028c1000 	/System/Library/Frameworks/Foundation.framework/Versions/C/Foundation
0x00000000028c1000 	/System/Library/Frameworks/AppKit.framework/Versions/C/AppKit
0x00000000028c1000 	/System/Library/Frameworks/CoreData.framework/Versions/A/CoreData
0x00000000028c1000 	/System/Library/PrivateFrameworks/RemoteViewServices.framework/Versions/A/RemoteViewServices
0x00000000028c1000 	/System/Library/PrivateFrameworks/UIFoundation.framework/Versions/A/UIFoundation
0x00000000028c1000 	/System/Library/Frameworks/IOSurface.framework/Versions/A/IOSurface
0x00000000028c1000 	/System/Library/Frameworks/AudioToolbox.framework/Versions/A/AudioToolbox
0x00000000028c1000 	/System/Library/Frameworks/AudioUnit.framework/Versions/A/AudioUnit
0x00000000028c1000 	/System/Library/PrivateFrameworks/DataDetectorsCore.framework/Versions/A/DataDetectorsCore
0x00000000028c1000 	/System/Library/PrivateFrameworks/DesktopServicesPriv.framework/Versions/A/DesktopServicesPriv
0x00000000028c1000 	/System/Library/Frameworks/Carbon.framework/Versions/A/Frameworks/HIToolbox.framework/Versions/A/HIToolbox
0x00000000028c1000 	/System/Library/Frameworks/QuartzCore.framework/Versions/A/QuartzCore
0x00000000028c1000 	/System/Library/Frameworks/Carbon.framework/Versions/A/Frameworks/SpeechRecognition.framework/Versions/A/SpeechRecognition
0x00000000028c1000 	/usr/lib/libauto.dylib
0x00000000028c1000 	/usr/lib/libicucore.A.dylib
0x00000000028c1000 	/usr/lib/libxml2.2.dylib
0x00000000028c1000 	/System/Library/PrivateFrameworks/CoreUI.framework/Versions/A/CoreUI
0x00000000028c1000 	/System/Library/Frameworks/CoreAudio.framework/Versions/A/CoreAudio
0x00000000028c1000 	/System/Library/Frameworks/DiskArbitration.framework/Versions/A/DiskArbitration
0x00000000028c1000 	/usr/lib/liblangid.dylib
0x00000000028c1000 	/System/Library/PrivateFrameworks/MultitouchSupport.framework/Versions/A/MultitouchSupport
0x00000000028c1000 	/System/Library/Frameworks/IOKit.framework/Versions/A/IOKit
0x00000000028c1000 	/usr/lib/libDiagnosticMessagesClient.dylib
0x00000000028c1000 	/System/Library/Frameworks/CoreServices.framework/Versions/A/CoreServices
0x00000000028c1000 	/System/Library/PrivateFrameworks/PerformanceAnalysis.framework/Versions/A/PerformanceAnalysis
0x00000000028c1000 	/System/Library/PrivateFrameworks/GenerationalStorage.framework/Versions/A/GenerationalStorage
0x00000000028c1000 	/System/Library/Frameworks/OpenGL.framework/Versions/A/OpenGL
0x00000000028c1000 	/System/Library/PrivateFrameworks/Sharing.framework/Versions/A/Sharing
0x00000000028c1000 	/System/Library/Frameworks/CoreGraphics.framework/Versions/A/CoreGraphics
0x00000000028c1000 	/System/Library/Frameworks/CoreText.framework/Versions/A/CoreText
0x00000000028c1000 	/System/Library/Frameworks/ImageIO.framework/Versions/A/ImageIO
0x00000000028c1000 	/usr/lib/libextension.dylib
0x00000000028c1000 	/System/Library/PrivateFrameworks/Backup.framework/Versions/A/Backup
0x00000000028c1000 	/usr/lib/libarchive.2.dylib
0x00000000028c1000 	/System/Library/Frameworks/CFNetwork.framework/Versions/A/CFNetwork
0x00000000028c1000 	/System/Library/Frameworks/SystemConfiguration.framework/Versions/A/SystemConfiguration
0x00000000028c1000 	/usr/lib/libCRFSuite.dylib
0x00000000028c1000 	/usr/lib/libc++.1.dylib
0x00000000028c1000 	/usr/lib/libc++abi.dylib
0x00000000028c1000 	/usr/lib/system/libcache.dylib
0x00000000028c1000 	/usr/lib/system/libcommonCrypto.dylib
0x00000000028c1000 	/usr/lib/system/libcompiler_rt.dylib
0x00000000028c1000 	/usr/lib/system/libcopyfile.dylib
0x00000000028c1000 	/usr/lib/system/libcorecrypto.dylib
0x00000000028c1000 	/usr/lib/system/libdispatch.dylib
0x00000000028c1000 	/usr/lib/system/libdyld.dylib
0x00000000028c1000 	/usr/lib/system/libkeymgr.dylib
0x00000000028c1000 	/usr/lib/system/liblaunch.dylib
0x00000000028c1000 	/usr/lib/system/libmacho.dylib
0x00000000028c1000 	/usr/lib/system/libquarantine.dylib
0x00000000028c1000 	/usr/lib/system/libremovefile.dylib
0x00000000028c1000 	/usr/lib/system/libsystem_asl.dylib
0x00000000028c1000 	/usr/lib/system/libsystem_blocks.dylib
0x00000000028c1000 	/usr/lib/system/libsystem_c.dylib
0x00000000028c1000 	/usr/lib/system/libsystem_configuration.dylib
0x00000000028c1000 	/usr/lib/system/libsystem_coreservices.dylib
0x00000000028c1000 	/usr/lib/system/libsystem_coretls.dylib
0x00000000028c1000 	/usr/lib/system/libsystem_dnssd.dylib
0x00000000028c1000 	/usr/lib/system/libsystem_info.dylib
0x00000000028c1000 	/usr/lib/system/libsystem_kernel.dylib
0x00000000028c1000 	/usr/lib/system/libsystem_m.dylib
0x00000000028c1000 	/usr/lib/system/libsystem_malloc.dylib
0x00000000028c1000 	/usr/lib/system/libsystem_network.dylib
0x00000000028c1000 	/usr/lib/system/libsystem_networkextension.dylib
0x00000000028c1000 	/usr/lib/system/libsystem_notify.dylib
0x00000000028c1000 	/usr/lib/system/libsystem_platform.dylib
0x00000000028c1000 	/usr/lib/system/libsystem_pthread.dylib
0x00000000028c1000 	/usr/lib/system/libsystem_sandbox.dylib
0x00000000028c1000 	/usr/lib/system/libsystem_secinit.dylib
0x00000000028c1000 	/usr/lib/system/libsystem_stats.dylib
0x00000000028c1000 	/usr/lib/system/libsystem_trace.dylib
0x00000000028c1000 	/usr/lib/system/libunc.dylib
0x00000000028c1000 	/usr/lib/system/libunwind.dylib
0x00000000028c1000 	/usr/lib/system/libxpc.dylib
0x00000000028c1000 	/usr/lib/libbz2.1.0.dylib
0x00000000028c1000 	/usr/lib/liblzma.5.dylib
0x00000000028c1000 	/usr/lib/libbsm.0.dylib
0x00000000028c1000 	/usr/lib/libsqlite3.dylib
0x00000000028c1000 	/usr/lib/system/libkxld.dylib
0x00000000028c1000 	/usr/lib/libxar.1.dylib
0x00000000028c1000 	/usr/lib/libpam.2.dylib
0x00000000028c1000 	/usr/lib/libOpenScriptingUtil.dylib
0x00000000028c1000 	/System/Library/Frameworks/CoreServices.framework/Versions/A/Frameworks/FSEvents.framework/Versions/A/FSEvents
0x00000000028c1000 	/System/Library/Frameworks/CoreServices.framework/Versions/A/Frameworks/CarbonCore.framework/Versions/A/CarbonCore
0x00000000028c1000 	/System/Library/Frameworks/CoreServices.framework/Versions/A/Frameworks/Metadata.framework/Versions/A/Metadata
0x00000000028c1000 	/System/Library/Frameworks/CoreServices.framework/Versions/A/Frameworks/OSServices.framework/Versions/A/OSServices
0x00000000028c1000 	/System/Library/Frameworks/CoreServices.framework/Versions/A/Frameworks/SearchKit.framework/Versions/A/SearchKit
0x00000000028c1000 	/System/Library/Frameworks/CoreServices.framework/Versions/A/Frameworks/AE.framework/Versions/A/AE
0x00000000028c1000 	/System/Library/Frameworks/CoreServices.framework/Versions/A/Frameworks/LaunchServices.framework/Versions/A/LaunchServices
0x00000000028c1000 	/System/Library/Frameworks/CoreServices.framework/Versions/A/Frameworks/DictionaryServices.framework/Versions/A/DictionaryServices
0x00000000028c1000 	/System/Library/Frameworks/NetFS.framework/Versions/A/NetFS
0x00000000028c1000 	/System/Library/PrivateFrameworks/NetAuth.framework/Versions/A/NetAuth
0x00000000028c1000 	/System/Library/PrivateFrameworks/login.framework/Versions/A/Frameworks/loginsupport.framework/Versions/A/loginsupport
0x00000000028c1000 	/System/Library/PrivateFrameworks/TCC.framework/Versions/A/TCC
0x00000000028c1000 	/usr/lib/libmecabra.dylib
0x00000000028c1000 	/System/Library/Frameworks/ApplicationServices.framework/Versions/A/Frameworks/ATS.framework/Versions/A/ATS
0x00000000028c1000 	/System/Library/Frameworks/ApplicationServices.framework/Versions/A/Frameworks/ColorSync.framework/Versions/A/ColorSync
0x00000000028c1000 	/System/Library/Frameworks/ApplicationServices.framework/Versions/A/Frameworks/HIServices.framework/Versions/A/HIServices
0x00000000028c1000 	/System/Library/Frameworks/ApplicationServices.framework/Versions/A/Frameworks/LangAnalysis.framework/Versions/A/LangAnalysis
0x00000000028c1000 	/System/Library/Frameworks/ApplicationServices.framework/Versions/A/Frameworks/PrintCore.framework/Versions/A/PrintCore
0x00000000028c1000 	/System/Library/Frameworks/ApplicationServices.framework/Versions/A/Frameworks/QD.framework/Versions/A/QD
0x00000000028c1000 	/System/Library/Frameworks/ApplicationServices.framework/Versions/A/Frameworks/SpeechSynthesis.framework/Versions/A/SpeechSynthesis
0x00000000028c1000 	/System/Library/Frameworks/Accelerate.framework/Versions/A/Accelerate
0x00000000028c1000 	/System/Library/Frameworks/Accelerate.framework/Versions/A/Frameworks/vImage.framework/Versions/A/vImage
0x00000000028c1000 	/System/Library/Frameworks/Accelerate.framework/Versions/A/Frameworks/vecLib.framework/Versions/A/vecLib
0x00000000028c1000 	/System/Library/Frameworks/Accelerate.framework/Versions/A/Frameworks/vecLib.framework/Versions/A/libvDSP.dylib
0x00000000028c1000 	/System/Library/Frameworks/Accelerate.framework/Versions/A/Frameworks/vecLib.framework/Versions/A/libvMisc.dylib
0x00000000028c1000 	/System/Library/Frameworks/Accelerate.framework/Versions/A/Frameworks/vecLib.framework/Versions/A/libLAPACK.dylib
0x00000000028c1000 	/System/Library/Frameworks/Accelerate.framework/Versions/A/Frameworks/vecLib.framework/Versions/A/libBLAS.dylib
0x00000000028c1000 	/System/Library/Frameworks/Accelerate.framework/Versions/A/Frameworks/vecLib.framework/Versions/A/libLinearAlgebra.dylib
0x00000000028c1000 	/System/Library/Frameworks/ApplicationServices.framework/Versions/A/Frameworks/ATS.framework/Versions/A/Resources/libFontParser.dylib
0x00000000028c1000 	/System/Library/Frameworks/ApplicationServices.framework/Versions/A/Frameworks/ATS.framework/Versions/A/Resources/libFontRegistry.dylib
0x00000000028c1000 	/System/Library/PrivateFrameworks/AppleVPA.framework/Versions/A/AppleVPA
0x00000000028c1000 	/System/Library/PrivateFrameworks/AppleJPEG.framework/Versions/A/AppleJPEG
0x00000000028c1000 	/System/Library/Frameworks/ImageIO.framework/Versions/A/Resources/libJPEG.dylib
0x00000000028c1000 	/System/Library/Frameworks/ImageIO.framework/Versions/A/Resources/libTIFF.dylib
0x00000000028c1000 	/System/Library/Frameworks/ImageIO.framework/Versions/A/Resources/libPng.dylib
0x00000000028c1000 	/System/Library/Frameworks/ImageIO.framework/Versions/A/Resources/libGIF.dylib
0x00000000028c1000 	/System/Library/Frameworks/ImageIO.framework/Versions/A/Resources/libJP2.dylib
0x00000000028c1000 	/System/Library/Frameworks/ImageIO.framework/Versions/A/Resources/libRadiance.dylib
0x00000000028c1000 	/System/Library/Frameworks/CoreVideo.framework/Versions/A/CoreVideo
0x00000000028c1000 	/System/Library/Frameworks/OpenGL.framework/Versions/A/Libraries/libGLU.dylib
0x00000000028c1000 	/System/Library/Frameworks/OpenGL.framework/Versions/A/Libraries/libGFXShared.dylib
0x00000000028c1000 	/System/Library/Frameworks/OpenGL.framework/Versions/A/Libraries/libGL.dylib
0x00000000028c1000 	/System/Library/Frameworks/OpenGL.framework/Versions/A/Libraries/libGLImage.dylib
0x00000000028c1000 	/System/Library/Frameworks/OpenGL.framework/Versions/A/Libraries/libCVMSPluginSupport.dylib
0x00000000028c1000 	/System/Library/Frameworks/OpenGL.framework/Versions/A/Libraries/libCoreVMClient.dylib
0x00000000028c1000 	/usr/lib/libcups.2.dylib
0x00000000028c1000 	/System/Library/Frameworks/Kerberos.framework/Versions/A/Kerberos
0x00000000028c1000 	/System/Library/Frameworks/GSS.framework/Versions/A/GSS
0x00000000028c1000 	/usr/lib/libresolv.9.dylib
0x00000000028c1000 	/usr/lib/libiconv.2.dylib
0x00000000028c1000 	/System/Library/PrivateFrameworks/Heimdal.framework/Versions/A/Heimdal
0x00000000028c1000 	/usr/lib/libheimdal-asn1.dylib
0x00000000028c1000 	/System/Library/Frameworks/OpenDirectory.framework/Versions/A/OpenDirectory
0x00000000028c1000 	/System/Library/PrivateFrameworks/CommonAuth.framework/Versions/A/CommonAuth
0x00000000028c1000 	/System/Library/Frameworks/OpenDirectory.framework/Versions/A/Frameworks/CFOpenDirectory.framework/Versions/A/CFOpenDirectory
0x00000000028c1000 	/System/Library/Frameworks/SecurityFoundation.framework/Versions/A/SecurityFoundation
0x00000000028c1000 	/System/Library/PrivateFrameworks/LanguageModeling.framework/Versions/A/LanguageModeling
0x00000000028c1000 	/usr/lib/libcmph.dylib
0x00000000028c1000 	/System/Library/Frameworks/ServiceManagement.framework/Versions/A/ServiceManagement
0x00000000028c1000 	/usr/lib/libxslt.1.dylib
0x00000000028c1000 	/System/Library/Frameworks/Carbon.framework/Versions/A/Frameworks/Ink.framework/Versions/A/Ink
0x00000000028c1000 	/System/Library/Frameworks/QuartzCore.framework/Versions/A/Frameworks/CoreImage.framework/Versions/A/CoreImage
0x00000000028c1000 	/System/Library/PrivateFrameworks/CrashReporterSupport.framework/Versions/A/CrashReporterSupport
0x00000000028c1000 	/System/Library/Frameworks/OpenCL.framework/Versions/A/OpenCL
0x00000000028c1000 	/System/Library/PrivateFrameworks/FaceCore.framework/Versions/A/FaceCore
0x00000000028c1000 	/System/Library/PrivateFrameworks/Ubiquity.framework/Versions/A/Ubiquity
0x00000000028c1000 	/System/Library/PrivateFrameworks/IconServices.framework/Versions/A/IconServices
0x00000000028c1000 	/System/Library/PrivateFrameworks/ChunkingLibrary.framework/Versions/A/ChunkingLibrary
0x00000000028c1000 	/System/Library/PrivateFrameworks/Apple80211.framework/Versions/A/Apple80211
0x00000000028c1000 	/System/Library/Frameworks/CoreWLAN.framework/Versions/A/CoreWLAN
0x00000000028c1000 	/System/Library/Frameworks/IOBluetooth.framework/Versions/A/IOBluetooth
0x00000000028c1000 	/System/Library/PrivateFrameworks/CoreWiFi.framework/Versions/A/CoreWiFi
0x00000000028c1000 	/System/Library/Frameworks/CoreBluetooth.framework/Versions/A/CoreBluetooth
0x00000000028c1000 	/System/Library/PrivateFrameworks/DebugSymbols.framework/Versions/A/DebugSymbols
0x00000000028c1000 	/System/Library/PrivateFrameworks/CoreSymbolication.framework/Versions/A/CoreSymbolication
0x00000000028c1000 	/System/Library/PrivateFrameworks/Symbolication.framework/Versions/A/Symbolication
0x00000000028c1000 	/System/Library/PrivateFrameworks/SpeechRecognitionCore.framework/Versions/A/SpeechRecognitionCore
0x000000010322c000 	/Library/Java/JavaVirtualMachines/jdk1.8.0_20.jdk/Contents/Home/jre/lib/server/libjvm.dylib
0x00000000028c1000 	/usr/lib/libstdc++.6.dylib
0x000000010424a000 	/Library/Java/JavaVirtualMachines/jdk1.8.0_20.jdk/Contents/Home/jre/lib/libverify.dylib
0x0000000104258000 	/Library/Java/JavaVirtualMachines/jdk1.8.0_20.jdk/Contents/Home/jre/lib/libjava.dylib
0x0000000104296000 	/Library/Java/JavaVirtualMachines/jdk1.8.0_20.jdk/Contents/Home/jre/lib/libzip.dylib
0x00000001137ea000 	/System/Library/Frameworks/JavaVM.framework/Frameworks/JavaRuntimeSupport.framework/JavaRuntimeSupport
0x000000011ab41000 	/System/Library/Frameworks/JavaVM.framework/Versions/A/Frameworks/JavaNativeFoundation.framework/Versions/A/JavaNativeFoundation
0x000000011ab55000 	/System/Library/Frameworks/JavaVM.framework/Versions/A/JavaVM
0x00000000028c1000 	/System/Library/Frameworks/Carbon.framework/Versions/A/Carbon
0x000000011ab61000 	/System/Library/PrivateFrameworks/JavaLaunching.framework/Versions/A/JavaLaunching
0x00000000028c1000 	/System/Library/Frameworks/Carbon.framework/Versions/A/Frameworks/CommonPanels.framework/Versions/A/CommonPanels
0x00000000028c1000 	/System/Library/Frameworks/Carbon.framework/Versions/A/Frameworks/Help.framework/Versions/A/Help
0x00000000028c1000 	/System/Library/Frameworks/Carbon.framework/Versions/A/Frameworks/ImageCapture.framework/Versions/A/ImageCapture
0x00000000028c1000 	/System/Library/Frameworks/Carbon.framework/Versions/A/Frameworks/OpenScripting.framework/Versions/A/OpenScripting
0x00000000028c1000 	/System/Library/Frameworks/Carbon.framework/Versions/A/Frameworks/Print.framework/Versions/A/Print
0x00000000028c1000 	/System/Library/Frameworks/Carbon.framework/Versions/A/Frameworks/SecurityHI.framework/Versions/A/SecurityHI
0x000000011c920000 	/Library/Java/JavaVirtualMachines/jdk1.8.0_20.jdk/Contents/Home/jre/lib/libawt.dylib
0x000000011c9cf000 	/Library/Java/JavaVirtualMachines/jdk1.8.0_20.jdk/Contents/Home/jre/lib/./libmlib_image.dylib
0x000000011ca9b000 	/Library/Java/JavaVirtualMachines/jdk1.8.0_20.jdk/Contents/Home/jre/lib/libawt_lwawt.dylib
0x000000011cb4e000 	/Library/Java/JavaVirtualMachines/jdk1.8.0_20.jdk/Contents/Home/jre/lib/./libosxapp.dylib
0x00000000028c1000 	/System/Library/Frameworks/ExceptionHandling.framework/Versions/A/ExceptionHandling
0x00000000028c1000 	/System/Library/PrivateFrameworks/CoreServicesInternal.framework/Versions/A/CoreServicesInternal
0x00000000028c1000 	/System/Library/PrivateFrameworks/CloudDocs.framework/Versions/A/CloudDocs
0x00000000028c1000 	/System/Library/PrivateFrameworks/CoreDuet.framework/Versions/A/CoreDuet
0x00000000028c1000 	/System/Library/Frameworks/CloudKit.framework/Versions/A/CloudKit
0x00000000028c1000 	/System/Library/PrivateFrameworks/ProtocolBuffer.framework/Versions/A/ProtocolBuffer
0x00000000028c1000 	/System/Library/PrivateFrameworks/CoreDuetDaemonProtocol.framework/Versions/A/CoreDuetDaemonProtocol
0x00000000028c1000 	/System/Library/PrivateFrameworks/CoreDuetDebugLogging.framework/Versions/A/CoreDuetDebugLogging
0x00000000028c1000 	/System/Library/Frameworks/CoreLocation.framework/Versions/A/CoreLocation
0x00000000028c1000 	/System/Library/Frameworks/Accounts.framework/Versions/A/Accounts
0x00000000028c1000 	/System/Library/PrivateFrameworks/ApplePushService.framework/Versions/A/ApplePushService
0x00000000028c1000 	/System/Library/PrivateFrameworks/GeoServices.framework/Versions/A/GeoServices
0x00000000028c1000 	/System/Library/PrivateFrameworks/OAuth.framework/Versions/A/OAuth
0x00000000028c1000 	/System/Library/PrivateFrameworks/CoreDaemon.framework/Versions/B/CoreDaemon
0x00000000028c1000 	/usr/lib/libcrypto.0.9.8.dylib
0x00000000028c1000 	/System/Library/PrivateFrameworks/AppleSRP.framework/Versions/A/AppleSRP
0x00000000028c1000 	/System/Library/PrivateFrameworks/TrustEvaluationAgent.framework/Versions/A/TrustEvaluationAgent
0x00000000028c1000 	/System/Library/Frameworks/CoreGraphics.framework/Versions/A/Resources/libCGCMS.A.dylib
0x00000000028c1000 	/System/Library/Frameworks/CoreGraphics.framework/Versions/A/Resources/libRIP.A.dylib
0x00000000028c1000 	/System/Library/Frameworks/CoreGraphics.framework/Versions/A/Resources/libCGXType.A.dylib
0x00000000028c1000 	/System/Library/Frameworks/OpenCL.framework/Versions/A/Libraries/libcldcpuengine.dylib
0x00000000028c1000 	/System/Library/PrivateFrameworks/DiskImages.framework/Versions/A/DiskImages
0x00000000028c1000 	/System/Library/Frameworks/DiscRecording.framework/Versions/A/DiscRecording
0x00000000028c1000 	/usr/lib/libcsfde.dylib
0x00000000028c1000 	/usr/lib/libcurl.4.dylib
0x00000000028c1000 	/System/Library/PrivateFrameworks/MediaKit.framework/Versions/A/MediaKit
0x00000000028c1000 	/System/Library/PrivateFrameworks/ProtectedCloudStorage.framework/Versions/A/ProtectedCloudStorage
0x00000000028c1000 	/usr/lib/libCoreStorage.dylib
0x00000000028c1000 	/System/Library/PrivateFrameworks/EFILogin.framework/Versions/A/EFILogin
0x00000000028c1000 	/usr/lib/libutil.dylib
0x00000000028c1000 	/System/Library/PrivateFrameworks/FindMyDevice.framework/Versions/A/FindMyDevice
0x00000000028c1000 	/System/Library/Frameworks/LDAP.framework/Versions/A/LDAP
0x00000000028c1000 	/usr/lib/libsasl2.2.dylib
0x000000011f93c000 	cl_kernels
0x000000011f93e000 	/System/Library/Frameworks/OpenCL.framework/Versions/A/Libraries/ImageFormats/unorm8_bgra.dylib
0x000000011f92d000 	cl_kernels
0x00000000028c1000 	/System/Library/PrivateFrameworks/FamilyControls.framework/Versions/A/FamilyControls
0x00000000028c1000 	/System/Library/PrivateFrameworks/CommerceKit.framework/Versions/A/Frameworks/CommerceCore.framework/Versions/A/CommerceCore
0x00000000028c1000 	/System/Library/PrivateFrameworks/SystemAdministration.framework/Versions/A/SystemAdministration
0x00000000028c1000 	/System/Library/PrivateFrameworks/AppContainer.framework/Versions/A/AppContainer
0x00000000028c1000 	/System/Library/PrivateFrameworks/SecCodeWrapper.framework/Versions/A/SecCodeWrapper
0x00000000028c1000 	/System/Library/Frameworks/DirectoryService.framework/Versions/A/DirectoryService
0x00000000028c1000 	/System/Library/PrivateFrameworks/LoginUIKit.framework/Versions/A/Frameworks/LoginUICore.framework/Versions/A/LoginUICore
0x00000000028c1000 	/usr/lib/libodfde.dylib
0x0000000120b04000 	/Library/Java/JavaVirtualMachines/jdk1.8.0_20.jdk/Contents/Home/jre/lib/libfontmanager.dylib
0x0000000120b6a000 	/Users/mick/Documents/workspace/lwjgl-2.9.1/native/macosx/liblwjgl.jnilib
0x000000011ede8000 	/Library/Java/JavaVirtualMachines/jdk1.8.0_20.jdk/Contents/Home/jre/lib/libjawt.dylib
0x00000000028c1000 	/System/Library/Frameworks/OpenGL.framework/Versions/A/Resources/GLEngine.bundle/GLEngine
0x00000000028c1000 	/System/Library/Frameworks/OpenGL.framework/Versions/A/Libraries/libGLProgrammability.dylib
0x0000000000000000 	/System/Library/Extensions/AppleIntelHD4000GraphicsGLDriver.bundle/Contents/MacOS/AppleIntelHD4000GraphicsGLDriver
0x00000000028c1000 	/System/Library/PrivateFrameworks/IOAccelerator.framework/Versions/A/IOAccelerator
0x00000000028c1000 	/System/Library/PrivateFrameworks/GPUSupport.framework/Versions/A/Libraries/libGPUSupportMercury.dylib
0x00000000028c1000 	/System/Library/Frameworks/OpenGL.framework/Versions/A/Resources/GLRendererFloat.bundle/GLRendererFloat
0x00000001215ff000 	/Users/mick/Documents/workspace/lwjgl-2.9.1/native/macosx/libjinput-osx.jnilib
0x0000000121604000 	/System/Library/Extensions/IOHIDFamily.kext/Contents/PlugIns/IOHIDLib.plugin/Contents/MacOS/IOHIDLib

VM Arguments:
jvm_args: -Djava.library.path=/Users/mick/Documents/workspace/lwjgl-2.9.1/native/macosx:/Users/mick/Documents/workspace/lwjgl-2.9.1/native/macosx:/Users/mick/Documents/workspace/lwjgl-2.9.1/native/macosx -Dfile.encoding=UTF-8 
java_command: main.Game
java_class_path (initial): /Users/mick/Documents/workspace/pow2r/bin:/Users/mick/Documents/workspace/slick/lib/slick.jar:/Users/mick/Documents/workspace/lwjgl-2.9.1/jar/jinput.jar:/Users/mick/Documents/workspace/lwjgl-2.9.1/jar/lwjgl_util.jar:/Users/mick/Documents/workspace/lwjgl-2.9.1/jar/lwjgl.jar
Launcher Type: SUN_STANDARD

Environment Variables:
PATH=/usr/bin:/bin:/usr/sbin:/sbin
SHELL=/bin/bash
DISPLAY=/private/tmp/com.apple.launchd.tjkTgP1iSB/org.macosforge.xquartz:0

Signal Handlers:
SIGSEGV: [libjvm.dylib+0x578fd7], sa_mask[0]=11111111011111110111111111111111, sa_flags=SA_ONSTACK|SA_RESTART|SA_SIGINFO
SIGBUS: [libjvm.dylib+0x578fd7], sa_mask[0]=11111111011111110111111111111111, sa_flags=SA_RESTART|SA_SIGINFO
SIGFPE: [libjvm.dylib+0x45ab0c], sa_mask[0]=11111111011111110111111111111111, sa_flags=SA_RESTART|SA_SIGINFO
SIGPIPE: [libjvm.dylib+0x45ab0c], sa_mask[0]=11111111011111110111111111111111, sa_flags=SA_RESTART|SA_SIGINFO
SIGXFSZ: [libjvm.dylib+0x45ab0c], sa_mask[0]=11111111011111110111111111111111, sa_flags=SA_RESTART|SA_SIGINFO
SIGILL: [libjvm.dylib+0x45ab0c], sa_mask[0]=11111111011111110111111111111111, sa_flags=SA_RESTART|SA_SIGINFO
SIGUSR1: SIG_DFL, sa_mask[0]=00000000000000000000000000000000, sa_flags=none
SIGUSR2: [libjvm.dylib+0x45a62a], sa_mask[0]=00100000000000000000000000000000, sa_flags=SA_RESTART|SA_SIGINFO
SIGHUP: [libjvm.dylib+0x458bfd], sa_mask[0]=11111111011111110111111111111111, sa_flags=SA_RESTART|SA_SIGINFO
SIGINT: [libjvm.dylib+0x458bfd], sa_mask[0]=11111111011111110111111111111111, sa_flags=SA_RESTART|SA_SIGINFO
SIGTERM: [libjvm.dylib+0x458bfd], sa_mask[0]=11111111011111110111111111111111, sa_flags=SA_RESTART|SA_SIGINFO
SIGQUIT: [libjvm.dylib+0x458bfd], sa_mask[0]=11111111011111110111111111111111, sa_flags=SA_RESTART|SA_SIGINFO


---------------  S Y S T E M  ---------------

OS:Bsduname:Darwin 14.1.0 Darwin Kernel Version 14.1.0: Mon Dec 22 23:10:38 PST 2014; root:xnu-2782.10.72~2/RELEASE_X86_64 x86_64
rlimit: STACK 8192k, CORE 0k, NPROC 709, NOFILE 10240, AS infinity
load average:1.43 1.90 1.65

CPU:total 4 (2 cores per cpu, 2 threads per core) family 6 model 58 stepping 9, cmov, cx8, fxsr, mmx, sse, sse2, sse3, ssse3, sse4.1, sse4.2, popcnt, avx, aes, clmul, erms, ht, tsc, tscinvbit, tscinv

Memory: 4k page, physical 8388608k(3785780k free)

/proc/meminfo:


vm_info: Java HotSpot(TM) 64-Bit Server VM (25.20-b23) for bsd-amd64 JRE (1.8.0_20-b26), built on Jul 30 2014 13:37:47 by "java_re" with gcc 4.2.1 (Based on Apple Inc. build 5658) (LLVM build 2336.9.00)

time: Sun Mar 15 13:16:37 2015
elapsed time: 22 seconds (0d 0h 0m 22s)

