#
# A fatal error has been detected by the Java Runtime Environment:
#
#  SIGSEGV (0xb) at pc=0x00007fff950400dd, pid=20157, tid=1811
#
# JRE version: Java(TM) SE Runtime Environment (8.0_20-b26) (build 1.8.0_20-b26)
# Java VM: Java HotSpot(TM) 64-Bit Server VM (25.20-b23 mixed mode bsd-amd64 compressed oops)
# Problematic frame:
# C  [libobjc.A.dylib+0x10dd]  objc_msgSend+0x1d
#
# Failed to write core dump. Core dumps have been disabled. To enable core dumping, try "ulimit -c unlimited" before starting Java again
#
# If you would like to submit a bug report, please visit:
#   http://bugreport.sun.com/bugreport/crash.jsp
# The crash happened outside the Java Virtual Machine in native code.
# See problematic frame for where to report the bug.
#

---------------  T H R E A D  ---------------

Current thread (0x00007fb2ca07a000):  JavaThread "AppKit Thread" daemon [_thread_in_native, id=1811, stack(0x00007fff5d6aa000,0x00007fff5deaa000)]

siginfo: si_signo: 11 (SIGSEGV), si_code: 1 (SEGV_MAPERR), si_addr: 0x000007fb2c8e5fa8

Registers:
RAX=0x00007fb2c8e5e990, RBX=0x00007fff5dea57c8, RCX=0x0000000000000000, RDX=0x00007fb2c8c91a50
RSP=0x00007fff5dea55e8, RBP=0x00007fff5dea55f0, RSI=0x00007fff93210be4, RDI=0x00007fb2c8e5e990
R8 =0x00007fff5dea55d0, R9 =0x0000000000000055, R10=0x00007fff93210be4, R11=0x000007fb2c8e5f90
R12=0x00007fb2c8e322f0, R13=0x00000000000f42e7, R14=0x00007fb2c8c94b30, R15=0x00007fff5dea5728
RIP=0x00007fff950400dd, EFLAGS=0x0000000000010206, ERR=0x0000000000000004
  TRAPNO=0x000000000000000e

Top of Stack: (sp=0x00007fff5dea55e8)
0x00007fff5dea55e8:   00007fff8e541cbc 00007fff5dea5950
0x00007fff5dea55f8:   00007fff8e4331b4 00007fff5dea567c
0x00007fff5dea5608:   00007fff5dea5680 00007fff5dea5684
0x00007fff5dea5618:   00007fff794b1b48 ffffffffffffffff
0x00007fff5dea5628:   00000000000007f8 00007fff794b1b60
0x00007fff5dea5638:   00007fb2c8c94b30 0000000000000000
0x00007fff5dea5648:   00007fff5dea5720 0000000000000000
0x00007fff5dea5658:   00007fb2c8e624f0 00007fff5dea57a0
0x00007fff5dea5668:   0000000000000055 00000000000f42e9
0x00007fff5dea5678:   00007fb2c8c91a50 00007fb2c8e61f20
0x00007fff5dea5688:   00007fb2c8e322f0 0000000000000001
0x00007fff5dea5698:   00000000000f42e7 00007fb2c8e322e0
0x00007fff5dea56a8:   00007fff92092109 00000001c8c76440
0x00007fff5dea56b8:   00007fff79a2b0d0 0000000042000000
0x00007fff5dea56c8:   00007fff9209a6a3 00007fff7947c1d0
0x00007fff5dea56d8:   00007fff5dea57a8 0000000000000000
0x00007fff5dea56e8:   00007fff79d1c8c8 00007fff79d1c8c8
0x00007fff5dea56f8:   0000000000000010 00016a0300000001
0x00007fff5dea5708:   00007fb2c8e32314 0000000000000000
0x00007fff5dea5718:   00000000003b2101 00007fb2c8e62570
0x00007fff5dea5728:   00007fb2c8c94b30 00007fff79d1c8c8
0x00007fff5dea5738:   00007fff932488c7 00007fff5dea57e0
0x00007fff5dea5748:   00007fff89f4b5a7 00007fff5dea57c4
0x00007fff5dea5758:   00000000003b2201 00000000ffffffff
0x00007fff5dea5768:   00007fff79d1c8c8 00000000003b2200
0x00007fff5dea5778:   00007fff00000000 00007fff5dea5870
0x00007fff5dea5788:   00007fff8e9d6edc 00007fff79d1c8e8
0x00007fff5dea5798:   00007fff932488c7 0000000000000051
0x00007fff5dea57a8:   0000000000000000 00000000000f42e0
0x00007fff5dea57b8:   0000000000000053 0000000000000000
0x00007fff5dea57c8:   00000000000f42e7 00007fff5dea5844
0x00007fff5dea57d8:   00000000003b3001 00000000ffffffff 

Instructions: (pc=0x00007fff950400dd)
0x00007fff950400bd:   00 00 00 48 85 ff 2e 74 7a 40 f6 c7 01 2e 75 7e
0x00007fff950400cd:   49 bb f8 ff ff ff ff 7f 00 00 4c 23 1f 49 89 f2
0x00007fff950400dd:   45 23 53 18 49 c1 e2 04 4d 03 53 10 49 3b 32 75
0x00007fff950400ed:   04 41 ff 62 08 49 83 3a 00 74 6a 4d 3b 53 10 74 

Register to memory mapping:

RAX=0x00007fb2c8e5e990 is an unknown value
RBX=0x00007fff5dea57c8 is pointing into the stack for thread: 0x00007fb2ca07a000
RCX=0x0000000000000000 is an unknown value
RDX=0x00007fb2c8c91a50 is an unknown value
RSP=0x00007fff5dea55e8 is pointing into the stack for thread: 0x00007fb2ca07a000
RBP=0x00007fff5dea55f0 is pointing into the stack for thread: 0x00007fb2ca07a000
RSI=0x00007fff93210be4: -[NSTitlebarContainerView shouldRoundCorners]+0x5c646 in /System/Library/Frameworks/AppKit.framework/Versions/C/AppKit at 0x00007fff92847000
RDI=0x00007fb2c8e5e990 is an unknown value
R8 =0x00007fff5dea55d0 is pointing into the stack for thread: 0x00007fb2ca07a000
R9 =0x0000000000000055 is an unknown value
R10=0x00007fff93210be4: -[NSTitlebarContainerView shouldRoundCorners]+0x5c646 in /System/Library/Frameworks/AppKit.framework/Versions/C/AppKit at 0x00007fff92847000
R11=0x000007fb2c8e5f90 is an unknown value
R12=0x00007fb2c8e322f0 is an unknown value
R13=0x00000000000f42e7 is an unknown value
R14=0x00007fb2c8c94b30 is an unknown value
R15=0x00007fff5dea5728 is pointing into the stack for thread: 0x00007fb2ca07a000


Stack: [0x00007fff5d6aa000,0x00007fff5deaa000],  sp=0x00007fff5dea55e8,  free space=8173k
Native frames: (J=compiled Java code, j=interpreted, Vv=VM code, C=native code)
C  [libobjc.A.dylib+0x10dd]  objc_msgSend+0x1d
C  [CoreFoundation+0x101b4]  _CFXNotificationPost+0xc44
C  [Foundation+0x2ea1]  -[NSNotificationCenter postNotificationName:object:userInfo:]+0x42
C  [AppKit+0xddb36]  -[NSSurface _disposeSurface]+0x98
C  [AppKit+0xdd59a]  -[NSSurface setWindow:]+0x42
C  [AppKit+0x3c00c]  -[NSView _setWindow:]+0x98f
C  [AppKit+0x3d262]  -[NSView removeFromSuperview]+0x1c5
C  [AppKit+0x918ca]  -[NSView removeFromSuperviewWithoutNeedingDisplay]+0x26
C  [liblwjgl.jnilib+0x9c3e]  +[MacOSXKeyableWindow destroyWindow]+0xde
C  [Foundation+0x65f4c]  __NSThreadPerformPerform+0x125
C  [CoreFoundation+0x80661]  __CFRUNLOOP_IS_CALLING_OUT_TO_A_SOURCE0_PERFORM_FUNCTION__+0x11
C  [CoreFoundation+0x727ed]  __CFRunLoopDoSources0+0x10d
C  [CoreFoundation+0x71e1f]  __CFRunLoopRun+0x39f
C  [CoreFoundation+0x71838]  CFRunLoopRunSpecific+0x128
C  [HIToolbox+0x2e43f]  RunCurrentEventLoopInMode+0xeb
C  [HIToolbox+0x2e1ba]  ReceiveNextEventCommon+0x1af
C  [HIToolbox+0x2dffb]  _BlockUntilNextEventMatchingListInModeWithFilter+0x47
C  [AppKit+0x246d1]  _DPSNextEvent+0x3c4
C  [AppKit+0x23e80]  -[NSApplication nextEventMatchingMask:untilDate:inMode:dequeue:]+0xc2
C  [libosxapp.dylib+0x242a]  -[NSApplicationAWT nextEventMatchingMask:untilDate:inMode:dequeue:]+0x7c
C  [AppKit+0x17e23]  -[NSApplication run]+0x252
C  [libosxapp.dylib+0x223e]  +[NSApplicationAWT runAWTLoopWithApp:]+0x9c
C  [libawt_lwawt.dylib+0x4494f]  -[AWTStarter starter:]+0x389
C  [Foundation+0x65f4c]  __NSThreadPerformPerform+0x125
C  [CoreFoundation+0x80661]  __CFRUNLOOP_IS_CALLING_OUT_TO_A_SOURCE0_PERFORM_FUNCTION__+0x11
C  [CoreFoundation+0x727ed]  __CFRunLoopDoSources0+0x10d
C  [CoreFoundation+0x71e1f]  __CFRunLoopRun+0x39f
C  [CoreFoundation+0x71838]  CFRunLoopRunSpecific+0x128
C  [java+0x56cc]  CreateExecutionEnvironment+0x367
C  [java+0x165c]  JLI_Launch+0x7a0
C  [java+0x768a]  main+0x65
C  [java+0xeb4]  start+0x34
C  0x0000000000000006


---------------  P R O C E S S  ---------------

Java Threads: ( => current thread )
  0x00007fb2ca8a3000 JavaThread "AWT-Shutdown" [_thread_blocked, id=28179, stack(0x000000011cdbb000,0x000000011cebb000)]
=>0x00007fb2ca07a000 JavaThread "AppKit Thread" daemon [_thread_in_native, id=1811, stack(0x00007fff5d6aa000,0x00007fff5deaa000)]
  0x00007fb2c9006000 JavaThread "Service Thread" daemon [_thread_blocked, id=18179, stack(0x000000011b3af000,0x000000011b4af000)]
  0x00007fb2ca819000 JavaThread "C1 CompilerThread2" daemon [_thread_blocked, id=17667, stack(0x000000011b2ac000,0x000000011b3ac000)]
  0x00007fb2ca818000 JavaThread "C2 CompilerThread1" daemon [_thread_blocked, id=17155, stack(0x000000011b1a9000,0x000000011b2a9000)]
  0x00007fb2ca816800 JavaThread "C2 CompilerThread0" daemon [_thread_blocked, id=16643, stack(0x000000011b0a6000,0x000000011b1a6000)]
  0x00007fb2ca815800 JavaThread "Signal Dispatcher" daemon [_thread_blocked, id=13331, stack(0x000000011afa3000,0x000000011b0a3000)]
  0x00007fb2c9865000 JavaThread "Finalizer" daemon [_thread_blocked, id=11523, stack(0x0000000119665000,0x0000000119765000)]
  0x00007fb2c9864000 JavaThread "Reference Handler" daemon [_thread_blocked, id=11011, stack(0x0000000119562000,0x0000000119662000)]
  0x00007fb2c9803000 JavaThread "main" [_thread_in_native, id=4867, stack(0x0000000101e6c000,0x0000000101f6c000)]

Other Threads:
  0x00007fb2c985f800 VMThread [stack: 0x000000011945f000,0x000000011955f000] [id=10499]
  0x00007fb2ca019000 WatcherThread [stack: 0x000000011b4b2000,0x000000011b5b2000] [id=18691]

VM state:not at safepoint (normal execution)

VM Mutex/Monitor currently owned by a thread: None

Heap:
 PSYoungGen      total 38400K, used 15034K [0x0000000795580000, 0x0000000798000000, 0x00000007c0000000)
  eden space 33280K, 45% used [0x0000000795580000,0x000000079642e880,0x0000000797600000)
  from space 5120K, 0% used [0x0000000797b00000,0x0000000797b00000,0x0000000798000000)
  to   space 5120K, 0% used [0x0000000797600000,0x0000000797600000,0x0000000797b00000)
 ParOldGen       total 87552K, used 0K [0x0000000740000000, 0x0000000745580000, 0x0000000795580000)
  object space 87552K, 0% used [0x0000000740000000,0x0000000740000000,0x0000000745580000)
 Metaspace       used 8305K, capacity 8417K, committed 8576K, reserved 1056768K
  class space    used 855K, capacity 887K, committed 896K, reserved 1048576K

Card table byte_map: [0x0000000112adb000,0x0000000112edc000] byte_map_base: 0x000000010f0db000

Marking Bits: (ParMarkBitMap*) 0x000000010309c330
 Begin Bits: [0x0000000113593000, 0x0000000115593000)
 End Bits:   [0x0000000115593000, 0x0000000117593000)

Polling page: 0x0000000101fb0000

CodeCache: size=245760Kb used=3011Kb max_used=3011Kb free=242748Kb
 bounds [0x000000010371b000, 0x0000000103a1b000, 0x000000011271b000]
 total_blobs=1197 nmethods=788 adapters=324
 compilation: enabled

Compilation events (10 events):
Event: 2.589 Thread 0x00007fb2ca819000  784       3       java.nio.HeapByteBuffer::put (167 bytes)
Event: 2.590 Thread 0x00007fb2ca819000 nmethod 784 0x0000000103a0b050 code [0x0000000103a0b2c0, 0x0000000103a0c618]
Event: 2.624 Thread 0x00007fb2ca819000  785       3       java.util.HashMap$HashIterator::<init> (79 bytes)
Event: 2.625 Thread 0x00007fb2ca819000 nmethod 785 0x0000000103a09d90 code [0x0000000103a09f00, 0x0000000103a0a290]
Event: 2.725 Thread 0x00007fb2ca819000  786       3       org.lwjgl.MemoryUtil::getAddress0 (10 bytes)
Event: 2.726 Thread 0x00007fb2ca819000 nmethod 786 0x0000000103a08490 code [0x0000000103a08600, 0x0000000103a087b0]
Event: 2.726 Thread 0x00007fb2ca819000  787       3       org.lwjgl.MemoryUtilSun$AccessorUnsafe::getAddress (13 bytes)
Event: 2.726 Thread 0x00007fb2ca819000 nmethod 787 0x0000000103a0ca90 code [0x0000000103a0cc00, 0x0000000103a0cd70]
Event: 2.860 Thread 0x00007fb2ca819000  788       3       java.util.ArrayList::clear (39 bytes)
Event: 2.860 Thread 0x00007fb2ca819000 nmethod 788 0x0000000103a0ce10 code [0x0000000103a0cfa0, 0x0000000103a0d310]

GC Heap History (0 events):
No events

Deoptimization events (0 events):
No events

Internal exceptions (10 events):
Event: 0.816 Thread 0x00007fb2c9803000 Exception <a 'java/security/PrivilegedActionException'> (0x00000007962ff270) thrown at [/HUDSON3/workspace/8-2-build-macosx-x86_64/jdk8u20/1074/hotspot/src/share/vm/prims/jvm.cpp, line 1275]
Event: 0.817 Thread 0x00007fb2c9803000 Exception <a 'java/security/PrivilegedActionException'> (0x0000000796301a08) thrown at [/HUDSON3/workspace/8-2-build-macosx-x86_64/jdk8u20/1074/hotspot/src/share/vm/prims/jvm.cpp, line 1275]
Event: 0.817 Thread 0x00007fb2c9803000 Exception <a 'java/security/PrivilegedActionException'> (0x0000000796305190) thrown at [/HUDSON3/workspace/8-2-build-macosx-x86_64/jdk8u20/1074/hotspot/src/share/vm/prims/jvm.cpp, line 1275]
Event: 0.817 Thread 0x00007fb2c9803000 Exception <a 'java/security/PrivilegedActionException'> (0x00000007963088e0) thrown at [/HUDSON3/workspace/8-2-build-macosx-x86_64/jdk8u20/1074/hotspot/src/share/vm/prims/jvm.cpp, line 1275]
Event: 0.818 Thread 0x00007fb2c9803000 Exception <a 'java/security/PrivilegedActionException'> (0x000000079630a3b0) thrown at [/HUDSON3/workspace/8-2-build-macosx-x86_64/jdk8u20/1074/hotspot/src/share/vm/prims/jvm.cpp, line 1275]
Event: 0.820 Thread 0x00007fb2c9803000 Exception <a 'java/security/PrivilegedActionException'> (0x0000000796315ec8) thrown at [/HUDSON3/workspace/8-2-build-macosx-x86_64/jdk8u20/1074/hotspot/src/share/vm/prims/jvm.cpp, line 1275]
Event: 0.821 Thread 0x00007fb2c9803000 Exception <a 'java/security/PrivilegedActionException'> (0x000000079631cc58) thrown at [/HUDSON3/workspace/8-2-build-macosx-x86_64/jdk8u20/1074/hotspot/src/share/vm/prims/jvm.cpp, line 1275]
Event: 0.824 Thread 0x00007fb2c9803000 Exception <a 'java/security/PrivilegedActionException'> (0x0000000796320478) thrown at [/HUDSON3/workspace/8-2-build-macosx-x86_64/jdk8u20/1074/hotspot/src/share/vm/prims/jvm.cpp, line 1275]
Event: 0.824 Thread 0x00007fb2c9803000 Exception <a 'java/security/PrivilegedActionException'> (0x00000007963241c0) thrown at [/HUDSON3/workspace/8-2-build-macosx-x86_64/jdk8u20/1074/hotspot/src/share/vm/prims/jvm.cpp, line 1275]
Event: 2.914 Thread 0x00007fb2c9803000 Exception <a 'java/security/PrivilegedActionException'> (0x00000007963e9318) thrown at [/HUDSON3/workspace/8-2-build-macosx-x86_64/jdk8u20/1074/hotspot/src/share/vm/prims/jvm.cpp, line 1275]

Events (10 events):
Event: 0.821 loading class org/newdawn/slick/AngelCodeFont$DisplayList
Event: 0.821 loading class org/newdawn/slick/AngelCodeFont$DisplayList done
Event: 0.824 loading class org/lwjgl/opengl/Sync
Event: 0.824 loading class org/lwjgl/opengl/Sync done
Event: 0.824 loading class org/lwjgl/opengl/Sync$RunningAvg
Event: 0.824 loading class org/lwjgl/opengl/Sync$RunningAvg done
Event: 2.062 Thread 0x00007fb2c9803000 DEOPT PACKING pc=0x00000001039fae53 sp=0x0000000101f6b600
Event: 2.062 Thread 0x00007fb2c9803000 DEOPT UNPACKING pc=0x0000000103762373 sp=0x0000000101f6b430 mode 0
Event: 2.913 loading class org/lwjgl/opengl/CallbackUtil
Event: 2.913 loading class org/lwjgl/opengl/CallbackUtil done


Dynamic libraries:
0x0000000007b50000 	/System/Library/Frameworks/Cocoa.framework/Versions/A/Cocoa
0x0000000007b50000 	/System/Library/Frameworks/Security.framework/Versions/A/Security
0x0000000007b50000 	/System/Library/Frameworks/ApplicationServices.framework/Versions/A/ApplicationServices
0x0000000007b50000 	/usr/lib/libz.1.dylib
0x0000000007b50000 	/usr/lib/libSystem.B.dylib
0x0000000007b50000 	/usr/lib/libobjc.A.dylib
0x0000000007b50000 	/System/Library/Frameworks/CoreFoundation.framework/Versions/A/CoreFoundation
0x0000000007b50000 	/System/Library/Frameworks/Foundation.framework/Versions/C/Foundation
0x0000000007b50000 	/System/Library/Frameworks/AppKit.framework/Versions/C/AppKit
0x0000000007b50000 	/System/Library/Frameworks/CoreData.framework/Versions/A/CoreData
0x0000000007b50000 	/System/Library/PrivateFrameworks/RemoteViewServices.framework/Versions/A/RemoteViewServices
0x0000000007b50000 	/System/Library/PrivateFrameworks/UIFoundation.framework/Versions/A/UIFoundation
0x0000000007b50000 	/System/Library/Frameworks/IOSurface.framework/Versions/A/IOSurface
0x0000000007b50000 	/System/Library/Frameworks/AudioToolbox.framework/Versions/A/AudioToolbox
0x0000000007b50000 	/System/Library/Frameworks/AudioUnit.framework/Versions/A/AudioUnit
0x0000000007b50000 	/System/Library/PrivateFrameworks/DataDetectorsCore.framework/Versions/A/DataDetectorsCore
0x0000000007b50000 	/System/Library/PrivateFrameworks/DesktopServicesPriv.framework/Versions/A/DesktopServicesPriv
0x0000000007b50000 	/System/Library/Frameworks/Carbon.framework/Versions/A/Frameworks/HIToolbox.framework/Versions/A/HIToolbox
0x0000000007b50000 	/System/Library/Frameworks/QuartzCore.framework/Versions/A/QuartzCore
0x0000000007b50000 	/System/Library/Frameworks/Carbon.framework/Versions/A/Frameworks/SpeechRecognition.framework/Versions/A/SpeechRecognition
0x0000000007b50000 	/usr/lib/libauto.dylib
0x0000000007b50000 	/usr/lib/libicucore.A.dylib
0x0000000007b50000 	/usr/lib/libxml2.2.dylib
0x0000000007b50000 	/System/Library/PrivateFrameworks/CoreUI.framework/Versions/A/CoreUI
0x0000000007b50000 	/System/Library/Frameworks/CoreAudio.framework/Versions/A/CoreAudio
0x0000000007b50000 	/System/Library/Frameworks/DiskArbitration.framework/Versions/A/DiskArbitration
0x0000000007b50000 	/usr/lib/liblangid.dylib
0x0000000007b50000 	/System/Library/PrivateFrameworks/MultitouchSupport.framework/Versions/A/MultitouchSupport
0x0000000007b50000 	/System/Library/Frameworks/IOKit.framework/Versions/A/IOKit
0x0000000007b50000 	/usr/lib/libDiagnosticMessagesClient.dylib
0x0000000007b50000 	/System/Library/Frameworks/CoreServices.framework/Versions/A/CoreServices
0x0000000007b50000 	/System/Library/PrivateFrameworks/PerformanceAnalysis.framework/Versions/A/PerformanceAnalysis
0x0000000007b50000 	/System/Library/PrivateFrameworks/GenerationalStorage.framework/Versions/A/GenerationalStorage
0x0000000007b50000 	/System/Library/Frameworks/OpenGL.framework/Versions/A/OpenGL
0x0000000007b50000 	/System/Library/PrivateFrameworks/Sharing.framework/Versions/A/Sharing
0x0000000007b50000 	/System/Library/Frameworks/CoreGraphics.framework/Versions/A/CoreGraphics
0x0000000007b50000 	/System/Library/Frameworks/CoreText.framework/Versions/A/CoreText
0x0000000007b50000 	/System/Library/Frameworks/ImageIO.framework/Versions/A/ImageIO
0x0000000007b50000 	/usr/lib/libextension.dylib
0x0000000007b50000 	/System/Library/PrivateFrameworks/Backup.framework/Versions/A/Backup
0x0000000007b50000 	/usr/lib/libarchive.2.dylib
0x0000000007b50000 	/System/Library/Frameworks/CFNetwork.framework/Versions/A/CFNetwork
0x0000000007b50000 	/System/Library/Frameworks/SystemConfiguration.framework/Versions/A/SystemConfiguration
0x0000000007b50000 	/usr/lib/libCRFSuite.dylib
0x0000000007b50000 	/usr/lib/libc++.1.dylib
0x0000000007b50000 	/usr/lib/libc++abi.dylib
0x0000000007b50000 	/usr/lib/system/libcache.dylib
0x0000000007b50000 	/usr/lib/system/libcommonCrypto.dylib
0x0000000007b50000 	/usr/lib/system/libcompiler_rt.dylib
0x0000000007b50000 	/usr/lib/system/libcopyfile.dylib
0x0000000007b50000 	/usr/lib/system/libcorecrypto.dylib
0x0000000007b50000 	/usr/lib/system/libdispatch.dylib
0x0000000007b50000 	/usr/lib/system/libdyld.dylib
0x0000000007b50000 	/usr/lib/system/libkeymgr.dylib
0x0000000007b50000 	/usr/lib/system/liblaunch.dylib
0x0000000007b50000 	/usr/lib/system/libmacho.dylib
0x0000000007b50000 	/usr/lib/system/libquarantine.dylib
0x0000000007b50000 	/usr/lib/system/libremovefile.dylib
0x0000000007b50000 	/usr/lib/system/libsystem_asl.dylib
0x0000000007b50000 	/usr/lib/system/libsystem_blocks.dylib
0x0000000007b50000 	/usr/lib/system/libsystem_c.dylib
0x0000000007b50000 	/usr/lib/system/libsystem_configuration.dylib
0x0000000007b50000 	/usr/lib/system/libsystem_coreservices.dylib
0x0000000007b50000 	/usr/lib/system/libsystem_coretls.dylib
0x0000000007b50000 	/usr/lib/system/libsystem_dnssd.dylib
0x0000000007b50000 	/usr/lib/system/libsystem_info.dylib
0x0000000007b50000 	/usr/lib/system/libsystem_kernel.dylib
0x0000000007b50000 	/usr/lib/system/libsystem_m.dylib
0x0000000007b50000 	/usr/lib/system/libsystem_malloc.dylib
0x0000000007b50000 	/usr/lib/system/libsystem_network.dylib
0x0000000007b50000 	/usr/lib/system/libsystem_networkextension.dylib
0x0000000007b50000 	/usr/lib/system/libsystem_notify.dylib
0x0000000007b50000 	/usr/lib/system/libsystem_platform.dylib
0x0000000007b50000 	/usr/lib/system/libsystem_pthread.dylib
0x0000000007b50000 	/usr/lib/system/libsystem_sandbox.dylib
0x0000000007b50000 	/usr/lib/system/libsystem_secinit.dylib
0x0000000007b50000 	/usr/lib/system/libsystem_stats.dylib
0x0000000007b50000 	/usr/lib/system/libsystem_trace.dylib
0x0000000007b50000 	/usr/lib/system/libunc.dylib
0x0000000007b50000 	/usr/lib/system/libunwind.dylib
0x0000000007b50000 	/usr/lib/system/libxpc.dylib
0x0000000007b50000 	/usr/lib/libbz2.1.0.dylib
0x0000000007b50000 	/usr/lib/liblzma.5.dylib
0x0000000007b50000 	/usr/lib/libbsm.0.dylib
0x0000000007b50000 	/usr/lib/libsqlite3.dylib
0x0000000007b50000 	/usr/lib/system/libkxld.dylib
0x0000000007b50000 	/usr/lib/libxar.1.dylib
0x0000000007b50000 	/usr/lib/libpam.2.dylib
0x0000000007b50000 	/usr/lib/libOpenScriptingUtil.dylib
0x0000000007b50000 	/System/Library/Frameworks/CoreServices.framework/Versions/A/Frameworks/FSEvents.framework/Versions/A/FSEvents
0x0000000007b50000 	/System/Library/Frameworks/CoreServices.framework/Versions/A/Frameworks/CarbonCore.framework/Versions/A/CarbonCore
0x0000000007b50000 	/System/Library/Frameworks/CoreServices.framework/Versions/A/Frameworks/Metadata.framework/Versions/A/Metadata
0x0000000007b50000 	/System/Library/Frameworks/CoreServices.framework/Versions/A/Frameworks/OSServices.framework/Versions/A/OSServices
0x0000000007b50000 	/System/Library/Frameworks/CoreServices.framework/Versions/A/Frameworks/SearchKit.framework/Versions/A/SearchKit
0x0000000007b50000 	/System/Library/Frameworks/CoreServices.framework/Versions/A/Frameworks/AE.framework/Versions/A/AE
0x0000000007b50000 	/System/Library/Frameworks/CoreServices.framework/Versions/A/Frameworks/LaunchServices.framework/Versions/A/LaunchServices
0x0000000007b50000 	/System/Library/Frameworks/CoreServices.framework/Versions/A/Frameworks/DictionaryServices.framework/Versions/A/DictionaryServices
0x0000000007b50000 	/System/Library/Frameworks/NetFS.framework/Versions/A/NetFS
0x0000000007b50000 	/System/Library/PrivateFrameworks/NetAuth.framework/Versions/A/NetAuth
0x0000000007b50000 	/System/Library/PrivateFrameworks/login.framework/Versions/A/Frameworks/loginsupport.framework/Versions/A/loginsupport
0x0000000007b50000 	/System/Library/PrivateFrameworks/TCC.framework/Versions/A/TCC
0x0000000007b50000 	/usr/lib/libmecabra.dylib
0x0000000007b50000 	/System/Library/PrivateFrameworks/LanguageModeling.framework/Versions/A/LanguageModeling
0x0000000007b50000 	/usr/lib/libcmph.dylib
0x0000000007b50000 	/usr/lib/libiconv.2.dylib
0x0000000007b50000 	/System/Library/Frameworks/OpenDirectory.framework/Versions/A/Frameworks/CFOpenDirectory.framework/Versions/A/CFOpenDirectory
0x0000000007b50000 	/System/Library/Frameworks/ServiceManagement.framework/Versions/A/ServiceManagement
0x0000000007b50000 	/usr/lib/libxslt.1.dylib
0x0000000007b50000 	/System/Library/Frameworks/Carbon.framework/Versions/A/Frameworks/Ink.framework/Versions/A/Ink
0x0000000007b50000 	/System/Library/Frameworks/ApplicationServices.framework/Versions/A/Frameworks/ATS.framework/Versions/A/ATS
0x0000000007b50000 	/System/Library/Frameworks/ApplicationServices.framework/Versions/A/Frameworks/ColorSync.framework/Versions/A/ColorSync
0x0000000007b50000 	/System/Library/Frameworks/ApplicationServices.framework/Versions/A/Frameworks/HIServices.framework/Versions/A/HIServices
0x0000000007b50000 	/System/Library/Frameworks/ApplicationServices.framework/Versions/A/Frameworks/LangAnalysis.framework/Versions/A/LangAnalysis
0x0000000007b50000 	/System/Library/Frameworks/ApplicationServices.framework/Versions/A/Frameworks/PrintCore.framework/Versions/A/PrintCore
0x0000000007b50000 	/System/Library/Frameworks/ApplicationServices.framework/Versions/A/Frameworks/QD.framework/Versions/A/QD
0x0000000007b50000 	/System/Library/Frameworks/ApplicationServices.framework/Versions/A/Frameworks/SpeechSynthesis.framework/Versions/A/SpeechSynthesis
0x0000000007b50000 	/System/Library/Frameworks/Accelerate.framework/Versions/A/Accelerate
0x0000000007b50000 	/System/Library/Frameworks/Accelerate.framework/Versions/A/Frameworks/vImage.framework/Versions/A/vImage
0x0000000007b50000 	/System/Library/Frameworks/Accelerate.framework/Versions/A/Frameworks/vecLib.framework/Versions/A/vecLib
0x0000000007b50000 	/System/Library/Frameworks/Accelerate.framework/Versions/A/Frameworks/vecLib.framework/Versions/A/libvDSP.dylib
0x0000000007b50000 	/System/Library/Frameworks/Accelerate.framework/Versions/A/Frameworks/vecLib.framework/Versions/A/libvMisc.dylib
0x0000000007b50000 	/System/Library/Frameworks/Accelerate.framework/Versions/A/Frameworks/vecLib.framework/Versions/A/libLAPACK.dylib
0x0000000007b50000 	/System/Library/Frameworks/Accelerate.framework/Versions/A/Frameworks/vecLib.framework/Versions/A/libBLAS.dylib
0x0000000007b50000 	/System/Library/Frameworks/Accelerate.framework/Versions/A/Frameworks/vecLib.framework/Versions/A/libLinearAlgebra.dylib
0x0000000007b50000 	/System/Library/Frameworks/ApplicationServices.framework/Versions/A/Frameworks/ATS.framework/Versions/A/Resources/libFontParser.dylib
0x0000000007b50000 	/System/Library/Frameworks/ApplicationServices.framework/Versions/A/Frameworks/ATS.framework/Versions/A/Resources/libFontRegistry.dylib
0x0000000007b50000 	/System/Library/PrivateFrameworks/AppleVPA.framework/Versions/A/AppleVPA
0x0000000007b50000 	/System/Library/PrivateFrameworks/AppleJPEG.framework/Versions/A/AppleJPEG
0x0000000007b50000 	/System/Library/Frameworks/ImageIO.framework/Versions/A/Resources/libJPEG.dylib
0x0000000007b50000 	/System/Library/Frameworks/ImageIO.framework/Versions/A/Resources/libTIFF.dylib
0x0000000007b50000 	/System/Library/Frameworks/ImageIO.framework/Versions/A/Resources/libPng.dylib
0x0000000007b50000 	/System/Library/Frameworks/ImageIO.framework/Versions/A/Resources/libGIF.dylib
0x0000000007b50000 	/System/Library/Frameworks/ImageIO.framework/Versions/A/Resources/libJP2.dylib
0x0000000007b50000 	/System/Library/Frameworks/ImageIO.framework/Versions/A/Resources/libRadiance.dylib
0x0000000007b50000 	/System/Library/Frameworks/CoreVideo.framework/Versions/A/CoreVideo
0x0000000007b50000 	/System/Library/Frameworks/OpenGL.framework/Versions/A/Libraries/libGLU.dylib
0x0000000007b50000 	/System/Library/Frameworks/OpenGL.framework/Versions/A/Libraries/libGFXShared.dylib
0x0000000007b50000 	/System/Library/Frameworks/OpenGL.framework/Versions/A/Libraries/libGL.dylib
0x0000000007b50000 	/System/Library/Frameworks/OpenGL.framework/Versions/A/Libraries/libGLImage.dylib
0x0000000007b50000 	/System/Library/Frameworks/OpenGL.framework/Versions/A/Libraries/libCVMSPluginSupport.dylib
0x0000000007b50000 	/System/Library/Frameworks/OpenGL.framework/Versions/A/Libraries/libCoreVMClient.dylib
0x0000000007b50000 	/usr/lib/libcups.2.dylib
0x0000000007b50000 	/System/Library/Frameworks/Kerberos.framework/Versions/A/Kerberos
0x0000000007b50000 	/System/Library/Frameworks/GSS.framework/Versions/A/GSS
0x0000000007b50000 	/usr/lib/libresolv.9.dylib
0x0000000007b50000 	/System/Library/PrivateFrameworks/Heimdal.framework/Versions/A/Heimdal
0x0000000007b50000 	/usr/lib/libheimdal-asn1.dylib
0x0000000007b50000 	/System/Library/Frameworks/OpenDirectory.framework/Versions/A/OpenDirectory
0x0000000007b50000 	/System/Library/PrivateFrameworks/CommonAuth.framework/Versions/A/CommonAuth
0x0000000007b50000 	/System/Library/Frameworks/SecurityFoundation.framework/Versions/A/SecurityFoundation
0x0000000007b50000 	/System/Library/Frameworks/QuartzCore.framework/Versions/A/Frameworks/CoreImage.framework/Versions/A/CoreImage
0x0000000007b50000 	/System/Library/PrivateFrameworks/CrashReporterSupport.framework/Versions/A/CrashReporterSupport
0x0000000007b50000 	/System/Library/Frameworks/OpenCL.framework/Versions/A/OpenCL
0x0000000007b50000 	/System/Library/PrivateFrameworks/FaceCore.framework/Versions/A/FaceCore
0x0000000007b50000 	/System/Library/PrivateFrameworks/Ubiquity.framework/Versions/A/Ubiquity
0x0000000007b50000 	/System/Library/PrivateFrameworks/IconServices.framework/Versions/A/IconServices
0x0000000007b50000 	/System/Library/PrivateFrameworks/ChunkingLibrary.framework/Versions/A/ChunkingLibrary
0x0000000007b50000 	/System/Library/PrivateFrameworks/Apple80211.framework/Versions/A/Apple80211
0x0000000007b50000 	/System/Library/Frameworks/CoreWLAN.framework/Versions/A/CoreWLAN
0x0000000007b50000 	/System/Library/Frameworks/IOBluetooth.framework/Versions/A/IOBluetooth
0x0000000007b50000 	/System/Library/PrivateFrameworks/CoreWiFi.framework/Versions/A/CoreWiFi
0x0000000007b50000 	/System/Library/Frameworks/CoreBluetooth.framework/Versions/A/CoreBluetooth
0x0000000007b50000 	/System/Library/PrivateFrameworks/DebugSymbols.framework/Versions/A/DebugSymbols
0x0000000007b50000 	/System/Library/PrivateFrameworks/CoreSymbolication.framework/Versions/A/CoreSymbolication
0x0000000007b50000 	/System/Library/PrivateFrameworks/Symbolication.framework/Versions/A/Symbolication
0x0000000007b50000 	/System/Library/PrivateFrameworks/SpeechRecognitionCore.framework/Versions/A/SpeechRecognitionCore
0x0000000102800000 	/Library/Java/JavaVirtualMachines/jdk1.8.0_20.jdk/Contents/Home/jre/lib/server/libjvm.dylib
0x0000000007b50000 	/usr/lib/libstdc++.6.dylib
0x0000000101f6e000 	/Library/Java/JavaVirtualMachines/jdk1.8.0_20.jdk/Contents/Home/jre/lib/libverify.dylib
0x0000000101f7c000 	/Library/Java/JavaVirtualMachines/jdk1.8.0_20.jdk/Contents/Home/jre/lib/libjava.dylib
0x0000000101fba000 	/Library/Java/JavaVirtualMachines/jdk1.8.0_20.jdk/Contents/Home/jre/lib/libzip.dylib
0x0000000119767000 	/System/Library/Frameworks/JavaVM.framework/Frameworks/JavaRuntimeSupport.framework/JavaRuntimeSupport
0x0000000101fec000 	/System/Library/Frameworks/JavaVM.framework/Versions/A/Frameworks/JavaNativeFoundation.framework/Versions/A/JavaNativeFoundation
0x000000011977d000 	/System/Library/Frameworks/JavaVM.framework/Versions/A/JavaVM
0x0000000007b50000 	/System/Library/Frameworks/Carbon.framework/Versions/A/Carbon
0x0000000119789000 	/System/Library/PrivateFrameworks/JavaLaunching.framework/Versions/A/JavaLaunching
0x0000000007b50000 	/System/Library/Frameworks/Carbon.framework/Versions/A/Frameworks/CommonPanels.framework/Versions/A/CommonPanels
0x0000000007b50000 	/System/Library/Frameworks/Carbon.framework/Versions/A/Frameworks/Help.framework/Versions/A/Help
0x0000000007b50000 	/System/Library/Frameworks/Carbon.framework/Versions/A/Frameworks/ImageCapture.framework/Versions/A/ImageCapture
0x0000000007b50000 	/System/Library/Frameworks/Carbon.framework/Versions/A/Frameworks/OpenScripting.framework/Versions/A/OpenScripting
0x0000000007b50000 	/System/Library/Frameworks/Carbon.framework/Versions/A/Frameworks/Print.framework/Versions/A/Print
0x0000000007b50000 	/System/Library/Frameworks/Carbon.framework/Versions/A/Frameworks/SecurityHI.framework/Versions/A/SecurityHI
0x000000011b5cb000 	/Library/Java/JavaVirtualMachines/jdk1.8.0_20.jdk/Contents/Home/jre/lib/libawt.dylib
0x000000011b67a000 	/Library/Java/JavaVirtualMachines/jdk1.8.0_20.jdk/Contents/Home/jre/lib/./libmlib_image.dylib
0x000000011b746000 	/Library/Java/JavaVirtualMachines/jdk1.8.0_20.jdk/Contents/Home/jre/lib/libawt_lwawt.dylib
0x000000011b7f9000 	/Library/Java/JavaVirtualMachines/jdk1.8.0_20.jdk/Contents/Home/jre/lib/./libosxapp.dylib
0x0000000007b50000 	/System/Library/Frameworks/ExceptionHandling.framework/Versions/A/ExceptionHandling
0x0000000007b50000 	/System/Library/PrivateFrameworks/CoreServicesInternal.framework/Versions/A/CoreServicesInternal
0x0000000007b50000 	/System/Library/PrivateFrameworks/CloudDocs.framework/Versions/A/CloudDocs
0x0000000007b50000 	/System/Library/PrivateFrameworks/CoreDuet.framework/Versions/A/CoreDuet
0x0000000007b50000 	/System/Library/Frameworks/CloudKit.framework/Versions/A/CloudKit
0x0000000007b50000 	/System/Library/PrivateFrameworks/ProtocolBuffer.framework/Versions/A/ProtocolBuffer
0x0000000007b50000 	/System/Library/PrivateFrameworks/CoreDuetDaemonProtocol.framework/Versions/A/CoreDuetDaemonProtocol
0x0000000007b50000 	/System/Library/PrivateFrameworks/CoreDuetDebugLogging.framework/Versions/A/CoreDuetDebugLogging
0x0000000007b50000 	/System/Library/Frameworks/CoreLocation.framework/Versions/A/CoreLocation
0x0000000007b50000 	/System/Library/Frameworks/Accounts.framework/Versions/A/Accounts
0x0000000007b50000 	/System/Library/PrivateFrameworks/ApplePushService.framework/Versions/A/ApplePushService
0x0000000007b50000 	/System/Library/PrivateFrameworks/GeoServices.framework/Versions/A/GeoServices
0x0000000007b50000 	/System/Library/PrivateFrameworks/OAuth.framework/Versions/A/OAuth
0x0000000007b50000 	/System/Library/PrivateFrameworks/CoreDaemon.framework/Versions/B/CoreDaemon
0x0000000007b50000 	/usr/lib/libcrypto.0.9.8.dylib
0x0000000007b50000 	/System/Library/PrivateFrameworks/AppleSRP.framework/Versions/A/AppleSRP
0x0000000007b50000 	/System/Library/PrivateFrameworks/TrustEvaluationAgent.framework/Versions/A/TrustEvaluationAgent
0x0000000007b50000 	/System/Library/Frameworks/CoreGraphics.framework/Versions/A/Resources/libCGCMS.A.dylib
0x0000000007b50000 	/System/Library/Frameworks/CoreGraphics.framework/Versions/A/Resources/libRIP.A.dylib
0x0000000007b50000 	/System/Library/Frameworks/CoreGraphics.framework/Versions/A/Resources/libCGXType.A.dylib
0x0000000007b50000 	/System/Library/Frameworks/OpenCL.framework/Versions/A/Libraries/libcldcpuengine.dylib
0x0000000007b50000 	/System/Library/PrivateFrameworks/DiskImages.framework/Versions/A/DiskImages
0x0000000007b50000 	/System/Library/Frameworks/DiscRecording.framework/Versions/A/DiscRecording
0x0000000007b50000 	/usr/lib/libcsfde.dylib
0x0000000007b50000 	/usr/lib/libcurl.4.dylib
0x0000000007b50000 	/System/Library/PrivateFrameworks/MediaKit.framework/Versions/A/MediaKit
0x0000000007b50000 	/System/Library/PrivateFrameworks/ProtectedCloudStorage.framework/Versions/A/ProtectedCloudStorage
0x0000000007b50000 	/usr/lib/libCoreStorage.dylib
0x0000000007b50000 	/System/Library/PrivateFrameworks/EFILogin.framework/Versions/A/EFILogin
0x0000000007b50000 	/usr/lib/libutil.dylib
0x0000000007b50000 	/System/Library/PrivateFrameworks/FindMyDevice.framework/Versions/A/FindMyDevice
0x0000000007b50000 	/System/Library/Frameworks/LDAP.framework/Versions/A/LDAP
0x0000000007b50000 	/usr/lib/libsasl2.2.dylib
0x000000011e537000 	cl_kernels
0x000000011e539000 	/System/Library/Frameworks/OpenCL.framework/Versions/A/Libraries/ImageFormats/unorm8_bgra.dylib
0x000000011e528000 	cl_kernels
0x0000000007b50000 	/System/Library/PrivateFrameworks/FamilyControls.framework/Versions/A/FamilyControls
0x0000000007b50000 	/System/Library/PrivateFrameworks/CommerceKit.framework/Versions/A/Frameworks/CommerceCore.framework/Versions/A/CommerceCore
0x0000000007b50000 	/System/Library/PrivateFrameworks/SystemAdministration.framework/Versions/A/SystemAdministration
0x0000000007b50000 	/System/Library/PrivateFrameworks/AppContainer.framework/Versions/A/AppContainer
0x0000000007b50000 	/System/Library/PrivateFrameworks/SecCodeWrapper.framework/Versions/A/SecCodeWrapper
0x0000000007b50000 	/System/Library/Frameworks/DirectoryService.framework/Versions/A/DirectoryService
0x0000000007b50000 	/System/Library/PrivateFrameworks/LoginUIKit.framework/Versions/A/Frameworks/LoginUICore.framework/Versions/A/LoginUICore
0x0000000007b50000 	/usr/lib/libodfde.dylib
0x000000011f6ff000 	/Library/Java/JavaVirtualMachines/jdk1.8.0_20.jdk/Contents/Home/jre/lib/libfontmanager.dylib
0x000000011f765000 	/Users/mick/Documents/workspace/lwjgl-2.9.1/native/macosx/liblwjgl.jnilib
0x000000011da67000 	/Library/Java/JavaVirtualMachines/jdk1.8.0_20.jdk/Contents/Home/jre/lib/libjawt.dylib
0x0000000007b50000 	/System/Library/Frameworks/OpenGL.framework/Versions/A/Resources/GLEngine.bundle/GLEngine
0x0000000007b50000 	/System/Library/Frameworks/OpenGL.framework/Versions/A/Libraries/libGLProgrammability.dylib
0x0000000000000000 	/System/Library/Extensions/AppleIntelHD4000GraphicsGLDriver.bundle/Contents/MacOS/AppleIntelHD4000GraphicsGLDriver
0x0000000007b50000 	/System/Library/PrivateFrameworks/IOAccelerator.framework/Versions/A/IOAccelerator
0x0000000007b50000 	/System/Library/PrivateFrameworks/GPUSupport.framework/Versions/A/Libraries/libGPUSupportMercury.dylib
0x0000000007b50000 	/System/Library/Frameworks/OpenGL.framework/Versions/A/Resources/GLRendererFloat.bundle/GLRendererFloat
0x000000011ff16000 	/Users/mick/Documents/workspace/lwjgl-2.9.1/native/macosx/libjinput-osx.jnilib
0x000000011ff1b000 	/System/Library/Extensions/IOHIDFamily.kext/Contents/PlugIns/IOHIDLib.plugin/Contents/MacOS/IOHIDLib

VM Arguments:
jvm_args: -Djava.library.path=/Users/mick/Documents/workspace/lwjgl-2.9.1/native/macosx:/Users/mick/Documents/workspace/lwjgl-2.9.1/native/macosx:/Users/mick/Documents/workspace/lwjgl-2.9.1/native/macosx -Dfile.encoding=UTF-8 
java_command: main.Game
java_class_path (initial): /Users/mick/Documents/workspace/pow2r/bin:/Users/mick/Documents/workspace/slick/lib/slick.jar:/Users/mick/Documents/workspace/lwjgl-2.9.1/jar/jinput.jar:/Users/mick/Documents/workspace/lwjgl-2.9.1/jar/lwjgl_util.jar:/Users/mick/Documents/workspace/lwjgl-2.9.1/jar/lwjgl.jar
Launcher Type: SUN_STANDARD

Environment Variables:
PATH=/usr/bin:/bin:/usr/sbin:/sbin
SHELL=/bin/bash
DISPLAY=/private/tmp/com.apple.launchd.EVNyg7tc1m/org.macosforge.xquartz:0

Signal Handlers:
SIGSEGV: [libjvm.dylib+0x578fd7], sa_mask[0]=11111111011111110111111111111111, sa_flags=SA_ONSTACK|SA_RESTART|SA_SIGINFO
SIGBUS: [libjvm.dylib+0x578fd7], sa_mask[0]=11111111011111110111111111111111, sa_flags=SA_RESTART|SA_SIGINFO
SIGFPE: [libjvm.dylib+0x45ab0c], sa_mask[0]=11111111011111110111111111111111, sa_flags=SA_RESTART|SA_SIGINFO
SIGPIPE: [libjvm.dylib+0x45ab0c], sa_mask[0]=11111111011111110111111111111111, sa_flags=SA_RESTART|SA_SIGINFO
SIGXFSZ: [libjvm.dylib+0x45ab0c], sa_mask[0]=11111111011111110111111111111111, sa_flags=SA_RESTART|SA_SIGINFO
SIGILL: [libjvm.dylib+0x45ab0c], sa_mask[0]=11111111011111110111111111111111, sa_flags=SA_RESTART|SA_SIGINFO
SIGUSR1: SIG_DFL, sa_mask[0]=00000000000000000000000000000000, sa_flags=none
SIGUSR2: [libjvm.dylib+0x45a62a], sa_mask[0]=00100000000000000000000000000000, sa_flags=SA_RESTART|SA_SIGINFO
SIGHUP: [libjvm.dylib+0x458bfd], sa_mask[0]=11111111011111110111111111111111, sa_flags=SA_RESTART|SA_SIGINFO
SIGINT: [libjvm.dylib+0x458bfd], sa_mask[0]=11111111011111110111111111111111, sa_flags=SA_RESTART|SA_SIGINFO
SIGTERM: [libjvm.dylib+0x458bfd], sa_mask[0]=11111111011111110111111111111111, sa_flags=SA_RESTART|SA_SIGINFO
SIGQUIT: [libjvm.dylib+0x458bfd], sa_mask[0]=11111111011111110111111111111111, sa_flags=SA_RESTART|SA_SIGINFO


---------------  S Y S T E M  ---------------

OS:Bsduname:Darwin 14.0.0 Darwin Kernel Version 14.0.0: Fri Sep 19 00:26:44 PDT 2014; root:xnu-2782.1.97~2/RELEASE_X86_64 x86_64
rlimit: STACK 8192k, CORE 0k, NPROC 709, NOFILE 10240, AS infinity
load average:1.23 1.46 1.48

CPU:total 4 (2 cores per cpu, 2 threads per core) family 6 model 58 stepping 9, cmov, cx8, fxsr, mmx, sse, sse2, sse3, ssse3, sse4.1, sse4.2, popcnt, avx, aes, clmul, erms, ht, tsc, tscinvbit, tscinv

Memory: 4k page, physical 8388608k(1170472k free)

/proc/meminfo:


vm_info: Java HotSpot(TM) 64-Bit Server VM (25.20-b23) for bsd-amd64 JRE (1.8.0_20-b26), built on Jul 30 2014 13:37:47 by "java_re" with gcc 4.2.1 (Based on Apple Inc. build 5658) (LLVM build 2336.9.00)

time: Fri Feb  6 13:07:58 2015
elapsed time: 2 seconds (0d 0h 0m 2s)

