#
# A fatal error has been detected by the Java Runtime Environment:
#
#  SIGSEGV (0xb) at pc=0x00007fff8fae70dd, pid=9226, tid=1811
#
# JRE version: Java(TM) SE Runtime Environment (8.0_20-b26) (build 1.8.0_20-b26)
# Java VM: Java HotSpot(TM) 64-Bit Server VM (25.20-b23 mixed mode bsd-amd64 compressed oops)
# Problematic frame:
# C  [libobjc.A.dylib+0x10dd]  objc_msgSend+0x1d
#
# Failed to write core dump. Core dumps have been disabled. To enable core dumping, try "ulimit -c unlimited" before starting Java again
#
# If you would like to submit a bug report, please visit:
#   http://bugreport.sun.com/bugreport/crash.jsp
# The crash happened outside the Java Virtual Machine in native code.
# See problematic frame for where to report the bug.
#

---------------  T H R E A D  ---------------

Current thread (0x00007fead284d000):  JavaThread "AppKit Thread" daemon [_thread_in_native, id=1811, stack(0x00007fff53ad1000,0x00007fff542d1000)]

siginfo: si_signo: 11 (SIGSEGV), si_code: 1 (SEGV_MAPERR), si_addr: 0x000007fead268778

Registers:
RAX=0x00007fead2695430, RBX=0x00007fff542cc7c8, RCX=0x0000000000000000, RDX=0x00007fead2476910
RSP=0x00007fff542cc5e8, RBP=0x00007fff542cc5f0, RSI=0x00007fff8a7902b4, RDI=0x00007fead2695430
R8 =0x00007fff542cc5d0, R9 =0x0000000000000055, R10=0x00007fff8a7902b4, R11=0x000007fead268760
R12=0x00007fead261c820, R13=0x00000000000f42e9, R14=0x00007fead2638130, R15=0x00007fff542cc728
RIP=0x00007fff8fae70dd, EFLAGS=0x0000000000010206, ERR=0x0000000000000004
  TRAPNO=0x000000000000000e

Top of Stack: (sp=0x00007fff542cc5e8)
0x00007fff542cc5e8:   00007fff88790cdc 00007fff542cc950
0x00007fff542cc5f8:   00007fff88682244 00007fff542cc67c
0x00007fff542cc608:   00007fff542cc680 00007fff542cc684
0x00007fff542cc618:   00007fff71503c88 ffffffffffffffff
0x00007fff542cc628:   00000000000007f8 00007fff71503ca0
0x00007fff542cc638:   00007fead2638130 0000000000000000
0x00007fff542cc648:   00007fff542cc720 0000000000000000
0x00007fff542cc658:   00007fead247e050 00007fff542cc7a0
0x00007fff542cc668:   0000000000000055 00000000000f42eb
0x00007fff542cc678:   00007fead2476910 00007fead247da70
0x00007fff542cc688:   00007fead261c820 0000000000000001
0x00007fff542cc698:   00000000000f42e9 00007fead261c810
0x00007fff542cc6a8:   00007fff846a27ba 00000001d26977f0
0x00007fff542cc6b8:   00007fff70ef10d0 0000000042000000
0x00007fff542cc6c8:   00007fff846aae13 00007fff714ce1d0
0x00007fff542cc6d8:   00007fff542cc7a8 0000000000000000
0x00007fff542cc6e8:   00007fff730708c8 0000000000000000
0x00007fff542cc6f8:   0000000000000007 0001260300000001
0x00007fff542cc708:   00007fead261c844 0000000000000000
0x00007fff542cc718:   00000000003bfe01 00007fead247e0d0
0x00007fff542cc728:   00007fead2638130 0000000000000000
0x00007fff542cc738:   00007fff8a7c834c 00007fff542cc7e0
0x00007fff542cc748:   00007fff85d07513 00007fff542cc7c4
0x00007fff542cc758:   00000000003bff01 00000000ffffffff
0x00007fff542cc768:   00007fff730708c8 00000000003bff00
0x00007fff542cc778:   00007fff00000000 00007fff542cc870
0x00007fff542cc788:   00007fff8818aedc 00007fff730708e8
0x00007fff542cc798:   00007fff8a7c834c 0000000000000051
0x00007fff542cc7a8:   0000000000000000 00000000000f42e1
0x00007fff542cc7b8:   0000000000000053 0000000000000000
0x00007fff542cc7c8:   00000000000f42e9 00007fff542cc844
0x00007fff542cc7d8:   00000000003c0d01 00000000ffffffff 

Instructions: (pc=0x00007fff8fae70dd)
0x00007fff8fae70bd:   00 00 00 48 85 ff 2e 74 7a 40 f6 c7 01 2e 75 7e
0x00007fff8fae70cd:   49 bb f8 ff ff ff ff 7f 00 00 4c 23 1f 49 89 f2
0x00007fff8fae70dd:   45 23 53 18 49 c1 e2 04 4d 03 53 10 49 3b 32 75
0x00007fff8fae70ed:   04 41 ff 62 08 49 83 3a 00 74 6a 4d 3b 53 10 74 

Register to memory mapping:

RAX=0x00007fead2695430 is an unknown value
RBX=0x00007fff542cc7c8 is pointing into the stack for thread: 0x00007fead284d000
RCX=0x0000000000000000 is an unknown value
RDX=0x00007fead2476910 is an unknown value
RSP=0x00007fff542cc5e8 is pointing into the stack for thread: 0x00007fead284d000
RBP=0x00007fff542cc5f0 is pointing into the stack for thread: 0x00007fead284d000
RSI=0x00007fff8a7902b4: -[NSTitlebarContainerView shouldRoundCorners]+0x5ced6 in /System/Library/Frameworks/AppKit.framework/Versions/C/AppKit at 0x00007fff89dbf000
RDI=0x00007fead2695430 is an unknown value
R8 =0x00007fff542cc5d0 is pointing into the stack for thread: 0x00007fead284d000
R9 =0x0000000000000055 is an unknown value
R10=0x00007fff8a7902b4: -[NSTitlebarContainerView shouldRoundCorners]+0x5ced6 in /System/Library/Frameworks/AppKit.framework/Versions/C/AppKit at 0x00007fff89dbf000
R11=0x000007fead268760 is an unknown value
R12=0x00007fead261c820 is an unknown value
R13=0x00000000000f42e9 is an unknown value
R14=0x00007fead2638130 is an unknown value
R15=0x00007fff542cc728 is pointing into the stack for thread: 0x00007fead284d000


Stack: [0x00007fff53ad1000,0x00007fff542d1000],  sp=0x00007fff542cc5e8,  free space=8173k
Native frames: (J=compiled Java code, j=interpreted, Vv=VM code, C=native code)
C  [libobjc.A.dylib+0x10dd]  objc_msgSend+0x1d
C  [CoreFoundation+0x10244]  _CFXNotificationPost+0xc44
C  [Foundation+0x2c31]  -[NSNotificationCenter postNotificationName:object:userInfo:]+0x42
C  [AppKit+0xdd776]  -[NSSurface _disposeSurface]+0x98
C  [AppKit+0xdd1da]  -[NSSurface setWindow:]+0x42
C  [AppKit+0x3b9ef]  -[NSView _setWindow:]+0xa22
C  [AppKit+0x3cc22]  -[NSView removeFromSuperview]+0x1c5
C  [AppKit+0x9140a]  -[NSView removeFromSuperviewWithoutNeedingDisplay]+0x26
C  [liblwjgl.jnilib+0x9c3e]  +[MacOSXKeyableWindow destroyWindow]+0xde
C  [Foundation+0x65cdc]  __NSThreadPerformPerform+0x125
C  [CoreFoundation+0x80681]  __CFRUNLOOP_IS_CALLING_OUT_TO_A_SOURCE0_PERFORM_FUNCTION__+0x11
C  [CoreFoundation+0x7280d]  __CFRunLoopDoSources0+0x10d
C  [CoreFoundation+0x71e3f]  __CFRunLoopRun+0x39f
C  [CoreFoundation+0x71858]  CFRunLoopRunSpecific+0x128
C  [HIToolbox+0x2eaef]  RunCurrentEventLoopInMode+0xeb
C  [HIToolbox+0x2e86a]  ReceiveNextEventCommon+0x1af
C  [HIToolbox+0x2e6ab]  _BlockUntilNextEventMatchingListInModeWithFilter+0x47
C  [AppKit+0x23f81]  _DPSNextEvent+0x3c4
C  [AppKit+0x23730]  -[NSApplication nextEventMatchingMask:untilDate:inMode:dequeue:]+0xc2
C  [libosxapp.dylib+0x242a]  -[NSApplicationAWT nextEventMatchingMask:untilDate:inMode:dequeue:]+0x7c
C  [AppKit+0x17593]  -[NSApplication run]+0x252
C  [libosxapp.dylib+0x223e]  +[NSApplicationAWT runAWTLoopWithApp:]+0x9c
C  [libawt_lwawt.dylib+0x4494f]  -[AWTStarter starter:]+0x389
C  [Foundation+0x65cdc]  __NSThreadPerformPerform+0x125
C  [CoreFoundation+0x80681]  __CFRUNLOOP_IS_CALLING_OUT_TO_A_SOURCE0_PERFORM_FUNCTION__+0x11
C  [CoreFoundation+0x7280d]  __CFRunLoopDoSources0+0x10d
C  [CoreFoundation+0x71e3f]  __CFRunLoopRun+0x39f
C  [CoreFoundation+0x71858]  CFRunLoopRunSpecific+0x128
C  [java+0x56cc]  CreateExecutionEnvironment+0x367
C  [java+0x165c]  JLI_Launch+0x7a0
C  [java+0x768a]  main+0x65
C  [java+0xeb4]  start+0x34
C  0x0000000000000006


---------------  P R O C E S S  ---------------

Java Threads: ( => current thread )
  0x00007fead38d1800 JavaThread "AWT-Shutdown" [_thread_blocked, id=13063, stack(0x0000000129eb7000,0x0000000129fb7000)]
=>0x00007fead284d000 JavaThread "AppKit Thread" daemon [_thread_in_native, id=1811, stack(0x00007fff53ad1000,0x00007fff542d1000)]
  0x00007fead3012800 JavaThread "Service Thread" daemon [_thread_blocked, id=18179, stack(0x0000000124f8b000,0x000000012508b000)]
  0x00007fead282e000 JavaThread "C1 CompilerThread2" daemon [_thread_blocked, id=17667, stack(0x0000000124e88000,0x0000000124f88000)]
  0x00007fead282d800 JavaThread "C2 CompilerThread1" daemon [_thread_blocked, id=17155, stack(0x0000000124d85000,0x0000000124e85000)]
  0x00007fead282b800 JavaThread "C2 CompilerThread0" daemon [_thread_blocked, id=16643, stack(0x0000000124c82000,0x0000000124d82000)]
  0x00007fead280b000 JavaThread "Signal Dispatcher" daemon [_thread_blocked, id=13335, stack(0x0000000124b7f000,0x0000000124c7f000)]
  0x00007fead380f000 JavaThread "Finalizer" daemon [_thread_blocked, id=11523, stack(0x000000012323d000,0x000000012333d000)]
  0x00007fead3008800 JavaThread "Reference Handler" daemon [_thread_blocked, id=11011, stack(0x000000012313a000,0x000000012323a000)]
  0x00007fead3800800 JavaThread "main" [_thread_in_native, id=4867, stack(0x000000010ba45000,0x000000010bb45000)]

Other Threads:
  0x00007fead4045800 VMThread [stack: 0x0000000123037000,0x0000000123137000] [id=10499]
  0x00007fead3013800 WatcherThread [stack: 0x000000012508e000,0x000000012518e000] [id=18691]

VM state:not at safepoint (normal execution)

VM Mutex/Monitor currently owned by a thread: None

Heap:
 PSYoungGen      total 38400K, used 10359K [0x0000000795580000, 0x0000000798000000, 0x00000007c0000000)
  eden space 33280K, 21% used [0x0000000795580000,0x0000000795c7df50,0x0000000797600000)
  from space 5120K, 62% used [0x0000000797b00000,0x0000000797e20020,0x0000000798000000)
  to   space 5120K, 0% used [0x0000000797600000,0x0000000797600000,0x0000000797b00000)
 ParOldGen       total 87552K, used 104K [0x0000000740000000, 0x0000000745580000, 0x0000000795580000)
  object space 87552K, 0% used [0x0000000740000000,0x000000074001a010,0x0000000745580000)
 Metaspace       used 8647K, capacity 8769K, committed 8960K, reserved 1056768K
  class space    used 878K, capacity 919K, committed 1024K, reserved 1048576K

Card table byte_map: [0x000000011c6db000,0x000000011cadc000] byte_map_base: 0x0000000118cdb000

Marking Bits: (ParMarkBitMap*) 0x000000010cc9c330
 Begin Bits: [0x000000011d193000, 0x000000011f193000)
 End Bits:   [0x000000011f193000, 0x0000000121193000)

Polling page: 0x000000010bb89000

CodeCache: size=245760Kb used=4118Kb max_used=4128Kb free=241642Kb
 bounds [0x000000010d31b000, 0x000000010d72b000, 0x000000011c31b000]
 total_blobs=1506 nmethods=1096 adapters=325
 compilation: enabled

Compilation events (10 events):
Event: 13.175 Thread 0x00007fead282e000 1092       3       java.nio.HeapByteBuffer::_put (8 bytes)
Event: 13.175 Thread 0x00007fead282e000 nmethod 1092 0x000000010d71e6d0 code [0x000000010d71e840, 0x000000010d71e9b0]
Event: 13.203 Thread 0x00007fead282e000 1093       3       java.nio.HeapByteBuffer::_get (7 bytes)
Event: 13.203 Thread 0x00007fead282e000 nmethod 1093 0x000000010d71e310 code [0x000000010d71e480, 0x000000010d71e5f0]
Event: 13.458 Thread 0x00007fead282b800 1094       4       java.nio.Buffer::nextGetIndex (31 bytes)
Event: 13.458 Thread 0x00007fead282b800 nmethod 1094 0x000000010d716190 code [0x000000010d7162e0, 0x000000010d716358]
Event: 13.813 Thread 0x00007fead282d800 1095       4       java.nio.DirectIntBufferU::get (16 bytes)
Event: 13.813 Thread 0x00007fead282d800 nmethod 1095 0x000000010d715f10 code [0x000000010d716060, 0x000000010d7160f8]
Event: 13.847 Thread 0x00007fead282e000 1096       1       org.newdawn.slick.util.InputAdapter::inputEnded (1 bytes)
Event: 13.847 Thread 0x00007fead282e000 nmethod 1096 0x000000010d715c50 code [0x000000010d715da0, 0x000000010d715eb0]

GC Heap History (8 events):
Event: 2.614 GC heap before
{Heap before GC invocations=1 (full 0):
 PSYoungGen      total 38400K, used 33280K [0x0000000795580000, 0x0000000798000000, 0x00000007c0000000)
  eden space 33280K, 100% used [0x0000000795580000,0x0000000797600000,0x0000000797600000)
  from space 5120K, 0% used [0x0000000797b00000,0x0000000797b00000,0x0000000798000000)
  to   space 5120K, 0% used [0x0000000797600000,0x0000000797600000,0x0000000797b00000)
 ParOldGen       total 87552K, used 0K [0x0000000740000000, 0x0000000745580000, 0x0000000795580000)
  object space 87552K, 0% used [0x0000000740000000,0x0000000740000000,0x0000000745580000)
 Metaspace       used 8520K, capacity 8641K, committed 8960K, reserved 1056768K
  class space    used 877K, capacity 919K, committed 1024K, reserved 1048576K
Event: 2.619 GC heap after
Heap after GC invocations=1 (full 0):
 PSYoungGen      total 38400K, used 4262K [0x0000000795580000, 0x0000000798000000, 0x00000007c0000000)
  eden space 33280K, 0% used [0x0000000795580000,0x0000000795580000,0x0000000797600000)
  from space 5120K, 83% used [0x0000000797600000,0x0000000797a298a0,0x0000000797b00000)
  to   space 5120K, 0% used [0x0000000797b00000,0x0000000797b00000,0x0000000798000000)
 ParOldGen       total 87552K, used 80K [0x0000000740000000, 0x0000000745580000, 0x0000000795580000)
  object space 87552K, 0% used [0x0000000740000000,0x0000000740014010,0x0000000745580000)
 Metaspace       used 8520K, capacity 8641K, committed 8960K, reserved 1056768K
  class space    used 877K, capacity 919K, committed 1024K, reserved 1048576K
}
Event: 6.084 GC heap before
{Heap before GC invocations=2 (full 0):
 PSYoungGen      total 38400K, used 37542K [0x0000000795580000, 0x0000000798000000, 0x00000007c0000000)
  eden space 33280K, 100% used [0x0000000795580000,0x0000000797600000,0x0000000797600000)
  from space 5120K, 83% used [0x0000000797600000,0x0000000797a298a0,0x0000000797b00000)
  to   space 5120K, 0% used [0x0000000797b00000,0x0000000797b00000,0x0000000798000000)
 ParOldGen       total 87552K, used 80K [0x0000000740000000, 0x0000000745580000, 0x0000000795580000)
  object space 87552K, 0% used [0x0000000740000000,0x0000000740014010,0x0000000745580000)
 Metaspace       used 8582K, capacity 8705K, committed 8960K, reserved 1056768K
  class space    used 877K, capacity 919K, committed 1024K, reserved 1048576K
Event: 6.089 GC heap after
Heap after GC invocations=2 (full 0):
 PSYoungGen      total 38400K, used 3266K [0x0000000795580000, 0x0000000798000000, 0x00000007c0000000)
  eden space 33280K, 0% used [0x0000000795580000,0x0000000795580000,0x0000000797600000)
  from space 5120K, 63% used [0x0000000797b00000,0x0000000797e30900,0x0000000798000000)
  to   space 5120K, 0% used [0x0000000797600000,0x0000000797600000,0x0000000797b00000)
 ParOldGen       total 87552K, used 88K [0x0000000740000000, 0x0000000745580000, 0x0000000795580000)
  object space 87552K, 0% used [0x0000000740000000,0x0000000740016010,0x0000000745580000)
 Metaspace       used 8582K, capacity 8705K, committed 8960K, reserved 1056768K
  class space    used 877K, capacity 919K, committed 1024K, reserved 1048576K
}
Event: 9.596 GC heap before
{Heap before GC invocations=3 (full 0):
 PSYoungGen      total 38400K, used 36546K [0x0000000795580000, 0x0000000798000000, 0x00000007c0000000)
  eden space 33280K, 100% used [0x0000000795580000,0x0000000797600000,0x0000000797600000)
  from space 5120K, 63% used [0x0000000797b00000,0x0000000797e30900,0x0000000798000000)
  to   space 5120K, 0% used [0x0000000797600000,0x0000000797600000,0x0000000797b00000)
 ParOldGen       total 87552K, used 88K [0x0000000740000000, 0x0000000745580000, 0x0000000795580000)
  object space 87552K, 0% used [0x0000000740000000,0x0000000740016010,0x0000000745580000)
 Metaspace       used 8639K, capacity 8769K, committed 8960K, reserved 1056768K
  class space    used 877K, capacity 919K, committed 1024K, reserved 1048576K
Event: 9.600 GC heap after
Heap after GC invocations=3 (full 0):
 PSYoungGen      total 38400K, used 3168K [0x0000000795580000, 0x0000000798000000, 0x00000007c0000000)
  eden space 33280K, 0% used [0x0000000795580000,0x0000000795580000,0x0000000797600000)
  from space 5120K, 61% used [0x0000000797600000,0x0000000797918020,0x0000000797b00000)
  to   space 5120K, 0% used [0x0000000797b00000,0x0000000797b00000,0x0000000798000000)
 ParOldGen       total 87552K, used 96K [0x0000000740000000, 0x0000000745580000, 0x0000000795580000)
  object space 87552K, 0% used [0x0000000740000000,0x0000000740018010,0x0000000745580000)
 Metaspace       used 8639K, capacity 8769K, committed 8960K, reserved 1056768K
  class space    used 877K, capacity 919K, committed 1024K, reserved 1048576K
}
Event: 13.187 GC heap before
{Heap before GC invocations=4 (full 0):
 PSYoungGen      total 38400K, used 36448K [0x0000000795580000, 0x0000000798000000, 0x00000007c0000000)
  eden space 33280K, 100% used [0x0000000795580000,0x0000000797600000,0x0000000797600000)
  from space 5120K, 61% used [0x0000000797600000,0x0000000797918020,0x0000000797b00000)
  to   space 5120K, 0% used [0x0000000797b00000,0x0000000797b00000,0x0000000798000000)
 ParOldGen       total 87552K, used 96K [0x0000000740000000, 0x0000000745580000, 0x0000000795580000)
  object space 87552K, 0% used [0x0000000740000000,0x0000000740018010,0x0000000745580000)
 Metaspace       used 8640K, capacity 8769K, committed 8960K, reserved 1056768K
  class space    used 877K, capacity 919K, committed 1024K, reserved 1048576K
Event: 13.191 GC heap after
Heap after GC invocations=4 (full 0):
 PSYoungGen      total 38400K, used 3200K [0x0000000795580000, 0x0000000798000000, 0x00000007c0000000)
  eden space 33280K, 0% used [0x0000000795580000,0x0000000795580000,0x0000000797600000)
  from space 5120K, 62% used [0x0000000797b00000,0x0000000797e20020,0x0000000798000000)
  to   space 5120K, 0% used [0x0000000797600000,0x0000000797600000,0x0000000797b00000)
 ParOldGen       total 87552K, used 104K [0x0000000740000000, 0x0000000745580000, 0x0000000795580000)
  object space 87552K, 0% used [0x0000000740000000,0x000000074001a010,0x0000000745580000)
 Metaspace       used 8640K, capacity 8769K, committed 8960K, reserved 1056768K
  class space    used 877K, capacity 919K, committed 1024K, reserved 1048576K
}

Deoptimization events (5 events):
Event: 0.708 Thread 0x00007fead3800800 Uncommon trap: reason=class_check action=maybe_recompile pc=0x000000010d519790 method=java.util.HashMap.putVal(ILjava/lang/Object;Ljava/lang/Object;ZZ)Ljava/lang/Object; @ 203
Event: 0.836 Thread 0x00007fead3800800 Uncommon trap: reason=class_check action=maybe_recompile pc=0x000000010d5b789c method=org.newdawn.slick.Image.init()V @ 83
Event: 0.837 Thread 0x00007fead3800800 Uncommon trap: reason=class_check action=maybe_recompile pc=0x000000010d5b789c method=org.newdawn.slick.Image.init()V @ 83
Event: 0.837 Thread 0x00007fead3800800 Uncommon trap: reason=class_check action=maybe_recompile pc=0x000000010d5b789c method=org.newdawn.slick.Image.init()V @ 83
Event: 0.837 Thread 0x00007fead3800800 Uncommon trap: reason=class_check action=maybe_recompile pc=0x000000010d5b789c method=org.newdawn.slick.Image.init()V @ 83

Internal exceptions (10 events):
Event: 0.838 Thread 0x00007fead3800800 Exception <a 'java/security/PrivilegedActionException'> (0x00000007964afbf0) thrown at [/HUDSON3/workspace/8-2-build-macosx-x86_64/jdk8u20/1074/hotspot/src/share/vm/prims/jvm.cpp, line 1275]
Event: 0.839 Thread 0x00007fead3800800 Exception <a 'java/security/PrivilegedActionException'> (0x00000007964b39d0) thrown at [/HUDSON3/workspace/8-2-build-macosx-x86_64/jdk8u20/1074/hotspot/src/share/vm/prims/jvm.cpp, line 1275]
Event: 0.839 Thread 0x00007fead3800800 Exception <a 'java/security/PrivilegedActionException'> (0x00000007964b5fb8) thrown at [/HUDSON3/workspace/8-2-build-macosx-x86_64/jdk8u20/1074/hotspot/src/share/vm/prims/jvm.cpp, line 1275]
Event: 0.840 Thread 0x00007fead3800800 Exception <a 'java/security/PrivilegedActionException'> (0x00000007964b85e8) thrown at [/HUDSON3/workspace/8-2-build-macosx-x86_64/jdk8u20/1074/hotspot/src/share/vm/prims/jvm.cpp, line 1275]
Event: 0.842 Thread 0x00007fead3800800 Exception <a 'java/security/PrivilegedActionException'> (0x00000007964bf378) thrown at [/HUDSON3/workspace/8-2-build-macosx-x86_64/jdk8u20/1074/hotspot/src/share/vm/prims/jvm.cpp, line 1275]
Event: 0.845 Thread 0x00007fead3800800 Exception <a 'java/security/PrivilegedActionException'> (0x00000007964c2b98) thrown at [/HUDSON3/workspace/8-2-build-macosx-x86_64/jdk8u20/1074/hotspot/src/share/vm/prims/jvm.cpp, line 1275]
Event: 0.846 Thread 0x00007fead3800800 Exception <a 'java/security/PrivilegedActionException'> (0x00000007964c68e0) thrown at [/HUDSON3/workspace/8-2-build-macosx-x86_64/jdk8u20/1074/hotspot/src/share/vm/prims/jvm.cpp, line 1275]
Event: 0.851 Thread 0x00007fead3800800 Exception <a 'java/security/PrivilegedActionException'> (0x00000007964ca268) thrown at [/HUDSON3/workspace/8-2-build-macosx-x86_64/jdk8u20/1074/hotspot/src/share/vm/prims/jvm.cpp, line 1275]
Event: 0.852 Thread 0x00007fead3800800 Exception <a 'java/security/PrivilegedActionException'> (0x00000007964cc200) thrown at [/HUDSON3/workspace/8-2-build-macosx-x86_64/jdk8u20/1074/hotspot/src/share/vm/prims/jvm.cpp, line 1275]
Event: 13.921 Thread 0x00007fead3800800 Exception <a 'java/security/PrivilegedActionException'> (0x0000000795c0a748) thrown at [/HUDSON3/workspace/8-2-build-macosx-x86_64/jdk8u20/1074/hotspot/src/share/vm/prims/jvm.cpp, line 1275]

Events (10 events):
Event: 6.214 Executing VM operation: RevokeBias
Event: 6.214 Executing VM operation: RevokeBias done
Event: 6.214 Thread 0x00007fead2865000 Thread exited: 0x00007fead2865000
Event: 9.596 Executing VM operation: ParallelGCFailedAllocation
Event: 9.600 Executing VM operation: ParallelGCFailedAllocation done
Event: 12.147 Thread 0x00007fead38d1800 Thread added: 0x00007fead38d1800
Event: 13.187 Executing VM operation: ParallelGCFailedAllocation
Event: 13.191 Executing VM operation: ParallelGCFailedAllocation done
Event: 13.921 loading class org/lwjgl/opengl/CallbackUtil
Event: 13.921 loading class org/lwjgl/opengl/CallbackUtil done


Dynamic libraries:
0x0000000000ce1000 	/System/Library/Frameworks/Cocoa.framework/Versions/A/Cocoa
0x0000000000ce1000 	/System/Library/Frameworks/Security.framework/Versions/A/Security
0x0000000000ce1000 	/System/Library/Frameworks/ApplicationServices.framework/Versions/A/ApplicationServices
0x0000000000ce1000 	/usr/lib/libz.1.dylib
0x0000000000ce1000 	/usr/lib/libSystem.B.dylib
0x0000000000ce1000 	/usr/lib/libobjc.A.dylib
0x0000000000ce1000 	/System/Library/Frameworks/CoreFoundation.framework/Versions/A/CoreFoundation
0x0000000000ce1000 	/System/Library/Frameworks/Foundation.framework/Versions/C/Foundation
0x0000000000ce1000 	/System/Library/Frameworks/AppKit.framework/Versions/C/AppKit
0x0000000000ce1000 	/System/Library/Frameworks/CoreData.framework/Versions/A/CoreData
0x0000000000ce1000 	/System/Library/PrivateFrameworks/RemoteViewServices.framework/Versions/A/RemoteViewServices
0x0000000000ce1000 	/System/Library/PrivateFrameworks/UIFoundation.framework/Versions/A/UIFoundation
0x0000000000ce1000 	/System/Library/Frameworks/IOSurface.framework/Versions/A/IOSurface
0x0000000000ce1000 	/System/Library/Frameworks/AudioToolbox.framework/Versions/A/AudioToolbox
0x0000000000ce1000 	/System/Library/Frameworks/AudioUnit.framework/Versions/A/AudioUnit
0x0000000000ce1000 	/System/Library/PrivateFrameworks/DataDetectorsCore.framework/Versions/A/DataDetectorsCore
0x0000000000ce1000 	/System/Library/PrivateFrameworks/DesktopServicesPriv.framework/Versions/A/DesktopServicesPriv
0x0000000000ce1000 	/System/Library/Frameworks/Carbon.framework/Versions/A/Frameworks/HIToolbox.framework/Versions/A/HIToolbox
0x0000000000ce1000 	/System/Library/Frameworks/QuartzCore.framework/Versions/A/QuartzCore
0x0000000000ce1000 	/System/Library/Frameworks/Carbon.framework/Versions/A/Frameworks/SpeechRecognition.framework/Versions/A/SpeechRecognition
0x0000000000ce1000 	/usr/lib/libauto.dylib
0x0000000000ce1000 	/usr/lib/libicucore.A.dylib
0x0000000000ce1000 	/usr/lib/libxml2.2.dylib
0x0000000000ce1000 	/System/Library/PrivateFrameworks/CoreUI.framework/Versions/A/CoreUI
0x0000000000ce1000 	/System/Library/Frameworks/CoreAudio.framework/Versions/A/CoreAudio
0x0000000000ce1000 	/System/Library/Frameworks/DiskArbitration.framework/Versions/A/DiskArbitration
0x0000000000ce1000 	/usr/lib/liblangid.dylib
0x0000000000ce1000 	/System/Library/PrivateFrameworks/MultitouchSupport.framework/Versions/A/MultitouchSupport
0x0000000000ce1000 	/System/Library/Frameworks/IOKit.framework/Versions/A/IOKit
0x0000000000ce1000 	/usr/lib/libDiagnosticMessagesClient.dylib
0x0000000000ce1000 	/System/Library/Frameworks/CoreServices.framework/Versions/A/CoreServices
0x0000000000ce1000 	/System/Library/PrivateFrameworks/PerformanceAnalysis.framework/Versions/A/PerformanceAnalysis
0x0000000000ce1000 	/System/Library/PrivateFrameworks/GenerationalStorage.framework/Versions/A/GenerationalStorage
0x0000000000ce1000 	/System/Library/Frameworks/OpenGL.framework/Versions/A/OpenGL
0x0000000000ce1000 	/System/Library/PrivateFrameworks/Sharing.framework/Versions/A/Sharing
0x0000000000ce1000 	/System/Library/Frameworks/CoreGraphics.framework/Versions/A/CoreGraphics
0x0000000000ce1000 	/System/Library/Frameworks/CoreText.framework/Versions/A/CoreText
0x0000000000ce1000 	/System/Library/Frameworks/ImageIO.framework/Versions/A/ImageIO
0x0000000000ce1000 	/usr/lib/libextension.dylib
0x0000000000ce1000 	/System/Library/PrivateFrameworks/Backup.framework/Versions/A/Backup
0x0000000000ce1000 	/usr/lib/libarchive.2.dylib
0x0000000000ce1000 	/System/Library/Frameworks/CFNetwork.framework/Versions/A/CFNetwork
0x0000000000ce1000 	/System/Library/Frameworks/SystemConfiguration.framework/Versions/A/SystemConfiguration
0x0000000000ce1000 	/usr/lib/libCRFSuite.dylib
0x0000000000ce1000 	/usr/lib/libc++.1.dylib
0x0000000000ce1000 	/usr/lib/libc++abi.dylib
0x0000000000ce1000 	/usr/lib/system/libcache.dylib
0x0000000000ce1000 	/usr/lib/system/libcommonCrypto.dylib
0x0000000000ce1000 	/usr/lib/system/libcompiler_rt.dylib
0x0000000000ce1000 	/usr/lib/system/libcopyfile.dylib
0x0000000000ce1000 	/usr/lib/system/libcorecrypto.dylib
0x0000000000ce1000 	/usr/lib/system/libdispatch.dylib
0x0000000000ce1000 	/usr/lib/system/libdyld.dylib
0x0000000000ce1000 	/usr/lib/system/libkeymgr.dylib
0x0000000000ce1000 	/usr/lib/system/liblaunch.dylib
0x0000000000ce1000 	/usr/lib/system/libmacho.dylib
0x0000000000ce1000 	/usr/lib/system/libquarantine.dylib
0x0000000000ce1000 	/usr/lib/system/libremovefile.dylib
0x0000000000ce1000 	/usr/lib/system/libsystem_asl.dylib
0x0000000000ce1000 	/usr/lib/system/libsystem_blocks.dylib
0x0000000000ce1000 	/usr/lib/system/libsystem_c.dylib
0x0000000000ce1000 	/usr/lib/system/libsystem_configuration.dylib
0x0000000000ce1000 	/usr/lib/system/libsystem_coreservices.dylib
0x0000000000ce1000 	/usr/lib/system/libsystem_coretls.dylib
0x0000000000ce1000 	/usr/lib/system/libsystem_dnssd.dylib
0x0000000000ce1000 	/usr/lib/system/libsystem_info.dylib
0x0000000000ce1000 	/usr/lib/system/libsystem_kernel.dylib
0x0000000000ce1000 	/usr/lib/system/libsystem_m.dylib
0x0000000000ce1000 	/usr/lib/system/libsystem_malloc.dylib
0x0000000000ce1000 	/usr/lib/system/libsystem_network.dylib
0x0000000000ce1000 	/usr/lib/system/libsystem_networkextension.dylib
0x0000000000ce1000 	/usr/lib/system/libsystem_notify.dylib
0x0000000000ce1000 	/usr/lib/system/libsystem_platform.dylib
0x0000000000ce1000 	/usr/lib/system/libsystem_pthread.dylib
0x0000000000ce1000 	/usr/lib/system/libsystem_sandbox.dylib
0x0000000000ce1000 	/usr/lib/system/libsystem_secinit.dylib
0x0000000000ce1000 	/usr/lib/system/libsystem_stats.dylib
0x0000000000ce1000 	/usr/lib/system/libsystem_trace.dylib
0x0000000000ce1000 	/usr/lib/system/libunc.dylib
0x0000000000ce1000 	/usr/lib/system/libunwind.dylib
0x0000000000ce1000 	/usr/lib/system/libxpc.dylib
0x0000000000ce1000 	/usr/lib/libbz2.1.0.dylib
0x0000000000ce1000 	/usr/lib/liblzma.5.dylib
0x0000000000ce1000 	/usr/lib/libbsm.0.dylib
0x0000000000ce1000 	/usr/lib/libsqlite3.dylib
0x0000000000ce1000 	/usr/lib/system/libkxld.dylib
0x0000000000ce1000 	/usr/lib/libxar.1.dylib
0x0000000000ce1000 	/usr/lib/libpam.2.dylib
0x0000000000ce1000 	/usr/lib/libOpenScriptingUtil.dylib
0x0000000000ce1000 	/System/Library/Frameworks/CoreServices.framework/Versions/A/Frameworks/FSEvents.framework/Versions/A/FSEvents
0x0000000000ce1000 	/System/Library/Frameworks/CoreServices.framework/Versions/A/Frameworks/CarbonCore.framework/Versions/A/CarbonCore
0x0000000000ce1000 	/System/Library/Frameworks/CoreServices.framework/Versions/A/Frameworks/Metadata.framework/Versions/A/Metadata
0x0000000000ce1000 	/System/Library/Frameworks/CoreServices.framework/Versions/A/Frameworks/OSServices.framework/Versions/A/OSServices
0x0000000000ce1000 	/System/Library/Frameworks/CoreServices.framework/Versions/A/Frameworks/SearchKit.framework/Versions/A/SearchKit
0x0000000000ce1000 	/System/Library/Frameworks/CoreServices.framework/Versions/A/Frameworks/AE.framework/Versions/A/AE
0x0000000000ce1000 	/System/Library/Frameworks/CoreServices.framework/Versions/A/Frameworks/LaunchServices.framework/Versions/A/LaunchServices
0x0000000000ce1000 	/System/Library/Frameworks/CoreServices.framework/Versions/A/Frameworks/DictionaryServices.framework/Versions/A/DictionaryServices
0x0000000000ce1000 	/System/Library/Frameworks/NetFS.framework/Versions/A/NetFS
0x0000000000ce1000 	/System/Library/PrivateFrameworks/NetAuth.framework/Versions/A/NetAuth
0x0000000000ce1000 	/System/Library/PrivateFrameworks/login.framework/Versions/A/Frameworks/loginsupport.framework/Versions/A/loginsupport
0x0000000000ce1000 	/System/Library/PrivateFrameworks/TCC.framework/Versions/A/TCC
0x0000000000ce1000 	/usr/lib/libmecabra.dylib
0x0000000000ce1000 	/System/Library/Frameworks/ApplicationServices.framework/Versions/A/Frameworks/ATS.framework/Versions/A/ATS
0x0000000000ce1000 	/System/Library/Frameworks/ApplicationServices.framework/Versions/A/Frameworks/ColorSync.framework/Versions/A/ColorSync
0x0000000000ce1000 	/System/Library/Frameworks/ApplicationServices.framework/Versions/A/Frameworks/HIServices.framework/Versions/A/HIServices
0x0000000000ce1000 	/System/Library/Frameworks/ApplicationServices.framework/Versions/A/Frameworks/LangAnalysis.framework/Versions/A/LangAnalysis
0x0000000000ce1000 	/System/Library/Frameworks/ApplicationServices.framework/Versions/A/Frameworks/PrintCore.framework/Versions/A/PrintCore
0x0000000000ce1000 	/System/Library/Frameworks/ApplicationServices.framework/Versions/A/Frameworks/QD.framework/Versions/A/QD
0x0000000000ce1000 	/System/Library/Frameworks/ApplicationServices.framework/Versions/A/Frameworks/SpeechSynthesis.framework/Versions/A/SpeechSynthesis
0x0000000000ce1000 	/System/Library/Frameworks/Accelerate.framework/Versions/A/Accelerate
0x0000000000ce1000 	/System/Library/Frameworks/Accelerate.framework/Versions/A/Frameworks/vImage.framework/Versions/A/vImage
0x0000000000ce1000 	/System/Library/Frameworks/Accelerate.framework/Versions/A/Frameworks/vecLib.framework/Versions/A/vecLib
0x0000000000ce1000 	/System/Library/Frameworks/Accelerate.framework/Versions/A/Frameworks/vecLib.framework/Versions/A/libvDSP.dylib
0x0000000000ce1000 	/System/Library/Frameworks/Accelerate.framework/Versions/A/Frameworks/vecLib.framework/Versions/A/libvMisc.dylib
0x0000000000ce1000 	/System/Library/Frameworks/Accelerate.framework/Versions/A/Frameworks/vecLib.framework/Versions/A/libLAPACK.dylib
0x0000000000ce1000 	/System/Library/Frameworks/Accelerate.framework/Versions/A/Frameworks/vecLib.framework/Versions/A/libBLAS.dylib
0x0000000000ce1000 	/System/Library/Frameworks/Accelerate.framework/Versions/A/Frameworks/vecLib.framework/Versions/A/libLinearAlgebra.dylib
0x0000000000ce1000 	/System/Library/Frameworks/ApplicationServices.framework/Versions/A/Frameworks/ATS.framework/Versions/A/Resources/libFontParser.dylib
0x0000000000ce1000 	/System/Library/Frameworks/ApplicationServices.framework/Versions/A/Frameworks/ATS.framework/Versions/A/Resources/libFontRegistry.dylib
0x0000000000ce1000 	/System/Library/PrivateFrameworks/AppleVPA.framework/Versions/A/AppleVPA
0x0000000000ce1000 	/System/Library/PrivateFrameworks/AppleJPEG.framework/Versions/A/AppleJPEG
0x0000000000ce1000 	/System/Library/Frameworks/ImageIO.framework/Versions/A/Resources/libJPEG.dylib
0x0000000000ce1000 	/System/Library/Frameworks/ImageIO.framework/Versions/A/Resources/libTIFF.dylib
0x0000000000ce1000 	/System/Library/Frameworks/ImageIO.framework/Versions/A/Resources/libPng.dylib
0x0000000000ce1000 	/System/Library/Frameworks/ImageIO.framework/Versions/A/Resources/libGIF.dylib
0x0000000000ce1000 	/System/Library/Frameworks/ImageIO.framework/Versions/A/Resources/libJP2.dylib
0x0000000000ce1000 	/System/Library/Frameworks/ImageIO.framework/Versions/A/Resources/libRadiance.dylib
0x0000000000ce1000 	/System/Library/Frameworks/CoreVideo.framework/Versions/A/CoreVideo
0x0000000000ce1000 	/System/Library/Frameworks/OpenGL.framework/Versions/A/Libraries/libGLU.dylib
0x0000000000ce1000 	/System/Library/Frameworks/OpenGL.framework/Versions/A/Libraries/libGFXShared.dylib
0x0000000000ce1000 	/System/Library/Frameworks/OpenGL.framework/Versions/A/Libraries/libGL.dylib
0x0000000000ce1000 	/System/Library/Frameworks/OpenGL.framework/Versions/A/Libraries/libGLImage.dylib
0x0000000000ce1000 	/System/Library/Frameworks/OpenGL.framework/Versions/A/Libraries/libCVMSPluginSupport.dylib
0x0000000000ce1000 	/System/Library/Frameworks/OpenGL.framework/Versions/A/Libraries/libCoreVMClient.dylib
0x0000000000ce1000 	/usr/lib/libcups.2.dylib
0x0000000000ce1000 	/System/Library/Frameworks/Kerberos.framework/Versions/A/Kerberos
0x0000000000ce1000 	/System/Library/Frameworks/GSS.framework/Versions/A/GSS
0x0000000000ce1000 	/usr/lib/libresolv.9.dylib
0x0000000000ce1000 	/usr/lib/libiconv.2.dylib
0x0000000000ce1000 	/System/Library/PrivateFrameworks/Heimdal.framework/Versions/A/Heimdal
0x0000000000ce1000 	/usr/lib/libheimdal-asn1.dylib
0x0000000000ce1000 	/System/Library/Frameworks/OpenDirectory.framework/Versions/A/OpenDirectory
0x0000000000ce1000 	/System/Library/PrivateFrameworks/CommonAuth.framework/Versions/A/CommonAuth
0x0000000000ce1000 	/System/Library/Frameworks/OpenDirectory.framework/Versions/A/Frameworks/CFOpenDirectory.framework/Versions/A/CFOpenDirectory
0x0000000000ce1000 	/System/Library/Frameworks/SecurityFoundation.framework/Versions/A/SecurityFoundation
0x0000000000ce1000 	/System/Library/PrivateFrameworks/LanguageModeling.framework/Versions/A/LanguageModeling
0x0000000000ce1000 	/usr/lib/libcmph.dylib
0x0000000000ce1000 	/System/Library/Frameworks/ServiceManagement.framework/Versions/A/ServiceManagement
0x0000000000ce1000 	/usr/lib/libxslt.1.dylib
0x0000000000ce1000 	/System/Library/Frameworks/Carbon.framework/Versions/A/Frameworks/Ink.framework/Versions/A/Ink
0x0000000000ce1000 	/System/Library/Frameworks/QuartzCore.framework/Versions/A/Frameworks/CoreImage.framework/Versions/A/CoreImage
0x0000000000ce1000 	/System/Library/PrivateFrameworks/CrashReporterSupport.framework/Versions/A/CrashReporterSupport
0x0000000000ce1000 	/System/Library/Frameworks/OpenCL.framework/Versions/A/OpenCL
0x0000000000ce1000 	/System/Library/PrivateFrameworks/FaceCore.framework/Versions/A/FaceCore
0x0000000000ce1000 	/System/Library/PrivateFrameworks/Ubiquity.framework/Versions/A/Ubiquity
0x0000000000ce1000 	/System/Library/PrivateFrameworks/IconServices.framework/Versions/A/IconServices
0x0000000000ce1000 	/System/Library/PrivateFrameworks/ChunkingLibrary.framework/Versions/A/ChunkingLibrary
0x0000000000ce1000 	/System/Library/PrivateFrameworks/Apple80211.framework/Versions/A/Apple80211
0x0000000000ce1000 	/System/Library/Frameworks/CoreWLAN.framework/Versions/A/CoreWLAN
0x0000000000ce1000 	/System/Library/Frameworks/IOBluetooth.framework/Versions/A/IOBluetooth
0x0000000000ce1000 	/System/Library/PrivateFrameworks/CoreWiFi.framework/Versions/A/CoreWiFi
0x0000000000ce1000 	/System/Library/Frameworks/CoreBluetooth.framework/Versions/A/CoreBluetooth
0x0000000000ce1000 	/System/Library/PrivateFrameworks/DebugSymbols.framework/Versions/A/DebugSymbols
0x0000000000ce1000 	/System/Library/PrivateFrameworks/CoreSymbolication.framework/Versions/A/CoreSymbolication
0x0000000000ce1000 	/System/Library/PrivateFrameworks/Symbolication.framework/Versions/A/Symbolication
0x0000000000ce1000 	/System/Library/PrivateFrameworks/SpeechRecognitionCore.framework/Versions/A/SpeechRecognitionCore
0x000000010c400000 	/Library/Java/JavaVirtualMachines/jdk1.8.0_20.jdk/Contents/Home/jre/lib/server/libjvm.dylib
0x0000000000ce1000 	/usr/lib/libstdc++.6.dylib
0x000000010bb47000 	/Library/Java/JavaVirtualMachines/jdk1.8.0_20.jdk/Contents/Home/jre/lib/libverify.dylib
0x000000010bb55000 	/Library/Java/JavaVirtualMachines/jdk1.8.0_20.jdk/Contents/Home/jre/lib/libjava.dylib
0x000000010bb93000 	/Library/Java/JavaVirtualMachines/jdk1.8.0_20.jdk/Contents/Home/jre/lib/libzip.dylib
0x000000012333f000 	/System/Library/Frameworks/JavaVM.framework/Frameworks/JavaRuntimeSupport.framework/JavaRuntimeSupport
0x0000000123355000 	/System/Library/Frameworks/JavaVM.framework/Versions/A/Frameworks/JavaNativeFoundation.framework/Versions/A/JavaNativeFoundation
0x000000010bbed000 	/System/Library/Frameworks/JavaVM.framework/Versions/A/JavaVM
0x0000000000ce1000 	/System/Library/Frameworks/Carbon.framework/Versions/A/Carbon
0x0000000123369000 	/System/Library/PrivateFrameworks/JavaLaunching.framework/Versions/A/JavaLaunching
0x0000000000ce1000 	/System/Library/Frameworks/Carbon.framework/Versions/A/Frameworks/CommonPanels.framework/Versions/A/CommonPanels
0x0000000000ce1000 	/System/Library/Frameworks/Carbon.framework/Versions/A/Frameworks/Help.framework/Versions/A/Help
0x0000000000ce1000 	/System/Library/Frameworks/Carbon.framework/Versions/A/Frameworks/ImageCapture.framework/Versions/A/ImageCapture
0x0000000000ce1000 	/System/Library/Frameworks/Carbon.framework/Versions/A/Frameworks/OpenScripting.framework/Versions/A/OpenScripting
0x0000000000ce1000 	/System/Library/Frameworks/Carbon.framework/Versions/A/Frameworks/Print.framework/Versions/A/Print
0x0000000000ce1000 	/System/Library/Frameworks/Carbon.framework/Versions/A/Frameworks/SecurityHI.framework/Versions/A/SecurityHI
0x00000001251a7000 	/Library/Java/JavaVirtualMachines/jdk1.8.0_20.jdk/Contents/Home/jre/lib/libawt.dylib
0x0000000125256000 	/Library/Java/JavaVirtualMachines/jdk1.8.0_20.jdk/Contents/Home/jre/lib/./libmlib_image.dylib
0x0000000125322000 	/Library/Java/JavaVirtualMachines/jdk1.8.0_20.jdk/Contents/Home/jre/lib/libawt_lwawt.dylib
0x00000001253d5000 	/Library/Java/JavaVirtualMachines/jdk1.8.0_20.jdk/Contents/Home/jre/lib/./libosxapp.dylib
0x0000000000ce1000 	/System/Library/Frameworks/ExceptionHandling.framework/Versions/A/ExceptionHandling
0x0000000000ce1000 	/System/Library/PrivateFrameworks/CoreServicesInternal.framework/Versions/A/CoreServicesInternal
0x0000000000ce1000 	/System/Library/PrivateFrameworks/CloudDocs.framework/Versions/A/CloudDocs
0x0000000000ce1000 	/System/Library/PrivateFrameworks/CoreDuet.framework/Versions/A/CoreDuet
0x0000000000ce1000 	/System/Library/Frameworks/CloudKit.framework/Versions/A/CloudKit
0x0000000000ce1000 	/System/Library/PrivateFrameworks/ProtocolBuffer.framework/Versions/A/ProtocolBuffer
0x0000000000ce1000 	/System/Library/PrivateFrameworks/CoreDuetDaemonProtocol.framework/Versions/A/CoreDuetDaemonProtocol
0x0000000000ce1000 	/System/Library/PrivateFrameworks/CoreDuetDebugLogging.framework/Versions/A/CoreDuetDebugLogging
0x0000000000ce1000 	/System/Library/Frameworks/CoreLocation.framework/Versions/A/CoreLocation
0x0000000000ce1000 	/System/Library/Frameworks/Accounts.framework/Versions/A/Accounts
0x0000000000ce1000 	/System/Library/PrivateFrameworks/ApplePushService.framework/Versions/A/ApplePushService
0x0000000000ce1000 	/System/Library/PrivateFrameworks/GeoServices.framework/Versions/A/GeoServices
0x0000000000ce1000 	/System/Library/PrivateFrameworks/OAuth.framework/Versions/A/OAuth
0x0000000000ce1000 	/System/Library/PrivateFrameworks/CoreDaemon.framework/Versions/B/CoreDaemon
0x0000000000ce1000 	/usr/lib/libcrypto.0.9.8.dylib
0x0000000000ce1000 	/System/Library/PrivateFrameworks/AppleSRP.framework/Versions/A/AppleSRP
0x0000000000ce1000 	/System/Library/PrivateFrameworks/TrustEvaluationAgent.framework/Versions/A/TrustEvaluationAgent
0x0000000000ce1000 	/System/Library/Frameworks/CoreGraphics.framework/Versions/A/Resources/libCGCMS.A.dylib
0x0000000000ce1000 	/System/Library/Frameworks/CoreGraphics.framework/Versions/A/Resources/libRIP.A.dylib
0x0000000000ce1000 	/System/Library/Frameworks/CoreGraphics.framework/Versions/A/Resources/libCGXType.A.dylib
0x0000000000ce1000 	/System/Library/Frameworks/OpenCL.framework/Versions/A/Libraries/libcldcpuengine.dylib
0x0000000000ce1000 	/System/Library/PrivateFrameworks/DiskImages.framework/Versions/A/DiskImages
0x0000000000ce1000 	/System/Library/Frameworks/DiscRecording.framework/Versions/A/DiscRecording
0x0000000000ce1000 	/usr/lib/libcsfde.dylib
0x0000000000ce1000 	/usr/lib/libcurl.4.dylib
0x0000000000ce1000 	/System/Library/PrivateFrameworks/MediaKit.framework/Versions/A/MediaKit
0x0000000000ce1000 	/System/Library/PrivateFrameworks/ProtectedCloudStorage.framework/Versions/A/ProtectedCloudStorage
0x0000000000ce1000 	/usr/lib/libCoreStorage.dylib
0x0000000000ce1000 	/System/Library/PrivateFrameworks/EFILogin.framework/Versions/A/EFILogin
0x0000000000ce1000 	/usr/lib/libutil.dylib
0x0000000000ce1000 	/System/Library/PrivateFrameworks/FindMyDevice.framework/Versions/A/FindMyDevice
0x0000000000ce1000 	/System/Library/Frameworks/LDAP.framework/Versions/A/LDAP
0x0000000000ce1000 	/usr/lib/libsasl2.2.dylib
0x00000001281c0000 	cl_kernels
0x00000001281c2000 	/System/Library/Frameworks/OpenCL.framework/Versions/A/Libraries/ImageFormats/unorm8_bgra.dylib
0x00000001281b1000 	cl_kernels
0x0000000000ce1000 	/System/Library/PrivateFrameworks/FamilyControls.framework/Versions/A/FamilyControls
0x0000000000ce1000 	/System/Library/PrivateFrameworks/CommerceKit.framework/Versions/A/Frameworks/CommerceCore.framework/Versions/A/CommerceCore
0x0000000000ce1000 	/System/Library/PrivateFrameworks/SystemAdministration.framework/Versions/A/SystemAdministration
0x0000000000ce1000 	/System/Library/PrivateFrameworks/AppContainer.framework/Versions/A/AppContainer
0x0000000000ce1000 	/System/Library/PrivateFrameworks/SecCodeWrapper.framework/Versions/A/SecCodeWrapper
0x0000000000ce1000 	/System/Library/Frameworks/DirectoryService.framework/Versions/A/DirectoryService
0x0000000000ce1000 	/System/Library/PrivateFrameworks/LoginUIKit.framework/Versions/A/Frameworks/LoginUICore.framework/Versions/A/LoginUICore
0x0000000000ce1000 	/usr/lib/libodfde.dylib
0x0000000129388000 	/Library/Java/JavaVirtualMachines/jdk1.8.0_20.jdk/Contents/Home/jre/lib/libfontmanager.dylib
0x00000001293ee000 	/Users/mick/Documents/workspace/lwjgl-2.9.1/native/macosx/liblwjgl.jnilib
0x00000001276f0000 	/Library/Java/JavaVirtualMachines/jdk1.8.0_20.jdk/Contents/Home/jre/lib/libjawt.dylib
0x0000000000ce1000 	/System/Library/Frameworks/OpenGL.framework/Versions/A/Resources/GLEngine.bundle/GLEngine
0x0000000000ce1000 	/System/Library/Frameworks/OpenGL.framework/Versions/A/Libraries/libGLProgrammability.dylib
0x0000000000000000 	/System/Library/Extensions/AppleIntelHD4000GraphicsGLDriver.bundle/Contents/MacOS/AppleIntelHD4000GraphicsGLDriver
0x0000000000ce1000 	/System/Library/PrivateFrameworks/IOAccelerator.framework/Versions/A/IOAccelerator
0x0000000000ce1000 	/System/Library/PrivateFrameworks/GPUSupport.framework/Versions/A/Libraries/libGPUSupportMercury.dylib
0x0000000000ce1000 	/System/Library/Frameworks/OpenGL.framework/Versions/A/Resources/GLRendererFloat.bundle/GLRendererFloat
0x0000000129e83000 	/Users/mick/Documents/workspace/lwjgl-2.9.1/native/macosx/libjinput-osx.jnilib
0x0000000129e88000 	/System/Library/Extensions/IOHIDFamily.kext/Contents/PlugIns/IOHIDLib.plugin/Contents/MacOS/IOHIDLib

VM Arguments:
jvm_args: -Djava.library.path=/Users/mick/Documents/workspace/lwjgl-2.9.1/native/macosx:/Users/mick/Documents/workspace/lwjgl-2.9.1/native/macosx:/Users/mick/Documents/workspace/lwjgl-2.9.1/native/macosx -Dfile.encoding=UTF-8 
java_command: main.Game
java_class_path (initial): /Users/mick/Documents/workspace/pow2r/bin:/Users/mick/Documents/workspace/slick/lib/slick.jar:/Users/mick/Documents/workspace/lwjgl-2.9.1/jar/jinput.jar:/Users/mick/Documents/workspace/lwjgl-2.9.1/jar/lwjgl_util.jar:/Users/mick/Documents/workspace/lwjgl-2.9.1/jar/lwjgl.jar
Launcher Type: SUN_STANDARD

Environment Variables:
PATH=/usr/bin:/bin:/usr/sbin:/sbin
SHELL=/bin/bash
DISPLAY=/private/tmp/com.apple.launchd.gSxPhai4Ui/org.macosforge.xquartz:0

Signal Handlers:
SIGSEGV: [libjvm.dylib+0x578fd7], sa_mask[0]=11111111011111110111111111111111, sa_flags=SA_ONSTACK|SA_RESTART|SA_SIGINFO
SIGBUS: [libjvm.dylib+0x578fd7], sa_mask[0]=11111111011111110111111111111111, sa_flags=SA_RESTART|SA_SIGINFO
SIGFPE: [libjvm.dylib+0x45ab0c], sa_mask[0]=11111111011111110111111111111111, sa_flags=SA_RESTART|SA_SIGINFO
SIGPIPE: [libjvm.dylib+0x45ab0c], sa_mask[0]=11111111011111110111111111111111, sa_flags=SA_RESTART|SA_SIGINFO
SIGXFSZ: [libjvm.dylib+0x45ab0c], sa_mask[0]=11111111011111110111111111111111, sa_flags=SA_RESTART|SA_SIGINFO
SIGILL: [libjvm.dylib+0x45ab0c], sa_mask[0]=11111111011111110111111111111111, sa_flags=SA_RESTART|SA_SIGINFO
SIGUSR1: SIG_DFL, sa_mask[0]=00000000000000000000000000000000, sa_flags=none
SIGUSR2: [libjvm.dylib+0x45a62a], sa_mask[0]=00100000000000000000000000000000, sa_flags=SA_RESTART|SA_SIGINFO
SIGHUP: [libjvm.dylib+0x458bfd], sa_mask[0]=11111111011111110111111111111111, sa_flags=SA_RESTART|SA_SIGINFO
SIGINT: [libjvm.dylib+0x458bfd], sa_mask[0]=11111111011111110111111111111111, sa_flags=SA_RESTART|SA_SIGINFO
SIGTERM: [libjvm.dylib+0x458bfd], sa_mask[0]=11111111011111110111111111111111, sa_flags=SA_RESTART|SA_SIGINFO
SIGQUIT: [libjvm.dylib+0x458bfd], sa_mask[0]=11111111011111110111111111111111, sa_flags=SA_RESTART|SA_SIGINFO


---------------  S Y S T E M  ---------------

OS:Bsduname:Darwin 14.1.0 Darwin Kernel Version 14.1.0: Mon Dec 22 23:10:38 PST 2014; root:xnu-2782.10.72~2/RELEASE_X86_64 x86_64
rlimit: STACK 8192k, CORE 0k, NPROC 709, NOFILE 10240, AS infinity
load average:1.55 1.66 1.56

CPU:total 4 (2 cores per cpu, 2 threads per core) family 6 model 58 stepping 9, cmov, cx8, fxsr, mmx, sse, sse2, sse3, ssse3, sse4.1, sse4.2, popcnt, avx, aes, clmul, erms, ht, tsc, tscinvbit, tscinv

Memory: 4k page, physical 8388608k(2219736k free)

/proc/meminfo:


vm_info: Java HotSpot(TM) 64-Bit Server VM (25.20-b23) for bsd-amd64 JRE (1.8.0_20-b26), built on Jul 30 2014 13:37:47 by "java_re" with gcc 4.2.1 (Based on Apple Inc. build 5658) (LLVM build 2336.9.00)

time: Sun Mar  8 14:34:42 2015
elapsed time: 13 seconds (0d 0h 0m 13s)

