#
# A fatal error has been detected by the Java Runtime Environment:
#
#  SIGSEGV (0xb) at pc=0x00007fff899ac8f2, pid=1348, tid=1811
#
# JRE version: Java(TM) SE Runtime Environment (8.0_20-b26) (build 1.8.0_20-b26)
# Java VM: Java HotSpot(TM) 64-Bit Server VM (25.20-b23 mixed mode bsd-amd64 compressed oops)
# Problematic frame:
# C  [libGPUSupportMercury.dylib+0xb8f2]  gldAttachDrawable+0x60
#
# Failed to write core dump. Core dumps have been disabled. To enable core dumping, try "ulimit -c unlimited" before starting Java again
#
# If you would like to submit a bug report, please visit:
#   http://bugreport.sun.com/bugreport/crash.jsp
# The crash happened outside the Java Virtual Machine in native code.
# See problematic frame for where to report the bug.
#

---------------  T H R E A D  ---------------

Current thread (0x00007fc8e20c6800):  JavaThread "AppKit Thread" daemon [_thread_in_native, id=1811, stack(0x00007fff5540b000,0x00007fff55c0b000)]

siginfo: si_signo: 11 (SIGSEGV), si_code: 0 (unknown), si_addr: 0x0000000000000000

Registers:
RAX=0x1000000000000000, RBX=0x000000000000271e, RCX=0x0000000000000000, RDX=0x00007fc8e1ebe808
RSP=0x00007fff55c05800, RBP=0x00007fff55c05900, RSI=0x0000000000000050, RDI=0x00007fff74d10070
R8 =0x00007fc8e5009e60, R9 =0x00007fc8e4800000, R10=0x000000000000003c, R11=0x0000000000000206
R12=0x0000000000002718, R13=0x00007fc8e2131200, R14=0x0000000000000050, R15=0x0000000000000000
RIP=0x00007fff899ac8f2, EFLAGS=0x0000000000010212, ERR=0x0000000000000000
  TRAPNO=0x000000000000000d

Top of Stack: (sp=0x00007fff55c05800)
0x00007fff55c05800:   00007fff55c05874 00007fc8e1e58350
0x00007fff55c05810:   ffffffffffffffff 0000206000000040
0x00007fff55c05820:   00007fc8e1e58368 00007fff9058369f
0x00007fff55c05830:   0000000000000000 1000000000000000
0x00007fff55c05840:   0000000300000003 00007fff55c05988
0x00007fff55c05850:   00007fff55c05914 000000000001754f
0x00007fff55c05860:   00007fff55c0590c 00007fff55c05910
0x00007fff55c05870:   00007fff55c058f0 00007fff929ad168
0x00007fff55c05880:   0000000000000000 0000000000000254
0x00007fff55c05890:   0000003400001200 0000040b00000000
0x00007fff55c058a0:   00007fff55c058d0 00007fff9295d03c
0x00007fff55c058b0:   00007fff55c05900 0000000000000254
0x00007fff55c058c0:   00000000042731c0 000000001e8817d8
0x00007fff55c058d0:   8f00a687befe69c5 00007fc8e5000000
0x00007fff55c058e0:   0000000000002718 0000000000000000
0x00007fff55c058f0:   0000000000000050 0000000000000000
0x00007fff55c05900:   00007fff55c05950 00007fff9065a7e4
0x00007fff55c05910:   00007fc8e5009e60 0000000000000000
0x00007fff55c05920:   00007fc8e1ebe808 00007fc8e1d4a8a0
0x00007fff55c05930:   0000000000000000 00007fc8e212f150
0x00007fff55c05940:   00007fc8e212d200 00007fff74d10070
0x00007fff55c05950:   00007fff55c05a40 00007fff8b9197ac
0x00007fff55c05960:   408c200000000000 4084180000000000
0x00007fff55c05970:   406a800000000000 4084000000000000
0x00007fff55c05980:   407f600000000000 0000000000000000
0x00007fff55c05990:   4036000000000000 4084000000000000
0x00007fff55c059a0:   407e000000000000 0000000000000000
0x00007fff55c059b0:   0000000000000000 0000000000000001
0x00007fff55c059c0:   00007fc8e1ebe808 0000000000000001
0x00007fff55c059d0:   00007fff55c05a40 00007fff8b91e64c
0x00007fff55c059e0:   0000000100000003 00007fc8e212f150
0x00007fff55c059f0:   00007fc8e212f088 000000028615ffff 

Instructions: (pc=0x00007fff899ac8f2)
0x00007fff899ac8d2:   48 85 d2 b8 01 00 00 00 bb 15 27 00 00 0f 44 d8
0x00007fff899ac8e2:   e9 7f 01 00 00 49 8b 45 08 48 89 85 38 ff ff ff
0x00007fff899ac8f2:   48 8b 00 48 89 85 30 ff ff ff 83 fe 4f 0f 8f fd
0x00007fff899ac902:   00 00 00 48 89 d0 bb 15 27 00 00 83 fe 35 0f 84 

Register to memory mapping:

RAX=0x1000000000000000 is an unknown value
RBX=0x000000000000271e is an unknown value
RCX=0x0000000000000000 is an unknown value
RDX=0x00007fc8e1ebe808 is an unknown value
RSP=0x00007fff55c05800 is pointing into the stack for thread: 0x00007fc8e20c6800
RBP=0x00007fff55c05900 is pointing into the stack for thread: 0x00007fc8e20c6800
RSI=0x0000000000000050 is an unknown value
RDI=0x00007fff74d10070: __stack_chk_guard+0 in /usr/lib/system/libsystem_c.dylib at 0x00007fff8b187000
R8 =0x00007fc8e5009e60 is an unknown value
R9 =0x00007fc8e4800000 is an unknown value
R10=0x000000000000003c is an unknown value
R11=0x0000000000000206 is an unknown value
R12=0x0000000000002718 is an unknown value
R13=0x00007fc8e2131200 is an unknown value
R14=0x0000000000000050 is an unknown value
R15=0x0000000000000000 is an unknown value


Stack: [0x00007fff5540b000,0x00007fff55c0b000],  sp=0x00007fff55c05800,  free space=8170k
Native frames: (J=compiled Java code, j=interpreted, Vv=VM code, C=native code)
C  [libGPUSupportMercury.dylib+0xb8f2]  gldAttachDrawable+0x60
C  [GLEngine+0x167e4]  gliAttachDrawableWithOptions+0x101
C  [OpenGL+0x37ac]  glcGetIOAccelService+0xe03
C  [OpenGL+0x73f3]  CGLSetPBuffer+0xb90
C  [OpenGL+0x7716]  CGLSetSurface+0x124
C  [AppKit+0x57bf47]  NSOpenGLContextAttachOnScreenViewSurface+0x109
C  [AppKit+0x2c66ab]  -[NSOpenGLContext setView:]+0x83
C  [liblwjgl.jnilib+0x9f3e]  -[MacOSXOpenGLView lockFocus]+0x6e
C  [AppKit+0x14e775]  -[NSView _recursiveDisplayRectIfNeededIgnoringOpacity:isVisibleRect:rectIsVisibleRectForView:topView:]+0x740
C  [AppKit+0x14f7d0]  -[NSView _recursiveDisplayRectIfNeededIgnoringOpacity:isVisibleRect:rectIsVisibleRectForView:topView:]+0x179b
C  [AppKit+0x14db23]  -[NSThemeFrame _recursiveDisplayRectIfNeededIgnoringOpacity:isVisibleRect:rectIsVisibleRectForView:topView:]+0x14d
C  [AppKit+0x14a67b]  -[NSView _displayRectIgnoringOpacity:isVisibleRect:rectIsVisibleRectForView:]+0xac9
C  [AppKit+0x12907a]  -[NSView displayIfNeeded]+0x754
C  [AppKit+0x146575]  -[NSWindow displayIfNeeded]+0xe8
C  [AppKit+0x183772]  _handleWindowNeedsDisplayOrLayoutOrUpdateConstraints+0x3a8
C  [AppKit+0x748cf1]  __83-[NSWindow _postWindowNeedsDisplayOrLayoutOrUpdateConstraintsUnlessPostingDisabled]_block_invoke1523+0x2e
C  [CoreFoundation+0x7fd87]  __CFRUNLOOP_IS_CALLING_OUT_TO_AN_OBSERVER_CALLBACK_FUNCTION__+0x17
C  [CoreFoundation+0x7fce0]  __CFRunLoopDoObservers+0x170
C  [CoreFoundation+0x71de8]  __CFRunLoopRun+0x368
C  [CoreFoundation+0x71838]  CFRunLoopRunSpecific+0x128
C  [HIToolbox+0x2e43f]  RunCurrentEventLoopInMode+0xeb
C  [HIToolbox+0x2e0be]  ReceiveNextEventCommon+0xb3
C  [HIToolbox+0x2dffb]  _BlockUntilNextEventMatchingListInModeWithFilter+0x47
C  [AppKit+0x246d1]  _DPSNextEvent+0x3c4
C  [AppKit+0x23e80]  -[NSApplication nextEventMatchingMask:untilDate:inMode:dequeue:]+0xc2
C  [libosxapp.dylib+0x242a]  -[NSApplicationAWT nextEventMatchingMask:untilDate:inMode:dequeue:]+0x7c
C  [AppKit+0x17e23]  -[NSApplication run]+0x252
C  [libosxapp.dylib+0x223e]  +[NSApplicationAWT runAWTLoopWithApp:]+0x9c
C  [libawt_lwawt.dylib+0x4494f]  -[AWTStarter starter:]+0x389
C  [Foundation+0x65f4c]  __NSThreadPerformPerform+0x125
C  [CoreFoundation+0x80661]  __CFRUNLOOP_IS_CALLING_OUT_TO_A_SOURCE0_PERFORM_FUNCTION__+0x11
C  [CoreFoundation+0x727ed]  __CFRunLoopDoSources0+0x10d
C  [CoreFoundation+0x71e1f]  __CFRunLoopRun+0x39f
C  [CoreFoundation+0x71838]  CFRunLoopRunSpecific+0x128
C  [java+0x56cc]  CreateExecutionEnvironment+0x367
C  [java+0x165c]  JLI_Launch+0x7a0
C  [java+0x768a]  main+0x65
C  [java+0xeb4]  start+0x34
C  0x0000000000000006


---------------  P R O C E S S  ---------------

Java Threads: ( => current thread )
  0x00007fc8e308d800 JavaThread "AWT-Shutdown" [_thread_blocked, id=28435, stack(0x00000001250df000,0x00000001251df000)]
=>0x00007fc8e20c6800 JavaThread "AppKit Thread" daemon [_thread_in_native, id=1811, stack(0x00007fff5540b000,0x00007fff55c0b000)]
  0x00007fc8e2070000 JavaThread "Service Thread" daemon [_thread_blocked, id=18179, stack(0x000000012364e000,0x000000012374e000)]
  0x00007fc8e2823800 JavaThread "C1 CompilerThread2" daemon [_thread_blocked, id=17667, stack(0x000000012354b000,0x000000012364b000)]
  0x00007fc8e2819000 JavaThread "C2 CompilerThread1" daemon [_thread_blocked, id=17155, stack(0x0000000123448000,0x0000000123548000)]
  0x00007fc8e2067800 JavaThread "C2 CompilerThread0" daemon [_thread_blocked, id=16643, stack(0x0000000123345000,0x0000000123445000)]
  0x00007fc8e203d800 JavaThread "Signal Dispatcher" daemon [_thread_blocked, id=13335, stack(0x0000000123242000,0x0000000123342000)]
  0x00007fc8e380a800 JavaThread "Finalizer" daemon [_thread_blocked, id=11523, stack(0x0000000121900000,0x0000000121a00000)]
  0x00007fc8e3809800 JavaThread "Reference Handler" daemon [_thread_blocked, id=11011, stack(0x00000001217fd000,0x00000001218fd000)]
  0x00007fc8e2007800 JavaThread "main" [_thread_in_native, id=4867, stack(0x000000010b91c000,0x000000010ba1c000)]

Other Threads:
  0x00007fc8e3805000 VMThread [stack: 0x00000001216fa000,0x00000001217fa000] [id=10499]
  0x00007fc8e2066800 WatcherThread [stack: 0x0000000123751000,0x0000000123851000] [id=18691]

VM state:not at safepoint (normal execution)

VM Mutex/Monitor currently owned by a thread: None

Heap:
 PSYoungGen      total 38400K, used 17149K [0x0000000795580000, 0x0000000798000000, 0x00000007c0000000)
  eden space 33280K, 51% used [0x0000000795580000,0x000000079663f550,0x0000000797600000)
  from space 5120K, 0% used [0x0000000797b00000,0x0000000797b00000,0x0000000798000000)
  to   space 5120K, 0% used [0x0000000797600000,0x0000000797600000,0x0000000797b00000)
 ParOldGen       total 87552K, used 0K [0x0000000740000000, 0x0000000745580000, 0x0000000795580000)
  object space 87552K, 0% used [0x0000000740000000,0x0000000740000000,0x0000000745580000)
 Metaspace       used 8517K, capacity 8609K, committed 8832K, reserved 1056768K
  class space    used 856K, capacity 887K, committed 896K, reserved 1048576K

Card table byte_map: [0x000000011adde000,0x000000011b1df000] byte_map_base: 0x00000001173de000

Marking Bits: (ParMarkBitMap*) 0x000000010b29c330
 Begin Bits: [0x000000011b896000, 0x000000011d896000)
 End Bits:   [0x000000011d896000, 0x000000011f896000)

Polling page: 0x000000010a14c000

CodeCache: size=245760Kb used=3782Kb max_used=3791Kb free=241977Kb
 bounds [0x000000010ba1e000, 0x000000010bdde000, 0x000000011aa1e000]
 total_blobs=1455 nmethods=1043 adapters=327
 compilation: enabled

Compilation events (10 events):
Event: 13.738 Thread 0x00007fc8e2067800 1039 %     4       org.newdawn.slick.tiled.TiledMap::render @ 46 (101 bytes)
Event: 13.740 Thread 0x00007fc8e2067800 nmethod 1039% 0x000000010bdc6290 code [0x000000010bdc63e0, 0x000000010bdc6608]
Event: 13.823 Thread 0x00007fc8e2823800 1040       1       org.newdawn.slick.util.InputAdapter::inputEnded (1 bytes)
Event: 13.823 Thread 0x00007fc8e2823800 nmethod 1040 0x000000010bdcdb50 code [0x000000010bdcdca0, 0x000000010bdcddb0]
Event: 14.111 Thread 0x00007fc8e2819000 1041       4       java.util.HashMap::get (23 bytes)
Event: 14.117 Thread 0x00007fc8e2819000 nmethod 1041 0x000000010bdcd150 code [0x000000010bdcd2e0, 0x000000010bdcd7d8]
Event: 14.917 Thread 0x00007fc8e2823800 1042       3       java.lang.Object::wait (6 bytes)
Event: 14.918 Thread 0x00007fc8e2823800 nmethod 1042 0x000000010bdd22d0 code [0x000000010bdd2440, 0x000000010bdd2648]
Event: 14.925 Thread 0x00007fc8e2067800 1043       4       main.CollisionHandler::resolveInteractiveCollisions (130 bytes)
Event: 14.964 Thread 0x00007fc8e2067800 nmethod 1043 0x000000010bdd26d0 code [0x000000010bdd2900, 0x000000010bdd3e48]

GC Heap History (0 events):
No events

Deoptimization events (0 events):
No events

Internal exceptions (10 events):
Event: 0.861 Thread 0x00007fc8e2007800 Exception <a 'java/security/PrivilegedActionException'> (0x00000007962f00a0) thrown at [/HUDSON3/workspace/8-2-build-macosx-x86_64/jdk8u20/1074/hotspot/src/share/vm/prims/jvm.cpp, line 1275]
Event: 0.863 Thread 0x00007fc8e2007800 Exception <a 'java/security/PrivilegedActionException'> (0x0000000796302270) thrown at [/HUDSON3/workspace/8-2-build-macosx-x86_64/jdk8u20/1074/hotspot/src/share/vm/prims/jvm.cpp, line 1275]
Event: 0.863 Thread 0x00007fc8e2007800 Exception <a 'java/security/PrivilegedActionException'> (0x0000000796305d30) thrown at [/HUDSON3/workspace/8-2-build-macosx-x86_64/jdk8u20/1074/hotspot/src/share/vm/prims/jvm.cpp, line 1275]
Event: 0.864 Thread 0x00007fc8e2007800 Exception <a 'java/security/PrivilegedActionException'> (0x000000079630e6d0) thrown at [/HUDSON3/workspace/8-2-build-macosx-x86_64/jdk8u20/1074/hotspot/src/share/vm/prims/jvm.cpp, line 1275]
Event: 0.864 Thread 0x00007fc8e2007800 Exception <a 'java/security/PrivilegedActionException'> (0x00000007963103b8) thrown at [/HUDSON3/workspace/8-2-build-macosx-x86_64/jdk8u20/1074/hotspot/src/share/vm/prims/jvm.cpp, line 1275]
Event: 0.864 Thread 0x00007fc8e2007800 Exception <a 'java/security/PrivilegedActionException'> (0x0000000796312528) thrown at [/HUDSON3/workspace/8-2-build-macosx-x86_64/jdk8u20/1074/hotspot/src/share/vm/prims/jvm.cpp, line 1275]
Event: 0.865 Thread 0x00007fc8e2007800 Exception <a 'java/security/PrivilegedActionException'> (0x00000007963145f8) thrown at [/HUDSON3/workspace/8-2-build-macosx-x86_64/jdk8u20/1074/hotspot/src/share/vm/prims/jvm.cpp, line 1275]
Event: 0.865 Thread 0x00007fc8e2007800 Exception <a 'java/security/PrivilegedActionException'> (0x0000000796316968) thrown at [/HUDSON3/workspace/8-2-build-macosx-x86_64/jdk8u20/1074/hotspot/src/share/vm/prims/jvm.cpp, line 1275]
Event: 0.865 Thread 0x00007fc8e2007800 Exception <a 'java/security/PrivilegedActionException'> (0x00000007963190d8) thrown at [/HUDSON3/workspace/8-2-build-macosx-x86_64/jdk8u20/1074/hotspot/src/share/vm/prims/jvm.cpp, line 1275]
Event: 0.866 Thread 0x00007fc8e2007800 Exception <a 'java/security/PrivilegedActionException'> (0x000000079631ea70) thrown at [/HUDSON3/workspace/8-2-build-macosx-x86_64/jdk8u20/1074/hotspot/src/share/vm/prims/jvm.cpp, line 1275]

Events (10 events):
Event: 2.802 Thread 0x00007fc8e2007800 DEOPT PACKING pc=0x000000010bd1bf53 sp=0x000000010ba1b600
Event: 2.802 Thread 0x00007fc8e2007800 DEOPT UNPACKING pc=0x000000010ba65373 sp=0x000000010ba1b430 mode 0
Event: 2.856 Thread 0x00007fc8e2007800 DEOPT PACKING pc=0x000000010bcfe4ad sp=0x000000010ba1b3b0
Event: 2.856 Thread 0x00007fc8e2007800 DEOPT UNPACKING pc=0x000000010ba65373 sp=0x000000010ba1b138 mode 0
Event: 3.043 loading class java/util/ArrayList$1
Event: 3.043 loading class java/util/ArrayList$1 done
Event: 4.099 Executing VM operation: EnableBiasedLocking
Event: 4.099 Executing VM operation: EnableBiasedLocking done
Event: 15.910 loading class org/lwjgl/opengl/CallbackUtil
Event: 15.910 loading class org/lwjgl/opengl/CallbackUtil done


Dynamic libraries:
0x0000000003d57000 	/System/Library/Frameworks/Cocoa.framework/Versions/A/Cocoa
0x0000000003d57000 	/System/Library/Frameworks/Security.framework/Versions/A/Security
0x0000000003d57000 	/System/Library/Frameworks/ApplicationServices.framework/Versions/A/ApplicationServices
0x0000000003d57000 	/usr/lib/libz.1.dylib
0x0000000003d57000 	/usr/lib/libSystem.B.dylib
0x0000000003d57000 	/usr/lib/libobjc.A.dylib
0x0000000003d57000 	/System/Library/Frameworks/CoreFoundation.framework/Versions/A/CoreFoundation
0x0000000003d57000 	/System/Library/Frameworks/Foundation.framework/Versions/C/Foundation
0x0000000003d57000 	/System/Library/Frameworks/AppKit.framework/Versions/C/AppKit
0x0000000003d57000 	/System/Library/Frameworks/CoreData.framework/Versions/A/CoreData
0x0000000003d57000 	/System/Library/PrivateFrameworks/RemoteViewServices.framework/Versions/A/RemoteViewServices
0x0000000003d57000 	/System/Library/PrivateFrameworks/UIFoundation.framework/Versions/A/UIFoundation
0x0000000003d57000 	/System/Library/Frameworks/IOSurface.framework/Versions/A/IOSurface
0x0000000003d57000 	/System/Library/Frameworks/AudioToolbox.framework/Versions/A/AudioToolbox
0x0000000003d57000 	/System/Library/Frameworks/AudioUnit.framework/Versions/A/AudioUnit
0x0000000003d57000 	/System/Library/PrivateFrameworks/DataDetectorsCore.framework/Versions/A/DataDetectorsCore
0x0000000003d57000 	/System/Library/PrivateFrameworks/DesktopServicesPriv.framework/Versions/A/DesktopServicesPriv
0x0000000003d57000 	/System/Library/Frameworks/Carbon.framework/Versions/A/Frameworks/HIToolbox.framework/Versions/A/HIToolbox
0x0000000003d57000 	/System/Library/Frameworks/QuartzCore.framework/Versions/A/QuartzCore
0x0000000003d57000 	/System/Library/Frameworks/Carbon.framework/Versions/A/Frameworks/SpeechRecognition.framework/Versions/A/SpeechRecognition
0x0000000003d57000 	/usr/lib/libauto.dylib
0x0000000003d57000 	/usr/lib/libicucore.A.dylib
0x0000000003d57000 	/usr/lib/libxml2.2.dylib
0x0000000003d57000 	/System/Library/PrivateFrameworks/CoreUI.framework/Versions/A/CoreUI
0x0000000003d57000 	/System/Library/Frameworks/CoreAudio.framework/Versions/A/CoreAudio
0x0000000003d57000 	/System/Library/Frameworks/DiskArbitration.framework/Versions/A/DiskArbitration
0x0000000003d57000 	/usr/lib/liblangid.dylib
0x0000000003d57000 	/System/Library/PrivateFrameworks/MultitouchSupport.framework/Versions/A/MultitouchSupport
0x0000000003d57000 	/System/Library/Frameworks/IOKit.framework/Versions/A/IOKit
0x0000000003d57000 	/usr/lib/libDiagnosticMessagesClient.dylib
0x0000000003d57000 	/System/Library/Frameworks/CoreServices.framework/Versions/A/CoreServices
0x0000000003d57000 	/System/Library/PrivateFrameworks/PerformanceAnalysis.framework/Versions/A/PerformanceAnalysis
0x0000000003d57000 	/System/Library/PrivateFrameworks/GenerationalStorage.framework/Versions/A/GenerationalStorage
0x0000000003d57000 	/System/Library/Frameworks/OpenGL.framework/Versions/A/OpenGL
0x0000000003d57000 	/System/Library/PrivateFrameworks/Sharing.framework/Versions/A/Sharing
0x0000000003d57000 	/System/Library/Frameworks/CoreGraphics.framework/Versions/A/CoreGraphics
0x0000000003d57000 	/System/Library/Frameworks/CoreText.framework/Versions/A/CoreText
0x0000000003d57000 	/System/Library/Frameworks/ImageIO.framework/Versions/A/ImageIO
0x0000000003d57000 	/usr/lib/libextension.dylib
0x0000000003d57000 	/System/Library/PrivateFrameworks/Backup.framework/Versions/A/Backup
0x0000000003d57000 	/usr/lib/libarchive.2.dylib
0x0000000003d57000 	/System/Library/Frameworks/CFNetwork.framework/Versions/A/CFNetwork
0x0000000003d57000 	/System/Library/Frameworks/SystemConfiguration.framework/Versions/A/SystemConfiguration
0x0000000003d57000 	/usr/lib/libCRFSuite.dylib
0x0000000003d57000 	/usr/lib/libc++.1.dylib
0x0000000003d57000 	/usr/lib/libc++abi.dylib
0x0000000003d57000 	/usr/lib/system/libcache.dylib
0x0000000003d57000 	/usr/lib/system/libcommonCrypto.dylib
0x0000000003d57000 	/usr/lib/system/libcompiler_rt.dylib
0x0000000003d57000 	/usr/lib/system/libcopyfile.dylib
0x0000000003d57000 	/usr/lib/system/libcorecrypto.dylib
0x0000000003d57000 	/usr/lib/system/libdispatch.dylib
0x0000000003d57000 	/usr/lib/system/libdyld.dylib
0x0000000003d57000 	/usr/lib/system/libkeymgr.dylib
0x0000000003d57000 	/usr/lib/system/liblaunch.dylib
0x0000000003d57000 	/usr/lib/system/libmacho.dylib
0x0000000003d57000 	/usr/lib/system/libquarantine.dylib
0x0000000003d57000 	/usr/lib/system/libremovefile.dylib
0x0000000003d57000 	/usr/lib/system/libsystem_asl.dylib
0x0000000003d57000 	/usr/lib/system/libsystem_blocks.dylib
0x0000000003d57000 	/usr/lib/system/libsystem_c.dylib
0x0000000003d57000 	/usr/lib/system/libsystem_configuration.dylib
0x0000000003d57000 	/usr/lib/system/libsystem_coreservices.dylib
0x0000000003d57000 	/usr/lib/system/libsystem_coretls.dylib
0x0000000003d57000 	/usr/lib/system/libsystem_dnssd.dylib
0x0000000003d57000 	/usr/lib/system/libsystem_info.dylib
0x0000000003d57000 	/usr/lib/system/libsystem_kernel.dylib
0x0000000003d57000 	/usr/lib/system/libsystem_m.dylib
0x0000000003d57000 	/usr/lib/system/libsystem_malloc.dylib
0x0000000003d57000 	/usr/lib/system/libsystem_network.dylib
0x0000000003d57000 	/usr/lib/system/libsystem_networkextension.dylib
0x0000000003d57000 	/usr/lib/system/libsystem_notify.dylib
0x0000000003d57000 	/usr/lib/system/libsystem_platform.dylib
0x0000000003d57000 	/usr/lib/system/libsystem_pthread.dylib
0x0000000003d57000 	/usr/lib/system/libsystem_sandbox.dylib
0x0000000003d57000 	/usr/lib/system/libsystem_secinit.dylib
0x0000000003d57000 	/usr/lib/system/libsystem_stats.dylib
0x0000000003d57000 	/usr/lib/system/libsystem_trace.dylib
0x0000000003d57000 	/usr/lib/system/libunc.dylib
0x0000000003d57000 	/usr/lib/system/libunwind.dylib
0x0000000003d57000 	/usr/lib/system/libxpc.dylib
0x0000000003d57000 	/usr/lib/libbz2.1.0.dylib
0x0000000003d57000 	/usr/lib/liblzma.5.dylib
0x0000000003d57000 	/usr/lib/libbsm.0.dylib
0x0000000003d57000 	/usr/lib/libsqlite3.dylib
0x0000000003d57000 	/usr/lib/system/libkxld.dylib
0x0000000003d57000 	/usr/lib/libxar.1.dylib
0x0000000003d57000 	/usr/lib/libpam.2.dylib
0x0000000003d57000 	/usr/lib/libOpenScriptingUtil.dylib
0x0000000003d57000 	/System/Library/Frameworks/CoreServices.framework/Versions/A/Frameworks/FSEvents.framework/Versions/A/FSEvents
0x0000000003d57000 	/System/Library/Frameworks/CoreServices.framework/Versions/A/Frameworks/CarbonCore.framework/Versions/A/CarbonCore
0x0000000003d57000 	/System/Library/Frameworks/CoreServices.framework/Versions/A/Frameworks/Metadata.framework/Versions/A/Metadata
0x0000000003d57000 	/System/Library/Frameworks/CoreServices.framework/Versions/A/Frameworks/OSServices.framework/Versions/A/OSServices
0x0000000003d57000 	/System/Library/Frameworks/CoreServices.framework/Versions/A/Frameworks/SearchKit.framework/Versions/A/SearchKit
0x0000000003d57000 	/System/Library/Frameworks/CoreServices.framework/Versions/A/Frameworks/AE.framework/Versions/A/AE
0x0000000003d57000 	/System/Library/Frameworks/CoreServices.framework/Versions/A/Frameworks/LaunchServices.framework/Versions/A/LaunchServices
0x0000000003d57000 	/System/Library/Frameworks/CoreServices.framework/Versions/A/Frameworks/DictionaryServices.framework/Versions/A/DictionaryServices
0x0000000003d57000 	/System/Library/Frameworks/NetFS.framework/Versions/A/NetFS
0x0000000003d57000 	/System/Library/PrivateFrameworks/NetAuth.framework/Versions/A/NetAuth
0x0000000003d57000 	/System/Library/PrivateFrameworks/login.framework/Versions/A/Frameworks/loginsupport.framework/Versions/A/loginsupport
0x0000000003d57000 	/System/Library/PrivateFrameworks/TCC.framework/Versions/A/TCC
0x0000000003d57000 	/usr/lib/libmecabra.dylib
0x0000000003d57000 	/System/Library/PrivateFrameworks/LanguageModeling.framework/Versions/A/LanguageModeling
0x0000000003d57000 	/usr/lib/libcmph.dylib
0x0000000003d57000 	/usr/lib/libiconv.2.dylib
0x0000000003d57000 	/System/Library/Frameworks/OpenDirectory.framework/Versions/A/Frameworks/CFOpenDirectory.framework/Versions/A/CFOpenDirectory
0x0000000003d57000 	/System/Library/Frameworks/ServiceManagement.framework/Versions/A/ServiceManagement
0x0000000003d57000 	/usr/lib/libxslt.1.dylib
0x0000000003d57000 	/System/Library/Frameworks/Carbon.framework/Versions/A/Frameworks/Ink.framework/Versions/A/Ink
0x0000000003d57000 	/System/Library/Frameworks/ApplicationServices.framework/Versions/A/Frameworks/ATS.framework/Versions/A/ATS
0x0000000003d57000 	/System/Library/Frameworks/ApplicationServices.framework/Versions/A/Frameworks/ColorSync.framework/Versions/A/ColorSync
0x0000000003d57000 	/System/Library/Frameworks/ApplicationServices.framework/Versions/A/Frameworks/HIServices.framework/Versions/A/HIServices
0x0000000003d57000 	/System/Library/Frameworks/ApplicationServices.framework/Versions/A/Frameworks/LangAnalysis.framework/Versions/A/LangAnalysis
0x0000000003d57000 	/System/Library/Frameworks/ApplicationServices.framework/Versions/A/Frameworks/PrintCore.framework/Versions/A/PrintCore
0x0000000003d57000 	/System/Library/Frameworks/ApplicationServices.framework/Versions/A/Frameworks/QD.framework/Versions/A/QD
0x0000000003d57000 	/System/Library/Frameworks/ApplicationServices.framework/Versions/A/Frameworks/SpeechSynthesis.framework/Versions/A/SpeechSynthesis
0x0000000003d57000 	/System/Library/Frameworks/Accelerate.framework/Versions/A/Accelerate
0x0000000003d57000 	/System/Library/Frameworks/Accelerate.framework/Versions/A/Frameworks/vImage.framework/Versions/A/vImage
0x0000000003d57000 	/System/Library/Frameworks/Accelerate.framework/Versions/A/Frameworks/vecLib.framework/Versions/A/vecLib
0x0000000003d57000 	/System/Library/Frameworks/Accelerate.framework/Versions/A/Frameworks/vecLib.framework/Versions/A/libvDSP.dylib
0x0000000003d57000 	/System/Library/Frameworks/Accelerate.framework/Versions/A/Frameworks/vecLib.framework/Versions/A/libvMisc.dylib
0x0000000003d57000 	/System/Library/Frameworks/Accelerate.framework/Versions/A/Frameworks/vecLib.framework/Versions/A/libLAPACK.dylib
0x0000000003d57000 	/System/Library/Frameworks/Accelerate.framework/Versions/A/Frameworks/vecLib.framework/Versions/A/libBLAS.dylib
0x0000000003d57000 	/System/Library/Frameworks/Accelerate.framework/Versions/A/Frameworks/vecLib.framework/Versions/A/libLinearAlgebra.dylib
0x0000000003d57000 	/System/Library/Frameworks/ApplicationServices.framework/Versions/A/Frameworks/ATS.framework/Versions/A/Resources/libFontParser.dylib
0x0000000003d57000 	/System/Library/Frameworks/ApplicationServices.framework/Versions/A/Frameworks/ATS.framework/Versions/A/Resources/libFontRegistry.dylib
0x0000000003d57000 	/System/Library/PrivateFrameworks/AppleVPA.framework/Versions/A/AppleVPA
0x0000000003d57000 	/System/Library/PrivateFrameworks/AppleJPEG.framework/Versions/A/AppleJPEG
0x0000000003d57000 	/System/Library/Frameworks/ImageIO.framework/Versions/A/Resources/libJPEG.dylib
0x0000000003d57000 	/System/Library/Frameworks/ImageIO.framework/Versions/A/Resources/libTIFF.dylib
0x0000000003d57000 	/System/Library/Frameworks/ImageIO.framework/Versions/A/Resources/libPng.dylib
0x0000000003d57000 	/System/Library/Frameworks/ImageIO.framework/Versions/A/Resources/libGIF.dylib
0x0000000003d57000 	/System/Library/Frameworks/ImageIO.framework/Versions/A/Resources/libJP2.dylib
0x0000000003d57000 	/System/Library/Frameworks/ImageIO.framework/Versions/A/Resources/libRadiance.dylib
0x0000000003d57000 	/System/Library/Frameworks/CoreVideo.framework/Versions/A/CoreVideo
0x0000000003d57000 	/System/Library/Frameworks/OpenGL.framework/Versions/A/Libraries/libGLU.dylib
0x0000000003d57000 	/System/Library/Frameworks/OpenGL.framework/Versions/A/Libraries/libGFXShared.dylib
0x0000000003d57000 	/System/Library/Frameworks/OpenGL.framework/Versions/A/Libraries/libGL.dylib
0x0000000003d57000 	/System/Library/Frameworks/OpenGL.framework/Versions/A/Libraries/libGLImage.dylib
0x0000000003d57000 	/System/Library/Frameworks/OpenGL.framework/Versions/A/Libraries/libCVMSPluginSupport.dylib
0x0000000003d57000 	/System/Library/Frameworks/OpenGL.framework/Versions/A/Libraries/libCoreVMClient.dylib
0x0000000003d57000 	/usr/lib/libcups.2.dylib
0x0000000003d57000 	/System/Library/Frameworks/Kerberos.framework/Versions/A/Kerberos
0x0000000003d57000 	/System/Library/Frameworks/GSS.framework/Versions/A/GSS
0x0000000003d57000 	/usr/lib/libresolv.9.dylib
0x0000000003d57000 	/System/Library/PrivateFrameworks/Heimdal.framework/Versions/A/Heimdal
0x0000000003d57000 	/usr/lib/libheimdal-asn1.dylib
0x0000000003d57000 	/System/Library/Frameworks/OpenDirectory.framework/Versions/A/OpenDirectory
0x0000000003d57000 	/System/Library/PrivateFrameworks/CommonAuth.framework/Versions/A/CommonAuth
0x0000000003d57000 	/System/Library/Frameworks/SecurityFoundation.framework/Versions/A/SecurityFoundation
0x0000000003d57000 	/System/Library/Frameworks/QuartzCore.framework/Versions/A/Frameworks/CoreImage.framework/Versions/A/CoreImage
0x0000000003d57000 	/System/Library/PrivateFrameworks/CrashReporterSupport.framework/Versions/A/CrashReporterSupport
0x0000000003d57000 	/System/Library/Frameworks/OpenCL.framework/Versions/A/OpenCL
0x0000000003d57000 	/System/Library/PrivateFrameworks/FaceCore.framework/Versions/A/FaceCore
0x0000000003d57000 	/System/Library/PrivateFrameworks/Ubiquity.framework/Versions/A/Ubiquity
0x0000000003d57000 	/System/Library/PrivateFrameworks/IconServices.framework/Versions/A/IconServices
0x0000000003d57000 	/System/Library/PrivateFrameworks/ChunkingLibrary.framework/Versions/A/ChunkingLibrary
0x0000000003d57000 	/System/Library/PrivateFrameworks/Apple80211.framework/Versions/A/Apple80211
0x0000000003d57000 	/System/Library/Frameworks/CoreWLAN.framework/Versions/A/CoreWLAN
0x0000000003d57000 	/System/Library/Frameworks/IOBluetooth.framework/Versions/A/IOBluetooth
0x0000000003d57000 	/System/Library/PrivateFrameworks/CoreWiFi.framework/Versions/A/CoreWiFi
0x0000000003d57000 	/System/Library/Frameworks/CoreBluetooth.framework/Versions/A/CoreBluetooth
0x0000000003d57000 	/System/Library/PrivateFrameworks/DebugSymbols.framework/Versions/A/DebugSymbols
0x0000000003d57000 	/System/Library/PrivateFrameworks/CoreSymbolication.framework/Versions/A/CoreSymbolication
0x0000000003d57000 	/System/Library/PrivateFrameworks/Symbolication.framework/Versions/A/Symbolication
0x0000000003d57000 	/System/Library/PrivateFrameworks/SpeechRecognitionCore.framework/Versions/A/SpeechRecognitionCore
0x000000010aa00000 	/Library/Java/JavaVirtualMachines/jdk1.8.0_20.jdk/Contents/Home/jre/lib/server/libjvm.dylib
0x0000000003d57000 	/usr/lib/libstdc++.6.dylib
0x000000010a10a000 	/Library/Java/JavaVirtualMachines/jdk1.8.0_20.jdk/Contents/Home/jre/lib/libverify.dylib
0x000000010a118000 	/Library/Java/JavaVirtualMachines/jdk1.8.0_20.jdk/Contents/Home/jre/lib/libjava.dylib
0x000000010a156000 	/Library/Java/JavaVirtualMachines/jdk1.8.0_20.jdk/Contents/Home/jre/lib/libzip.dylib
0x0000000121a02000 	/System/Library/Frameworks/JavaVM.framework/Frameworks/JavaRuntimeSupport.framework/JavaRuntimeSupport
0x0000000121a18000 	/System/Library/Frameworks/JavaVM.framework/Versions/A/Frameworks/JavaNativeFoundation.framework/Versions/A/JavaNativeFoundation
0x000000010a1f0000 	/System/Library/Frameworks/JavaVM.framework/Versions/A/JavaVM
0x0000000003d57000 	/System/Library/Frameworks/Carbon.framework/Versions/A/Carbon
0x0000000121a2c000 	/System/Library/PrivateFrameworks/JavaLaunching.framework/Versions/A/JavaLaunching
0x0000000003d57000 	/System/Library/Frameworks/Carbon.framework/Versions/A/Frameworks/CommonPanels.framework/Versions/A/CommonPanels
0x0000000003d57000 	/System/Library/Frameworks/Carbon.framework/Versions/A/Frameworks/Help.framework/Versions/A/Help
0x0000000003d57000 	/System/Library/Frameworks/Carbon.framework/Versions/A/Frameworks/ImageCapture.framework/Versions/A/ImageCapture
0x0000000003d57000 	/System/Library/Frameworks/Carbon.framework/Versions/A/Frameworks/OpenScripting.framework/Versions/A/OpenScripting
0x0000000003d57000 	/System/Library/Frameworks/Carbon.framework/Versions/A/Frameworks/Print.framework/Versions/A/Print
0x0000000003d57000 	/System/Library/Frameworks/Carbon.framework/Versions/A/Frameworks/SecurityHI.framework/Versions/A/SecurityHI
0x000000012386a000 	/Library/Java/JavaVirtualMachines/jdk1.8.0_20.jdk/Contents/Home/jre/lib/libawt.dylib
0x0000000123919000 	/Library/Java/JavaVirtualMachines/jdk1.8.0_20.jdk/Contents/Home/jre/lib/./libmlib_image.dylib
0x00000001239e5000 	/Library/Java/JavaVirtualMachines/jdk1.8.0_20.jdk/Contents/Home/jre/lib/libawt_lwawt.dylib
0x0000000123a98000 	/Library/Java/JavaVirtualMachines/jdk1.8.0_20.jdk/Contents/Home/jre/lib/./libosxapp.dylib
0x0000000003d57000 	/System/Library/Frameworks/ExceptionHandling.framework/Versions/A/ExceptionHandling
0x0000000003d57000 	/System/Library/PrivateFrameworks/CoreServicesInternal.framework/Versions/A/CoreServicesInternal
0x0000000003d57000 	/System/Library/PrivateFrameworks/CloudDocs.framework/Versions/A/CloudDocs
0x0000000003d57000 	/System/Library/PrivateFrameworks/CoreDuet.framework/Versions/A/CoreDuet
0x0000000003d57000 	/System/Library/Frameworks/CloudKit.framework/Versions/A/CloudKit
0x0000000003d57000 	/System/Library/PrivateFrameworks/ProtocolBuffer.framework/Versions/A/ProtocolBuffer
0x0000000003d57000 	/System/Library/PrivateFrameworks/CoreDuetDaemonProtocol.framework/Versions/A/CoreDuetDaemonProtocol
0x0000000003d57000 	/System/Library/PrivateFrameworks/CoreDuetDebugLogging.framework/Versions/A/CoreDuetDebugLogging
0x0000000003d57000 	/System/Library/Frameworks/CoreLocation.framework/Versions/A/CoreLocation
0x0000000003d57000 	/System/Library/Frameworks/Accounts.framework/Versions/A/Accounts
0x0000000003d57000 	/System/Library/PrivateFrameworks/ApplePushService.framework/Versions/A/ApplePushService
0x0000000003d57000 	/System/Library/PrivateFrameworks/GeoServices.framework/Versions/A/GeoServices
0x0000000003d57000 	/System/Library/PrivateFrameworks/OAuth.framework/Versions/A/OAuth
0x0000000003d57000 	/System/Library/PrivateFrameworks/CoreDaemon.framework/Versions/B/CoreDaemon
0x0000000003d57000 	/usr/lib/libcrypto.0.9.8.dylib
0x0000000003d57000 	/System/Library/PrivateFrameworks/AppleSRP.framework/Versions/A/AppleSRP
0x0000000003d57000 	/System/Library/PrivateFrameworks/TrustEvaluationAgent.framework/Versions/A/TrustEvaluationAgent
0x0000000003d57000 	/System/Library/Frameworks/CoreGraphics.framework/Versions/A/Resources/libCGCMS.A.dylib
0x0000000003d57000 	/System/Library/Frameworks/CoreGraphics.framework/Versions/A/Resources/libRIP.A.dylib
0x0000000003d57000 	/System/Library/Frameworks/CoreGraphics.framework/Versions/A/Resources/libCGXType.A.dylib
0x0000000003d57000 	/System/Library/Frameworks/OpenCL.framework/Versions/A/Libraries/libcldcpuengine.dylib
0x0000000003d57000 	/System/Library/PrivateFrameworks/DiskImages.framework/Versions/A/DiskImages
0x0000000003d57000 	/System/Library/Frameworks/DiscRecording.framework/Versions/A/DiscRecording
0x0000000003d57000 	/usr/lib/libcsfde.dylib
0x0000000003d57000 	/usr/lib/libcurl.4.dylib
0x0000000003d57000 	/System/Library/PrivateFrameworks/MediaKit.framework/Versions/A/MediaKit
0x0000000003d57000 	/System/Library/PrivateFrameworks/ProtectedCloudStorage.framework/Versions/A/ProtectedCloudStorage
0x0000000003d57000 	/usr/lib/libCoreStorage.dylib
0x0000000003d57000 	/System/Library/PrivateFrameworks/EFILogin.framework/Versions/A/EFILogin
0x0000000003d57000 	/usr/lib/libutil.dylib
0x0000000003d57000 	/System/Library/PrivateFrameworks/FindMyDevice.framework/Versions/A/FindMyDevice
0x0000000003d57000 	/System/Library/Frameworks/LDAP.framework/Versions/A/LDAP
0x0000000003d57000 	/usr/lib/libsasl2.2.dylib
0x0000000126859000 	cl_kernels
0x000000012685b000 	/System/Library/Frameworks/OpenCL.framework/Versions/A/Libraries/ImageFormats/unorm8_bgra.dylib
0x000000012684a000 	cl_kernels
0x0000000003d57000 	/System/Library/PrivateFrameworks/FamilyControls.framework/Versions/A/FamilyControls
0x0000000003d57000 	/System/Library/PrivateFrameworks/CommerceKit.framework/Versions/A/Frameworks/CommerceCore.framework/Versions/A/CommerceCore
0x0000000003d57000 	/System/Library/PrivateFrameworks/SystemAdministration.framework/Versions/A/SystemAdministration
0x0000000003d57000 	/System/Library/PrivateFrameworks/AppContainer.framework/Versions/A/AppContainer
0x0000000003d57000 	/System/Library/PrivateFrameworks/SecCodeWrapper.framework/Versions/A/SecCodeWrapper
0x0000000003d57000 	/System/Library/Frameworks/DirectoryService.framework/Versions/A/DirectoryService
0x0000000003d57000 	/System/Library/PrivateFrameworks/LoginUIKit.framework/Versions/A/Frameworks/LoginUICore.framework/Versions/A/LoginUICore
0x0000000003d57000 	/usr/lib/libodfde.dylib
0x0000000127a21000 	/Library/Java/JavaVirtualMachines/jdk1.8.0_20.jdk/Contents/Home/jre/lib/libfontmanager.dylib
0x0000000127a87000 	/Users/mick/Documents/workspace/lwjgl-2.9.1/native/macosx/liblwjgl.jnilib
0x0000000125d8b000 	/Library/Java/JavaVirtualMachines/jdk1.8.0_20.jdk/Contents/Home/jre/lib/libjawt.dylib
0x0000000003d57000 	/System/Library/Frameworks/OpenGL.framework/Versions/A/Resources/GLEngine.bundle/GLEngine
0x0000000003d57000 	/System/Library/Frameworks/OpenGL.framework/Versions/A/Libraries/libGLProgrammability.dylib
0x0000000000000000 	/System/Library/Extensions/AppleIntelHD4000GraphicsGLDriver.bundle/Contents/MacOS/AppleIntelHD4000GraphicsGLDriver
0x0000000003d57000 	/System/Library/PrivateFrameworks/IOAccelerator.framework/Versions/A/IOAccelerator
0x0000000003d57000 	/System/Library/PrivateFrameworks/GPUSupport.framework/Versions/A/Libraries/libGPUSupportMercury.dylib
0x0000000003d57000 	/System/Library/Frameworks/OpenGL.framework/Versions/A/Resources/GLRendererFloat.bundle/GLRendererFloat
0x0000000128238000 	/Users/mick/Documents/workspace/lwjgl-2.9.1/native/macosx/libjinput-osx.jnilib
0x000000012823d000 	/System/Library/Extensions/IOHIDFamily.kext/Contents/PlugIns/IOHIDLib.plugin/Contents/MacOS/IOHIDLib

VM Arguments:
jvm_args: -Djava.library.path=/Users/mick/Documents/workspace/lwjgl-2.9.1/native/macosx:/Users/mick/Documents/workspace/lwjgl-2.9.1/native/macosx:/Users/mick/Documents/workspace/lwjgl-2.9.1/native/macosx -Dfile.encoding=UTF-8 
java_command: main.Game
java_class_path (initial): /Users/mick/Documents/workspace/pow2r/bin:/Users/mick/Documents/workspace/slick/lib/slick.jar:/Users/mick/Documents/workspace/lwjgl-2.9.1/jar/jinput.jar:/Users/mick/Documents/workspace/lwjgl-2.9.1/jar/lwjgl_util.jar:/Users/mick/Documents/workspace/lwjgl-2.9.1/jar/lwjgl.jar
Launcher Type: SUN_STANDARD

Environment Variables:
PATH=/usr/bin:/bin:/usr/sbin:/sbin
SHELL=/bin/bash
DISPLAY=/private/tmp/com.apple.launchd.IJceiAp2yV/org.macosforge.xquartz:0

Signal Handlers:
SIGSEGV: [libjvm.dylib+0x578fd7], sa_mask[0]=11111111011111110111111111111111, sa_flags=SA_ONSTACK|SA_RESTART|SA_SIGINFO
SIGBUS: [libjvm.dylib+0x578fd7], sa_mask[0]=11111111011111110111111111111111, sa_flags=SA_RESTART|SA_SIGINFO
SIGFPE: [libjvm.dylib+0x45ab0c], sa_mask[0]=11111111011111110111111111111111, sa_flags=SA_RESTART|SA_SIGINFO
SIGPIPE: [libjvm.dylib+0x45ab0c], sa_mask[0]=11111111011111110111111111111111, sa_flags=SA_RESTART|SA_SIGINFO
SIGXFSZ: [libjvm.dylib+0x45ab0c], sa_mask[0]=11111111011111110111111111111111, sa_flags=SA_RESTART|SA_SIGINFO
SIGILL: [libjvm.dylib+0x45ab0c], sa_mask[0]=11111111011111110111111111111111, sa_flags=SA_RESTART|SA_SIGINFO
SIGUSR1: SIG_DFL, sa_mask[0]=00000000000000000000000000000000, sa_flags=none
SIGUSR2: [libjvm.dylib+0x45a62a], sa_mask[0]=00100000000000000000000000000000, sa_flags=SA_RESTART|SA_SIGINFO
SIGHUP: [libjvm.dylib+0x458bfd], sa_mask[0]=11111111011111110111111111111111, sa_flags=SA_RESTART|SA_SIGINFO
SIGINT: [libjvm.dylib+0x458bfd], sa_mask[0]=11111111011111110111111111111111, sa_flags=SA_RESTART|SA_SIGINFO
SIGTERM: [libjvm.dylib+0x458bfd], sa_mask[0]=11111111011111110111111111111111, sa_flags=SA_RESTART|SA_SIGINFO
SIGQUIT: [libjvm.dylib+0x458bfd], sa_mask[0]=11111111011111110111111111111111, sa_flags=SA_RESTART|SA_SIGINFO


---------------  S Y S T E M  ---------------

OS:Bsduname:Darwin 14.0.0 Darwin Kernel Version 14.0.0: Fri Sep 19 00:26:44 PDT 2014; root:xnu-2782.1.97~2/RELEASE_X86_64 x86_64
rlimit: STACK 8192k, CORE 0k, NPROC 709, NOFILE 10240, AS infinity
load average:1.50 1.65 1.62

CPU:total 4 (2 cores per cpu, 2 threads per core) family 6 model 58 stepping 9, cmov, cx8, fxsr, mmx, sse, sse2, sse3, ssse3, sse4.1, sse4.2, popcnt, avx, aes, clmul, erms, ht, tsc, tscinvbit, tscinv

Memory: 4k page, physical 8388608k(2221284k free)

/proc/meminfo:


vm_info: Java HotSpot(TM) 64-Bit Server VM (25.20-b23) for bsd-amd64 JRE (1.8.0_20-b26), built on Jul 30 2014 13:37:47 by "java_re" with gcc 4.2.1 (Based on Apple Inc. build 5658) (LLVM build 2336.9.00)

time: Wed Jan 28 17:44:29 2015
elapsed time: 15 seconds (0d 0h 0m 15s)

