#
# A fatal error has been detected by the Java Runtime Environment:
#
#  SIGSEGV (0xb) at pc=0x000000012911cbd7, pid=9038, tid=4867
#
# JRE version: Java(TM) SE Runtime Environment (8.0_20-b26) (build 1.8.0_20-b26)
# Java VM: Java HotSpot(TM) 64-Bit Server VM (25.20-b23 mixed mode bsd-amd64 compressed oops)
# Problematic frame:
# C  0x000000012911cbd7
#
# Failed to write core dump. Core dumps have been disabled. To enable core dumping, try "ulimit -c unlimited" before starting Java again
#
# If you would like to submit a bug report, please visit:
#   http://bugreport.sun.com/bugreport/crash.jsp
# The crash happened outside the Java Virtual Machine in native code.
# See problematic frame for where to report the bug.
#

---------------  T H R E A D  ---------------

Current thread (0x00007fd9f3001800):  JavaThread "main" [_thread_in_native, id=4867, stack(0x000000010c51c000,0x000000010c61c000)]

siginfo: si_signo: 11 (SIGSEGV), si_code: 1 (SEGV_MAPERR), si_addr: 0x000000012911cbd7

Registers:
RAX=0x0000000000000001, RBX=0x00007fd9f14c1ae0, RCX=0x00007fff73bbf7a8, RDX=0x00007fd9f14be058
RSP=0x000000010c61a9f0, RBP=0x000000010c61aa00, RSI=0x0000000400001e80, RDI=0x0000000500001e80
R8 =0x000000010c61a980, R9 =0x000000010c61c000, R10=0x00007fd9f1689dc0, R11=0x00007fff73bbf7a8
R12=0x00007fd9f14c0f10, R13=0x000000012911dcc6, R14=0x00007fd9f14bed10, R15=0x0000000000000000
RIP=0x000000012911cbd7, EFLAGS=0x0000000000010206, ERR=0x0000000000000014
  TRAPNO=0x000000000000000e

Top of Stack: (sp=0x000000010c61a9f0)
0x000000010c61a9f0:   00007fd9f14c0ed0 00007fd9f14bed10
0x000000010c61aa00:   000000010c61aa80 000000012911dd64
0x000000010c61aa10:   00007fd90000001a 00007fd900000011
0x000000010c61aa20:   00007fd9000000d4 00000001000000ba
0x000000010c61aa30:   00007fd90000000c 0000000000000000
0x000000010c61aa40:   0000000100000005 00007fff00000002
0x000000010c61aa50:   00007fd90000008f 0000206400000018
0x000000010c61aa60:   00001100000000d5 00007fd9f14c0ed0
0x000000010c61aa70:   00007fd9f14c0ed0 00007fd9f14bed10
0x000000010c61aa80:   000000010c61aac0 00007fff8a378766
0x000000010c61aa90:   0000000000000001 0000000000000000
0x000000010c61aaa0:   00007fd9f14c3ba0 0000000000000000
0x000000010c61aab0:   00000000e00002c7 00007fd9f14be6d0
0x000000010c61aac0:   000000010c61ab60 00007fff876d98bd
0x000000010c61aad0:   000000010c61ab38 00007fd9f14bed10
0x000000010c61aae0:   000000010c61ac0c 000000010c61abf8
0x000000010c61aaf0:   0000000000000001 00007fd9f14bfea0
0x000000010c61ab00:   0000be1f8a2c5c50 00007fd9f14bed10
0x000000010c61ab10:   00007fd9f14c3a60 0000000000000000
0x000000010c61ab20:   0000000138fa12fa 00007fd9f1742700
0x000000010c61ab30:   00007fd9f14bed10 00007fd9f14bfea0
0x000000010c61ab40:   0000000000000000 000000000000be1f
0x000000010c61ab50:   00007fd9f30019e8 00007fd9f3001800
0x000000010c61ab60:   000000010c61ac30 0000000129114bbb
0x000000010c61ab70:   000000000000001a 0000000000000011
0x000000010c61ab80:   d4111b6f000000d4 d5188f02000000ba
0x000000010c61ab90:   001100000000000c 0018000000000000
0x000000010c61aba0:   00001b0000000005 00008f0000000002
0x000000010c61abb0:   d40000000000008f d500000000000018
0x000000010c61abc0:   00b2b01b000000d5 00b2b01d00b2b01c
0x000000010c61abd0:   00b2b01f00b2b01e 00b2b02100b2b020
0x000000010c61abe0:   00b2b02300b2b022 00007fff90a27dd8 

Instructions: (pc=0x000000012911cbd7)
0x000000012911cbb7:   
[error occurred during error reporting (printing registers, top of stack, instructions near pc), id 0xb]

Register to memory mapping:

RAX=0x0000000000000001 is an unknown value
RBX=0x00007fd9f14c1ae0 is an unknown value
RCX=0x00007fff73bbf7a8: OBJC_CLASS_$___NSCFType+0 in /System/Library/Frameworks/CoreFoundation.framework/Versions/A/CoreFoundation at 0x00007fff8a252000
RDX=0x00007fd9f14be058 is an unknown value
RSP=0x000000010c61a9f0 is pointing into the stack for thread: 0x00007fd9f3001800
RBP=0x000000010c61aa00 is pointing into the stack for thread: 0x00007fd9f3001800
RSI=0x0000000400001e80 is an unknown value
RDI=0x0000000500001e80 is an unknown value
R8 =0x000000010c61a980 is pointing into the stack for thread: 0x00007fd9f3001800
R9 =0x000000010c61c000 is pointing into the stack for thread: 0x00007fd9f3001800
R10=0x00007fd9f1689dc0 is an unknown value
R11=0x00007fff73bbf7a8: OBJC_CLASS_$___NSCFType+0 in /System/Library/Frameworks/CoreFoundation.framework/Versions/A/CoreFoundation at 0x00007fff8a252000
R12=0x00007fd9f14c0f10 is an unknown value
R13=0x000000012911dcc6 is an unknown value
R14=0x00007fd9f14bed10 is an unknown value
R15=0x0000000000000000 is an unknown value


Stack: [0x000000010c51c000,0x000000010c61c000],  sp=0x000000010c61a9f0,  free space=1018k
Native frames: (J=compiled Java code, j=interpreted, Vv=VM code, C=native code)
C  0x000000012911cbd7
C  0x000000012911dd64
C  [CoreFoundation+0x126766]  _CFPFactoryCreateInstance+0x86
C  [IOKit+0x88bd]  IOCreatePlugInInterfaceForService+0x32e
C  [libjinput-osx.jnilib+0x1bbb]  Java_net_java_games_input_OSXHIDDeviceIterator_nNext+0x15b
j  net.java.games.input.OSXHIDDeviceIterator.nNext(J)Lnet/java/games/input/OSXHIDDevice;+0
j  net.java.games.input.OSXHIDDeviceIterator.next()Lnet/java/games/input/OSXHIDDevice;+4
j  net.java.games.input.OSXEnvironmentPlugin.enumerateControllers()[Lnet/java/games/input/Controller;+17
j  net.java.games.input.OSXEnvironmentPlugin.<init>()V+12
v  ~StubRoutines::call_stub
V  [libjvm.dylib+0x2d429e]  JavaCalls::call_helper(JavaValue*, methodHandle*, JavaCallArguments*, Thread*)+0x6ae
V  [libjvm.dylib+0x4a2b90]  Reflection::invoke(instanceKlassHandle, methodHandle, Handle, bool, objArrayHandle, BasicType, objArrayHandle, bool, Thread*)+0xdf8
V  [libjvm.dylib+0x4a2eb9]  Reflection::invoke_constructor(oopDesc*, objArrayHandle, Thread*)+0x181
V  [libjvm.dylib+0x3227ad]  JVM_NewInstanceFromConstructor+0x7c
j  sun.reflect.NativeConstructorAccessorImpl.newInstance0(Ljava/lang/reflect/Constructor;[Ljava/lang/Object;)Ljava/lang/Object;+0
j  sun.reflect.NativeConstructorAccessorImpl.newInstance([Ljava/lang/Object;)Ljava/lang/Object;+85
j  sun.reflect.DelegatingConstructorAccessorImpl.newInstance([Ljava/lang/Object;)Ljava/lang/Object;+5
j  java.lang.reflect.Constructor.newInstance([Ljava/lang/Object;)Ljava/lang/Object;+79
j  java.lang.Class.newInstance()Ljava/lang/Object;+138
j  net.java.games.input.DefaultControllerEnvironment.getControllers()[Lnet/java/games/input/Controller;+435
j  org.lwjgl.input.Controllers.create()V+12
j  org.newdawn.slick.Input.initControllers()V+11
j  org.newdawn.slick.AppGameContainer.setup()V+144
j  org.newdawn.slick.AppGameContainer.start()V+1
j  main.Game.main([Ljava/lang/String;)V+53
v  ~StubRoutines::call_stub
V  [libjvm.dylib+0x2d429e]  JavaCalls::call_helper(JavaValue*, methodHandle*, JavaCallArguments*, Thread*)+0x6ae
V  [libjvm.dylib+0x309377]  jni_invoke_static(JNIEnv_*, JavaValue*, _jobject*, JNICallType, _jmethodID*, JNI_ArgumentPusher*, Thread*)+0x1bf
V  [libjvm.dylib+0x302571]  jni_CallStaticVoidMethod+0x15d
C  [java+0x2c82]  JavaMain+0x998
C  [libsystem_pthread.dylib+0x3268]  _pthread_body+0x83
C  [libsystem_pthread.dylib+0x31e5]  _pthread_body+0x0
C  [libsystem_pthread.dylib+0x141d]  thread_start+0xd
C  0x0000000000000000

Java frames: (J=compiled Java code, j=interpreted, Vv=VM code)
j  net.java.games.input.OSXHIDDeviceIterator.nNext(J)Lnet/java/games/input/OSXHIDDevice;+0
j  net.java.games.input.OSXHIDDeviceIterator.next()Lnet/java/games/input/OSXHIDDevice;+4
j  net.java.games.input.OSXEnvironmentPlugin.enumerateControllers()[Lnet/java/games/input/Controller;+17
j  net.java.games.input.OSXEnvironmentPlugin.<init>()V+12
v  ~StubRoutines::call_stub
j  sun.reflect.NativeConstructorAccessorImpl.newInstance0(Ljava/lang/reflect/Constructor;[Ljava/lang/Object;)Ljava/lang/Object;+0
j  sun.reflect.NativeConstructorAccessorImpl.newInstance([Ljava/lang/Object;)Ljava/lang/Object;+85
j  sun.reflect.DelegatingConstructorAccessorImpl.newInstance([Ljava/lang/Object;)Ljava/lang/Object;+5
j  java.lang.reflect.Constructor.newInstance([Ljava/lang/Object;)Ljava/lang/Object;+79
j  java.lang.Class.newInstance()Ljava/lang/Object;+138
j  net.java.games.input.DefaultControllerEnvironment.getControllers()[Lnet/java/games/input/Controller;+435
j  org.lwjgl.input.Controllers.create()V+12
j  org.newdawn.slick.Input.initControllers()V+11
j  org.newdawn.slick.AppGameContainer.setup()V+144
j  org.newdawn.slick.AppGameContainer.start()V+1
j  main.Game.main([Ljava/lang/String;)V+53
v  ~StubRoutines::call_stub

---------------  P R O C E S S  ---------------

Java Threads: ( => current thread )
  0x00007fd9f1914000 JavaThread "AWT-Shutdown" [_thread_blocked, id=28679, stack(0x0000000125ca5000,0x0000000125da5000)]
  0x00007fd9f18ba000 JavaThread "AppKit Thread" daemon [_thread_in_native, id=1811, stack(0x00007fff547bf000,0x00007fff54fbf000)]
  0x00007fd9f1827800 JavaThread "Service Thread" daemon [_thread_blocked, id=18179, stack(0x000000012429a000,0x000000012439a000)]
  0x00007fd9f1827000 JavaThread "C1 CompilerThread2" daemon [_thread_blocked, id=17667, stack(0x0000000124197000,0x0000000124297000)]
  0x00007fd9f1826000 JavaThread "C2 CompilerThread1" daemon [_thread_blocked, id=17155, stack(0x0000000124094000,0x0000000124194000)]
  0x00007fd9f280e800 JavaThread "C2 CompilerThread0" daemon [_thread_blocked, id=16643, stack(0x0000000123f91000,0x0000000124091000)]
  0x00007fd9f1830000 JavaThread "Signal Dispatcher" daemon [_thread_blocked, id=13327, stack(0x0000000123e8e000,0x0000000123f8e000)]
  0x00007fd9f280c800 JavaThread "Finalizer" daemon [_thread_blocked, id=11523, stack(0x0000000122540000,0x0000000122640000)]
  0x00007fd9f280b800 JavaThread "Reference Handler" daemon [_thread_blocked, id=11011, stack(0x000000012243d000,0x000000012253d000)]
=>0x00007fd9f3001800 JavaThread "main" [_thread_in_native, id=4867, stack(0x000000010c51c000,0x000000010c61c000)]

Other Threads:
  0x00007fd9f2001000 VMThread [stack: 0x000000012233a000,0x000000012243a000] [id=10499]
  0x00007fd9f1831000 WatcherThread [stack: 0x000000012439d000,0x000000012449d000] [id=18691]

VM state:not at safepoint (normal execution)

VM Mutex/Monitor currently owned by a thread: None

Heap:
 PSYoungGen      total 38400K, used 8978K [0x0000000795580000, 0x0000000798000000, 0x00000007c0000000)
  eden space 33280K, 26% used [0x0000000795580000,0x0000000795e44830,0x0000000797600000)
  from space 5120K, 0% used [0x0000000797b00000,0x0000000797b00000,0x0000000798000000)
  to   space 5120K, 0% used [0x0000000797600000,0x0000000797600000,0x0000000797b00000)
 ParOldGen       total 87552K, used 0K [0x0000000740000000, 0x0000000745580000, 0x0000000795580000)
  object space 87552K, 0% used [0x0000000740000000,0x0000000740000000,0x0000000745580000)
 Metaspace       used 6467K, capacity 6613K, committed 6912K, reserved 1056768K
  class space    used 656K, capacity 693K, committed 768K, reserved 1048576K

Card table byte_map: [0x000000011b9de000,0x000000011bddf000] byte_map_base: 0x0000000117fde000

Marking Bits: (ParMarkBitMap*) 0x000000010be9c330
 Begin Bits: [0x000000011c496000, 0x000000011e496000)
 End Bits:   [0x000000011e496000, 0x0000000120496000)

Polling page: 0x000000010ad98000

CodeCache: size=245760Kb used=2021Kb max_used=2021Kb free=243738Kb
 bounds [0x000000010c61e000, 0x000000010c88e000, 0x000000011b61e000]
 total_blobs=829 nmethods=447 adapters=297
 compilation: enabled

Compilation events (10 events):
Event: 0.491 Thread 0x00007fd9f1827000  443       3       java.util.AbstractMap::<init> (5 bytes)
Event: 0.491 Thread 0x00007fd9f1827000 nmethod 443 0x000000010c816e50 code [0x000000010c816fc0, 0x000000010c817170]
Event: 0.493 Thread 0x00007fd9f1827000  444       1       java.lang.System::getSecurityManager (4 bytes)
Event: 0.493 Thread 0x00007fd9f1827000 nmethod 444 0x000000010c816bd0 code [0x000000010c816d20, 0x000000010c816e10]
Event: 0.494 Thread 0x00007fd9f1827000  445       3       sun.misc.URLClassPath::getResource (74 bytes)
Event: 0.494 Thread 0x00007fd9f1827000 nmethod 445 0x000000010c816550 code [0x000000010c8166e0, 0x000000010c816a58]
Event: 0.497 Thread 0x00007fd9f1827000  446       3       java.net.URL::equals (24 bytes)
Event: 0.497 Thread 0x00007fd9f1827000 nmethod 446 0x000000010c815e90 code [0x000000010c816020, 0x000000010c816468]
Event: 0.497 Thread 0x00007fd9f1827000  447       3       java.net.URLStreamHandler::equals (45 bytes)
Event: 0.497 Thread 0x00007fd9f1827000 nmethod 447 0x000000010c815690 code [0x000000010c815820, 0x000000010c815d58]

GC Heap History (0 events):
No events

Deoptimization events (0 events):
No events

Internal exceptions (10 events):
Event: 0.487 Thread 0x00007fd9f3001800 Exception <a 'java/security/PrivilegedActionException'> (0x0000000795dce978) thrown at [/HUDSON3/workspace/8-2-build-macosx-x86_64/jdk8u20/1074/hotspot/src/share/vm/prims/jvm.cpp, line 1275]
Event: 0.488 Thread 0x00007fd9f3001800 Exception <a 'java/security/PrivilegedActionException'> (0x0000000795dd43d8) thrown at [/HUDSON3/workspace/8-2-build-macosx-x86_64/jdk8u20/1074/hotspot/src/share/vm/prims/jvm.cpp, line 1275]
Event: 0.489 Thread 0x00007fd9f3001800 Exception <a 'java/security/PrivilegedActionException'> (0x0000000795dd7668) thrown at [/HUDSON3/workspace/8-2-build-macosx-x86_64/jdk8u20/1074/hotspot/src/share/vm/prims/jvm.cpp, line 1275]
Event: 0.492 Thread 0x00007fd9f3001800 Exception <a 'java/security/PrivilegedActionException'> (0x0000000795de8d48) thrown at [/HUDSON3/workspace/8-2-build-macosx-x86_64/jdk8u20/1074/hotspot/src/share/vm/prims/jvm.cpp, line 1275]
Event: 0.492 Thread 0x00007fd9f3001800 Exception <a 'java/security/PrivilegedActionException'> (0x0000000795dee760) thrown at [/HUDSON3/workspace/8-2-build-macosx-x86_64/jdk8u20/1074/hotspot/src/share/vm/prims/jvm.cpp, line 1275]
Event: 0.493 Thread 0x00007fd9f3001800 Exception <a 'java/security/PrivilegedActionException'> (0x0000000795df41e8) thrown at [/HUDSON3/workspace/8-2-build-macosx-x86_64/jdk8u20/1074/hotspot/src/share/vm/prims/jvm.cpp, line 1275]
Event: 0.493 Thread 0x00007fd9f3001800 Exception <a 'java/security/PrivilegedActionException'> (0x0000000795df6cc0) thrown at [/HUDSON3/workspace/8-2-build-macosx-x86_64/jdk8u20/1074/hotspot/src/share/vm/prims/jvm.cpp, line 1275]
Event: 0.494 Thread 0x00007fd9f3001800 Exception <a 'java/security/PrivilegedActionException'> (0x0000000795dfb8d0) thrown at [/HUDSON3/workspace/8-2-build-macosx-x86_64/jdk8u20/1074/hotspot/src/share/vm/prims/jvm.cpp, line 1275]
Event: 0.495 Thread 0x00007fd9f3001800 Exception <a 'java/security/PrivilegedActionException'> (0x0000000795e06a58) thrown at [/HUDSON3/workspace/8-2-build-macosx-x86_64/jdk8u20/1074/hotspot/src/share/vm/prims/jvm.cpp, line 1275]
Event: 0.497 Thread 0x00007fd9f3001800 Exception <a 'java/security/PrivilegedActionException'> (0x0000000795e11418) thrown at [/HUDSON3/workspace/8-2-build-macosx-x86_64/jdk8u20/1074/hotspot/src/share/vm/prims/jvm.cpp, line 1275]

Events (10 events):
Event: 0.493 loading class net/java/games/input/Usage
Event: 0.493 loading class net/java/games/input/Usage done
Event: 0.493 loading class net/java/games/input/Component$Identifier$Axis
Event: 0.493 loading class net/java/games/input/Component$Identifier$Axis done
Event: 0.494 loading class net/java/games/input/KeyboardUsage
Event: 0.494 loading class net/java/games/input/KeyboardUsage done
Event: 0.494 loading class net/java/games/input/Component$Identifier$Key
Event: 0.494 loading class net/java/games/input/Component$Identifier$Key done
Event: 0.496 loading class net/java/games/input/ButtonUsage
Event: 0.496 loading class net/java/games/input/ButtonUsage done


Dynamic libraries:
0x00000000028c1000 	/System/Library/Frameworks/Cocoa.framework/Versions/A/Cocoa
0x00000000028c1000 	/System/Library/Frameworks/Security.framework/Versions/A/Security
0x00000000028c1000 	/System/Library/Frameworks/ApplicationServices.framework/Versions/A/ApplicationServices
0x00000000028c1000 	/usr/lib/libz.1.dylib
0x00000000028c1000 	/usr/lib/libSystem.B.dylib
0x00000000028c1000 	/usr/lib/libobjc.A.dylib
0x00000000028c1000 	/System/Library/Frameworks/CoreFoundation.framework/Versions/A/CoreFoundation
0x00000000028c1000 	/System/Library/Frameworks/Foundation.framework/Versions/C/Foundation
0x00000000028c1000 	/System/Library/Frameworks/AppKit.framework/Versions/C/AppKit
0x00000000028c1000 	/System/Library/Frameworks/CoreData.framework/Versions/A/CoreData
0x00000000028c1000 	/System/Library/PrivateFrameworks/RemoteViewServices.framework/Versions/A/RemoteViewServices
0x00000000028c1000 	/System/Library/PrivateFrameworks/UIFoundation.framework/Versions/A/UIFoundation
0x00000000028c1000 	/System/Library/Frameworks/IOSurface.framework/Versions/A/IOSurface
0x00000000028c1000 	/System/Library/Frameworks/AudioToolbox.framework/Versions/A/AudioToolbox
0x00000000028c1000 	/System/Library/Frameworks/AudioUnit.framework/Versions/A/AudioUnit
0x00000000028c1000 	/System/Library/PrivateFrameworks/DataDetectorsCore.framework/Versions/A/DataDetectorsCore
0x00000000028c1000 	/System/Library/PrivateFrameworks/DesktopServicesPriv.framework/Versions/A/DesktopServicesPriv
0x00000000028c1000 	/System/Library/Frameworks/Carbon.framework/Versions/A/Frameworks/HIToolbox.framework/Versions/A/HIToolbox
0x00000000028c1000 	/System/Library/Frameworks/QuartzCore.framework/Versions/A/QuartzCore
0x00000000028c1000 	/System/Library/Frameworks/Carbon.framework/Versions/A/Frameworks/SpeechRecognition.framework/Versions/A/SpeechRecognition
0x00000000028c1000 	/usr/lib/libauto.dylib
0x00000000028c1000 	/usr/lib/libicucore.A.dylib
0x00000000028c1000 	/usr/lib/libxml2.2.dylib
0x00000000028c1000 	/System/Library/PrivateFrameworks/CoreUI.framework/Versions/A/CoreUI
0x00000000028c1000 	/System/Library/Frameworks/CoreAudio.framework/Versions/A/CoreAudio
0x00000000028c1000 	/System/Library/Frameworks/DiskArbitration.framework/Versions/A/DiskArbitration
0x00000000028c1000 	/usr/lib/liblangid.dylib
0x00000000028c1000 	/System/Library/PrivateFrameworks/MultitouchSupport.framework/Versions/A/MultitouchSupport
0x00000000028c1000 	/System/Library/Frameworks/IOKit.framework/Versions/A/IOKit
0x00000000028c1000 	/usr/lib/libDiagnosticMessagesClient.dylib
0x00000000028c1000 	/System/Library/Frameworks/CoreServices.framework/Versions/A/CoreServices
0x00000000028c1000 	/System/Library/PrivateFrameworks/PerformanceAnalysis.framework/Versions/A/PerformanceAnalysis
0x00000000028c1000 	/System/Library/PrivateFrameworks/GenerationalStorage.framework/Versions/A/GenerationalStorage
0x00000000028c1000 	/System/Library/Frameworks/OpenGL.framework/Versions/A/OpenGL
0x00000000028c1000 	/System/Library/PrivateFrameworks/Sharing.framework/Versions/A/Sharing
0x00000000028c1000 	/System/Library/Frameworks/CoreGraphics.framework/Versions/A/CoreGraphics
0x00000000028c1000 	/System/Library/Frameworks/CoreText.framework/Versions/A/CoreText
0x00000000028c1000 	/System/Library/Frameworks/ImageIO.framework/Versions/A/ImageIO
0x00000000028c1000 	/usr/lib/libextension.dylib
0x00000000028c1000 	/System/Library/PrivateFrameworks/Backup.framework/Versions/A/Backup
0x00000000028c1000 	/usr/lib/libarchive.2.dylib
0x00000000028c1000 	/System/Library/Frameworks/CFNetwork.framework/Versions/A/CFNetwork
0x00000000028c1000 	/System/Library/Frameworks/SystemConfiguration.framework/Versions/A/SystemConfiguration
0x00000000028c1000 	/usr/lib/libCRFSuite.dylib
0x00000000028c1000 	/usr/lib/libc++.1.dylib
0x00000000028c1000 	/usr/lib/libc++abi.dylib
0x00000000028c1000 	/usr/lib/system/libcache.dylib
0x00000000028c1000 	/usr/lib/system/libcommonCrypto.dylib
0x00000000028c1000 	/usr/lib/system/libcompiler_rt.dylib
0x00000000028c1000 	/usr/lib/system/libcopyfile.dylib
0x00000000028c1000 	/usr/lib/system/libcorecrypto.dylib
0x00000000028c1000 	/usr/lib/system/libdispatch.dylib
0x00000000028c1000 	/usr/lib/system/libdyld.dylib
0x00000000028c1000 	/usr/lib/system/libkeymgr.dylib
0x00000000028c1000 	/usr/lib/system/liblaunch.dylib
0x00000000028c1000 	/usr/lib/system/libmacho.dylib
0x00000000028c1000 	/usr/lib/system/libquarantine.dylib
0x00000000028c1000 	/usr/lib/system/libremovefile.dylib
0x00000000028c1000 	/usr/lib/system/libsystem_asl.dylib
0x00000000028c1000 	/usr/lib/system/libsystem_blocks.dylib
0x00000000028c1000 	/usr/lib/system/libsystem_c.dylib
0x00000000028c1000 	/usr/lib/system/libsystem_configuration.dylib
0x00000000028c1000 	/usr/lib/system/libsystem_coreservices.dylib
0x00000000028c1000 	/usr/lib/system/libsystem_coretls.dylib
0x00000000028c1000 	/usr/lib/system/libsystem_dnssd.dylib
0x00000000028c1000 	/usr/lib/system/libsystem_info.dylib
0x00000000028c1000 	/usr/lib/system/libsystem_kernel.dylib
0x00000000028c1000 	/usr/lib/system/libsystem_m.dylib
0x00000000028c1000 	/usr/lib/system/libsystem_malloc.dylib
0x00000000028c1000 	/usr/lib/system/libsystem_network.dylib
0x00000000028c1000 	/usr/lib/system/libsystem_networkextension.dylib
0x00000000028c1000 	/usr/lib/system/libsystem_notify.dylib
0x00000000028c1000 	/usr/lib/system/libsystem_platform.dylib
0x00000000028c1000 	/usr/lib/system/libsystem_pthread.dylib
0x00000000028c1000 	/usr/lib/system/libsystem_sandbox.dylib
0x00000000028c1000 	/usr/lib/system/libsystem_secinit.dylib
0x00000000028c1000 	/usr/lib/system/libsystem_stats.dylib
0x00000000028c1000 	/usr/lib/system/libsystem_trace.dylib
0x00000000028c1000 	/usr/lib/system/libunc.dylib
0x00000000028c1000 	/usr/lib/system/libunwind.dylib
0x00000000028c1000 	/usr/lib/system/libxpc.dylib
0x00000000028c1000 	/usr/lib/libbz2.1.0.dylib
0x00000000028c1000 	/usr/lib/liblzma.5.dylib
0x00000000028c1000 	/usr/lib/libbsm.0.dylib
0x00000000028c1000 	/usr/lib/libsqlite3.dylib
0x00000000028c1000 	/usr/lib/system/libkxld.dylib
0x00000000028c1000 	/usr/lib/libxar.1.dylib
0x00000000028c1000 	/usr/lib/libpam.2.dylib
0x00000000028c1000 	/usr/lib/libOpenScriptingUtil.dylib
0x00000000028c1000 	/System/Library/Frameworks/CoreServices.framework/Versions/A/Frameworks/FSEvents.framework/Versions/A/FSEvents
0x00000000028c1000 	/System/Library/Frameworks/CoreServices.framework/Versions/A/Frameworks/CarbonCore.framework/Versions/A/CarbonCore
0x00000000028c1000 	/System/Library/Frameworks/CoreServices.framework/Versions/A/Frameworks/Metadata.framework/Versions/A/Metadata
0x00000000028c1000 	/System/Library/Frameworks/CoreServices.framework/Versions/A/Frameworks/OSServices.framework/Versions/A/OSServices
0x00000000028c1000 	/System/Library/Frameworks/CoreServices.framework/Versions/A/Frameworks/SearchKit.framework/Versions/A/SearchKit
0x00000000028c1000 	/System/Library/Frameworks/CoreServices.framework/Versions/A/Frameworks/AE.framework/Versions/A/AE
0x00000000028c1000 	/System/Library/Frameworks/CoreServices.framework/Versions/A/Frameworks/LaunchServices.framework/Versions/A/LaunchServices
0x00000000028c1000 	/System/Library/Frameworks/CoreServices.framework/Versions/A/Frameworks/DictionaryServices.framework/Versions/A/DictionaryServices
0x00000000028c1000 	/System/Library/Frameworks/NetFS.framework/Versions/A/NetFS
0x00000000028c1000 	/System/Library/PrivateFrameworks/NetAuth.framework/Versions/A/NetAuth
0x00000000028c1000 	/System/Library/PrivateFrameworks/login.framework/Versions/A/Frameworks/loginsupport.framework/Versions/A/loginsupport
0x00000000028c1000 	/System/Library/PrivateFrameworks/TCC.framework/Versions/A/TCC
0x00000000028c1000 	/usr/lib/libmecabra.dylib
0x00000000028c1000 	/System/Library/Frameworks/ApplicationServices.framework/Versions/A/Frameworks/ATS.framework/Versions/A/ATS
0x00000000028c1000 	/System/Library/Frameworks/ApplicationServices.framework/Versions/A/Frameworks/ColorSync.framework/Versions/A/ColorSync
0x00000000028c1000 	/System/Library/Frameworks/ApplicationServices.framework/Versions/A/Frameworks/HIServices.framework/Versions/A/HIServices
0x00000000028c1000 	/System/Library/Frameworks/ApplicationServices.framework/Versions/A/Frameworks/LangAnalysis.framework/Versions/A/LangAnalysis
0x00000000028c1000 	/System/Library/Frameworks/ApplicationServices.framework/Versions/A/Frameworks/PrintCore.framework/Versions/A/PrintCore
0x00000000028c1000 	/System/Library/Frameworks/ApplicationServices.framework/Versions/A/Frameworks/QD.framework/Versions/A/QD
0x00000000028c1000 	/System/Library/Frameworks/ApplicationServices.framework/Versions/A/Frameworks/SpeechSynthesis.framework/Versions/A/SpeechSynthesis
0x00000000028c1000 	/System/Library/Frameworks/Accelerate.framework/Versions/A/Accelerate
0x00000000028c1000 	/System/Library/Frameworks/Accelerate.framework/Versions/A/Frameworks/vImage.framework/Versions/A/vImage
0x00000000028c1000 	/System/Library/Frameworks/Accelerate.framework/Versions/A/Frameworks/vecLib.framework/Versions/A/vecLib
0x00000000028c1000 	/System/Library/Frameworks/Accelerate.framework/Versions/A/Frameworks/vecLib.framework/Versions/A/libvDSP.dylib
0x00000000028c1000 	/System/Library/Frameworks/Accelerate.framework/Versions/A/Frameworks/vecLib.framework/Versions/A/libvMisc.dylib
0x00000000028c1000 	/System/Library/Frameworks/Accelerate.framework/Versions/A/Frameworks/vecLib.framework/Versions/A/libLAPACK.dylib
0x00000000028c1000 	/System/Library/Frameworks/Accelerate.framework/Versions/A/Frameworks/vecLib.framework/Versions/A/libBLAS.dylib
0x00000000028c1000 	/System/Library/Frameworks/Accelerate.framework/Versions/A/Frameworks/vecLib.framework/Versions/A/libLinearAlgebra.dylib
0x00000000028c1000 	/System/Library/Frameworks/ApplicationServices.framework/Versions/A/Frameworks/ATS.framework/Versions/A/Resources/libFontParser.dylib
0x00000000028c1000 	/System/Library/Frameworks/ApplicationServices.framework/Versions/A/Frameworks/ATS.framework/Versions/A/Resources/libFontRegistry.dylib
0x00000000028c1000 	/System/Library/PrivateFrameworks/AppleVPA.framework/Versions/A/AppleVPA
0x00000000028c1000 	/System/Library/PrivateFrameworks/AppleJPEG.framework/Versions/A/AppleJPEG
0x00000000028c1000 	/System/Library/Frameworks/ImageIO.framework/Versions/A/Resources/libJPEG.dylib
0x00000000028c1000 	/System/Library/Frameworks/ImageIO.framework/Versions/A/Resources/libTIFF.dylib
0x00000000028c1000 	/System/Library/Frameworks/ImageIO.framework/Versions/A/Resources/libPng.dylib
0x00000000028c1000 	/System/Library/Frameworks/ImageIO.framework/Versions/A/Resources/libGIF.dylib
0x00000000028c1000 	/System/Library/Frameworks/ImageIO.framework/Versions/A/Resources/libJP2.dylib
0x00000000028c1000 	/System/Library/Frameworks/ImageIO.framework/Versions/A/Resources/libRadiance.dylib
0x00000000028c1000 	/System/Library/Frameworks/CoreVideo.framework/Versions/A/CoreVideo
0x00000000028c1000 	/System/Library/Frameworks/OpenGL.framework/Versions/A/Libraries/libGLU.dylib
0x00000000028c1000 	/System/Library/Frameworks/OpenGL.framework/Versions/A/Libraries/libGFXShared.dylib
0x00000000028c1000 	/System/Library/Frameworks/OpenGL.framework/Versions/A/Libraries/libGL.dylib
0x00000000028c1000 	/System/Library/Frameworks/OpenGL.framework/Versions/A/Libraries/libGLImage.dylib
0x00000000028c1000 	/System/Library/Frameworks/OpenGL.framework/Versions/A/Libraries/libCVMSPluginSupport.dylib
0x00000000028c1000 	/System/Library/Frameworks/OpenGL.framework/Versions/A/Libraries/libCoreVMClient.dylib
0x00000000028c1000 	/usr/lib/libcups.2.dylib
0x00000000028c1000 	/System/Library/Frameworks/Kerberos.framework/Versions/A/Kerberos
0x00000000028c1000 	/System/Library/Frameworks/GSS.framework/Versions/A/GSS
0x00000000028c1000 	/usr/lib/libresolv.9.dylib
0x00000000028c1000 	/usr/lib/libiconv.2.dylib
0x00000000028c1000 	/System/Library/PrivateFrameworks/Heimdal.framework/Versions/A/Heimdal
0x00000000028c1000 	/usr/lib/libheimdal-asn1.dylib
0x00000000028c1000 	/System/Library/Frameworks/OpenDirectory.framework/Versions/A/OpenDirectory
0x00000000028c1000 	/System/Library/PrivateFrameworks/CommonAuth.framework/Versions/A/CommonAuth
0x00000000028c1000 	/System/Library/Frameworks/OpenDirectory.framework/Versions/A/Frameworks/CFOpenDirectory.framework/Versions/A/CFOpenDirectory
0x00000000028c1000 	/System/Library/Frameworks/SecurityFoundation.framework/Versions/A/SecurityFoundation
0x00000000028c1000 	/System/Library/PrivateFrameworks/LanguageModeling.framework/Versions/A/LanguageModeling
0x00000000028c1000 	/usr/lib/libcmph.dylib
0x00000000028c1000 	/System/Library/Frameworks/ServiceManagement.framework/Versions/A/ServiceManagement
0x00000000028c1000 	/usr/lib/libxslt.1.dylib
0x00000000028c1000 	/System/Library/Frameworks/Carbon.framework/Versions/A/Frameworks/Ink.framework/Versions/A/Ink
0x00000000028c1000 	/System/Library/Frameworks/QuartzCore.framework/Versions/A/Frameworks/CoreImage.framework/Versions/A/CoreImage
0x00000000028c1000 	/System/Library/PrivateFrameworks/CrashReporterSupport.framework/Versions/A/CrashReporterSupport
0x00000000028c1000 	/System/Library/Frameworks/OpenCL.framework/Versions/A/OpenCL
0x00000000028c1000 	/System/Library/PrivateFrameworks/FaceCore.framework/Versions/A/FaceCore
0x00000000028c1000 	/System/Library/PrivateFrameworks/Ubiquity.framework/Versions/A/Ubiquity
0x00000000028c1000 	/System/Library/PrivateFrameworks/IconServices.framework/Versions/A/IconServices
0x00000000028c1000 	/System/Library/PrivateFrameworks/ChunkingLibrary.framework/Versions/A/ChunkingLibrary
0x00000000028c1000 	/System/Library/PrivateFrameworks/Apple80211.framework/Versions/A/Apple80211
0x00000000028c1000 	/System/Library/Frameworks/CoreWLAN.framework/Versions/A/CoreWLAN
0x00000000028c1000 	/System/Library/Frameworks/IOBluetooth.framework/Versions/A/IOBluetooth
0x00000000028c1000 	/System/Library/PrivateFrameworks/CoreWiFi.framework/Versions/A/CoreWiFi
0x00000000028c1000 	/System/Library/Frameworks/CoreBluetooth.framework/Versions/A/CoreBluetooth
0x00000000028c1000 	/System/Library/PrivateFrameworks/DebugSymbols.framework/Versions/A/DebugSymbols
0x00000000028c1000 	/System/Library/PrivateFrameworks/CoreSymbolication.framework/Versions/A/CoreSymbolication
0x00000000028c1000 	/System/Library/PrivateFrameworks/Symbolication.framework/Versions/A/Symbolication
0x00000000028c1000 	/System/Library/PrivateFrameworks/SpeechRecognitionCore.framework/Versions/A/SpeechRecognitionCore
0x000000010b600000 	/Library/Java/JavaVirtualMachines/jdk1.8.0_20.jdk/Contents/Home/jre/lib/server/libjvm.dylib
0x00000000028c1000 	/usr/lib/libstdc++.6.dylib
0x000000010ad56000 	/Library/Java/JavaVirtualMachines/jdk1.8.0_20.jdk/Contents/Home/jre/lib/libverify.dylib
0x000000010ad64000 	/Library/Java/JavaVirtualMachines/jdk1.8.0_20.jdk/Contents/Home/jre/lib/libjava.dylib
0x000000010ada2000 	/Library/Java/JavaVirtualMachines/jdk1.8.0_20.jdk/Contents/Home/jre/lib/libzip.dylib
0x0000000122642000 	/System/Library/Frameworks/JavaVM.framework/Frameworks/JavaRuntimeSupport.framework/JavaRuntimeSupport
0x0000000122658000 	/System/Library/Frameworks/JavaVM.framework/Versions/A/Frameworks/JavaNativeFoundation.framework/Versions/A/JavaNativeFoundation
0x000000012266c000 	/System/Library/Frameworks/JavaVM.framework/Versions/A/JavaVM
0x00000000028c1000 	/System/Library/Frameworks/Carbon.framework/Versions/A/Carbon
0x0000000122678000 	/System/Library/PrivateFrameworks/JavaLaunching.framework/Versions/A/JavaLaunching
0x00000000028c1000 	/System/Library/Frameworks/Carbon.framework/Versions/A/Frameworks/CommonPanels.framework/Versions/A/CommonPanels
0x00000000028c1000 	/System/Library/Frameworks/Carbon.framework/Versions/A/Frameworks/Help.framework/Versions/A/Help
0x00000000028c1000 	/System/Library/Frameworks/Carbon.framework/Versions/A/Frameworks/ImageCapture.framework/Versions/A/ImageCapture
0x00000000028c1000 	/System/Library/Frameworks/Carbon.framework/Versions/A/Frameworks/OpenScripting.framework/Versions/A/OpenScripting
0x00000000028c1000 	/System/Library/Frameworks/Carbon.framework/Versions/A/Frameworks/Print.framework/Versions/A/Print
0x00000000028c1000 	/System/Library/Frameworks/Carbon.framework/Versions/A/Frameworks/SecurityHI.framework/Versions/A/SecurityHI
0x00000001244b6000 	/Library/Java/JavaVirtualMachines/jdk1.8.0_20.jdk/Contents/Home/jre/lib/libawt.dylib
0x0000000124565000 	/Library/Java/JavaVirtualMachines/jdk1.8.0_20.jdk/Contents/Home/jre/lib/./libmlib_image.dylib
0x0000000124631000 	/Library/Java/JavaVirtualMachines/jdk1.8.0_20.jdk/Contents/Home/jre/lib/libawt_lwawt.dylib
0x00000001246e4000 	/Library/Java/JavaVirtualMachines/jdk1.8.0_20.jdk/Contents/Home/jre/lib/./libosxapp.dylib
0x00000000028c1000 	/System/Library/Frameworks/ExceptionHandling.framework/Versions/A/ExceptionHandling
0x00000000028c1000 	/System/Library/PrivateFrameworks/CoreServicesInternal.framework/Versions/A/CoreServicesInternal
0x00000000028c1000 	/System/Library/PrivateFrameworks/CloudDocs.framework/Versions/A/CloudDocs
0x00000000028c1000 	/System/Library/PrivateFrameworks/CoreDuet.framework/Versions/A/CoreDuet
0x00000000028c1000 	/System/Library/Frameworks/CloudKit.framework/Versions/A/CloudKit
0x00000000028c1000 	/System/Library/PrivateFrameworks/ProtocolBuffer.framework/Versions/A/ProtocolBuffer
0x00000000028c1000 	/System/Library/PrivateFrameworks/CoreDuetDaemonProtocol.framework/Versions/A/CoreDuetDaemonProtocol
0x00000000028c1000 	/System/Library/PrivateFrameworks/CoreDuetDebugLogging.framework/Versions/A/CoreDuetDebugLogging
0x00000000028c1000 	/System/Library/Frameworks/CoreLocation.framework/Versions/A/CoreLocation
0x00000000028c1000 	/System/Library/Frameworks/Accounts.framework/Versions/A/Accounts
0x00000000028c1000 	/System/Library/PrivateFrameworks/ApplePushService.framework/Versions/A/ApplePushService
0x00000000028c1000 	/System/Library/PrivateFrameworks/GeoServices.framework/Versions/A/GeoServices
0x00000000028c1000 	/System/Library/PrivateFrameworks/OAuth.framework/Versions/A/OAuth
0x00000000028c1000 	/System/Library/PrivateFrameworks/CoreDaemon.framework/Versions/B/CoreDaemon
0x00000000028c1000 	/usr/lib/libcrypto.0.9.8.dylib
0x00000000028c1000 	/System/Library/PrivateFrameworks/AppleSRP.framework/Versions/A/AppleSRP
0x00000000028c1000 	/System/Library/PrivateFrameworks/TrustEvaluationAgent.framework/Versions/A/TrustEvaluationAgent
0x00000000028c1000 	/System/Library/Frameworks/CoreGraphics.framework/Versions/A/Resources/libCGCMS.A.dylib
0x00000000028c1000 	/System/Library/Frameworks/CoreGraphics.framework/Versions/A/Resources/libRIP.A.dylib
0x00000000028c1000 	/System/Library/Frameworks/CoreGraphics.framework/Versions/A/Resources/libCGXType.A.dylib
0x00000000028c1000 	/System/Library/Frameworks/OpenCL.framework/Versions/A/Libraries/libcldcpuengine.dylib
0x00000000028c1000 	/System/Library/PrivateFrameworks/DiskImages.framework/Versions/A/DiskImages
0x00000000028c1000 	/System/Library/Frameworks/DiscRecording.framework/Versions/A/DiscRecording
0x00000000028c1000 	/usr/lib/libcsfde.dylib
0x00000000028c1000 	/usr/lib/libcurl.4.dylib
0x00000000028c1000 	/System/Library/PrivateFrameworks/MediaKit.framework/Versions/A/MediaKit
0x00000000028c1000 	/System/Library/PrivateFrameworks/ProtectedCloudStorage.framework/Versions/A/ProtectedCloudStorage
0x00000000028c1000 	/usr/lib/libCoreStorage.dylib
0x00000000028c1000 	/System/Library/PrivateFrameworks/EFILogin.framework/Versions/A/EFILogin
0x00000000028c1000 	/usr/lib/libutil.dylib
0x00000000028c1000 	/System/Library/PrivateFrameworks/FindMyDevice.framework/Versions/A/FindMyDevice
0x00000000028c1000 	/System/Library/Frameworks/LDAP.framework/Versions/A/LDAP
0x00000000028c1000 	/usr/lib/libsasl2.2.dylib
0x000000012744f000 	cl_kernels
0x0000000127451000 	/System/Library/Frameworks/OpenCL.framework/Versions/A/Libraries/ImageFormats/unorm8_bgra.dylib
0x0000000127440000 	cl_kernels
0x00000000028c1000 	/System/Library/PrivateFrameworks/FamilyControls.framework/Versions/A/FamilyControls
0x00000000028c1000 	/System/Library/PrivateFrameworks/CommerceKit.framework/Versions/A/Frameworks/CommerceCore.framework/Versions/A/CommerceCore
0x00000000028c1000 	/System/Library/PrivateFrameworks/SystemAdministration.framework/Versions/A/SystemAdministration
0x00000000028c1000 	/System/Library/PrivateFrameworks/AppContainer.framework/Versions/A/AppContainer
0x00000000028c1000 	/System/Library/PrivateFrameworks/SecCodeWrapper.framework/Versions/A/SecCodeWrapper
0x00000000028c1000 	/System/Library/Frameworks/DirectoryService.framework/Versions/A/DirectoryService
0x00000000028c1000 	/System/Library/PrivateFrameworks/LoginUIKit.framework/Versions/A/Frameworks/LoginUICore.framework/Versions/A/LoginUICore
0x00000000028c1000 	/usr/lib/libodfde.dylib
0x0000000128617000 	/Library/Java/JavaVirtualMachines/jdk1.8.0_20.jdk/Contents/Home/jre/lib/libfontmanager.dylib
0x000000012867d000 	/Users/mick/Documents/workspace/lwjgl-2.9.1/native/macosx/liblwjgl.jnilib
0x000000012697e000 	/Library/Java/JavaVirtualMachines/jdk1.8.0_20.jdk/Contents/Home/jre/lib/libjawt.dylib
0x00000000028c1000 	/System/Library/Frameworks/OpenGL.framework/Versions/A/Resources/GLEngine.bundle/GLEngine
0x00000000028c1000 	/System/Library/Frameworks/OpenGL.framework/Versions/A/Libraries/libGLProgrammability.dylib
0x0000000000000000 	/System/Library/Extensions/AppleIntelHD4000GraphicsGLDriver.bundle/Contents/MacOS/AppleIntelHD4000GraphicsGLDriver
0x00000000028c1000 	/System/Library/PrivateFrameworks/IOAccelerator.framework/Versions/A/IOAccelerator
0x00000000028c1000 	/System/Library/PrivateFrameworks/GPUSupport.framework/Versions/A/Libraries/libGPUSupportMercury.dylib
0x00000000028c1000 	/System/Library/Frameworks/OpenGL.framework/Versions/A/Resources/GLRendererFloat.bundle/GLRendererFloat
0x0000000129113000 	/Users/mick/Documents/workspace/lwjgl-2.9.1/native/macosx/libjinput-osx.jnilib

VM Arguments:
jvm_args: -Djava.library.path=/Users/mick/Documents/workspace/lwjgl-2.9.1/native/macosx:/Users/mick/Documents/workspace/lwjgl-2.9.1/native/macosx:/Users/mick/Documents/workspace/lwjgl-2.9.1/native/macosx -Dfile.encoding=UTF-8 
java_command: main.Game
java_class_path (initial): /Users/mick/Documents/workspace/pow2r/bin:/Users/mick/Documents/workspace/slick/lib/slick.jar:/Users/mick/Documents/workspace/lwjgl-2.9.1/jar/jinput.jar:/Users/mick/Documents/workspace/lwjgl-2.9.1/jar/lwjgl_util.jar:/Users/mick/Documents/workspace/lwjgl-2.9.1/jar/lwjgl.jar
Launcher Type: SUN_STANDARD

Environment Variables:
PATH=/usr/bin:/bin:/usr/sbin:/sbin
SHELL=/bin/bash
DISPLAY=/private/tmp/com.apple.launchd.tjkTgP1iSB/org.macosforge.xquartz:0

Signal Handlers:
SIGSEGV: [libjvm.dylib+0x578fd7], sa_mask[0]=11111111011111110111111111111111, sa_flags=SA_ONSTACK|SA_RESTART|SA_SIGINFO
SIGBUS: [libjvm.dylib+0x578fd7], sa_mask[0]=11111111011111110111111111111111, sa_flags=SA_RESTART|SA_SIGINFO
SIGFPE: [libjvm.dylib+0x45ab0c], sa_mask[0]=11111111011111110111111111111111, sa_flags=SA_RESTART|SA_SIGINFO
SIGPIPE: [libjvm.dylib+0x45ab0c], sa_mask[0]=11111111011111110111111111111111, sa_flags=SA_RESTART|SA_SIGINFO
SIGXFSZ: [libjvm.dylib+0x45ab0c], sa_mask[0]=11111111011111110111111111111111, sa_flags=SA_RESTART|SA_SIGINFO
SIGILL: [libjvm.dylib+0x45ab0c], sa_mask[0]=11111111011111110111111111111111, sa_flags=SA_RESTART|SA_SIGINFO
SIGUSR1: SIG_DFL, sa_mask[0]=00000000000000000000000000000000, sa_flags=none
SIGUSR2: [libjvm.dylib+0x45a62a], sa_mask[0]=00100000000000000000000000000000, sa_flags=SA_RESTART|SA_SIGINFO
SIGHUP: [libjvm.dylib+0x458bfd], sa_mask[0]=11111111011111110111111111111111, sa_flags=SA_RESTART|SA_SIGINFO
SIGINT: [libjvm.dylib+0x458bfd], sa_mask[0]=11111111011111110111111111111111, sa_flags=SA_RESTART|SA_SIGINFO
SIGTERM: [libjvm.dylib+0x458bfd], sa_mask[0]=11111111011111110111111111111111, sa_flags=SA_RESTART|SA_SIGINFO
SIGQUIT: [libjvm.dylib+0x458bfd], sa_mask[0]=11111111011111110111111111111111, sa_flags=SA_RESTART|SA_SIGINFO


---------------  S Y S T E M  ---------------

OS:Bsduname:Darwin 14.1.0 Darwin Kernel Version 14.1.0: Mon Dec 22 23:10:38 PST 2014; root:xnu-2782.10.72~2/RELEASE_X86_64 x86_64
rlimit: STACK 8192k, CORE 0k, NPROC 709, NOFILE 10240, AS infinity
load average:1.05 1.38 1.41

CPU:total 4 (2 cores per cpu, 2 threads per core) family 6 model 58 stepping 9, cmov, cx8, fxsr, mmx, sse, sse2, sse3, ssse3, sse4.1, sse4.2, popcnt, avx, aes, clmul, erms, ht, tsc, tscinvbit, tscinv

Memory: 4k page, physical 8388608k(2932436k free)

/proc/meminfo:


vm_info: Java HotSpot(TM) 64-Bit Server VM (25.20-b23) for bsd-amd64 JRE (1.8.0_20-b26), built on Jul 30 2014 13:37:47 by "java_re" with gcc 4.2.1 (Based on Apple Inc. build 5658) (LLVM build 2336.9.00)

time: Mon Mar 16 21:20:46 2015
elapsed time: 0 seconds (0d 0h 0m 0s)

