#
# A fatal error has been detected by the Java Runtime Environment:
#
#  SIGSEGV (0xb) at pc=0x00007fff90d900dd, pid=17215, tid=1811
#
# JRE version: Java(TM) SE Runtime Environment (8.0_20-b26) (build 1.8.0_20-b26)
# Java VM: Java HotSpot(TM) 64-Bit Server VM (25.20-b23 mixed mode bsd-amd64 compressed oops)
# Problematic frame:
# C  [libobjc.A.dylib+0x10dd]  objc_msgSend+0x1d
#
# Failed to write core dump. Core dumps have been disabled. To enable core dumping, try "ulimit -c unlimited" before starting Java again
#
# If you would like to submit a bug report, please visit:
#   http://bugreport.sun.com/bugreport/crash.jsp
# The crash happened outside the Java Virtual Machine in native code.
# See problematic frame for where to report the bug.
#

---------------  T H R E A D  ---------------

Current thread (0x00007fbf54055000):  JavaThread "AppKit Thread" daemon [_thread_in_native, id=1811, stack(0x00007fff5a91d000,0x00007fff5b11d000)]

siginfo: si_signo: 11 (SIGSEGV), si_code: 1 (SEGV_MAPERR), si_addr: 0x000007fbf525b440

Registers:
RAX=0x00007fbf52587380, RBX=0x00007fff5b1187c8, RCX=0x0000000000000000, RDX=0x00007fbf52547000
RSP=0x00007fff5b1185e8, RBP=0x00007fff5b1185f0, RSI=0x00007fff8ba392b4, RDI=0x00007fbf52587380
R8 =0x00007fff5b1185d0, R9 =0x0000000000000055, R10=0x00007fff8ba392b4, R11=0x000007fbf525b428
R12=0x00007fbf5252bd80, R13=0x00000000000f42e9, R14=0x00007fbf5256e880, R15=0x00007fff5b118728
RIP=0x00007fff90d900dd, EFLAGS=0x0000000000010206, ERR=0x0000000000000004
  TRAPNO=0x000000000000000e

Top of Stack: (sp=0x00007fff5b1185e8)
0x00007fff5b1185e8:   00007fff89a39cdc 00007fff5b118950
0x00007fff5b1185f8:   00007fff8992b244 00007fff5b11867c
0x00007fff5b118608:   00007fff5b118680 00007fff5b118684
0x00007fff5b118618:   00007fff727acc88 ffffffffffffffff
0x00007fff5b118628:   00000000000007f8 00007fff727acca0
0x00007fff5b118638:   00007fbf5256e880 0000000000000000
0x00007fff5b118648:   00007fff5b118720 0000000000000000
0x00007fff5b118658:   00007fbf52428830 00007fff5b1187a0
0x00007fff5b118668:   0000000000000055 00000000000f42eb
0x00007fff5b118678:   00007fbf52547000 00007fbf52428260
0x00007fff5b118688:   00007fbf5252bd80 0000000000000001
0x00007fff5b118698:   00000000000f42e9 00007fbf5252bd70
0x00007fff5b1186a8:   00007fff8594b7ba 00000001525a0ff0
0x00007fff5b1186b8:   00007fff7219a0d0 0000000042000000
0x00007fff5b1186c8:   00007fff85953e13 00007fff727771d0
0x00007fff5b1186d8:   00007fff5b1187a8 0000000000000000
0x00007fff5b1186e8:   00007fff743198c8 0000000000000000
0x00007fff5b1186f8:   0000000000000022 0001cb0300000001
0x00007fff5b118708:   00007fbf5252bda4 0000000000000000
0x00007fff5b118718:   00000000003dbd01 00007fbf524288b0
0x00007fff5b118728:   00007fbf5256e880 0000000000000000
0x00007fff5b118738:   00007fff8ba7134c 00007fff5b1187e0
0x00007fff5b118748:   00007fff86fb0513 00007fff5b1187c4
0x00007fff5b118758:   00000000003dbe01 00000000ffffffff
0x00007fff5b118768:   00007fff743198c8 00000000003dbe00
0x00007fff5b118778:   00007fff00000000 00007fff5b118870
0x00007fff5b118788:   00007fff89433edc 00007fff743198e8
0x00007fff5b118798:   00007fff8ba7134c 0000000000000051
0x00007fff5b1187a8:   0000000000000000 00000000000f42e1
0x00007fff5b1187b8:   0000000000000053 0000000000000000
0x00007fff5b1187c8:   00000000000f42e9 00007fff5b118844
0x00007fff5b1187d8:   00000000003dc801 00000000ffffffff 

Instructions: (pc=0x00007fff90d900dd)
0x00007fff90d900bd:   00 00 00 48 85 ff 2e 74 7a 40 f6 c7 01 2e 75 7e
0x00007fff90d900cd:   49 bb f8 ff ff ff ff 7f 00 00 4c 23 1f 49 89 f2
0x00007fff90d900dd:   45 23 53 18 49 c1 e2 04 4d 03 53 10 49 3b 32 75
0x00007fff90d900ed:   04 41 ff 62 08 49 83 3a 00 74 6a 4d 3b 53 10 74 

Register to memory mapping:

RAX=0x00007fbf52587380 is an unknown value
RBX=0x00007fff5b1187c8 is pointing into the stack for thread: 0x00007fbf54055000
RCX=0x0000000000000000 is an unknown value
RDX=0x00007fbf52547000 is an unknown value
RSP=0x00007fff5b1185e8 is pointing into the stack for thread: 0x00007fbf54055000
RBP=0x00007fff5b1185f0 is pointing into the stack for thread: 0x00007fbf54055000
RSI=0x00007fff8ba392b4: -[NSTitlebarContainerView shouldRoundCorners]+0x5ced6 in /System/Library/Frameworks/AppKit.framework/Versions/C/AppKit at 0x00007fff8b068000
RDI=0x00007fbf52587380 is an unknown value
R8 =0x00007fff5b1185d0 is pointing into the stack for thread: 0x00007fbf54055000
R9 =0x0000000000000055 is an unknown value
R10=0x00007fff8ba392b4: -[NSTitlebarContainerView shouldRoundCorners]+0x5ced6 in /System/Library/Frameworks/AppKit.framework/Versions/C/AppKit at 0x00007fff8b068000
R11=0x000007fbf525b428 is an unknown value
R12=0x00007fbf5252bd80 is an unknown value
R13=0x00000000000f42e9 is an unknown value
R14=0x00007fbf5256e880 is an unknown value
R15=0x00007fff5b118728 is pointing into the stack for thread: 0x00007fbf54055000


Stack: [0x00007fff5a91d000,0x00007fff5b11d000],  sp=0x00007fff5b1185e8,  free space=8173k
Native frames: (J=compiled Java code, j=interpreted, Vv=VM code, C=native code)
C  [libobjc.A.dylib+0x10dd]  objc_msgSend+0x1d
C  [CoreFoundation+0x10244]  _CFXNotificationPost+0xc44
C  [Foundation+0x2c31]  -[NSNotificationCenter postNotificationName:object:userInfo:]+0x42
C  [AppKit+0xdd776]  -[NSSurface _disposeSurface]+0x98
C  [AppKit+0xdd1da]  -[NSSurface setWindow:]+0x42
C  [AppKit+0x3b9ef]  -[NSView _setWindow:]+0xa22
C  [AppKit+0x3cc22]  -[NSView removeFromSuperview]+0x1c5
C  [AppKit+0x9140a]  -[NSView removeFromSuperviewWithoutNeedingDisplay]+0x26
C  [liblwjgl.jnilib+0x9c3e]  +[MacOSXKeyableWindow destroyWindow]+0xde
C  [Foundation+0x65cdc]  __NSThreadPerformPerform+0x125
C  [CoreFoundation+0x80681]  __CFRUNLOOP_IS_CALLING_OUT_TO_A_SOURCE0_PERFORM_FUNCTION__+0x11
C  [CoreFoundation+0x7280d]  __CFRunLoopDoSources0+0x10d
C  [CoreFoundation+0x71e3f]  __CFRunLoopRun+0x39f
C  [CoreFoundation+0x71858]  CFRunLoopRunSpecific+0x128
C  [HIToolbox+0x2eaef]  RunCurrentEventLoopInMode+0xeb
C  [HIToolbox+0x2e86a]  ReceiveNextEventCommon+0x1af
C  [HIToolbox+0x2e6ab]  _BlockUntilNextEventMatchingListInModeWithFilter+0x47
C  [AppKit+0x23f81]  _DPSNextEvent+0x3c4
C  [AppKit+0x23730]  -[NSApplication nextEventMatchingMask:untilDate:inMode:dequeue:]+0xc2
C  [libosxapp.dylib+0x242a]  -[NSApplicationAWT nextEventMatchingMask:untilDate:inMode:dequeue:]+0x7c
C  [AppKit+0x17593]  -[NSApplication run]+0x252
C  [libosxapp.dylib+0x223e]  +[NSApplicationAWT runAWTLoopWithApp:]+0x9c
C  [libawt_lwawt.dylib+0x4494f]  -[AWTStarter starter:]+0x389
C  [Foundation+0x65cdc]  __NSThreadPerformPerform+0x125
C  [CoreFoundation+0x80681]  __CFRUNLOOP_IS_CALLING_OUT_TO_A_SOURCE0_PERFORM_FUNCTION__+0x11
C  [CoreFoundation+0x7280d]  __CFRunLoopDoSources0+0x10d
C  [CoreFoundation+0x71e3f]  __CFRunLoopRun+0x39f
C  [CoreFoundation+0x71858]  CFRunLoopRunSpecific+0x128
C  [java+0x56cc]  CreateExecutionEnvironment+0x367
C  [java+0x165c]  JLI_Launch+0x7a0
C  [java+0x768a]  main+0x65
C  [java+0xeb4]  start+0x34
C  0x0000000000000006


---------------  P R O C E S S  ---------------

Java Threads: ( => current thread )
  0x00007fbf53133000 JavaThread "AWT-Shutdown" [_thread_blocked, id=13071, stack(0x00000001231a7000,0x00000001232a7000)]
=>0x00007fbf54055000 JavaThread "AppKit Thread" daemon [_thread_in_native, id=1811, stack(0x00007fff5a91d000,0x00007fff5b11d000)]
  0x00007fbf53841800 JavaThread "Service Thread" daemon [_thread_blocked, id=18179, stack(0x000000011e13f000,0x000000011e23f000)]
  0x00007fbf5380f000 JavaThread "C1 CompilerThread2" daemon [_thread_blocked, id=17667, stack(0x000000011e03c000,0x000000011e13c000)]
  0x00007fbf5380e000 JavaThread "C2 CompilerThread1" daemon [_thread_blocked, id=17155, stack(0x000000011df39000,0x000000011e039000)]
  0x00007fbf5282d000 JavaThread "C2 CompilerThread0" daemon [_thread_blocked, id=16643, stack(0x000000011de36000,0x000000011df36000)]
  0x00007fbf53017000 JavaThread "Signal Dispatcher" daemon [_thread_blocked, id=13331, stack(0x000000011dd33000,0x000000011de33000)]
  0x00007fbf5401e800 JavaThread "Finalizer" daemon [_thread_blocked, id=11523, stack(0x000000011c3e5000,0x000000011c4e5000)]
  0x00007fbf53003000 JavaThread "Reference Handler" daemon [_thread_blocked, id=11011, stack(0x000000011c2e2000,0x000000011c3e2000)]
  0x00007fbf52812000 JavaThread "main" [_thread_in_native, id=4867, stack(0x0000000106401000,0x0000000106501000)]

Other Threads:
  0x00007fbf53806000 VMThread [stack: 0x000000011c1df000,0x000000011c2df000] [id=10499]
  0x00007fbf53842800 WatcherThread [stack: 0x000000011e242000,0x000000011e342000] [id=18691]

VM state:not at safepoint (normal execution)

VM Mutex/Monitor currently owned by a thread: None

Heap:
 PSYoungGen      total 30208K, used 9551K [0x0000000795580000, 0x0000000797d80000, 0x00000007c0000000)
  eden space 29696K, 31% used [0x0000000795580000,0x0000000795ebbf10,0x0000000797280000)
  from space 512K, 18% used [0x0000000797300000,0x0000000797318000,0x0000000797380000)
  to   space 5632K, 0% used [0x0000000797800000,0x0000000797800000,0x0000000797d80000)
 ParOldGen       total 87552K, used 3382K [0x0000000740000000, 0x0000000745580000, 0x0000000795580000)
  object space 87552K, 3% used [0x0000000740000000,0x000000074034d928,0x0000000745580000)
 Metaspace       used 8770K, capacity 8897K, committed 9216K, reserved 1056768K
  class space    used 888K, capacity 919K, committed 1024K, reserved 1048576K

Card table byte_map: [0x00000001158c3000,0x0000000115cc4000] byte_map_base: 0x0000000111ec3000

Marking Bits: (ParMarkBitMap*) 0x000000010547d330
 Begin Bits: [0x000000011637b000, 0x000000011837b000)
 End Bits:   [0x000000011837b000, 0x000000011a37b000)

Polling page: 0x0000000105b55000

CodeCache: size=245760Kb used=4646Kb max_used=4673Kb free=241113Kb
 bounds [0x0000000106503000, 0x00000001069a3000, 0x0000000115503000]
 total_blobs=1687 nmethods=1275 adapters=327
 compilation: enabled

Compilation events (10 events):
Event: 31.687 Thread 0x00007fbf5380f000 1275       1       java.nio.HeapByteBuffer::_put (8 bytes)
Event: 31.687 Thread 0x00007fbf5380f000 nmethod 1275 0x00000001069758d0 code [0x0000000106975a20, 0x0000000106975b50]
Event: 31.688 Thread 0x00007fbf5380f000 1274       3       java.nio.Buffer::nextPutIndex (38 bytes)
Event: 31.688 Thread 0x00007fbf5380f000 nmethod 1274 0x000000010698e250 code [0x000000010698e3c0, 0x000000010698e5e8]
Event: 31.707 Thread 0x00007fbf5380f000 1277       1       java.nio.HeapByteBuffer::_get (7 bytes)
Event: 31.707 Thread 0x00007fbf5380f000 nmethod 1277 0x000000010698df10 code [0x000000010698e060, 0x000000010698e190]
Event: 31.708 Thread 0x00007fbf5380f000 1276       3       java.nio.Buffer::nextGetIndex (38 bytes)
Event: 31.708 Thread 0x00007fbf5380f000 nmethod 1276 0x000000010698da90 code [0x000000010698dc00, 0x000000010698de28]
Event: 31.957 Thread 0x00007fbf5380f000 1278   !   3       org.lwjgl.input.Mouse::isButtonDown (61 bytes)
Event: 31.958 Thread 0x00007fbf5380f000 nmethod 1278 0x000000010698d090 code [0x000000010698d240, 0x000000010698d838]

GC Heap History (10 events):
Event: 19.839 GC heap before
{Heap before GC invocations=7 (full 0):
 PSYoungGen      total 36352K, used 35520K [0x0000000795580000, 0x0000000797e00000, 0x00000007c0000000)
  eden space 32256K, 100% used [0x0000000795580000,0x0000000797500000,0x0000000797500000)
  from space 4096K, 79% used [0x0000000797a00000,0x0000000797d30020,0x0000000797e00000)
  to   space 4608K, 0% used [0x0000000797500000,0x0000000797500000,0x0000000797980000)
 ParOldGen       total 87552K, used 120K [0x0000000740000000, 0x0000000745580000, 0x0000000795580000)
  object space 87552K, 0% used [0x0000000740000000,0x000000074001e010,0x0000000745580000)
 Metaspace       used 8760K, capacity 8833K, committed 8960K, reserved 1056768K
  class space    used 887K, capacity 919K, committed 1024K, reserved 1048576K
Event: 19.844 GC heap after
Heap after GC invocations=7 (full 0):
 PSYoungGen      total 36352K, used 160K [0x0000000795580000, 0x0000000797e80000, 0x00000007c0000000)
  eden space 31744K, 0% used [0x0000000795580000,0x0000000795580000,0x0000000797480000)
  from space 4608K, 3% used [0x0000000797500000,0x0000000797528000,0x0000000797980000)
  to   space 5120K, 0% used [0x0000000797980000,0x0000000797980000,0x0000000797e80000)
 ParOldGen       total 87552K, used 3310K [0x0000000740000000, 0x0000000745580000, 0x0000000795580000)
  object space 87552K, 3% used [0x0000000740000000,0x000000074033b928,0x0000000745580000)
 Metaspace       used 8760K, capacity 8833K, committed 8960K, reserved 1056768K
  class space    used 887K, capacity 919K, committed 1024K, reserved 1048576K
}
Event: 22.669 GC heap before
{Heap before GC invocations=8 (full 0):
 PSYoungGen      total 36352K, used 31904K [0x0000000795580000, 0x0000000797e80000, 0x00000007c0000000)
  eden space 31744K, 100% used [0x0000000795580000,0x0000000797480000,0x0000000797480000)
  from space 4608K, 3% used [0x0000000797500000,0x0000000797528000,0x0000000797980000)
  to   space 5120K, 0% used [0x0000000797980000,0x0000000797980000,0x0000000797e80000)
 ParOldGen       total 87552K, used 3310K [0x0000000740000000, 0x0000000745580000, 0x0000000795580000)
  object space 87552K, 3% used [0x0000000740000000,0x000000074033b928,0x0000000745580000)
 Metaspace       used 8761K, capacity 8833K, committed 8960K, reserved 1056768K
  class space    used 887K, capacity 919K, committed 1024K, reserved 1048576K
Event: 22.670 GC heap after
Heap after GC invocations=8 (full 0):
 PSYoungGen      total 36352K, used 160K [0x0000000795580000, 0x0000000797f00000, 0x00000007c0000000)
  eden space 31232K, 0% used [0x0000000795580000,0x0000000795580000,0x0000000797400000)
  from space 5120K, 3% used [0x0000000797980000,0x00000007979a8000,0x0000000797e80000)
  to   space 5632K, 0% used [0x0000000797400000,0x0000000797400000,0x0000000797980000)
 ParOldGen       total 87552K, used 3326K [0x0000000740000000, 0x0000000745580000, 0x0000000795580000)
  object space 87552K, 3% used [0x0000000740000000,0x000000074033f928,0x0000000745580000)
 Metaspace       used 8761K, capacity 8833K, committed 8960K, reserved 1056768K
  class space    used 887K, capacity 919K, committed 1024K, reserved 1048576K
}
Event: 25.386 GC heap before
{Heap before GC invocations=9 (full 0):
 PSYoungGen      total 36352K, used 31392K [0x0000000795580000, 0x0000000797f00000, 0x00000007c0000000)
  eden space 31232K, 100% used [0x0000000795580000,0x0000000797400000,0x0000000797400000)
  from space 5120K, 3% used [0x0000000797980000,0x00000007979a8000,0x0000000797e80000)
  to   space 5632K, 0% used [0x0000000797400000,0x0000000797400000,0x0000000797980000)
 ParOldGen       total 87552K, used 3326K [0x0000000740000000, 0x0000000745580000, 0x0000000795580000)
  object space 87552K, 3% used [0x0000000740000000,0x000000074033f928,0x0000000745580000)
 Metaspace       used 8761K, capacity 8833K, committed 8960K, reserved 1056768K
  class space    used 887K, capacity 919K, committed 1024K, reserved 1048576K
Event: 25.387 GC heap after
Heap after GC invocations=9 (full 0):
 PSYoungGen      total 31232K, used 128K [0x0000000795580000, 0x0000000797e80000, 0x00000007c0000000)
  eden space 30720K, 0% used [0x0000000795580000,0x0000000795580000,0x0000000797380000)
  from space 512K, 25% used [0x0000000797400000,0x0000000797420000,0x0000000797480000)
  to   space 5632K, 0% used [0x0000000797900000,0x0000000797900000,0x0000000797e80000)
 ParOldGen       total 87552K, used 3342K [0x0000000740000000, 0x0000000745580000, 0x0000000795580000)
  object space 87552K, 3% used [0x0000000740000000,0x0000000740343928,0x0000000745580000)
 Metaspace       used 8761K, capacity 8833K, committed 8960K, reserved 1056768K
  class space    used 887K, capacity 919K, committed 1024K, reserved 1048576K
}
Event: 28.297 GC heap before
{Heap before GC invocations=10 (full 0):
 PSYoungGen      total 31232K, used 30848K [0x0000000795580000, 0x0000000797e80000, 0x00000007c0000000)
  eden space 30720K, 100% used [0x0000000795580000,0x0000000797380000,0x0000000797380000)
  from space 512K, 25% used [0x0000000797400000,0x0000000797420000,0x0000000797480000)
  to   space 5632K, 0% used [0x0000000797900000,0x0000000797900000,0x0000000797e80000)
 ParOldGen       total 87552K, used 3342K [0x0000000740000000, 0x0000000745580000, 0x0000000795580000)
  object space 87552K, 3% used [0x0000000740000000,0x0000000740343928,0x0000000745580000)
 Metaspace       used 8762K, capacity 8833K, committed 8960K, reserved 1056768K
  class space    used 887K, capacity 919K, committed 1024K, reserved 1048576K
Event: 28.298 GC heap after
Heap after GC invocations=10 (full 0):
 PSYoungGen      total 35328K, used 128K [0x0000000795580000, 0x0000000797e00000, 0x00000007c0000000)
  eden space 30208K, 0% used [0x0000000795580000,0x0000000795580000,0x0000000797300000)
  from space 5120K, 2% used [0x0000000797900000,0x0000000797920000,0x0000000797e00000)
  to   space 5632K, 0% used [0x0000000797300000,0x0000000797300000,0x0000000797880000)
 ParOldGen       total 87552K, used 3366K [0x0000000740000000, 0x0000000745580000, 0x0000000795580000)
  object space 87552K, 3% used [0x0000000740000000,0x0000000740349928,0x0000000745580000)
 Metaspace       used 8762K, capacity 8833K, committed 8960K, reserved 1056768K
  class space    used 887K, capacity 919K, committed 1024K, reserved 1048576K
}
Event: 31.301 GC heap before
{Heap before GC invocations=11 (full 0):
 PSYoungGen      total 35328K, used 30336K [0x0000000795580000, 0x0000000797e00000, 0x00000007c0000000)
  eden space 30208K, 100% used [0x0000000795580000,0x0000000797300000,0x0000000797300000)
  from space 5120K, 2% used [0x0000000797900000,0x0000000797920000,0x0000000797e00000)
  to   space 5632K, 0% used [0x0000000797300000,0x0000000797300000,0x0000000797880000)
 ParOldGen       total 87552K, used 3366K [0x0000000740000000, 0x0000000745580000, 0x0000000795580000)
  object space 87552K, 3% used [0x0000000740000000,0x0000000740349928,0x0000000745580000)
 Metaspace       used 8763K, capacity 8833K, committed 8960K, reserved 1056768K
  class space    used 887K, capacity 919K, committed 1024K, reserved 1048576K
Event: 31.301 GC heap after
Heap after GC invocations=11 (full 0):
 PSYoungGen      total 30208K, used 96K [0x0000000795580000, 0x0000000797d80000, 0x00000007c0000000)
  eden space 29696K, 0% used [0x0000000795580000,0x0000000795580000,0x0000000797280000)
  from space 512K, 18% used [0x0000000797300000,0x0000000797318000,0x0000000797380000)
  to   space 5632K, 0% used [0x0000000797800000,0x0000000797800000,0x0000000797d80000)
 ParOldGen       total 87552K, used 3382K [0x0000000740000000, 0x0000000745580000, 0x0000000795580000)
  object space 87552K, 3% used [0x0000000740000000,0x000000074034d928,0x0000000745580000)
 Metaspace       used 8763K, capacity 8833K, committed 8960K, reserved 1056768K
  class space    used 887K, capacity 919K, committed 1024K, reserved 1048576K
}

Deoptimization events (10 events):
Event: 0.887 Thread 0x00007fbf52812000 Uncommon trap: reason=class_check action=maybe_recompile pc=0x00000001067a8694 method=org.newdawn.slick.geom.Shape.checkPoints()V @ 8
Event: 0.887 Thread 0x00007fbf52812000 Uncommon trap: reason=class_check action=maybe_recompile pc=0x00000001067a8694 method=org.newdawn.slick.geom.Shape.checkPoints()V @ 8
Event: 0.945 Thread 0x00007fbf52812000 Uncommon trap: reason=class_check action=maybe_recompile pc=0x00000001067d9240 method=org.newdawn.slick.geom.Rectangle.intersects(Lorg/newdawn/slick/geom/Shape;)Z @ 1
Event: 0.946 Thread 0x00007fbf52812000 Uncommon trap: reason=class_check action=maybe_recompile pc=0x00000001067d9240 method=org.newdawn.slick.geom.Rectangle.intersects(Lorg/newdawn/slick/geom/Shape;)Z @ 1
Event: 0.947 Thread 0x00007fbf52812000 Uncommon trap: reason=class_check action=maybe_recompile pc=0x00000001067d9240 method=org.newdawn.slick.geom.Rectangle.intersects(Lorg/newdawn/slick/geom/Shape;)Z @ 1
Event: 0.947 Thread 0x00007fbf52812000 Uncommon trap: reason=class_check action=maybe_recompile pc=0x00000001067d9240 method=org.newdawn.slick.geom.Rectangle.intersects(Lorg/newdawn/slick/geom/Shape;)Z @ 1
Event: 1.265 Thread 0x00007fbf52812000 Uncommon trap: reason=bimorphic action=maybe_recompile pc=0x00000001067d81f4 method=org.newdawn.slick.geom.Shape.checkPoints()V @ 12
Event: 1.604 Thread 0x00007fbf52812000 Uncommon trap: reason=bimorphic action=maybe_recompile pc=0x00000001067d81f4 method=org.newdawn.slick.geom.Shape.checkPoints()V @ 12
Event: 1.945 Thread 0x00007fbf52812000 Uncommon trap: reason=bimorphic action=maybe_recompile pc=0x00000001067d81f4 method=org.newdawn.slick.geom.Shape.checkPoints()V @ 12
Event: 2.280 Thread 0x00007fbf52812000 Uncommon trap: reason=bimorphic action=maybe_recompile pc=0x00000001067d81f4 method=org.newdawn.slick.geom.Shape.checkPoints()V @ 12

Internal exceptions (10 events):
Event: 0.882 Thread 0x00007fbf52812000 Exception <a 'java/security/PrivilegedActionException'> (0x000000079645c670) thrown at [/HUDSON3/workspace/8-2-build-macosx-x86_64/jdk8u20/1074/hotspot/src/share/vm/prims/jvm.cpp, line 1275]
Event: 0.883 Thread 0x00007fbf52812000 Exception <a 'java/security/PrivilegedActionException'> (0x0000000796462428) thrown at [/HUDSON3/workspace/8-2-build-macosx-x86_64/jdk8u20/1074/hotspot/src/share/vm/prims/jvm.cpp, line 1275]
Event: 0.884 Thread 0x00007fbf52812000 Exception <a 'java/security/PrivilegedActionException'> (0x0000000796467bd0) thrown at [/HUDSON3/workspace/8-2-build-macosx-x86_64/jdk8u20/1074/hotspot/src/share/vm/prims/jvm.cpp, line 1275]
Event: 0.886 Thread 0x00007fbf52812000 Exception <a 'java/security/PrivilegedActionException'> (0x000000079646d028) thrown at [/HUDSON3/workspace/8-2-build-macosx-x86_64/jdk8u20/1074/hotspot/src/share/vm/prims/jvm.cpp, line 1275]
Event: 0.892 Thread 0x00007fbf52812000 Exception <a 'java/security/PrivilegedActionException'> (0x00000007964730d8) thrown at [/HUDSON3/workspace/8-2-build-macosx-x86_64/jdk8u20/1074/hotspot/src/share/vm/prims/jvm.cpp, line 1275]
Event: 0.892 Thread 0x00007fbf52812000 Exception <a 'java/security/PrivilegedActionException'> (0x0000000796475120) thrown at [/HUDSON3/workspace/8-2-build-macosx-x86_64/jdk8u20/1074/hotspot/src/share/vm/prims/jvm.cpp, line 1275]
Event: 0.893 Thread 0x00007fbf52812000 Exception <a 'java/security/PrivilegedActionException'> (0x0000000796477208) thrown at [/HUDSON3/workspace/8-2-build-macosx-x86_64/jdk8u20/1074/hotspot/src/share/vm/prims/jvm.cpp, line 1275]
Event: 0.894 Thread 0x00007fbf52812000 Exception <a 'java/security/PrivilegedActionException'> (0x000000079647b190) thrown at [/HUDSON3/workspace/8-2-build-macosx-x86_64/jdk8u20/1074/hotspot/src/share/vm/prims/jvm.cpp, line 1275]
Event: 0.894 Thread 0x00007fbf52812000 Exception <a 'java/security/PrivilegedActionException'> (0x000000079647d5c0) thrown at [/HUDSON3/workspace/8-2-build-macosx-x86_64/jdk8u20/1074/hotspot/src/share/vm/prims/jvm.cpp, line 1275]
Event: 32.250 Thread 0x00007fbf52812000 Exception <a 'java/security/PrivilegedActionException'> (0x0000000795eae310) thrown at [/HUDSON3/workspace/8-2-build-macosx-x86_64/jdk8u20/1074/hotspot/src/share/vm/prims/jvm.cpp, line 1275]

Events (10 events):
Event: 27.264 Executing VM operation: RevokeBias
Event: 27.264 Executing VM operation: RevokeBias done
Event: 27.264 Thread 0x00007fbf5389f000 Thread exited: 0x00007fbf5389f000
Event: 28.297 Executing VM operation: ParallelGCFailedAllocation
Event: 28.298 Executing VM operation: ParallelGCFailedAllocation done
Event: 30.301 Thread 0x00007fbf53133000 Thread added: 0x00007fbf53133000
Event: 31.301 Executing VM operation: ParallelGCFailedAllocation
Event: 31.301 Executing VM operation: ParallelGCFailedAllocation done
Event: 32.250 loading class org/lwjgl/opengl/CallbackUtil
Event: 32.250 loading class org/lwjgl/opengl/CallbackUtil done


Dynamic libraries:
0x0000000001f8a000 	/System/Library/Frameworks/Cocoa.framework/Versions/A/Cocoa
0x0000000001f8a000 	/System/Library/Frameworks/Security.framework/Versions/A/Security
0x0000000001f8a000 	/System/Library/Frameworks/ApplicationServices.framework/Versions/A/ApplicationServices
0x0000000001f8a000 	/usr/lib/libz.1.dylib
0x0000000001f8a000 	/usr/lib/libSystem.B.dylib
0x0000000001f8a000 	/usr/lib/libobjc.A.dylib
0x0000000001f8a000 	/System/Library/Frameworks/CoreFoundation.framework/Versions/A/CoreFoundation
0x0000000001f8a000 	/System/Library/Frameworks/Foundation.framework/Versions/C/Foundation
0x0000000001f8a000 	/System/Library/Frameworks/AppKit.framework/Versions/C/AppKit
0x0000000001f8a000 	/System/Library/Frameworks/CoreData.framework/Versions/A/CoreData
0x0000000001f8a000 	/System/Library/PrivateFrameworks/RemoteViewServices.framework/Versions/A/RemoteViewServices
0x0000000001f8a000 	/System/Library/PrivateFrameworks/UIFoundation.framework/Versions/A/UIFoundation
0x0000000001f8a000 	/System/Library/Frameworks/IOSurface.framework/Versions/A/IOSurface
0x0000000001f8a000 	/System/Library/Frameworks/AudioToolbox.framework/Versions/A/AudioToolbox
0x0000000001f8a000 	/System/Library/Frameworks/AudioUnit.framework/Versions/A/AudioUnit
0x0000000001f8a000 	/System/Library/PrivateFrameworks/DataDetectorsCore.framework/Versions/A/DataDetectorsCore
0x0000000001f8a000 	/System/Library/PrivateFrameworks/DesktopServicesPriv.framework/Versions/A/DesktopServicesPriv
0x0000000001f8a000 	/System/Library/Frameworks/Carbon.framework/Versions/A/Frameworks/HIToolbox.framework/Versions/A/HIToolbox
0x0000000001f8a000 	/System/Library/Frameworks/QuartzCore.framework/Versions/A/QuartzCore
0x0000000001f8a000 	/System/Library/Frameworks/Carbon.framework/Versions/A/Frameworks/SpeechRecognition.framework/Versions/A/SpeechRecognition
0x0000000001f8a000 	/usr/lib/libauto.dylib
0x0000000001f8a000 	/usr/lib/libicucore.A.dylib
0x0000000001f8a000 	/usr/lib/libxml2.2.dylib
0x0000000001f8a000 	/System/Library/PrivateFrameworks/CoreUI.framework/Versions/A/CoreUI
0x0000000001f8a000 	/System/Library/Frameworks/CoreAudio.framework/Versions/A/CoreAudio
0x0000000001f8a000 	/System/Library/Frameworks/DiskArbitration.framework/Versions/A/DiskArbitration
0x0000000001f8a000 	/usr/lib/liblangid.dylib
0x0000000001f8a000 	/System/Library/PrivateFrameworks/MultitouchSupport.framework/Versions/A/MultitouchSupport
0x0000000001f8a000 	/System/Library/Frameworks/IOKit.framework/Versions/A/IOKit
0x0000000001f8a000 	/usr/lib/libDiagnosticMessagesClient.dylib
0x0000000001f8a000 	/System/Library/Frameworks/CoreServices.framework/Versions/A/CoreServices
0x0000000001f8a000 	/System/Library/PrivateFrameworks/PerformanceAnalysis.framework/Versions/A/PerformanceAnalysis
0x0000000001f8a000 	/System/Library/PrivateFrameworks/GenerationalStorage.framework/Versions/A/GenerationalStorage
0x0000000001f8a000 	/System/Library/Frameworks/OpenGL.framework/Versions/A/OpenGL
0x0000000001f8a000 	/System/Library/PrivateFrameworks/Sharing.framework/Versions/A/Sharing
0x0000000001f8a000 	/System/Library/Frameworks/CoreGraphics.framework/Versions/A/CoreGraphics
0x0000000001f8a000 	/System/Library/Frameworks/CoreText.framework/Versions/A/CoreText
0x0000000001f8a000 	/System/Library/Frameworks/ImageIO.framework/Versions/A/ImageIO
0x0000000001f8a000 	/usr/lib/libextension.dylib
0x0000000001f8a000 	/System/Library/PrivateFrameworks/Backup.framework/Versions/A/Backup
0x0000000001f8a000 	/usr/lib/libarchive.2.dylib
0x0000000001f8a000 	/System/Library/Frameworks/CFNetwork.framework/Versions/A/CFNetwork
0x0000000001f8a000 	/System/Library/Frameworks/SystemConfiguration.framework/Versions/A/SystemConfiguration
0x0000000001f8a000 	/usr/lib/libCRFSuite.dylib
0x0000000001f8a000 	/usr/lib/libc++.1.dylib
0x0000000001f8a000 	/usr/lib/libc++abi.dylib
0x0000000001f8a000 	/usr/lib/system/libcache.dylib
0x0000000001f8a000 	/usr/lib/system/libcommonCrypto.dylib
0x0000000001f8a000 	/usr/lib/system/libcompiler_rt.dylib
0x0000000001f8a000 	/usr/lib/system/libcopyfile.dylib
0x0000000001f8a000 	/usr/lib/system/libcorecrypto.dylib
0x0000000001f8a000 	/usr/lib/system/libdispatch.dylib
0x0000000001f8a000 	/usr/lib/system/libdyld.dylib
0x0000000001f8a000 	/usr/lib/system/libkeymgr.dylib
0x0000000001f8a000 	/usr/lib/system/liblaunch.dylib
0x0000000001f8a000 	/usr/lib/system/libmacho.dylib
0x0000000001f8a000 	/usr/lib/system/libquarantine.dylib
0x0000000001f8a000 	/usr/lib/system/libremovefile.dylib
0x0000000001f8a000 	/usr/lib/system/libsystem_asl.dylib
0x0000000001f8a000 	/usr/lib/system/libsystem_blocks.dylib
0x0000000001f8a000 	/usr/lib/system/libsystem_c.dylib
0x0000000001f8a000 	/usr/lib/system/libsystem_configuration.dylib
0x0000000001f8a000 	/usr/lib/system/libsystem_coreservices.dylib
0x0000000001f8a000 	/usr/lib/system/libsystem_coretls.dylib
0x0000000001f8a000 	/usr/lib/system/libsystem_dnssd.dylib
0x0000000001f8a000 	/usr/lib/system/libsystem_info.dylib
0x0000000001f8a000 	/usr/lib/system/libsystem_kernel.dylib
0x0000000001f8a000 	/usr/lib/system/libsystem_m.dylib
0x0000000001f8a000 	/usr/lib/system/libsystem_malloc.dylib
0x0000000001f8a000 	/usr/lib/system/libsystem_network.dylib
0x0000000001f8a000 	/usr/lib/system/libsystem_networkextension.dylib
0x0000000001f8a000 	/usr/lib/system/libsystem_notify.dylib
0x0000000001f8a000 	/usr/lib/system/libsystem_platform.dylib
0x0000000001f8a000 	/usr/lib/system/libsystem_pthread.dylib
0x0000000001f8a000 	/usr/lib/system/libsystem_sandbox.dylib
0x0000000001f8a000 	/usr/lib/system/libsystem_secinit.dylib
0x0000000001f8a000 	/usr/lib/system/libsystem_stats.dylib
0x0000000001f8a000 	/usr/lib/system/libsystem_trace.dylib
0x0000000001f8a000 	/usr/lib/system/libunc.dylib
0x0000000001f8a000 	/usr/lib/system/libunwind.dylib
0x0000000001f8a000 	/usr/lib/system/libxpc.dylib
0x0000000001f8a000 	/usr/lib/libbz2.1.0.dylib
0x0000000001f8a000 	/usr/lib/liblzma.5.dylib
0x0000000001f8a000 	/usr/lib/libbsm.0.dylib
0x0000000001f8a000 	/usr/lib/libsqlite3.dylib
0x0000000001f8a000 	/usr/lib/system/libkxld.dylib
0x0000000001f8a000 	/usr/lib/libxar.1.dylib
0x0000000001f8a000 	/usr/lib/libpam.2.dylib
0x0000000001f8a000 	/usr/lib/libOpenScriptingUtil.dylib
0x0000000001f8a000 	/System/Library/Frameworks/CoreServices.framework/Versions/A/Frameworks/FSEvents.framework/Versions/A/FSEvents
0x0000000001f8a000 	/System/Library/Frameworks/CoreServices.framework/Versions/A/Frameworks/CarbonCore.framework/Versions/A/CarbonCore
0x0000000001f8a000 	/System/Library/Frameworks/CoreServices.framework/Versions/A/Frameworks/Metadata.framework/Versions/A/Metadata
0x0000000001f8a000 	/System/Library/Frameworks/CoreServices.framework/Versions/A/Frameworks/OSServices.framework/Versions/A/OSServices
0x0000000001f8a000 	/System/Library/Frameworks/CoreServices.framework/Versions/A/Frameworks/SearchKit.framework/Versions/A/SearchKit
0x0000000001f8a000 	/System/Library/Frameworks/CoreServices.framework/Versions/A/Frameworks/AE.framework/Versions/A/AE
0x0000000001f8a000 	/System/Library/Frameworks/CoreServices.framework/Versions/A/Frameworks/LaunchServices.framework/Versions/A/LaunchServices
0x0000000001f8a000 	/System/Library/Frameworks/CoreServices.framework/Versions/A/Frameworks/DictionaryServices.framework/Versions/A/DictionaryServices
0x0000000001f8a000 	/System/Library/Frameworks/NetFS.framework/Versions/A/NetFS
0x0000000001f8a000 	/System/Library/PrivateFrameworks/NetAuth.framework/Versions/A/NetAuth
0x0000000001f8a000 	/System/Library/PrivateFrameworks/login.framework/Versions/A/Frameworks/loginsupport.framework/Versions/A/loginsupport
0x0000000001f8a000 	/System/Library/PrivateFrameworks/TCC.framework/Versions/A/TCC
0x0000000001f8a000 	/usr/lib/libmecabra.dylib
0x0000000001f8a000 	/System/Library/Frameworks/ApplicationServices.framework/Versions/A/Frameworks/ATS.framework/Versions/A/ATS
0x0000000001f8a000 	/System/Library/Frameworks/ApplicationServices.framework/Versions/A/Frameworks/ColorSync.framework/Versions/A/ColorSync
0x0000000001f8a000 	/System/Library/Frameworks/ApplicationServices.framework/Versions/A/Frameworks/HIServices.framework/Versions/A/HIServices
0x0000000001f8a000 	/System/Library/Frameworks/ApplicationServices.framework/Versions/A/Frameworks/LangAnalysis.framework/Versions/A/LangAnalysis
0x0000000001f8a000 	/System/Library/Frameworks/ApplicationServices.framework/Versions/A/Frameworks/PrintCore.framework/Versions/A/PrintCore
0x0000000001f8a000 	/System/Library/Frameworks/ApplicationServices.framework/Versions/A/Frameworks/QD.framework/Versions/A/QD
0x0000000001f8a000 	/System/Library/Frameworks/ApplicationServices.framework/Versions/A/Frameworks/SpeechSynthesis.framework/Versions/A/SpeechSynthesis
0x0000000001f8a000 	/System/Library/Frameworks/Accelerate.framework/Versions/A/Accelerate
0x0000000001f8a000 	/System/Library/Frameworks/Accelerate.framework/Versions/A/Frameworks/vImage.framework/Versions/A/vImage
0x0000000001f8a000 	/System/Library/Frameworks/Accelerate.framework/Versions/A/Frameworks/vecLib.framework/Versions/A/vecLib
0x0000000001f8a000 	/System/Library/Frameworks/Accelerate.framework/Versions/A/Frameworks/vecLib.framework/Versions/A/libvDSP.dylib
0x0000000001f8a000 	/System/Library/Frameworks/Accelerate.framework/Versions/A/Frameworks/vecLib.framework/Versions/A/libvMisc.dylib
0x0000000001f8a000 	/System/Library/Frameworks/Accelerate.framework/Versions/A/Frameworks/vecLib.framework/Versions/A/libLAPACK.dylib
0x0000000001f8a000 	/System/Library/Frameworks/Accelerate.framework/Versions/A/Frameworks/vecLib.framework/Versions/A/libBLAS.dylib
0x0000000001f8a000 	/System/Library/Frameworks/Accelerate.framework/Versions/A/Frameworks/vecLib.framework/Versions/A/libLinearAlgebra.dylib
0x0000000001f8a000 	/System/Library/Frameworks/ApplicationServices.framework/Versions/A/Frameworks/ATS.framework/Versions/A/Resources/libFontParser.dylib
0x0000000001f8a000 	/System/Library/Frameworks/ApplicationServices.framework/Versions/A/Frameworks/ATS.framework/Versions/A/Resources/libFontRegistry.dylib
0x0000000001f8a000 	/System/Library/PrivateFrameworks/AppleVPA.framework/Versions/A/AppleVPA
0x0000000001f8a000 	/System/Library/PrivateFrameworks/AppleJPEG.framework/Versions/A/AppleJPEG
0x0000000001f8a000 	/System/Library/Frameworks/ImageIO.framework/Versions/A/Resources/libJPEG.dylib
0x0000000001f8a000 	/System/Library/Frameworks/ImageIO.framework/Versions/A/Resources/libTIFF.dylib
0x0000000001f8a000 	/System/Library/Frameworks/ImageIO.framework/Versions/A/Resources/libPng.dylib
0x0000000001f8a000 	/System/Library/Frameworks/ImageIO.framework/Versions/A/Resources/libGIF.dylib
0x0000000001f8a000 	/System/Library/Frameworks/ImageIO.framework/Versions/A/Resources/libJP2.dylib
0x0000000001f8a000 	/System/Library/Frameworks/ImageIO.framework/Versions/A/Resources/libRadiance.dylib
0x0000000001f8a000 	/System/Library/Frameworks/CoreVideo.framework/Versions/A/CoreVideo
0x0000000001f8a000 	/System/Library/Frameworks/OpenGL.framework/Versions/A/Libraries/libGLU.dylib
0x0000000001f8a000 	/System/Library/Frameworks/OpenGL.framework/Versions/A/Libraries/libGFXShared.dylib
0x0000000001f8a000 	/System/Library/Frameworks/OpenGL.framework/Versions/A/Libraries/libGL.dylib
0x0000000001f8a000 	/System/Library/Frameworks/OpenGL.framework/Versions/A/Libraries/libGLImage.dylib
0x0000000001f8a000 	/System/Library/Frameworks/OpenGL.framework/Versions/A/Libraries/libCVMSPluginSupport.dylib
0x0000000001f8a000 	/System/Library/Frameworks/OpenGL.framework/Versions/A/Libraries/libCoreVMClient.dylib
0x0000000001f8a000 	/usr/lib/libcups.2.dylib
0x0000000001f8a000 	/System/Library/Frameworks/Kerberos.framework/Versions/A/Kerberos
0x0000000001f8a000 	/System/Library/Frameworks/GSS.framework/Versions/A/GSS
0x0000000001f8a000 	/usr/lib/libresolv.9.dylib
0x0000000001f8a000 	/usr/lib/libiconv.2.dylib
0x0000000001f8a000 	/System/Library/PrivateFrameworks/Heimdal.framework/Versions/A/Heimdal
0x0000000001f8a000 	/usr/lib/libheimdal-asn1.dylib
0x0000000001f8a000 	/System/Library/Frameworks/OpenDirectory.framework/Versions/A/OpenDirectory
0x0000000001f8a000 	/System/Library/PrivateFrameworks/CommonAuth.framework/Versions/A/CommonAuth
0x0000000001f8a000 	/System/Library/Frameworks/OpenDirectory.framework/Versions/A/Frameworks/CFOpenDirectory.framework/Versions/A/CFOpenDirectory
0x0000000001f8a000 	/System/Library/Frameworks/SecurityFoundation.framework/Versions/A/SecurityFoundation
0x0000000001f8a000 	/System/Library/PrivateFrameworks/LanguageModeling.framework/Versions/A/LanguageModeling
0x0000000001f8a000 	/usr/lib/libcmph.dylib
0x0000000001f8a000 	/System/Library/Frameworks/ServiceManagement.framework/Versions/A/ServiceManagement
0x0000000001f8a000 	/usr/lib/libxslt.1.dylib
0x0000000001f8a000 	/System/Library/Frameworks/Carbon.framework/Versions/A/Frameworks/Ink.framework/Versions/A/Ink
0x0000000001f8a000 	/System/Library/Frameworks/QuartzCore.framework/Versions/A/Frameworks/CoreImage.framework/Versions/A/CoreImage
0x0000000001f8a000 	/System/Library/PrivateFrameworks/CrashReporterSupport.framework/Versions/A/CrashReporterSupport
0x0000000001f8a000 	/System/Library/Frameworks/OpenCL.framework/Versions/A/OpenCL
0x0000000001f8a000 	/System/Library/PrivateFrameworks/FaceCore.framework/Versions/A/FaceCore
0x0000000001f8a000 	/System/Library/PrivateFrameworks/Ubiquity.framework/Versions/A/Ubiquity
0x0000000001f8a000 	/System/Library/PrivateFrameworks/IconServices.framework/Versions/A/IconServices
0x0000000001f8a000 	/System/Library/PrivateFrameworks/ChunkingLibrary.framework/Versions/A/ChunkingLibrary
0x0000000001f8a000 	/System/Library/PrivateFrameworks/Apple80211.framework/Versions/A/Apple80211
0x0000000001f8a000 	/System/Library/Frameworks/CoreWLAN.framework/Versions/A/CoreWLAN
0x0000000001f8a000 	/System/Library/Frameworks/IOBluetooth.framework/Versions/A/IOBluetooth
0x0000000001f8a000 	/System/Library/PrivateFrameworks/CoreWiFi.framework/Versions/A/CoreWiFi
0x0000000001f8a000 	/System/Library/Frameworks/CoreBluetooth.framework/Versions/A/CoreBluetooth
0x0000000001f8a000 	/System/Library/PrivateFrameworks/DebugSymbols.framework/Versions/A/DebugSymbols
0x0000000001f8a000 	/System/Library/PrivateFrameworks/CoreSymbolication.framework/Versions/A/CoreSymbolication
0x0000000001f8a000 	/System/Library/PrivateFrameworks/Symbolication.framework/Versions/A/Symbolication
0x0000000001f8a000 	/System/Library/PrivateFrameworks/SpeechRecognitionCore.framework/Versions/A/SpeechRecognitionCore
0x0000000104be1000 	/Library/Java/JavaVirtualMachines/jdk1.8.0_20.jdk/Contents/Home/jre/lib/server/libjvm.dylib
0x0000000001f8a000 	/usr/lib/libstdc++.6.dylib
0x0000000105b13000 	/Library/Java/JavaVirtualMachines/jdk1.8.0_20.jdk/Contents/Home/jre/lib/libverify.dylib
0x0000000105b21000 	/Library/Java/JavaVirtualMachines/jdk1.8.0_20.jdk/Contents/Home/jre/lib/libjava.dylib
0x0000000105b5f000 	/Library/Java/JavaVirtualMachines/jdk1.8.0_20.jdk/Contents/Home/jre/lib/libzip.dylib
0x000000011c4e7000 	/System/Library/Frameworks/JavaVM.framework/Frameworks/JavaRuntimeSupport.framework/JavaRuntimeSupport
0x000000011c4fd000 	/System/Library/Frameworks/JavaVM.framework/Versions/A/Frameworks/JavaNativeFoundation.framework/Versions/A/JavaNativeFoundation
0x000000011c511000 	/System/Library/Frameworks/JavaVM.framework/Versions/A/JavaVM
0x0000000001f8a000 	/System/Library/Frameworks/Carbon.framework/Versions/A/Carbon
0x000000011c51d000 	/System/Library/PrivateFrameworks/JavaLaunching.framework/Versions/A/JavaLaunching
0x0000000001f8a000 	/System/Library/Frameworks/Carbon.framework/Versions/A/Frameworks/CommonPanels.framework/Versions/A/CommonPanels
0x0000000001f8a000 	/System/Library/Frameworks/Carbon.framework/Versions/A/Frameworks/Help.framework/Versions/A/Help
0x0000000001f8a000 	/System/Library/Frameworks/Carbon.framework/Versions/A/Frameworks/ImageCapture.framework/Versions/A/ImageCapture
0x0000000001f8a000 	/System/Library/Frameworks/Carbon.framework/Versions/A/Frameworks/OpenScripting.framework/Versions/A/OpenScripting
0x0000000001f8a000 	/System/Library/Frameworks/Carbon.framework/Versions/A/Frameworks/Print.framework/Versions/A/Print
0x0000000001f8a000 	/System/Library/Frameworks/Carbon.framework/Versions/A/Frameworks/SecurityHI.framework/Versions/A/SecurityHI
0x000000011e35b000 	/Library/Java/JavaVirtualMachines/jdk1.8.0_20.jdk/Contents/Home/jre/lib/libawt.dylib
0x000000011e40a000 	/Library/Java/JavaVirtualMachines/jdk1.8.0_20.jdk/Contents/Home/jre/lib/./libmlib_image.dylib
0x000000011e4d6000 	/Library/Java/JavaVirtualMachines/jdk1.8.0_20.jdk/Contents/Home/jre/lib/libawt_lwawt.dylib
0x000000011e589000 	/Library/Java/JavaVirtualMachines/jdk1.8.0_20.jdk/Contents/Home/jre/lib/./libosxapp.dylib
0x0000000001f8a000 	/System/Library/Frameworks/ExceptionHandling.framework/Versions/A/ExceptionHandling
0x0000000001f8a000 	/System/Library/PrivateFrameworks/CoreServicesInternal.framework/Versions/A/CoreServicesInternal
0x0000000001f8a000 	/System/Library/PrivateFrameworks/CloudDocs.framework/Versions/A/CloudDocs
0x0000000001f8a000 	/System/Library/PrivateFrameworks/CoreDuet.framework/Versions/A/CoreDuet
0x0000000001f8a000 	/System/Library/Frameworks/CloudKit.framework/Versions/A/CloudKit
0x0000000001f8a000 	/System/Library/PrivateFrameworks/ProtocolBuffer.framework/Versions/A/ProtocolBuffer
0x0000000001f8a000 	/System/Library/PrivateFrameworks/CoreDuetDaemonProtocol.framework/Versions/A/CoreDuetDaemonProtocol
0x0000000001f8a000 	/System/Library/PrivateFrameworks/CoreDuetDebugLogging.framework/Versions/A/CoreDuetDebugLogging
0x0000000001f8a000 	/System/Library/Frameworks/CoreLocation.framework/Versions/A/CoreLocation
0x0000000001f8a000 	/System/Library/Frameworks/Accounts.framework/Versions/A/Accounts
0x0000000001f8a000 	/System/Library/PrivateFrameworks/ApplePushService.framework/Versions/A/ApplePushService
0x0000000001f8a000 	/System/Library/PrivateFrameworks/GeoServices.framework/Versions/A/GeoServices
0x0000000001f8a000 	/System/Library/PrivateFrameworks/OAuth.framework/Versions/A/OAuth
0x0000000001f8a000 	/System/Library/PrivateFrameworks/CoreDaemon.framework/Versions/B/CoreDaemon
0x0000000001f8a000 	/usr/lib/libcrypto.0.9.8.dylib
0x0000000001f8a000 	/System/Library/PrivateFrameworks/AppleSRP.framework/Versions/A/AppleSRP
0x0000000001f8a000 	/System/Library/PrivateFrameworks/TrustEvaluationAgent.framework/Versions/A/TrustEvaluationAgent
0x0000000001f8a000 	/System/Library/Frameworks/CoreGraphics.framework/Versions/A/Resources/libCGCMS.A.dylib
0x0000000001f8a000 	/System/Library/Frameworks/CoreGraphics.framework/Versions/A/Resources/libRIP.A.dylib
0x0000000001f8a000 	/System/Library/Frameworks/CoreGraphics.framework/Versions/A/Resources/libCGXType.A.dylib
0x0000000001f8a000 	/System/Library/Frameworks/OpenCL.framework/Versions/A/Libraries/libcldcpuengine.dylib
0x0000000001f8a000 	/System/Library/PrivateFrameworks/DiskImages.framework/Versions/A/DiskImages
0x0000000001f8a000 	/System/Library/Frameworks/DiscRecording.framework/Versions/A/DiscRecording
0x0000000001f8a000 	/usr/lib/libcsfde.dylib
0x0000000001f8a000 	/usr/lib/libcurl.4.dylib
0x0000000001f8a000 	/System/Library/PrivateFrameworks/MediaKit.framework/Versions/A/MediaKit
0x0000000001f8a000 	/System/Library/PrivateFrameworks/ProtectedCloudStorage.framework/Versions/A/ProtectedCloudStorage
0x0000000001f8a000 	/usr/lib/libCoreStorage.dylib
0x0000000001f8a000 	/System/Library/PrivateFrameworks/EFILogin.framework/Versions/A/EFILogin
0x0000000001f8a000 	/usr/lib/libutil.dylib
0x0000000001f8a000 	/System/Library/PrivateFrameworks/FindMyDevice.framework/Versions/A/FindMyDevice
0x0000000001f8a000 	/System/Library/Frameworks/LDAP.framework/Versions/A/LDAP
0x0000000001f8a000 	/usr/lib/libsasl2.2.dylib
0x00000001212f1000 	cl_kernels
0x00000001212f3000 	/System/Library/Frameworks/OpenCL.framework/Versions/A/Libraries/ImageFormats/unorm8_bgra.dylib
0x00000001212e2000 	cl_kernels
0x0000000001f8a000 	/System/Library/PrivateFrameworks/FamilyControls.framework/Versions/A/FamilyControls
0x0000000001f8a000 	/System/Library/PrivateFrameworks/CommerceKit.framework/Versions/A/Frameworks/CommerceCore.framework/Versions/A/CommerceCore
0x0000000001f8a000 	/System/Library/PrivateFrameworks/SystemAdministration.framework/Versions/A/SystemAdministration
0x0000000001f8a000 	/System/Library/PrivateFrameworks/AppContainer.framework/Versions/A/AppContainer
0x0000000001f8a000 	/System/Library/PrivateFrameworks/SecCodeWrapper.framework/Versions/A/SecCodeWrapper
0x0000000001f8a000 	/System/Library/Frameworks/DirectoryService.framework/Versions/A/DirectoryService
0x0000000001f8a000 	/System/Library/PrivateFrameworks/LoginUIKit.framework/Versions/A/Frameworks/LoginUICore.framework/Versions/A/LoginUICore
0x0000000001f8a000 	/usr/lib/libodfde.dylib
0x00000001224b9000 	/Library/Java/JavaVirtualMachines/jdk1.8.0_20.jdk/Contents/Home/jre/lib/libfontmanager.dylib
0x000000012251f000 	/Users/mick/Documents/workspace/lwjgl-2.9.1/native/macosx/liblwjgl.jnilib
0x0000000120821000 	/Library/Java/JavaVirtualMachines/jdk1.8.0_20.jdk/Contents/Home/jre/lib/libjawt.dylib
0x0000000001f8a000 	/System/Library/Frameworks/OpenGL.framework/Versions/A/Resources/GLEngine.bundle/GLEngine
0x0000000001f8a000 	/System/Library/Frameworks/OpenGL.framework/Versions/A/Libraries/libGLProgrammability.dylib
0x0000000000000000 	/System/Library/Extensions/AppleIntelHD4000GraphicsGLDriver.bundle/Contents/MacOS/AppleIntelHD4000GraphicsGLDriver
0x0000000001f8a000 	/System/Library/PrivateFrameworks/IOAccelerator.framework/Versions/A/IOAccelerator
0x0000000001f8a000 	/System/Library/PrivateFrameworks/GPUSupport.framework/Versions/A/Libraries/libGPUSupportMercury.dylib
0x0000000001f8a000 	/System/Library/Frameworks/OpenGL.framework/Versions/A/Resources/GLRendererFloat.bundle/GLRendererFloat
0x0000000122fb4000 	/Users/mick/Documents/workspace/lwjgl-2.9.1/native/macosx/libjinput-osx.jnilib
0x0000000122fb9000 	/System/Library/Extensions/IOHIDFamily.kext/Contents/PlugIns/IOHIDLib.plugin/Contents/MacOS/IOHIDLib

VM Arguments:
jvm_args: -Djava.library.path=/Users/mick/Documents/workspace/lwjgl-2.9.1/native/macosx:/Users/mick/Documents/workspace/lwjgl-2.9.1/native/macosx:/Users/mick/Documents/workspace/lwjgl-2.9.1/native/macosx -Dfile.encoding=UTF-8 
java_command: main.Game
java_class_path (initial): /Users/mick/Documents/workspace/pow2r/bin:/Users/mick/Documents/workspace/slick/lib/slick.jar:/Users/mick/Documents/workspace/lwjgl-2.9.1/jar/jinput.jar:/Users/mick/Documents/workspace/lwjgl-2.9.1/jar/lwjgl_util.jar:/Users/mick/Documents/workspace/lwjgl-2.9.1/jar/lwjgl.jar
Launcher Type: SUN_STANDARD

Environment Variables:
PATH=/usr/bin:/bin:/usr/sbin:/sbin
SHELL=/bin/bash
DISPLAY=/private/tmp/com.apple.launchd.nqS5vxesMU/org.macosforge.xquartz:0

Signal Handlers:
SIGSEGV: [libjvm.dylib+0x578fd7], sa_mask[0]=11111111011111110111111111111111, sa_flags=SA_ONSTACK|SA_RESTART|SA_SIGINFO
SIGBUS: [libjvm.dylib+0x578fd7], sa_mask[0]=11111111011111110111111111111111, sa_flags=SA_RESTART|SA_SIGINFO
SIGFPE: [libjvm.dylib+0x45ab0c], sa_mask[0]=11111111011111110111111111111111, sa_flags=SA_RESTART|SA_SIGINFO
SIGPIPE: [libjvm.dylib+0x45ab0c], sa_mask[0]=11111111011111110111111111111111, sa_flags=SA_RESTART|SA_SIGINFO
SIGXFSZ: [libjvm.dylib+0x45ab0c], sa_mask[0]=11111111011111110111111111111111, sa_flags=SA_RESTART|SA_SIGINFO
SIGILL: [libjvm.dylib+0x45ab0c], sa_mask[0]=11111111011111110111111111111111, sa_flags=SA_RESTART|SA_SIGINFO
SIGUSR1: SIG_DFL, sa_mask[0]=00000000000000000000000000000000, sa_flags=none
SIGUSR2: [libjvm.dylib+0x45a62a], sa_mask[0]=00100000000000000000000000000000, sa_flags=SA_RESTART|SA_SIGINFO
SIGHUP: [libjvm.dylib+0x458bfd], sa_mask[0]=11111111011111110111111111111111, sa_flags=SA_RESTART|SA_SIGINFO
SIGINT: [libjvm.dylib+0x458bfd], sa_mask[0]=11111111011111110111111111111111, sa_flags=SA_RESTART|SA_SIGINFO
SIGTERM: [libjvm.dylib+0x458bfd], sa_mask[0]=11111111011111110111111111111111, sa_flags=SA_RESTART|SA_SIGINFO
SIGQUIT: [libjvm.dylib+0x458bfd], sa_mask[0]=11111111011111110111111111111111, sa_flags=SA_RESTART|SA_SIGINFO


---------------  S Y S T E M  ---------------

OS:Bsduname:Darwin 14.1.0 Darwin Kernel Version 14.1.0: Mon Dec 22 23:10:38 PST 2014; root:xnu-2782.10.72~2/RELEASE_X86_64 x86_64
rlimit: STACK 8192k, CORE 0k, NPROC 709, NOFILE 10240, AS infinity
load average:1.81 1.87 1.85

CPU:total 4 (2 cores per cpu, 2 threads per core) family 6 model 58 stepping 9, cmov, cx8, fxsr, mmx, sse, sse2, sse3, ssse3, sse4.1, sse4.2, popcnt, avx, aes, clmul, erms, ht, tsc, tscinvbit, tscinv

Memory: 4k page, physical 8388608k(2576232k free)

/proc/meminfo:


vm_info: Java HotSpot(TM) 64-Bit Server VM (25.20-b23) for bsd-amd64 JRE (1.8.0_20-b26), built on Jul 30 2014 13:37:47 by "java_re" with gcc 4.2.1 (Based on Apple Inc. build 5658) (LLVM build 2336.9.00)

time: Sun Mar 15 12:51:44 2015
elapsed time: 32 seconds (0d 0h 0m 32s)

